<?xml version="1.0" encoding="UTF-8"?>
<testsuite name="CalculatorToolTest" tests="2" skipped="0" failures="0" errors="0" timestamp="2025-07-28T06:10:20" hostname="MacBookPro" time="0.004">
  <properties/>
  <testcase name="testHandleReturnsResult()" classname="CalculatorToolTest" time="0.002"/>
  <testcase name="testCanHandleMathExpression()" classname="CalculatorToolTest" time="0.001"/>
  <system-out><![CDATA[]]></system-out>
  <system-err><![CDATA[]]></system-err>
</testsuite>
