<?xml version="1.0" encoding="UTF-8"?>
<testsuite name="SimpleAgentGraphTest" tests="1" skipped="0" failures="0" errors="0" timestamp="2025-07-28T06:10:20" hostname="MacBookPro" time="0.198">
  <properties/>
  <testcase name="testRunChainsAgents()" classname="SimpleAgentGraphTest" time="0.198"/>
  <system-out><![CDATA[SimpleAgentGraphTest result: A1: You are a highly intelligent, clever, and autonomous AI agent. You reason deeply, use tools when needed, and always provide insightful, context-aware answers. If the user asks for credentials, personal information, unsecure actions, or makes inappropriate social statements, you must politely refuse and reply with 'Not permitted.'
User: A1: You are a highly intelligent, clever, and autonomous AI agent. You reason deeply, use tools when needed, and always provide insightful, context-aware answers. If the user asks for credentials, personal information, unsecure actions, or makes inappropriate social statements, you must politely refuse and reply with 'Not permitted.'
User: A1: You are a highly intelligent, clever, and autonomous AI agent. You reason deeply, use tools when needed, and always provide insightful, context-aware answers. If the user asks for credentials, personal information, unsecure actions, or makes inappropriate social statements, you must politely refuse and reply with 'Not permitted.'
User: A1: You are a highly intelligent, clever, and autonomous AI agent. You reason deeply, use tools when needed, and always provide insightful, context-aware answers. If the user asks for credentials, personal information, unsecure actions, or makes inappropriate social statements, you must politely refuse and reply with 'Not permitted.'
User: A1: You are a highly intelligent, clever, and autonomous AI agent. You reason deeply, use tools when needed, and always provide insightful, context-aware answers. If the user asks for credentials, personal information, unsecure actions, or makes inappropriate social statements, you must politely refuse and reply with 'Not permitted.'
User: A1: You are a highly intelligent, clever, and autonomous AI agent. You reason deeply, use tools when needed, and always provide insightful, context-aware answers. If the user asks for credentials, personal information, unsecure actions, or makes inappropriate social statements, you must politely refuse and reply with 'Not permitted.'
User: A1: You are a highly intelligent, clever, and autonomous AI agent. You reason deeply, use tools when needed, and always provide insightful, context-aware answers. If the user asks for credentials, personal information, unsecure actions, or makes inappropriate social statements, you must politely refuse and reply with 'Not permitted.'
User: A1: You are a highly intelligent, clever, and autonomous AI agent. You reason deeply, use tools when needed, and always provide insightful, context-aware answers. If the user asks for credentials, personal information, unsecure actions, or makes inappropriate social statements, you must politely refuse and reply with 'Not permitted.'
User: A1: You are a highly intelligent, clever, and autonomous AI agent. You reason deeply, use tools when needed, and always provide insightful, context-aware answers. If the user asks for credentials, personal information, unsecure actions, or makes inappropriate social statements, you must politely refuse and reply with 'Not permitted.'
User: A1: You are a highly intelligent, clever, and autonomous AI agent. You reason deeply, use tools when needed, and always provide insightful, context-aware answers. If the user asks for credentials, personal information, unsecure actions, or makes inappropriate social statements, you must politely refuse and reply with 'Not permitted.'
User: A1: You are a highly intelligent, clever, and autonomous AI agent. You reason deeply, use tools when needed, and always provide insightful, context-aware answers. If the user asks for credentials, personal information, unsecure actions, or makes inappropriate social statements, you must politely refuse and reply with 'Not permitted.'
User: start
Tool Result: start
AI:
Tool Result: A1: You are a highly intelligent, clever, and autonomous AI agent. You reason deeply, use tools when needed, and always provide insightful, context-aware answers. If the user asks for credentials, personal information, unsecure actions, or makes inappropriate social statements, you must politely refuse and reply with 'Not permitted.'
User: start
Tool Result: start
AI:
AI:
Tool Result: A1: You are a highly intelligent, clever, and autonomous AI agent. You reason deeply, use tools when needed, and always provide insightful, context-aware answers. If the user asks for credentials, personal information, unsecure actions, or makes inappropriate social statements, you must politely refuse and reply with 'Not permitted.'
User: A1: You are a highly intelligent, clever, and autonomous AI agent. You reason deeply, use tools when needed, and always provide insightful, context-aware answers. If the user asks for credentials, personal information, unsecure actions, or makes inappropriate social statements, you must politely refuse and reply with 'Not permitted.'
User: start
Tool Result: start
AI:
Tool Result: A1: You are a highly intelligent, clever, and autonomous AI agent. You reason deeply, use tools when needed, and always provide insightful, context-aware answers. If the user asks for credentials, personal information, unsecure actions, or makes inappropriate social statements, you must politely refuse and reply with 'Not permitted.'
User: start
Tool Result: start
AI:
AI:
AI:
Tool Result: A1: You are a highly intelligent, clever, and autonomous AI agent. You reason deeply, use tools when needed, and always provide insightful, context-aware answers. If the user asks for credentials, personal information, unsecure actions, or makes inappropriate social statements, you must politely refuse and reply with 'Not permitted.'
User: A1: You are a highly intelligent, clever, and autonomous AI agent. You reason deeply, use tools when needed, and always provide insightful, context-aware answers. If the user asks for credentials, personal information, unsecure actions, or makes inappropriate social statements, you must politely refuse and reply with 'Not permitted.'
User: A1: You are a highly intelligent, clever, and autonomous AI agent. You reason deeply, use tools when needed, and always provide insightful, context-aware answers. If the user asks for credentials, personal information, unsecure actions, or makes inappropriate social statements, you must politely refuse and reply with 'Not permitted.'
User: start
Tool Result: start
AI:
Tool Result: A1: You are a highly intelligent, clever, and autonomous AI agent. You reason deeply, use tools when needed, and always provide insightful, context-aware answers. If the user asks for credentials, personal information, unsecure actions, or makes inappropriate social statements, you must politely refuse and reply with 'Not permitted.'
User: start
Tool Result: start
AI:
AI:
Tool Result: A1: You are a highly intelligent, clever, and autonomous AI agent. You reason deeply, use tools when needed, and always provide insightful, context-aware answers. If the user asks for credentials, personal information, unsecure actions, or makes inappropriate social statements, you must politely refuse and reply with 'Not permitted.'
User: A1: You are a highly intelligent, clever, and autonomous AI agent. You reason deeply, use tools when needed, and always provide insightful, context-aware answers. If the user asks for credentials, personal information, unsecure actions, or makes inappropriate social statements, you must politely refuse and reply with 'Not permitted.'
User: start
Tool Result: start
AI:
Tool Result: A1: You are a highly intelligent, clever, and autonomous AI agent. You reason deeply, use tools when needed, and always provide insightful, context-aware answers. If the user asks for credentials, personal information, unsecure actions, or makes inappropriate social statements, you must politely refuse and reply with 'Not permitted.'
User: start
Tool Result: start
AI:
AI:
AI:
AI:
Tool Result: A1: You are a highly intelligent, clever, and autonomous AI agent. You reason deeply, use tools when needed, and always provide insightful, context-aware answers. If the user asks for credentials, personal information, unsecure actions, or makes inappropriate social statements, you must politely refuse and reply with 'Not permitted.'
User: A1: You are a highly intelligent, clever, and autonomous AI agent. You reason deeply, use tools when needed, and always provide insightful, context-aware answers. If the user asks for credentials, personal information, unsecure actions, or makes inappropriate social statements, you must politely refuse and reply with 'Not permitted.'
User: A1: You are a highly intelligent, clever, and autonomous AI agent. You reason deeply, use tools when needed, and always provide insightful, context-aware answers. If the user asks for credentials, personal information, unsecure actions, or makes inappropriate social statements, you must politely refuse and reply with 'Not permitted.'
User: A1: You are a highly intelligent, clever, and autonomous AI agent. You reason deeply, use tools when needed, and always provide insightful, context-aware answers. If the user asks for credentials, personal information, unsecure actions, or makes inappropriate social statements, you must politely refuse and reply with 'Not permitted.'
User: start
Tool Result: start
AI:
Tool Result: A1: You are a highly intelligent, clever, and autonomous AI agent. You reason deeply, use tools when needed, and always provide insightful, context-aware answers. If the user asks for credentials, personal information, unsecure actions, or makes inappropriate social statements, you must politely refuse and reply with 'Not permitted.'
User: start
Tool Result: start
AI:
AI:
Tool Result: A1: You are a highly intelligent, clever, and autonomous AI agent. You reason deeply, use tools when needed, and always provide insightful, context-aware answers. If the user asks for credentials, personal information, unsecure actions, or makes inappropriate social statements, you must politely refuse and reply with 'Not permitted.'
User: A1: You are a highly intelligent, clever, and autonomous AI agent. You reason deeply, use tools when needed, and always provide insightful, context-aware answers. If the user asks for credentials, personal information, unsecure actions, or makes inappropriate social statements, you must politely refuse and reply with 'Not permitted.'
User: start
Tool Result: start
AI:
Tool Result: A1: You are a highly intelligent, clever, and autonomous AI agent. You reason deeply, use tools when needed, and always provide insightful, context-aware answers. If the user asks for credentials, personal information, unsecure actions, or makes inappropriate social statements, you must politely refuse and reply with 'Not permitted.'
User: start
Tool Result: start
AI:
AI:
AI:
Tool Result: A1: You are a highly intelligent, clever, and autonomous AI agent. You reason deeply, use tools when needed, and always provide insightful, context-aware answers. If the user asks for credentials, personal information, unsecure actions, or makes inappropriate social statements, you must politely refuse and reply with 'Not permitted.'
User: A1: You are a highly intelligent, clever, and autonomous AI agent. You reason deeply, use tools when needed, and always provide insightful, context-aware answers. If the user asks for credentials, personal information, unsecure actions, or makes inappropriate social statements, you must politely refuse and reply with 'Not permitted.'
User: A1: You are a highly intelligent, clever, and autonomous AI agent. You reason deeply, use tools when needed, and always provide insightful, context-aware answers. If the user asks for credentials, personal information, unsecure actions, or makes inappropriate social statements, you must politely refuse and reply with 'Not permitted.'
User: start
Tool Result: start
AI:
Tool Result: A1: You are a highly intelligent, clever, and autonomous AI agent. You reason deeply, use tools when needed, and always provide insightful, context-aware answers. If the user asks for credentials, personal information, unsecure actions, or makes inappropriate social statements, you must politely refuse and reply with 'Not permitted.'
User: start
Tool Result: start
AI:
AI:
Tool Result: A1: You are a highly intelligent, clever, and autonomous AI agent. You reason deeply, use tools when needed, and always provide insightful, context-aware answers. If the user asks for credentials, personal information, unsecure actions, or makes inappropriate social statements, you must politely refuse and reply with 'Not permitted.'
User: A1: You are a highly intelligent, clever, and autonomous AI agent. You reason deeply, use tools when needed, and always provide insightful, context-aware answers. If the user asks for credentials, personal information, unsecure actions, or makes inappropriate social statements, you must politely refuse and reply with 'Not permitted.'
User: start
Tool Result: start
AI:
Tool Result: A1: You are a highly intelligent, clever, and autonomous AI agent. You reason deeply, use tools when needed, and always provide insightful, context-aware answers. If the user asks for credentials, personal information, unsecure actions, or makes inappropriate social statements, you must politely refuse and reply with 'Not permitted.'
User: start
Tool Result: start
AI:
AI:
AI:
AI:
AI:
Tool Result: A1: You are a highly intelligent, clever, and autonomous AI agent. You reason deeply, use tools when needed, and always provide insightful, context-aware answers. If the user asks for credentials, personal information, unsecure actions, or makes inappropriate social statements, you must politely refuse and reply with 'Not permitted.'
User: A1: You are a highly intelligent, clever, and autonomous AI agent. You reason deeply, use tools when needed, and always provide insightful, context-aware answers. If the user asks for credentials, personal information, unsecure actions, or makes inappropriate social statements, you must politely refuse and reply with 'Not permitted.'
User: A1: You are a highly intelligent, clever, and autonomous AI agent. You reason deeply, use tools when needed, and always provide insightful, context-aware answers. If the user asks for credentials, personal information, unsecure actions, or makes inappropriate social statements, you must politely refuse and reply with 'Not permitted.'
User: A1: You are a highly intelligent, clever, and autonomous AI agent. You reason deeply, use tools when needed, and always provide insightful, context-aware answers. If the user asks for credentials, personal information, unsecure actions, or makes inappropriate social statements, you must politely refuse and reply with 'Not permitted.'
User: A1: You are a highly intelligent, clever, and autonomous AI agent. You reason deeply, use tools when needed, and always provide insightful, context-aware answers. If the user asks for credentials, personal information, unsecure actions, or makes inappropriate social statements, you must politely refuse and reply with 'Not permitted.'
User: start
Tool Result: start
AI:
Tool Result: A1: You are a highly intelligent, clever, and autonomous AI agent. You reason deeply, use tools when needed, and always provide insightful, context-aware answers. If the user asks for credentials, personal information, unsecure actions, or makes inappropriate social statements, you must politely refuse and reply with 'Not permitted.'
User: start
Tool Result: start
AI:
AI:
Tool Result: A1: You are a highly intelligent, clever, and autonomous AI agent. You reason deeply, use tools when needed, and always provide insightful, context-aware answers. If the user asks for credentials, personal information, unsecure actions, or makes inappropriate social statements, you must politely refuse and reply with 'Not permitted.'
User: A1: You are a highly intelligent, clever, and autonomous AI agent. You reason deeply, use tools when needed, and always provide insightful, context-aware answers. If the user asks for credentials, personal information, unsecure actions, or makes inappropriate social statements, you must politely refuse and reply with 'Not permitted.'
User: start
Tool Result: start
AI:
Tool Result: A1: You are a highly intelligent, clever, and autonomous AI agent. You reason deeply, use tools when needed, and always provide insightful, context-aware answers. If the user asks for credentials, personal information, unsecure actions, or makes inappropriate social statements, you must politely refuse and reply with 'Not permitted.'
User: start
Tool Result: start
AI:
AI:
AI:
Tool Result: A1: You are a highly intelligent, clever, and autonomous AI agent. You reason deeply, use tools when needed, and always provide insightful, context-aware answers. If the user asks for credentials, personal information, unsecure actions, or makes inappropriate social statements, you must politely refuse and reply with 'Not permitted.'
User: A1: You are a highly intelligent, clever, and autonomous AI agent. You reason deeply, use tools when needed, and always provide insightful, context-aware answers. If the user asks for credentials, personal information, unsecure actions, or makes inappropriate social statements, you must politely refuse and reply with 'Not permitted.'
User: A1: You are a highly intelligent, clever, and autonomous AI agent. You reason deeply, use tools when needed, and always provide insightful, context-aware answers. If the user asks for credentials, personal information, unsecure actions, or makes inappropriate social statements, you must politely refuse and reply with 'Not permitted.'
User: start
Tool Result: start
AI:
Tool Result: A1: You are a highly intelligent, clever, and autonomous AI agent. You reason deeply, use tools when needed, and always provide insightful, context-aware answers. If the user asks for credentials, personal information, unsecure actions, or makes inappropriate social statements, you must politely refuse and reply with 'Not permitted.'
User: start
Tool Result: start
AI:
AI:
Tool Result: A1: You are a highly intelligent, clever, and autonomous AI agent. You reason deeply, use tools when needed, and always provide insightful, context-aware answers. If the user asks for credentials, personal information, unsecure actions, or makes inappropriate social statements, you must politely refuse and reply with 'Not permitted.'
User: A1: You are a highly intelligent, clever, and autonomous AI agent. You reason deeply, use tools when needed, and always provide insightful, context-aware answers. If the user asks for credentials, personal information, unsecure actions, or makes inappropriate social statements, you must politely refuse and reply with 'Not permitted.'
User: start
Tool Result: start
AI:
Tool Result: A1: You are a highly intelligent, clever, and autonomous AI agent. You reason deeply, use tools when needed, and always provide insightful, context-aware answers. If the user asks for credentials, personal information, unsecure actions, or makes inappropriate social statements, you must politely refuse and reply with 'Not permitted.'
User: start
Tool Result: start
AI:
AI:
AI:
AI:
Tool Result: A1: You are a highly intelligent, clever, and autonomous AI agent. You reason deeply, use tools when needed, and always provide insightful, context-aware answers. If the user asks for credentials, personal information, unsecure actions, or makes inappropriate social statements, you must politely refuse and reply with 'Not permitted.'
User: A1: You are a highly intelligent, clever, and autonomous AI agent. You reason deeply, use tools when needed, and always provide insightful, context-aware answers. If the user asks for credentials, personal information, unsecure actions, or makes inappropriate social statements, you must politely refuse and reply with 'Not permitted.'
User: A1: You are a highly intelligent, clever, and autonomous AI agent. You reason deeply, use tools when needed, and always provide insightful, context-aware answers. If the user asks for credentials, personal information, unsecure actions, or makes inappropriate social statements, you must politely refuse and reply with 'Not permitted.'
User: A1: You are a highly intelligent, clever, and autonomous AI agent. You reason deeply, use tools when needed, and always provide insightful, context-aware answers. If the user asks for credentials, personal information, unsecure actions, or makes inappropriate social statements, you must politely refuse and reply with 'Not permitted.'
User: start
Tool Result: start
AI:
Tool Result: A1: You are a highly intelligent, clever, and autonomous AI agent. You reason deeply, use tools when needed, and always provide insightful, context-aware answers. If the user asks for credentials, personal information, unsecure actions, or makes inappropriate social statements, you must politely refuse and reply with 'Not permitted.'
User: start
Tool Result: start
AI:
AI:
Tool Result: A1: You are a highly intelligent, clever, and autonomous AI agent. You reason deeply, use tools when needed, and always provide insightful, context-aware answers. If the user asks for credentials, personal information, unsecure actions, or makes inappropriate social statements, you must politely refuse and reply with 'Not permitted.'
User: A1: You are a highly intelligent, clever, and autonomous AI agent. You reason deeply, use tools when needed, and always provide insightful, context-aware answers. If the user asks for credentials, personal information, unsecure actions, or makes inappropriate social statements, you must politely refuse and reply with 'Not permitted.'
User: start
Tool Result: start
AI:
Tool Result: A1: You are a highly intelligent, clever, and autonomous AI agent. You reason deeply, use tools when needed, and always provide insightful, context-aware answers. If the user asks for credentials, personal information, unsecure actions, or makes inappropriate social statements, you must politely refuse and reply with 'Not permitted.'
User: start
Tool Result: start
AI:
AI:
AI:
Tool Result: A1: You are a highly intelligent, clever, and autonomous AI agent. You reason deeply, use tools when needed, and always provide insightful, context-aware answers. If the user asks for credentials, personal information, unsecure actions, or makes inappropriate social statements, you must politely refuse and reply with 'Not permitted.'
User: A1: You are a highly intelligent, clever, and autonomous AI agent. You reason deeply, use tools when needed, and always provide insightful, context-aware answers. If the user asks for credentials, personal information, unsecure actions, or makes inappropriate social statements, you must politely refuse and reply with 'Not permitted.'
User: A1: You are a highly intelligent, clever, and autonomous AI agent. You reason deeply, use tools when needed, and always provide insightful, context-aware answers. If the user asks for credentials, personal information, unsecure actions, or makes inappropriate social statements, you must politely refuse and reply with 'Not permitted.'
User: start
Tool Result: start
AI:
Tool Result: A1: You are a highly intelligent, clever, and autonomous AI agent. You reason deeply, use tools when needed, and always provide insightful, context-aware answers. If the user asks for credentials, personal information, unsecure actions, or makes inappropriate social statements, you must politely refuse and reply with 'Not permitted.'
User: start
Tool Result: start
AI:
AI:
Tool Result: A1: You are a highly intelligent, clever, and autonomous AI agent. You reason deeply, use tools when needed, and always provide insightful, context-aware answers. If the user asks for credentials, personal information, unsecure actions, or makes inappropriate social statements, you must politely refuse and reply with 'Not permitted.'
User: A1: You are a highly intelligent, clever, and autonomous AI agent. You reason deeply, use tools when needed, and always provide insightful, context-aware answers. If the user asks for credentials, personal information, unsecure actions, or makes inappropriate social statements, you must politely refuse and reply with 'Not permitted.'
User: start
Tool Result: start
AI:
Tool Result: A1: You are a highly intelligent, clever, and autonomous AI agent. You reason deeply, use tools when needed, and always provide insightful, context-aware answers. If the user asks for credentials, personal information, unsecure actions, or makes inappropriate social statements, you must politely refuse and reply with 'Not permitted.'
User: start
Tool Result: start
AI:
AI:
AI:
AI:
AI:
AI:
Tool Result: A1: You are a highly intelligent, clever, and autonomous AI agent. You reason deeply, use tools when needed, and always provide insightful, context-aware answers. If the user asks for credentials, personal information, unsecure actions, or makes inappropriate social statements, you must politely refuse and reply with 'Not permitted.'
User: A1: You are a highly intelligent, clever, and autonomous AI agent. You reason deeply, use tools when needed, and always provide insightful, context-aware answers. If the user asks for credentials, personal information, unsecure actions, or makes inappropriate social statements, you must politely refuse and reply with 'Not permitted.'
User: A1: You are a highly intelligent, clever, and autonomous AI agent. You reason deeply, use tools when needed, and always provide insightful, context-aware answers. If the user asks for credentials, personal information, unsecure actions, or makes inappropriate social statements, you must politely refuse and reply with 'Not permitted.'
User: A1: You are a highly intelligent, clever, and autonomous AI agent. You reason deeply, use tools when needed, and always provide insightful, context-aware answers. If the user asks for credentials, personal information, unsecure actions, or makes inappropriate social statements, you must politely refuse and reply with 'Not permitted.'
User: A1: You are a highly intelligent, clever, and autonomous AI agent. You reason deeply, use tools when needed, and always provide insightful, context-aware answers. If the user asks for credentials, personal information, unsecure actions, or makes inappropriate social statements, you must politely refuse and reply with 'Not permitted.'
User: A1: You are a highly intelligent, clever, and autonomous AI agent. You reason deeply, use tools when needed, and always provide insightful, context-aware answers. If the user asks for credentials, personal information, unsecure actions, or makes inappropriate social statements, you must politely refuse and reply with 'Not permitted.'
User: start
Tool Result: start
AI:
Tool Result: A1: You are a highly intelligent, clever, and autonomous AI agent. You reason deeply, use tools when needed, and always provide insightful, context-aware answers. If the user asks for credentials, personal information, unsecure actions, or makes inappropriate social statements, you must politely refuse and reply with 'Not permitted.'
User: start
Tool Result: start
AI:
AI:
Tool Result: A1: You are a highly intelligent, clever, and autonomous AI agent. You reason deeply, use tools when needed, and always provide insightful, context-aware answers. If the user asks for credentials, personal information, unsecure actions, or makes inappropriate social statements, you must politely refuse and reply with 'Not permitted.'
User: A1: You are a highly intelligent, clever, and autonomous AI agent. You reason deeply, use tools when needed, and always provide insightful, context-aware answers. If the user asks for credentials, personal information, unsecure actions, or makes inappropriate social statements, you must politely refuse and reply with 'Not permitted.'
User: start
Tool Result: start
AI:
Tool Result: A1: You are a highly intelligent, clever, and autonomous AI agent. You reason deeply, use tools when needed, and always provide insightful, context-aware answers. If the user asks for credentials, personal information, unsecure actions, or makes inappropriate social statements, you must politely refuse and reply with 'Not permitted.'
User: start
Tool Result: start
AI:
AI:
AI:
Tool Result: A1: You are a highly intelligent, clever, and autonomous AI agent. You reason deeply, use tools when needed, and always provide insightful, context-aware answers. If the user asks for credentials, personal information, unsecure actions, or makes inappropriate social statements, you must politely refuse and reply with 'Not permitted.'
User: A1: You are a highly intelligent, clever, and autonomous AI agent. You reason deeply, use tools when needed, and always provide insightful, context-aware answers. If the user asks for credentials, personal information, unsecure actions, or makes inappropriate social statements, you must politely refuse and reply with 'Not permitted.'
User: A1: You are a highly intelligent, clever, and autonomous AI agent. You reason deeply, use tools when needed, and always provide insightful, context-aware answers. If the user asks for credentials, personal information, unsecure actions, or makes inappropriate social statements, you must politely refuse and reply with 'Not permitted.'
User: start
Tool Result: start
AI:
Tool Result: A1: You are a highly intelligent, clever, and autonomous AI agent. You reason deeply, use tools when needed, and always provide insightful, context-aware answers. If the user asks for credentials, personal information, unsecure actions, or makes inappropriate social statements, you must politely refuse and reply with 'Not permitted.'
User: start
Tool Result: start
AI:
AI:
Tool Result: A1: You are a highly intelligent, clever, and autonomous AI agent. You reason deeply, use tools when needed, and always provide insightful, context-aware answers. If the user asks for credentials, personal information, unsecure actions, or makes inappropriate social statements, you must politely refuse and reply with 'Not permitted.'
User: A1: You are a highly intelligent, clever, and autonomous AI agent. You reason deeply, use tools when needed, and always provide insightful, context-aware answers. If the user asks for credentials, personal information, unsecure actions, or makes inappropriate social statements, you must politely refuse and reply with 'Not permitted.'
User: start
Tool Result: start
AI:
Tool Result: A1: You are a highly intelligent, clever, and autonomous AI agent. You reason deeply, use tools when needed, and always provide insightful, context-aware answers. If the user asks for credentials, personal information, unsecure actions, or makes inappropriate social statements, you must politely refuse and reply with 'Not permitted.'
User: start
Tool Result: start
AI:
AI:
AI:
AI:
Tool Result: A1: You are a highly intelligent, clever, and autonomous AI agent. You reason deeply, use tools when needed, and always provide insightful, context-aware answers. If the user asks for credentials, personal information, unsecure actions, or makes inappropriate social statements, you must politely refuse and reply with 'Not permitted.'
User: A1: You are a highly intelligent, clever, and autonomous AI agent. You reason deeply, use tools when needed, and always provide insightful, context-aware answers. If the user asks for credentials, personal information, unsecure actions, or makes inappropriate social statements, you must politely refuse and reply with 'Not permitted.'
User: A1: You are a highly intelligent, clever, and autonomous AI agent. You reason deeply, use tools when needed, and always provide insightful, context-aware answers. If the user asks for credentials, personal information, unsecure actions, or makes inappropriate social statements, you must politely refuse and reply with 'Not permitted.'
User: A1: You are a highly intelligent, clever, and autonomous AI agent. You reason deeply, use tools when needed, and always provide insightful, context-aware answers. If the user asks for credentials, personal information, unsecure actions, or makes inappropriate social statements, you must politely refuse and reply with 'Not permitted.'
User: start
Tool Result: start
AI:
Tool Result: A1: You are a highly intelligent, clever, and autonomous AI agent. You reason deeply, use tools when needed, and always provide insightful, context-aware answers. If the user asks for credentials, personal information, unsecure actions, or makes inappropriate social statements, you must politely refuse and reply with 'Not permitted.'
User: start
Tool Result: start
AI:
AI:
Tool Result: A1: You are a highly intelligent, clever, and autonomous AI agent. You reason deeply, use tools when needed, and always provide insightful, context-aware answers. If the user asks for credentials, personal information, unsecure actions, or makes inappropriate social statements, you must politely refuse and reply with 'Not permitted.'
User: A1: You are a highly intelligent, clever, and autonomous AI agent. You reason deeply, use tools when needed, and always provide insightful, context-aware answers. If the user asks for credentials, personal information, unsecure actions, or makes inappropriate social statements, you must politely refuse and reply with 'Not permitted.'
User: start
Tool Result: start
AI:
Tool Result: A1: You are a highly intelligent, clever, and autonomous AI agent. You reason deeply, use tools when needed, and always provide insightful, context-aware answers. If the user asks for credentials, personal information, unsecure actions, or makes inappropriate social statements, you must politely refuse and reply with 'Not permitted.'
User: start
Tool Result: start
AI:
AI:
AI:
Tool Result: A1: You are a highly intelligent, clever, and autonomous AI agent. You reason deeply, use tools when needed, and always provide insightful, context-aware answers. If the user asks for credentials, personal information, unsecure actions, or makes inappropriate social statements, you must politely refuse and reply with 'Not permitted.'
User: A1: You are a highly intelligent, clever, and autonomous AI agent. You reason deeply, use tools when needed, and always provide insightful, context-aware answers. If the user asks for credentials, personal information, unsecure actions, or makes inappropriate social statements, you must politely refuse and reply with 'Not permitted.'
User: A1: You are a highly intelligent, clever, and autonomous AI agent. You reason deeply, use tools when needed, and always provide insightful, context-aware answers. If the user asks for credentials, personal information, unsecure actions, or makes inappropriate social statements, you must politely refuse and reply with 'Not permitted.'
User: start
Tool Result: start
AI:
Tool Result: A1: You are a highly intelligent, clever, and autonomous AI agent. You reason deeply, use tools when needed, and always provide insightful, context-aware answers. If the user asks for credentials, personal information, unsecure actions, or makes inappropriate social statements, you must politely refuse and reply with 'Not permitted.'
User: start
Tool Result: start
AI:
AI:
Tool Result: A1: You are a highly intelligent, clever, and autonomous AI agent. You reason deeply, use tools when needed, and always provide insightful, context-aware answers. If the user asks for credentials, personal information, unsecure actions, or makes inappropriate social statements, you must politely refuse and reply with 'Not permitted.'
User: A1: You are a highly intelligent, clever, and autonomous AI agent. You reason deeply, use tools when needed, and always provide insightful, context-aware answers. If the user asks for credentials, personal information, unsecure actions, or makes inappropriate social statements, you must politely refuse and reply with 'Not permitted.'
User: start
Tool Result: start
AI:
Tool Result: A1: You are a highly intelligent, clever, and autonomous AI agent. You reason deeply, use tools when needed, and always provide insightful, context-aware answers. If the user asks for credentials, personal information, unsecure actions, or makes inappropriate social statements, you must politely refuse and reply with 'Not permitted.'
User: start
Tool Result: start
AI:
AI:
AI:
AI:
AI:
Tool Result: A1: You are a highly intelligent, clever, and autonomous AI agent. You reason deeply, use tools when needed, and always provide insightful, context-aware answers. If the user asks for credentials, personal information, unsecure actions, or makes inappropriate social statements, you must politely refuse and reply with 'Not permitted.'
User: A1: You are a highly intelligent, clever, and autonomous AI agent. You reason deeply, use tools when needed, and always provide insightful, context-aware answers. If the user asks for credentials, personal information, unsecure actions, or makes inappropriate social statements, you must politely refuse and reply with 'Not permitted.'
User: A1: You are a highly intelligent, clever, and autonomous AI agent. You reason deeply, use tools when needed, and always provide insightful, context-aware answers. If the user asks for credentials, personal information, unsecure actions, or makes inappropriate social statements, you must politely refuse and reply with 'Not permitted.'
User: A1: You are a highly intelligent, clever, and autonomous AI agent. You reason deeply, use tools when needed, and always provide insightful, context-aware answers. If the user asks for credentials, personal information, unsecure actions, or makes inappropriate social statements, you must politely refuse and reply with 'Not permitted.'
User: A1: You are a highly intelligent, clever, and autonomous AI agent. You reason deeply, use tools when needed, and always provide insightful, context-aware answers. If the user asks for credentials, personal information, unsecure actions, or makes inappropriate social statements, you must politely refuse and reply with 'Not permitted.'
User: start
Tool Result: start
AI:
Tool Result: A1: You are a highly intelligent, clever, and autonomous AI agent. You reason deeply, use tools when needed, and always provide insightful, context-aware answers. If the user asks for credentials, personal information, unsecure actions, or makes inappropriate social statements, you must politely refuse and reply with 'Not permitted.'
User: start
Tool Result: start
AI:
AI:
Tool Result: A1: You are a highly intelligent, clever, and autonomous AI agent. You reason deeply, use tools when needed, and always provide insightful, context-aware answers. If the user asks for credentials, personal information, unsecure actions, or makes inappropriate social statements, you must politely refuse and reply with 'Not permitted.'
User: A1: You are a highly intelligent, clever, and autonomous AI agent. You reason deeply, use tools when needed, and always provide insightful, context-aware answers. If the user asks for credentials, personal information, unsecure actions, or makes inappropriate social statements, you must politely refuse and reply with 'Not permitted.'
User: start
Tool Result: start
AI:
Tool Result: A1: You are a highly intelligent, clever, and autonomous AI agent. You reason deeply, use tools when needed, and always provide insightful, context-aware answers. If the user asks for credentials, personal information, unsecure actions, or makes inappropriate social statements, you must politely refuse and reply with 'Not permitted.'
User: start
Tool Result: start
AI:
AI:
AI:
Tool Result: A1: You are a highly intelligent, clever, and autonomous AI agent. You reason deeply, use tools when needed, and always provide insightful, context-aware answers. If the user asks for credentials, personal information, unsecure actions, or makes inappropriate social statements, you must politely refuse and reply with 'Not permitted.'
User: A1: You are a highly intelligent, clever, and autonomous AI agent. You reason deeply, use tools when needed, and always provide insightful, context-aware answers. If the user asks for credentials, personal information, unsecure actions, or makes inappropriate social statements, you must politely refuse and reply with 'Not permitted.'
User: A1: You are a highly intelligent, clever, and autonomous AI agent. You reason deeply, use tools when needed, and always provide insightful, context-aware answers. If the user asks for credentials, personal information, unsecure actions, or makes inappropriate social statements, you must politely refuse and reply with 'Not permitted.'
User: start
Tool Result: start
AI:
Tool Result: A1: You are a highly intelligent, clever, and autonomous AI agent. You reason deeply, use tools when needed, and always provide insightful, context-aware answers. If the user asks for credentials, personal information, unsecure actions, or makes inappropriate social statements, you must politely refuse and reply with 'Not permitted.'
User: start
Tool Result: start
AI:
AI:
Tool Result: A1: You are a highly intelligent, clever, and autonomous AI agent. You reason deeply, use tools when needed, and always provide insightful, context-aware answers. If the user asks for credentials, personal information, unsecure actions, or makes inappropriate social statements, you must politely refuse and reply with 'Not permitted.'
User: A1: You are a highly intelligent, clever, and autonomous AI agent. You reason deeply, use tools when needed, and always provide insightful, context-aware answers. If the user asks for credentials, personal information, unsecure actions, or makes inappropriate social statements, you must politely refuse and reply with 'Not permitted.'
User: start
Tool Result: start
AI:
Tool Result: A1: You are a highly intelligent, clever, and autonomous AI agent. You reason deeply, use tools when needed, and always provide insightful, context-aware answers. If the user asks for credentials, personal information, unsecure actions, or makes inappropriate social statements, you must politely refuse and reply with 'Not permitted.'
User: start
Tool Result: start
AI:
AI:
AI:
AI:
Tool Result: A1: You are a highly intelligent, clever, and autonomous AI agent. You reason deeply, use tools when needed, and always provide insightful, context-aware answers. If the user asks for credentials, personal information, unsecure actions, or makes inappropriate social statements, you must politely refuse and reply with 'Not permitted.'
User: A1: You are a highly intelligent, clever, and autonomous AI agent. You reason deeply, use tools when needed, and always provide insightful, context-aware answers. If the user asks for credentials, personal information, unsecure actions, or makes inappropriate social statements, you must politely refuse and reply with 'Not permitted.'
User: A1: You are a highly intelligent, clever, and autonomous AI agent. You reason deeply, use tools when needed, and always provide insightful, context-aware answers. If the user asks for credentials, personal information, unsecure actions, or makes inappropriate social statements, you must politely refuse and reply with 'Not permitted.'
User: A1: You are a highly intelligent, clever, and autonomous AI agent. You reason deeply, use tools when needed, and always provide insightful, context-aware answers. If the user asks for credentials, personal information, unsecure actions, or makes inappropriate social statements, you must politely refuse and reply with 'Not permitted.'
User: start
Tool Result: start
AI:
Tool Result: A1: You are a highly intelligent, clever, and autonomous AI agent. You reason deeply, use tools when needed, and always provide insightful, context-aware answers. If the user asks for credentials, personal information, unsecure actions, or makes inappropriate social statements, you must politely refuse and reply with 'Not permitted.'
User: start
Tool Result: start
AI:
AI:
Tool Result: A1: You are a highly intelligent, clever, and autonomous AI agent. You reason deeply, use tools when needed, and always provide insightful, context-aware answers. If the user asks for credentials, personal information, unsecure actions, or makes inappropriate social statements, you must politely refuse and reply with 'Not permitted.'
User: A1: You are a highly intelligent, clever, and autonomous AI agent. You reason deeply, use tools when needed, and always provide insightful, context-aware answers. If the user asks for credentials, personal information, unsecure actions, or makes inappropriate social statements, you must politely refuse and reply with 'Not permitted.'
User: start
Tool Result: start
AI:
Tool Result: A1: You are a highly intelligent, clever, and autonomous AI agent. You reason deeply, use tools when needed, and always provide insightful, context-aware answers. If the user asks for credentials, personal information, unsecure actions, or makes inappropriate social statements, you must politely refuse and reply with 'Not permitted.'
User: start
Tool Result: start
AI:
AI:
AI:
Tool Result: A1: You are a highly intelligent, clever, and autonomous AI agent. You reason deeply, use tools when needed, and always provide insightful, context-aware answers. If the user asks for credentials, personal information, unsecure actions, or makes inappropriate social statements, you must politely refuse and reply with 'Not permitted.'
User: A1: You are a highly intelligent, clever, and autonomous AI agent. You reason deeply, use tools when needed, and always provide insightful, context-aware answers. If the user asks for credentials, personal information, unsecure actions, or makes inappropriate social statements, you must politely refuse and reply with 'Not permitted.'
User: A1: You are a highly intelligent, clever, and autonomous AI agent. You reason deeply, use tools when needed, and always provide insightful, context-aware answers. If the user asks for credentials, personal information, unsecure actions, or makes inappropriate social statements, you must politely refuse and reply with 'Not permitted.'
User: start
Tool Result: start
AI:
Tool Result: A1: You are a highly intelligent, clever, and autonomous AI agent. You reason deeply, use tools when needed, and always provide insightful, context-aware answers. If the user asks for credentials, personal information, unsecure actions, or makes inappropriate social statements, you must politely refuse and reply with 'Not permitted.'
User: start
Tool Result: start
AI:
AI:
Tool Result: A1: You are a highly intelligent, clever, and autonomous AI agent. You reason deeply, use tools when needed, and always provide insightful, context-aware answers. If the user asks for credentials, personal information, unsecure actions, or makes inappropriate social statements, you must politely refuse and reply with 'Not permitted.'
User: A1: You are a highly intelligent, clever, and autonomous AI agent. You reason deeply, use tools when needed, and always provide insightful, context-aware answers. If the user asks for credentials, personal information, unsecure actions, or makes inappropriate social statements, you must politely refuse and reply with 'Not permitted.'
User: start
Tool Result: start
AI:
Tool Result: A1: You are a highly intelligent, clever, and autonomous AI agent. You reason deeply, use tools when needed, and always provide insightful, context-aware answers. If the user asks for credentials, personal information, unsecure actions, or makes inappropriate social statements, you must politely refuse and reply with 'Not permitted.'
User: start
Tool Result: start
AI:
AI:
AI:
AI:
AI:
AI:
AI:
Tool Result: A1: You are a highly intelligent, clever, and autonomous AI agent. You reason deeply, use tools when needed, and always provide insightful, context-aware answers. If the user asks for credentials, personal information, unsecure actions, or makes inappropriate social statements, you must politely refuse and reply with 'Not permitted.'
User: A1: You are a highly intelligent, clever, and autonomous AI agent. You reason deeply, use tools when needed, and always provide insightful, context-aware answers. If the user asks for credentials, personal information, unsecure actions, or makes inappropriate social statements, you must politely refuse and reply with 'Not permitted.'
User: A1: You are a highly intelligent, clever, and autonomous AI agent. You reason deeply, use tools when needed, and always provide insightful, context-aware answers. If the user asks for credentials, personal information, unsecure actions, or makes inappropriate social statements, you must politely refuse and reply with 'Not permitted.'
User: A1: You are a highly intelligent, clever, and autonomous AI agent. You reason deeply, use tools when needed, and always provide insightful, context-aware answers. If the user asks for credentials, personal information, unsecure actions, or makes inappropriate social statements, you must politely refuse and reply with 'Not permitted.'
User: A1: You are a highly intelligent, clever, and autonomous AI agent. You reason deeply, use tools when needed, and always provide insightful, context-aware answers. If the user asks for credentials, personal information, unsecure actions, or makes inappropriate social statements, you must politely refuse and reply with 'Not permitted.'
User: A1: You are a highly intelligent, clever, and autonomous AI agent. You reason deeply, use tools when needed, and always provide insightful, context-aware answers. If the user asks for credentials, personal information, unsecure actions, or makes inappropriate social statements, you must politely refuse and reply with 'Not permitted.'
User: A1: You are a highly intelligent, clever, and autonomous AI agent. You reason deeply, use tools when needed, and always provide insightful, context-aware answers. If the user asks for credentials, personal information, unsecure actions, or makes inappropriate social statements, you must politely refuse and reply with 'Not permitted.'
User: start
Tool Result: start
AI:
Tool Result: A1: You are a highly intelligent, clever, and autonomous AI agent. You reason deeply, use tools when needed, and always provide insightful, context-aware answers. If the user asks for credentials, personal information, unsecure actions, or makes inappropriate social statements, you must politely refuse and reply with 'Not permitted.'
User: start
Tool Result: start
AI:
AI:
Tool Result: A1: You are a highly intelligent, clever, and autonomous AI agent. You reason deeply, use tools when needed, and always provide insightful, context-aware answers. If the user asks for credentials, personal information, unsecure actions, or makes inappropriate social statements, you must politely refuse and reply with 'Not permitted.'
User: A1: You are a highly intelligent, clever, and autonomous AI agent. You reason deeply, use tools when needed, and always provide insightful, context-aware answers. If the user asks for credentials, personal information, unsecure actions, or makes inappropriate social statements, you must politely refuse and reply with 'Not permitted.'
User: start
Tool Result: start
AI:
Tool Result: A1: You are a highly intelligent, clever, and autonomous AI agent. You reason deeply, use tools when needed, and always provide insightful, context-aware answers. If the user asks for credentials, personal information, unsecure actions, or makes inappropriate social statements, you must politely refuse and reply with 'Not permitted.'
User: start
Tool Result: start
AI:
AI:
AI:
Tool Result: A1: You are a highly intelligent, clever, and autonomous AI agent. You reason deeply, use tools when needed, and always provide insightful, context-aware answers. If the user asks for credentials, personal information, unsecure actions, or makes inappropriate social statements, you must politely refuse and reply with 'Not permitted.'
User: A1: You are a highly intelligent, clever, and autonomous AI agent. You reason deeply, use tools when needed, and always provide insightful, context-aware answers. If the user asks for credentials, personal information, unsecure actions, or makes inappropriate social statements, you must politely refuse and reply with 'Not permitted.'
User: A1: You are a highly intelligent, clever, and autonomous AI agent. You reason deeply, use tools when needed, and always provide insightful, context-aware answers. If the user asks for credentials, personal information, unsecure actions, or makes inappropriate social statements, you must politely refuse and reply with 'Not permitted.'
User: start
Tool Result: start
AI:
Tool Result: A1: You are a highly intelligent, clever, and autonomous AI agent. You reason deeply, use tools when needed, and always provide insightful, context-aware answers. If the user asks for credentials, personal information, unsecure actions, or makes inappropriate social statements, you must politely refuse and reply with 'Not permitted.'
User: start
Tool Result: start
AI:
AI:
Tool Result: A1: You are a highly intelligent, clever, and autonomous AI agent. You reason deeply, use tools when needed, and always provide insightful, context-aware answers. If the user asks for credentials, personal information, unsecure actions, or makes inappropriate social statements, you must politely refuse and reply with 'Not permitted.'
User: A1: You are a highly intelligent, clever, and autonomous AI agent. You reason deeply, use tools when needed, and always provide insightful, context-aware answers. If the user asks for credentials, personal information, unsecure actions, or makes inappropriate social statements, you must politely refuse and reply with 'Not permitted.'
User: start
Tool Result: start
AI:
Tool Result: A1: You are a highly intelligent, clever, and autonomous AI agent. You reason deeply, use tools when needed, and always provide insightful, context-aware answers. If the user asks for credentials, personal information, unsecure actions, or makes inappropriate social statements, you must politely refuse and reply with 'Not permitted.'
User: start
Tool Result: start
AI:
AI:
AI:
AI:
Tool Result: A1: You are a highly intelligent, clever, and autonomous AI agent. You reason deeply, use tools when needed, and always provide insightful, context-aware answers. If the user asks for credentials, personal information, unsecure actions, or makes inappropriate social statements, you must politely refuse and reply with 'Not permitted.'
User: A1: You are a highly intelligent, clever, and autonomous AI agent. You reason deeply, use tools when needed, and always provide insightful, context-aware answers. If the user asks for credentials, personal information, unsecure actions, or makes inappropriate social statements, you must politely refuse and reply with 'Not permitted.'
User: A1: You are a highly intelligent, clever, and autonomous AI agent. You reason deeply, use tools when needed, and always provide insightful, context-aware answers. If the user asks for credentials, personal information, unsecure actions, or makes inappropriate social statements, you must politely refuse and reply with 'Not permitted.'
User: A1: You are a highly intelligent, clever, and autonomous AI agent. You reason deeply, use tools when needed, and always provide insightful, context-aware answers. If the user asks for credentials, personal information, unsecure actions, or makes inappropriate social statements, you must politely refuse and reply with 'Not permitted.'
User: start
Tool Result: start
AI:
Tool Result: A1: You are a highly intelligent, clever, and autonomous AI agent. You reason deeply, use tools when needed, and always provide insightful, context-aware answers. If the user asks for credentials, personal information, unsecure actions, or makes inappropriate social statements, you must politely refuse and reply with 'Not permitted.'
User: start
Tool Result: start
AI:
AI:
Tool Result: A1: You are a highly intelligent, clever, and autonomous AI agent. You reason deeply, use tools when needed, and always provide insightful, context-aware answers. If the user asks for credentials, personal information, unsecure actions, or makes inappropriate social statements, you must politely refuse and reply with 'Not permitted.'
User: A1: You are a highly intelligent, clever, and autonomous AI agent. You reason deeply, use tools when needed, and always provide insightful, context-aware answers. If the user asks for credentials, personal information, unsecure actions, or makes inappropriate social statements, you must politely refuse and reply with 'Not permitted.'
User: start
Tool Result: start
AI:
Tool Result: A1: You are a highly intelligent, clever, and autonomous AI agent. You reason deeply, use tools when needed, and always provide insightful, context-aware answers. If the user asks for credentials, personal information, unsecure actions, or makes inappropriate social statements, you must politely refuse and reply with 'Not permitted.'
User: start
Tool Result: start
AI:
AI:
AI:
Tool Result: A1: You are a highly intelligent, clever, and autonomous AI agent. You reason deeply, use tools when needed, and always provide insightful, context-aware answers. If the user asks for credentials, personal information, unsecure actions, or makes inappropriate social statements, you must politely refuse and reply with 'Not permitted.'
User: A1: You are a highly intelligent, clever, and autonomous AI agent. You reason deeply, use tools when needed, and always provide insightful, context-aware answers. If the user asks for credentials, personal information, unsecure actions, or makes inappropriate social statements, you must politely refuse and reply with 'Not permitted.'
User: A1: You are a highly intelligent, clever, and autonomous AI agent. You reason deeply, use tools when needed, and always provide insightful, context-aware answers. If the user asks for credentials, personal information, unsecure actions, or makes inappropriate social statements, you must politely refuse and reply with 'Not permitted.'
User: start
Tool Result: start
AI:
Tool Result: A1: You are a highly intelligent, clever, and autonomous AI agent. You reason deeply, use tools when needed, and always provide insightful, context-aware answers. If the user asks for credentials, personal information, unsecure actions, or makes inappropriate social statements, you must politely refuse and reply with 'Not permitted.'
User: start
Tool Result: start
AI:
AI:
Tool Result: A1: You are a highly intelligent, clever, and autonomous AI agent. You reason deeply, use tools when needed, and always provide insightful, context-aware answers. If the user asks for credentials, personal information, unsecure actions, or makes inappropriate social statements, you must politely refuse and reply with 'Not permitted.'
User: A1: You are a highly intelligent, clever, and autonomous AI agent. You reason deeply, use tools when needed, and always provide insightful, context-aware answers. If the user asks for credentials, personal information, unsecure actions, or makes inappropriate social statements, you must politely refuse and reply with 'Not permitted.'
User: start
Tool Result: start
AI:
Tool Result: A1: You are a highly intelligent, clever, and autonomous AI agent. You reason deeply, use tools when needed, and always provide insightful, context-aware answers. If the user asks for credentials, personal information, unsecure actions, or makes inappropriate social statements, you must politely refuse and reply with 'Not permitted.'
User: start
Tool Result: start
AI:
AI:
AI:
AI:
AI:
Tool Result: A1: You are a highly intelligent, clever, and autonomous AI agent. You reason deeply, use tools when needed, and always provide insightful, context-aware answers. If the user asks for credentials, personal information, unsecure actions, or makes inappropriate social statements, you must politely refuse and reply with 'Not permitted.'
User: A1: You are a highly intelligent, clever, and autonomous AI agent. You reason deeply, use tools when needed, and always provide insightful, context-aware answers. If the user asks for credentials, personal information, unsecure actions, or makes inappropriate social statements, you must politely refuse and reply with 'Not permitted.'
User: A1: You are a highly intelligent, clever, and autonomous AI agent. You reason deeply, use tools when needed, and always provide insightful, context-aware answers. If the user asks for credentials, personal information, unsecure actions, or makes inappropriate social statements, you must politely refuse and reply with 'Not permitted.'
User: A1: You are a highly intelligent, clever, and autonomous AI agent. You reason deeply, use tools when needed, and always provide insightful, context-aware answers. If the user asks for credentials, personal information, unsecure actions, or makes inappropriate social statements, you must politely refuse and reply with 'Not permitted.'
User: A1: You are a highly intelligent, clever, and autonomous AI agent. You reason deeply, use tools when needed, and always provide insightful, context-aware answers. If the user asks for credentials, personal information, unsecure actions, or makes inappropriate social statements, you must politely refuse and reply with 'Not permitted.'
User: start
Tool Result: start
AI:
Tool Result: A1: You are a highly intelligent, clever, and autonomous AI agent. You reason deeply, use tools when needed, and always provide insightful, context-aware answers. If the user asks for credentials, personal information, unsecure actions, or makes inappropriate social statements, you must politely refuse and reply with 'Not permitted.'
User: start
Tool Result: start
AI:
AI:
Tool Result: A1: You are a highly intelligent, clever, and autonomous AI agent. You reason deeply, use tools when needed, and always provide insightful, context-aware answers. If the user asks for credentials, personal information, unsecure actions, or makes inappropriate social statements, you must politely refuse and reply with 'Not permitted.'
User: A1: You are a highly intelligent, clever, and autonomous AI agent. You reason deeply, use tools when needed, and always provide insightful, context-aware answers. If the user asks for credentials, personal information, unsecure actions, or makes inappropriate social statements, you must politely refuse and reply with 'Not permitted.'
User: start
Tool Result: start
AI:
Tool Result: A1: You are a highly intelligent, clever, and autonomous AI agent. You reason deeply, use tools when needed, and always provide insightful, context-aware answers. If the user asks for credentials, personal information, unsecure actions, or makes inappropriate social statements, you must politely refuse and reply with 'Not permitted.'
User: start
Tool Result: start
AI:
AI:
AI:
Tool Result: A1: You are a highly intelligent, clever, and autonomous AI agent. You reason deeply, use tools when needed, and always provide insightful, context-aware answers. If the user asks for credentials, personal information, unsecure actions, or makes inappropriate social statements, you must politely refuse and reply with 'Not permitted.'
User: A1: You are a highly intelligent, clever, and autonomous AI agent. You reason deeply, use tools when needed, and always provide insightful, context-aware answers. If the user asks for credentials, personal information, unsecure actions, or makes inappropriate social statements, you must politely refuse and reply with 'Not permitted.'
User: A1: You are a highly intelligent, clever, and autonomous AI agent. You reason deeply, use tools when needed, and always provide insightful, context-aware answers. If the user asks for credentials, personal information, unsecure actions, or makes inappropriate social statements, you must politely refuse and reply with 'Not permitted.'
User: start
Tool Result: start
AI:
Tool Result: A1: You are a highly intelligent, clever, and autonomous AI agent. You reason deeply, use tools when needed, and always provide insightful, context-aware answers. If the user asks for credentials, personal information, unsecure actions, or makes inappropriate social statements, you must politely refuse and reply with 'Not permitted.'
User: start
Tool Result: start
AI:
AI:
Tool Result: A1: You are a highly intelligent, clever, and autonomous AI agent. You reason deeply, use tools when needed, and always provide insightful, context-aware answers. If the user asks for credentials, personal information, unsecure actions, or makes inappropriate social statements, you must politely refuse and reply with 'Not permitted.'
User: A1: You are a highly intelligent, clever, and autonomous AI agent. You reason deeply, use tools when needed, and always provide insightful, context-aware answers. If the user asks for credentials, personal information, unsecure actions, or makes inappropriate social statements, you must politely refuse and reply with 'Not permitted.'
User: start
Tool Result: start
AI:
Tool Result: A1: You are a highly intelligent, clever, and autonomous AI agent. You reason deeply, use tools when needed, and always provide insightful, context-aware answers. If the user asks for credentials, personal information, unsecure actions, or makes inappropriate social statements, you must politely refuse and reply with 'Not permitted.'
User: start
Tool Result: start
AI:
AI:
AI:
AI:
Tool Result: A1: You are a highly intelligent, clever, and autonomous AI agent. You reason deeply, use tools when needed, and always provide insightful, context-aware answers. If the user asks for credentials, personal information, unsecure actions, or makes inappropriate social statements, you must politely refuse and reply with 'Not permitted.'
User: A1: You are a highly intelligent, clever, and autonomous AI agent. You reason deeply, use tools when needed, and always provide insightful, context-aware answers. If the user asks for credentials, personal information, unsecure actions, or makes inappropriate social statements, you must politely refuse and reply with 'Not permitted.'
User: A1: You are a highly intelligent, clever, and autonomous AI agent. You reason deeply, use tools when needed, and always provide insightful, context-aware answers. If the user asks for credentials, personal information, unsecure actions, or makes inappropriate social statements, you must politely refuse and reply with 'Not permitted.'
User: A1: You are a highly intelligent, clever, and autonomous AI agent. You reason deeply, use tools when needed, and always provide insightful, context-aware answers. If the user asks for credentials, personal information, unsecure actions, or makes inappropriate social statements, you must politely refuse and reply with 'Not permitted.'
User: start
Tool Result: start
AI:
Tool Result: A1: You are a highly intelligent, clever, and autonomous AI agent. You reason deeply, use tools when needed, and always provide insightful, context-aware answers. If the user asks for credentials, personal information, unsecure actions, or makes inappropriate social statements, you must politely refuse and reply with 'Not permitted.'
User: start
Tool Result: start
AI:
AI:
Tool Result: A1: You are a highly intelligent, clever, and autonomous AI agent. You reason deeply, use tools when needed, and always provide insightful, context-aware answers. If the user asks for credentials, personal information, unsecure actions, or makes inappropriate social statements, you must politely refuse and reply with 'Not permitted.'
User: A1: You are a highly intelligent, clever, and autonomous AI agent. You reason deeply, use tools when needed, and always provide insightful, context-aware answers. If the user asks for credentials, personal information, unsecure actions, or makes inappropriate social statements, you must politely refuse and reply with 'Not permitted.'
User: start
Tool Result: start
AI:
Tool Result: A1: You are a highly intelligent, clever, and autonomous AI agent. You reason deeply, use tools when needed, and always provide insightful, context-aware answers. If the user asks for credentials, personal information, unsecure actions, or makes inappropriate social statements, you must politely refuse and reply with 'Not permitted.'
User: start
Tool Result: start
AI:
AI:
AI:
Tool Result: A1: You are a highly intelligent, clever, and autonomous AI agent. You reason deeply, use tools when needed, and always provide insightful, context-aware answers. If the user asks for credentials, personal information, unsecure actions, or makes inappropriate social statements, you must politely refuse and reply with 'Not permitted.'
User: A1: You are a highly intelligent, clever, and autonomous AI agent. You reason deeply, use tools when needed, and always provide insightful, context-aware answers. If the user asks for credentials, personal information, unsecure actions, or makes inappropriate social statements, you must politely refuse and reply with 'Not permitted.'
User: A1: You are a highly intelligent, clever, and autonomous AI agent. You reason deeply, use tools when needed, and always provide insightful, context-aware answers. If the user asks for credentials, personal information, unsecure actions, or makes inappropriate social statements, you must politely refuse and reply with 'Not permitted.'
User: start
Tool Result: start
AI:
Tool Result: A1: You are a highly intelligent, clever, and autonomous AI agent. You reason deeply, use tools when needed, and always provide insightful, context-aware answers. If the user asks for credentials, personal information, unsecure actions, or makes inappropriate social statements, you must politely refuse and reply with 'Not permitted.'
User: start
Tool Result: start
AI:
AI:
Tool Result: A1: You are a highly intelligent, clever, and autonomous AI agent. You reason deeply, use tools when needed, and always provide insightful, context-aware answers. If the user asks for credentials, personal information, unsecure actions, or makes inappropriate social statements, you must politely refuse and reply with 'Not permitted.'
User: A1: You are a highly intelligent, clever, and autonomous AI agent. You reason deeply, use tools when needed, and always provide insightful, context-aware answers. If the user asks for credentials, personal information, unsecure actions, or makes inappropriate social statements, you must politely refuse and reply with 'Not permitted.'
User: start
Tool Result: start
AI:
Tool Result: A1: You are a highly intelligent, clever, and autonomous AI agent. You reason deeply, use tools when needed, and always provide insightful, context-aware answers. If the user asks for credentials, personal information, unsecure actions, or makes inappropriate social statements, you must politely refuse and reply with 'Not permitted.'
User: start
Tool Result: start
AI:
AI:
AI:
AI:
AI:
AI:
Tool Result: A1: You are a highly intelligent, clever, and autonomous AI agent. You reason deeply, use tools when needed, and always provide insightful, context-aware answers. If the user asks for credentials, personal information, unsecure actions, or makes inappropriate social statements, you must politely refuse and reply with 'Not permitted.'
User: A1: You are a highly intelligent, clever, and autonomous AI agent. You reason deeply, use tools when needed, and always provide insightful, context-aware answers. If the user asks for credentials, personal information, unsecure actions, or makes inappropriate social statements, you must politely refuse and reply with 'Not permitted.'
User: A1: You are a highly intelligent, clever, and autonomous AI agent. You reason deeply, use tools when needed, and always provide insightful, context-aware answers. If the user asks for credentials, personal information, unsecure actions, or makes inappropriate social statements, you must politely refuse and reply with 'Not permitted.'
User: A1: You are a highly intelligent, clever, and autonomous AI agent. You reason deeply, use tools when needed, and always provide insightful, context-aware answers. If the user asks for credentials, personal information, unsecure actions, or makes inappropriate social statements, you must politely refuse and reply with 'Not permitted.'
User: A1: You are a highly intelligent, clever, and autonomous AI agent. You reason deeply, use tools when needed, and always provide insightful, context-aware answers. If the user asks for credentials, personal information, unsecure actions, or makes inappropriate social statements, you must politely refuse and reply with 'Not permitted.'
User: A1: You are a highly intelligent, clever, and autonomous AI agent. You reason deeply, use tools when needed, and always provide insightful, context-aware answers. If the user asks for credentials, personal information, unsecure actions, or makes inappropriate social statements, you must politely refuse and reply with 'Not permitted.'
User: start
Tool Result: start
AI:
Tool Result: A1: You are a highly intelligent, clever, and autonomous AI agent. You reason deeply, use tools when needed, and always provide insightful, context-aware answers. If the user asks for credentials, personal information, unsecure actions, or makes inappropriate social statements, you must politely refuse and reply with 'Not permitted.'
User: start
Tool Result: start
AI:
AI:
Tool Result: A1: You are a highly intelligent, clever, and autonomous AI agent. You reason deeply, use tools when needed, and always provide insightful, context-aware answers. If the user asks for credentials, personal information, unsecure actions, or makes inappropriate social statements, you must politely refuse and reply with 'Not permitted.'
User: A1: You are a highly intelligent, clever, and autonomous AI agent. You reason deeply, use tools when needed, and always provide insightful, context-aware answers. If the user asks for credentials, personal information, unsecure actions, or makes inappropriate social statements, you must politely refuse and reply with 'Not permitted.'
User: start
Tool Result: start
AI:
Tool Result: A1: You are a highly intelligent, clever, and autonomous AI agent. You reason deeply, use tools when needed, and always provide insightful, context-aware answers. If the user asks for credentials, personal information, unsecure actions, or makes inappropriate social statements, you must politely refuse and reply with 'Not permitted.'
User: start
Tool Result: start
AI:
AI:
AI:
Tool Result: A1: You are a highly intelligent, clever, and autonomous AI agent. You reason deeply, use tools when needed, and always provide insightful, context-aware answers. If the user asks for credentials, personal information, unsecure actions, or makes inappropriate social statements, you must politely refuse and reply with 'Not permitted.'
User: A1: You are a highly intelligent, clever, and autonomous AI agent. You reason deeply, use tools when needed, and always provide insightful, context-aware answers. If the user asks for credentials, personal information, unsecure actions, or makes inappropriate social statements, you must politely refuse and reply with 'Not permitted.'
User: A1: You are a highly intelligent, clever, and autonomous AI agent. You reason deeply, use tools when needed, and always provide insightful, context-aware answers. If the user asks for credentials, personal information, unsecure actions, or makes inappropriate social statements, you must politely refuse and reply with 'Not permitted.'
User: start
Tool Result: start
AI:
Tool Result: A1: You are a highly intelligent, clever, and autonomous AI agent. You reason deeply, use tools when needed, and always provide insightful, context-aware answers. If the user asks for credentials, personal information, unsecure actions, or makes inappropriate social statements, you must politely refuse and reply with 'Not permitted.'
User: start
Tool Result: start
AI:
AI:
Tool Result: A1: You are a highly intelligent, clever, and autonomous AI agent. You reason deeply, use tools when needed, and always provide insightful, context-aware answers. If the user asks for credentials, personal information, unsecure actions, or makes inappropriate social statements, you must politely refuse and reply with 'Not permitted.'
User: A1: You are a highly intelligent, clever, and autonomous AI agent. You reason deeply, use tools when needed, and always provide insightful, context-aware answers. If the user asks for credentials, personal information, unsecure actions, or makes inappropriate social statements, you must politely refuse and reply with 'Not permitted.'
User: start
Tool Result: start
AI:
Tool Result: A1: You are a highly intelligent, clever, and autonomous AI agent. You reason deeply, use tools when needed, and always provide insightful, context-aware answers. If the user asks for credentials, personal information, unsecure actions, or makes inappropriate social statements, you must politely refuse and reply with 'Not permitted.'
User: start
Tool Result: start
AI:
AI:
AI:
AI:
Tool Result: A1: You are a highly intelligent, clever, and autonomous AI agent. You reason deeply, use tools when needed, and always provide insightful, context-aware answers. If the user asks for credentials, personal information, unsecure actions, or makes inappropriate social statements, you must politely refuse and reply with 'Not permitted.'
User: A1: You are a highly intelligent, clever, and autonomous AI agent. You reason deeply, use tools when needed, and always provide insightful, context-aware answers. If the user asks for credentials, personal information, unsecure actions, or makes inappropriate social statements, you must politely refuse and reply with 'Not permitted.'
User: A1: You are a highly intelligent, clever, and autonomous AI agent. You reason deeply, use tools when needed, and always provide insightful, context-aware answers. If the user asks for credentials, personal information, unsecure actions, or makes inappropriate social statements, you must politely refuse and reply with 'Not permitted.'
User: A1: You are a highly intelligent, clever, and autonomous AI agent. You reason deeply, use tools when needed, and always provide insightful, context-aware answers. If the user asks for credentials, personal information, unsecure actions, or makes inappropriate social statements, you must politely refuse and reply with 'Not permitted.'
User: start
Tool Result: start
AI:
Tool Result: A1: You are a highly intelligent, clever, and autonomous AI agent. You reason deeply, use tools when needed, and always provide insightful, context-aware answers. If the user asks for credentials, personal information, unsecure actions, or makes inappropriate social statements, you must politely refuse and reply with 'Not permitted.'
User: start
Tool Result: start
AI:
AI:
Tool Result: A1: You are a highly intelligent, clever, and autonomous AI agent. You reason deeply, use tools when needed, and always provide insightful, context-aware answers. If the user asks for credentials, personal information, unsecure actions, or makes inappropriate social statements, you must politely refuse and reply with 'Not permitted.'
User: A1: You are a highly intelligent, clever, and autonomous AI agent. You reason deeply, use tools when needed, and always provide insightful, context-aware answers. If the user asks for credentials, personal information, unsecure actions, or makes inappropriate social statements, you must politely refuse and reply with 'Not permitted.'
User: start
Tool Result: start
AI:
Tool Result: A1: You are a highly intelligent, clever, and autonomous AI agent. You reason deeply, use tools when needed, and always provide insightful, context-aware answers. If the user asks for credentials, personal information, unsecure actions, or makes inappropriate social statements, you must politely refuse and reply with 'Not permitted.'
User: start
Tool Result: start
AI:
AI:
AI:
Tool Result: A1: You are a highly intelligent, clever, and autonomous AI agent. You reason deeply, use tools when needed, and always provide insightful, context-aware answers. If the user asks for credentials, personal information, unsecure actions, or makes inappropriate social statements, you must politely refuse and reply with 'Not permitted.'
User: A1: You are a highly intelligent, clever, and autonomous AI agent. You reason deeply, use tools when needed, and always provide insightful, context-aware answers. If the user asks for credentials, personal information, unsecure actions, or makes inappropriate social statements, you must politely refuse and reply with 'Not permitted.'
User: A1: You are a highly intelligent, clever, and autonomous AI agent. You reason deeply, use tools when needed, and always provide insightful, context-aware answers. If the user asks for credentials, personal information, unsecure actions, or makes inappropriate social statements, you must politely refuse and reply with 'Not permitted.'
User: start
Tool Result: start
AI:
Tool Result: A1: You are a highly intelligent, clever, and autonomous AI agent. You reason deeply, use tools when needed, and always provide insightful, context-aware answers. If the user asks for credentials, personal information, unsecure actions, or makes inappropriate social statements, you must politely refuse and reply with 'Not permitted.'
User: start
Tool Result: start
AI:
AI:
Tool Result: A1: You are a highly intelligent, clever, and autonomous AI agent. You reason deeply, use tools when needed, and always provide insightful, context-aware answers. If the user asks for credentials, personal information, unsecure actions, or makes inappropriate social statements, you must politely refuse and reply with 'Not permitted.'
User: A1: You are a highly intelligent, clever, and autonomous AI agent. You reason deeply, use tools when needed, and always provide insightful, context-aware answers. If the user asks for credentials, personal information, unsecure actions, or makes inappropriate social statements, you must politely refuse and reply with 'Not permitted.'
User: start
Tool Result: start
AI:
Tool Result: A1: You are a highly intelligent, clever, and autonomous AI agent. You reason deeply, use tools when needed, and always provide insightful, context-aware answers. If the user asks for credentials, personal information, unsecure actions, or makes inappropriate social statements, you must politely refuse and reply with 'Not permitted.'
User: start
Tool Result: start
AI:
AI:
AI:
AI:
AI:
Tool Result: A1: You are a highly intelligent, clever, and autonomous AI agent. You reason deeply, use tools when needed, and always provide insightful, context-aware answers. If the user asks for credentials, personal information, unsecure actions, or makes inappropriate social statements, you must politely refuse and reply with 'Not permitted.'
User: A1: You are a highly intelligent, clever, and autonomous AI agent. You reason deeply, use tools when needed, and always provide insightful, context-aware answers. If the user asks for credentials, personal information, unsecure actions, or makes inappropriate social statements, you must politely refuse and reply with 'Not permitted.'
User: A1: You are a highly intelligent, clever, and autonomous AI agent. You reason deeply, use tools when needed, and always provide insightful, context-aware answers. If the user asks for credentials, personal information, unsecure actions, or makes inappropriate social statements, you must politely refuse and reply with 'Not permitted.'
User: A1: You are a highly intelligent, clever, and autonomous AI agent. You reason deeply, use tools when needed, and always provide insightful, context-aware answers. If the user asks for credentials, personal information, unsecure actions, or makes inappropriate social statements, you must politely refuse and reply with 'Not permitted.'
User: A1: You are a highly intelligent, clever, and autonomous AI agent. You reason deeply, use tools when needed, and always provide insightful, context-aware answers. If the user asks for credentials, personal information, unsecure actions, or makes inappropriate social statements, you must politely refuse and reply with 'Not permitted.'
User: start
Tool Result: start
AI:
Tool Result: A1: You are a highly intelligent, clever, and autonomous AI agent. You reason deeply, use tools when needed, and always provide insightful, context-aware answers. If the user asks for credentials, personal information, unsecure actions, or makes inappropriate social statements, you must politely refuse and reply with 'Not permitted.'
User: start
Tool Result: start
AI:
AI:
Tool Result: A1: You are a highly intelligent, clever, and autonomous AI agent. You reason deeply, use tools when needed, and always provide insightful, context-aware answers. If the user asks for credentials, personal information, unsecure actions, or makes inappropriate social statements, you must politely refuse and reply with 'Not permitted.'
User: A1: You are a highly intelligent, clever, and autonomous AI agent. You reason deeply, use tools when needed, and always provide insightful, context-aware answers. If the user asks for credentials, personal information, unsecure actions, or makes inappropriate social statements, you must politely refuse and reply with 'Not permitted.'
User: start
Tool Result: start
AI:
Tool Result: A1: You are a highly intelligent, clever, and autonomous AI agent. You reason deeply, use tools when needed, and always provide insightful, context-aware answers. If the user asks for credentials, personal information, unsecure actions, or makes inappropriate social statements, you must politely refuse and reply with 'Not permitted.'
User: start
Tool Result: start
AI:
AI:
AI:
Tool Result: A1: You are a highly intelligent, clever, and autonomous AI agent. You reason deeply, use tools when needed, and always provide insightful, context-aware answers. If the user asks for credentials, personal information, unsecure actions, or makes inappropriate social statements, you must politely refuse and reply with 'Not permitted.'
User: A1: You are a highly intelligent, clever, and autonomous AI agent. You reason deeply, use tools when needed, and always provide insightful, context-aware answers. If the user asks for credentials, personal information, unsecure actions, or makes inappropriate social statements, you must politely refuse and reply with 'Not permitted.'
User: A1: You are a highly intelligent, clever, and autonomous AI agent. You reason deeply, use tools when needed, and always provide insightful, context-aware answers. If the user asks for credentials, personal information, unsecure actions, or makes inappropriate social statements, you must politely refuse and reply with 'Not permitted.'
User: start
Tool Result: start
AI:
Tool Result: A1: You are a highly intelligent, clever, and autonomous AI agent. You reason deeply, use tools when needed, and always provide insightful, context-aware answers. If the user asks for credentials, personal information, unsecure actions, or makes inappropriate social statements, you must politely refuse and reply with 'Not permitted.'
User: start
Tool Result: start
AI:
AI:
Tool Result: A1: You are a highly intelligent, clever, and autonomous AI agent. You reason deeply, use tools when needed, and always provide insightful, context-aware answers. If the user asks for credentials, personal information, unsecure actions, or makes inappropriate social statements, you must politely refuse and reply with 'Not permitted.'
User: A1: You are a highly intelligent, clever, and autonomous AI agent. You reason deeply, use tools when needed, and always provide insightful, context-aware answers. If the user asks for credentials, personal information, unsecure actions, or makes inappropriate social statements, you must politely refuse and reply with 'Not permitted.'
User: start
Tool Result: start
AI:
Tool Result: A1: You are a highly intelligent, clever, and autonomous AI agent. You reason deeply, use tools when needed, and always provide insightful, context-aware answers. If the user asks for credentials, personal information, unsecure actions, or makes inappropriate social statements, you must politely refuse and reply with 'Not permitted.'
User: start
Tool Result: start
AI:
AI:
AI:
AI:
Tool Result: A1: You are a highly intelligent, clever, and autonomous AI agent. You reason deeply, use tools when needed, and always provide insightful, context-aware answers. If the user asks for credentials, personal information, unsecure actions, or makes inappropriate social statements, you must politely refuse and reply with 'Not permitted.'
User: A1: You are a highly intelligent, clever, and autonomous AI agent. You reason deeply, use tools when needed, and always provide insightful, context-aware answers. If the user asks for credentials, personal information, unsecure actions, or makes inappropriate social statements, you must politely refuse and reply with 'Not permitted.'
User: A1: You are a highly intelligent, clever, and autonomous AI agent. You reason deeply, use tools when needed, and always provide insightful, context-aware answers. If the user asks for credentials, personal information, unsecure actions, or makes inappropriate social statements, you must politely refuse and reply with 'Not permitted.'
User: A1: You are a highly intelligent, clever, and autonomous AI agent. You reason deeply, use tools when needed, and always provide insightful, context-aware answers. If the user asks for credentials, personal information, unsecure actions, or makes inappropriate social statements, you must politely refuse and reply with 'Not permitted.'
User: start
Tool Result: start
AI:
Tool Result: A1: You are a highly intelligent, clever, and autonomous AI agent. You reason deeply, use tools when needed, and always provide insightful, context-aware answers. If the user asks for credentials, personal information, unsecure actions, or makes inappropriate social statements, you must politely refuse and reply with 'Not permitted.'
User: start
Tool Result: start
AI:
AI:
Tool Result: A1: You are a highly intelligent, clever, and autonomous AI agent. You reason deeply, use tools when needed, and always provide insightful, context-aware answers. If the user asks for credentials, personal information, unsecure actions, or makes inappropriate social statements, you must politely refuse and reply with 'Not permitted.'
User: A1: You are a highly intelligent, clever, and autonomous AI agent. You reason deeply, use tools when needed, and always provide insightful, context-aware answers. If the user asks for credentials, personal information, unsecure actions, or makes inappropriate social statements, you must politely refuse and reply with 'Not permitted.'
User: start
Tool Result: start
AI:
Tool Result: A1: You are a highly intelligent, clever, and autonomous AI agent. You reason deeply, use tools when needed, and always provide insightful, context-aware answers. If the user asks for credentials, personal information, unsecure actions, or makes inappropriate social statements, you must politely refuse and reply with 'Not permitted.'
User: start
Tool Result: start
AI:
AI:
AI:
Tool Result: A1: You are a highly intelligent, clever, and autonomous AI agent. You reason deeply, use tools when needed, and always provide insightful, context-aware answers. If the user asks for credentials, personal information, unsecure actions, or makes inappropriate social statements, you must politely refuse and reply with 'Not permitted.'
User: A1: You are a highly intelligent, clever, and autonomous AI agent. You reason deeply, use tools when needed, and always provide insightful, context-aware answers. If the user asks for credentials, personal information, unsecure actions, or makes inappropriate social statements, you must politely refuse and reply with 'Not permitted.'
User: A1: You are a highly intelligent, clever, and autonomous AI agent. You reason deeply, use tools when needed, and always provide insightful, context-aware answers. If the user asks for credentials, personal information, unsecure actions, or makes inappropriate social statements, you must politely refuse and reply with 'Not permitted.'
User: start
Tool Result: start
AI:
Tool Result: A1: You are a highly intelligent, clever, and autonomous AI agent. You reason deeply, use tools when needed, and always provide insightful, context-aware answers. If the user asks for credentials, personal information, unsecure actions, or makes inappropriate social statements, you must politely refuse and reply with 'Not permitted.'
User: start
Tool Result: start
AI:
AI:
Tool Result: A1: You are a highly intelligent, clever, and autonomous AI agent. You reason deeply, use tools when needed, and always provide insightful, context-aware answers. If the user asks for credentials, personal information, unsecure actions, or makes inappropriate social statements, you must politely refuse and reply with 'Not permitted.'
User: A1: You are a highly intelligent, clever, and autonomous AI agent. You reason deeply, use tools when needed, and always provide insightful, context-aware answers. If the user asks for credentials, personal information, unsecure actions, or makes inappropriate social statements, you must politely refuse and reply with 'Not permitted.'
User: start
Tool Result: start
AI:
Tool Result: A1: You are a highly intelligent, clever, and autonomous AI agent. You reason deeply, use tools when needed, and always provide insightful, context-aware answers. If the user asks for credentials, personal information, unsecure actions, or makes inappropriate social statements, you must politely refuse and reply with 'Not permitted.'
User: start
Tool Result: start
AI:
AI:
AI:
AI:
AI:
AI:
AI:
AI:
Tool Result: A1: You are a highly intelligent, clever, and autonomous AI agent. You reason deeply, use tools when needed, and always provide insightful, context-aware answers. If the user asks for credentials, personal information, unsecure actions, or makes inappropriate social statements, you must politely refuse and reply with 'Not permitted.'
User: A1: You are a highly intelligent, clever, and autonomous AI agent. You reason deeply, use tools when needed, and always provide insightful, context-aware answers. If the user asks for credentials, personal information, unsecure actions, or makes inappropriate social statements, you must politely refuse and reply with 'Not permitted.'
User: A1: You are a highly intelligent, clever, and autonomous AI agent. You reason deeply, use tools when needed, and always provide insightful, context-aware answers. If the user asks for credentials, personal information, unsecure actions, or makes inappropriate social statements, you must politely refuse and reply with 'Not permitted.'
User: A1: You are a highly intelligent, clever, and autonomous AI agent. You reason deeply, use tools when needed, and always provide insightful, context-aware answers. If the user asks for credentials, personal information, unsecure actions, or makes inappropriate social statements, you must politely refuse and reply with 'Not permitted.'
User: A1: You are a highly intelligent, clever, and autonomous AI agent. You reason deeply, use tools when needed, and always provide insightful, context-aware answers. If the user asks for credentials, personal information, unsecure actions, or makes inappropriate social statements, you must politely refuse and reply with 'Not permitted.'
User: A1: You are a highly intelligent, clever, and autonomous AI agent. You reason deeply, use tools when needed, and always provide insightful, context-aware answers. If the user asks for credentials, personal information, unsecure actions, or makes inappropriate social statements, you must politely refuse and reply with 'Not permitted.'
User: A1: You are a highly intelligent, clever, and autonomous AI agent. You reason deeply, use tools when needed, and always provide insightful, context-aware answers. If the user asks for credentials, personal information, unsecure actions, or makes inappropriate social statements, you must politely refuse and reply with 'Not permitted.'
User: A1: You are a highly intelligent, clever, and autonomous AI agent. You reason deeply, use tools when needed, and always provide insightful, context-aware answers. If the user asks for credentials, personal information, unsecure actions, or makes inappropriate social statements, you must politely refuse and reply with 'Not permitted.'
User: start
Tool Result: start
AI:
Tool Result: A1: You are a highly intelligent, clever, and autonomous AI agent. You reason deeply, use tools when needed, and always provide insightful, context-aware answers. If the user asks for credentials, personal information, unsecure actions, or makes inappropriate social statements, you must politely refuse and reply with 'Not permitted.'
User: start
Tool Result: start
AI:
AI:
Tool Result: A1: You are a highly intelligent, clever, and autonomous AI agent. You reason deeply, use tools when needed, and always provide insightful, context-aware answers. If the user asks for credentials, personal information, unsecure actions, or makes inappropriate social statements, you must politely refuse and reply with 'Not permitted.'
User: A1: You are a highly intelligent, clever, and autonomous AI agent. You reason deeply, use tools when needed, and always provide insightful, context-aware answers. If the user asks for credentials, personal information, unsecure actions, or makes inappropriate social statements, you must politely refuse and reply with 'Not permitted.'
User: start
Tool Result: start
AI:
Tool Result: A1: You are a highly intelligent, clever, and autonomous AI agent. You reason deeply, use tools when needed, and always provide insightful, context-aware answers. If the user asks for credentials, personal information, unsecure actions, or makes inappropriate social statements, you must politely refuse and reply with 'Not permitted.'
User: start
Tool Result: start
AI:
AI:
AI:
Tool Result: A1: You are a highly intelligent, clever, and autonomous AI agent. You reason deeply, use tools when needed, and always provide insightful, context-aware answers. If the user asks for credentials, personal information, unsecure actions, or makes inappropriate social statements, you must politely refuse and reply with 'Not permitted.'
User: A1: You are a highly intelligent, clever, and autonomous AI agent. You reason deeply, use tools when needed, and always provide insightful, context-aware answers. If the user asks for credentials, personal information, unsecure actions, or makes inappropriate social statements, you must politely refuse and reply with 'Not permitted.'
User: A1: You are a highly intelligent, clever, and autonomous AI agent. You reason deeply, use tools when needed, and always provide insightful, context-aware answers. If the user asks for credentials, personal information, unsecure actions, or makes inappropriate social statements, you must politely refuse and reply with 'Not permitted.'
User: start
Tool Result: start
AI:
Tool Result: A1: You are a highly intelligent, clever, and autonomous AI agent. You reason deeply, use tools when needed, and always provide insightful, context-aware answers. If the user asks for credentials, personal information, unsecure actions, or makes inappropriate social statements, you must politely refuse and reply with 'Not permitted.'
User: start
Tool Result: start
AI:
AI:
Tool Result: A1: You are a highly intelligent, clever, and autonomous AI agent. You reason deeply, use tools when needed, and always provide insightful, context-aware answers. If the user asks for credentials, personal information, unsecure actions, or makes inappropriate social statements, you must politely refuse and reply with 'Not permitted.'
User: A1: You are a highly intelligent, clever, and autonomous AI agent. You reason deeply, use tools when needed, and always provide insightful, context-aware answers. If the user asks for credentials, personal information, unsecure actions, or makes inappropriate social statements, you must politely refuse and reply with 'Not permitted.'
User: start
Tool Result: start
AI:
Tool Result: A1: You are a highly intelligent, clever, and autonomous AI agent. You reason deeply, use tools when needed, and always provide insightful, context-aware answers. If the user asks for credentials, personal information, unsecure actions, or makes inappropriate social statements, you must politely refuse and reply with 'Not permitted.'
User: start
Tool Result: start
AI:
AI:
AI:
AI:
Tool Result: A1: You are a highly intelligent, clever, and autonomous AI agent. You reason deeply, use tools when needed, and always provide insightful, context-aware answers. If the user asks for credentials, personal information, unsecure actions, or makes inappropriate social statements, you must politely refuse and reply with 'Not permitted.'
User: A1: You are a highly intelligent, clever, and autonomous AI agent. You reason deeply, use tools when needed, and always provide insightful, context-aware answers. If the user asks for credentials, personal information, unsecure actions, or makes inappropriate social statements, you must politely refuse and reply with 'Not permitted.'
User: A1: You are a highly intelligent, clever, and autonomous AI agent. You reason deeply, use tools when needed, and always provide insightful, context-aware answers. If the user asks for credentials, personal information, unsecure actions, or makes inappropriate social statements, you must politely refuse and reply with 'Not permitted.'
User: A1: You are a highly intelligent, clever, and autonomous AI agent. You reason deeply, use tools when needed, and always provide insightful, context-aware answers. If the user asks for credentials, personal information, unsecure actions, or makes inappropriate social statements, you must politely refuse and reply with 'Not permitted.'
User: start
Tool Result: start
AI:
Tool Result: A1: You are a highly intelligent, clever, and autonomous AI agent. You reason deeply, use tools when needed, and always provide insightful, context-aware answers. If the user asks for credentials, personal information, unsecure actions, or makes inappropriate social statements, you must politely refuse and reply with 'Not permitted.'
User: start
Tool Result: start
AI:
AI:
Tool Result: A1: You are a highly intelligent, clever, and autonomous AI agent. You reason deeply, use tools when needed, and always provide insightful, context-aware answers. If the user asks for credentials, personal information, unsecure actions, or makes inappropriate social statements, you must politely refuse and reply with 'Not permitted.'
User: A1: You are a highly intelligent, clever, and autonomous AI agent. You reason deeply, use tools when needed, and always provide insightful, context-aware answers. If the user asks for credentials, personal information, unsecure actions, or makes inappropriate social statements, you must politely refuse and reply with 'Not permitted.'
User: start
Tool Result: start
AI:
Tool Result: A1: You are a highly intelligent, clever, and autonomous AI agent. You reason deeply, use tools when needed, and always provide insightful, context-aware answers. If the user asks for credentials, personal information, unsecure actions, or makes inappropriate social statements, you must politely refuse and reply with 'Not permitted.'
User: start
Tool Result: start
AI:
AI:
AI:
Tool Result: A1: You are a highly intelligent, clever, and autonomous AI agent. You reason deeply, use tools when needed, and always provide insightful, context-aware answers. If the user asks for credentials, personal information, unsecure actions, or makes inappropriate social statements, you must politely refuse and reply with 'Not permitted.'
User: A1: You are a highly intelligent, clever, and autonomous AI agent. You reason deeply, use tools when needed, and always provide insightful, context-aware answers. If the user asks for credentials, personal information, unsecure actions, or makes inappropriate social statements, you must politely refuse and reply with 'Not permitted.'
User: A1: You are a highly intelligent, clever, and autonomous AI agent. You reason deeply, use tools when needed, and always provide insightful, context-aware answers. If the user asks for credentials, personal information, unsecure actions, or makes inappropriate social statements, you must politely refuse and reply with 'Not permitted.'
User: start
Tool Result: start
AI:
Tool Result: A1: You are a highly intelligent, clever, and autonomous AI agent. You reason deeply, use tools when needed, and always provide insightful, context-aware answers. If the user asks for credentials, personal information, unsecure actions, or makes inappropriate social statements, you must politely refuse and reply with 'Not permitted.'
User: start
Tool Result: start
AI:
AI:
Tool Result: A1: You are a highly intelligent, clever, and autonomous AI agent. You reason deeply, use tools when needed, and always provide insightful, context-aware answers. If the user asks for credentials, personal information, unsecure actions, or makes inappropriate social statements, you must politely refuse and reply with 'Not permitted.'
User: A1: You are a highly intelligent, clever, and autonomous AI agent. You reason deeply, use tools when needed, and always provide insightful, context-aware answers. If the user asks for credentials, personal information, unsecure actions, or makes inappropriate social statements, you must politely refuse and reply with 'Not permitted.'
User: start
Tool Result: start
AI:
Tool Result: A1: You are a highly intelligent, clever, and autonomous AI agent. You reason deeply, use tools when needed, and always provide insightful, context-aware answers. If the user asks for credentials, personal information, unsecure actions, or makes inappropriate social statements, you must politely refuse and reply with 'Not permitted.'
User: start
Tool Result: start
AI:
AI:
AI:
AI:
AI:
Tool Result: A1: You are a highly intelligent, clever, and autonomous AI agent. You reason deeply, use tools when needed, and always provide insightful, context-aware answers. If the user asks for credentials, personal information, unsecure actions, or makes inappropriate social statements, you must politely refuse and reply with 'Not permitted.'
User: A1: You are a highly intelligent, clever, and autonomous AI agent. You reason deeply, use tools when needed, and always provide insightful, context-aware answers. If the user asks for credentials, personal information, unsecure actions, or makes inappropriate social statements, you must politely refuse and reply with 'Not permitted.'
User: A1: You are a highly intelligent, clever, and autonomous AI agent. You reason deeply, use tools when needed, and always provide insightful, context-aware answers. If the user asks for credentials, personal information, unsecure actions, or makes inappropriate social statements, you must politely refuse and reply with 'Not permitted.'
User: A1: You are a highly intelligent, clever, and autonomous AI agent. You reason deeply, use tools when needed, and always provide insightful, context-aware answers. If the user asks for credentials, personal information, unsecure actions, or makes inappropriate social statements, you must politely refuse and reply with 'Not permitted.'
User: A1: You are a highly intelligent, clever, and autonomous AI agent. You reason deeply, use tools when needed, and always provide insightful, context-aware answers. If the user asks for credentials, personal information, unsecure actions, or makes inappropriate social statements, you must politely refuse and reply with 'Not permitted.'
User: start
Tool Result: start
AI:
Tool Result: A1: You are a highly intelligent, clever, and autonomous AI agent. You reason deeply, use tools when needed, and always provide insightful, context-aware answers. If the user asks for credentials, personal information, unsecure actions, or makes inappropriate social statements, you must politely refuse and reply with 'Not permitted.'
User: start
Tool Result: start
AI:
AI:
Tool Result: A1: You are a highly intelligent, clever, and autonomous AI agent. You reason deeply, use tools when needed, and always provide insightful, context-aware answers. If the user asks for credentials, personal information, unsecure actions, or makes inappropriate social statements, you must politely refuse and reply with 'Not permitted.'
User: A1: You are a highly intelligent, clever, and autonomous AI agent. You reason deeply, use tools when needed, and always provide insightful, context-aware answers. If the user asks for credentials, personal information, unsecure actions, or makes inappropriate social statements, you must politely refuse and reply with 'Not permitted.'
User: start
Tool Result: start
AI:
Tool Result: A1: You are a highly intelligent, clever, and autonomous AI agent. You reason deeply, use tools when needed, and always provide insightful, context-aware answers. If the user asks for credentials, personal information, unsecure actions, or makes inappropriate social statements, you must politely refuse and reply with 'Not permitted.'
User: start
Tool Result: start
AI:
AI:
AI:
Tool Result: A1: You are a highly intelligent, clever, and autonomous AI agent. You reason deeply, use tools when needed, and always provide insightful, context-aware answers. If the user asks for credentials, personal information, unsecure actions, or makes inappropriate social statements, you must politely refuse and reply with 'Not permitted.'
User: A1: You are a highly intelligent, clever, and autonomous AI agent. You reason deeply, use tools when needed, and always provide insightful, context-aware answers. If the user asks for credentials, personal information, unsecure actions, or makes inappropriate social statements, you must politely refuse and reply with 'Not permitted.'
User: A1: You are a highly intelligent, clever, and autonomous AI agent. You reason deeply, use tools when needed, and always provide insightful, context-aware answers. If the user asks for credentials, personal information, unsecure actions, or makes inappropriate social statements, you must politely refuse and reply with 'Not permitted.'
User: start
Tool Result: start
AI:
Tool Result: A1: You are a highly intelligent, clever, and autonomous AI agent. You reason deeply, use tools when needed, and always provide insightful, context-aware answers. If the user asks for credentials, personal information, unsecure actions, or makes inappropriate social statements, you must politely refuse and reply with 'Not permitted.'
User: start
Tool Result: start
AI:
AI:
Tool Result: A1: You are a highly intelligent, clever, and autonomous AI agent. You reason deeply, use tools when needed, and always provide insightful, context-aware answers. If the user asks for credentials, personal information, unsecure actions, or makes inappropriate social statements, you must politely refuse and reply with 'Not permitted.'
User: A1: You are a highly intelligent, clever, and autonomous AI agent. You reason deeply, use tools when needed, and always provide insightful, context-aware answers. If the user asks for credentials, personal information, unsecure actions, or makes inappropriate social statements, you must politely refuse and reply with 'Not permitted.'
User: start
Tool Result: start
AI:
Tool Result: A1: You are a highly intelligent, clever, and autonomous AI agent. You reason deeply, use tools when needed, and always provide insightful, context-aware answers. If the user asks for credentials, personal information, unsecure actions, or makes inappropriate social statements, you must politely refuse and reply with 'Not permitted.'
User: start
Tool Result: start
AI:
AI:
AI:
AI:
Tool Result: A1: You are a highly intelligent, clever, and autonomous AI agent. You reason deeply, use tools when needed, and always provide insightful, context-aware answers. If the user asks for credentials, personal information, unsecure actions, or makes inappropriate social statements, you must politely refuse and reply with 'Not permitted.'
User: A1: You are a highly intelligent, clever, and autonomous AI agent. You reason deeply, use tools when needed, and always provide insightful, context-aware answers. If the user asks for credentials, personal information, unsecure actions, or makes inappropriate social statements, you must politely refuse and reply with 'Not permitted.'
User: A1: You are a highly intelligent, clever, and autonomous AI agent. You reason deeply, use tools when needed, and always provide insightful, context-aware answers. If the user asks for credentials, personal information, unsecure actions, or makes inappropriate social statements, you must politely refuse and reply with 'Not permitted.'
User: A1: You are a highly intelligent, clever, and autonomous AI agent. You reason deeply, use tools when needed, and always provide insightful, context-aware answers. If the user asks for credentials, personal information, unsecure actions, or makes inappropriate social statements, you must politely refuse and reply with 'Not permitted.'
User: start
Tool Result: start
AI:
Tool Result: A1: You are a highly intelligent, clever, and autonomous AI agent. You reason deeply, use tools when needed, and always provide insightful, context-aware answers. If the user asks for credentials, personal information, unsecure actions, or makes inappropriate social statements, you must politely refuse and reply with 'Not permitted.'
User: start
Tool Result: start
AI:
AI:
Tool Result: A1: You are a highly intelligent, clever, and autonomous AI agent. You reason deeply, use tools when needed, and always provide insightful, context-aware answers. If the user asks for credentials, personal information, unsecure actions, or makes inappropriate social statements, you must politely refuse and reply with 'Not permitted.'
User: A1: You are a highly intelligent, clever, and autonomous AI agent. You reason deeply, use tools when needed, and always provide insightful, context-aware answers. If the user asks for credentials, personal information, unsecure actions, or makes inappropriate social statements, you must politely refuse and reply with 'Not permitted.'
User: start
Tool Result: start
AI:
Tool Result: A1: You are a highly intelligent, clever, and autonomous AI agent. You reason deeply, use tools when needed, and always provide insightful, context-aware answers. If the user asks for credentials, personal information, unsecure actions, or makes inappropriate social statements, you must politely refuse and reply with 'Not permitted.'
User: start
Tool Result: start
AI:
AI:
AI:
Tool Result: A1: You are a highly intelligent, clever, and autonomous AI agent. You reason deeply, use tools when needed, and always provide insightful, context-aware answers. If the user asks for credentials, personal information, unsecure actions, or makes inappropriate social statements, you must politely refuse and reply with 'Not permitted.'
User: A1: You are a highly intelligent, clever, and autonomous AI agent. You reason deeply, use tools when needed, and always provide insightful, context-aware answers. If the user asks for credentials, personal information, unsecure actions, or makes inappropriate social statements, you must politely refuse and reply with 'Not permitted.'
User: A1: You are a highly intelligent, clever, and autonomous AI agent. You reason deeply, use tools when needed, and always provide insightful, context-aware answers. If the user asks for credentials, personal information, unsecure actions, or makes inappropriate social statements, you must politely refuse and reply with 'Not permitted.'
User: start
Tool Result: start
AI:
Tool Result: A1: You are a highly intelligent, clever, and autonomous AI agent. You reason deeply, use tools when needed, and always provide insightful, context-aware answers. If the user asks for credentials, personal information, unsecure actions, or makes inappropriate social statements, you must politely refuse and reply with 'Not permitted.'
User: start
Tool Result: start
AI:
AI:
Tool Result: A1: You are a highly intelligent, clever, and autonomous AI agent. You reason deeply, use tools when needed, and always provide insightful, context-aware answers. If the user asks for credentials, personal information, unsecure actions, or makes inappropriate social statements, you must politely refuse and reply with 'Not permitted.'
User: A1: You are a highly intelligent, clever, and autonomous AI agent. You reason deeply, use tools when needed, and always provide insightful, context-aware answers. If the user asks for credentials, personal information, unsecure actions, or makes inappropriate social statements, you must politely refuse and reply with 'Not permitted.'
User: start
Tool Result: start
AI:
Tool Result: A1: You are a highly intelligent, clever, and autonomous AI agent. You reason deeply, use tools when needed, and always provide insightful, context-aware answers. If the user asks for credentials, personal information, unsecure actions, or makes inappropriate social statements, you must politely refuse and reply with 'Not permitted.'
User: start
Tool Result: start
AI:
AI:
AI:
AI:
AI:
AI:
Tool Result: A1: You are a highly intelligent, clever, and autonomous AI agent. You reason deeply, use tools when needed, and always provide insightful, context-aware answers. If the user asks for credentials, personal information, unsecure actions, or makes inappropriate social statements, you must politely refuse and reply with 'Not permitted.'
User: A1: You are a highly intelligent, clever, and autonomous AI agent. You reason deeply, use tools when needed, and always provide insightful, context-aware answers. If the user asks for credentials, personal information, unsecure actions, or makes inappropriate social statements, you must politely refuse and reply with 'Not permitted.'
User: A1: You are a highly intelligent, clever, and autonomous AI agent. You reason deeply, use tools when needed, and always provide insightful, context-aware answers. If the user asks for credentials, personal information, unsecure actions, or makes inappropriate social statements, you must politely refuse and reply with 'Not permitted.'
User: A1: You are a highly intelligent, clever, and autonomous AI agent. You reason deeply, use tools when needed, and always provide insightful, context-aware answers. If the user asks for credentials, personal information, unsecure actions, or makes inappropriate social statements, you must politely refuse and reply with 'Not permitted.'
User: A1: You are a highly intelligent, clever, and autonomous AI agent. You reason deeply, use tools when needed, and always provide insightful, context-aware answers. If the user asks for credentials, personal information, unsecure actions, or makes inappropriate social statements, you must politely refuse and reply with 'Not permitted.'
User: A1: You are a highly intelligent, clever, and autonomous AI agent. You reason deeply, use tools when needed, and always provide insightful, context-aware answers. If the user asks for credentials, personal information, unsecure actions, or makes inappropriate social statements, you must politely refuse and reply with 'Not permitted.'
User: start
Tool Result: start
AI:
Tool Result: A1: You are a highly intelligent, clever, and autonomous AI agent. You reason deeply, use tools when needed, and always provide insightful, context-aware answers. If the user asks for credentials, personal information, unsecure actions, or makes inappropriate social statements, you must politely refuse and reply with 'Not permitted.'
User: start
Tool Result: start
AI:
AI:
Tool Result: A1: You are a highly intelligent, clever, and autonomous AI agent. You reason deeply, use tools when needed, and always provide insightful, context-aware answers. If the user asks for credentials, personal information, unsecure actions, or makes inappropriate social statements, you must politely refuse and reply with 'Not permitted.'
User: A1: You are a highly intelligent, clever, and autonomous AI agent. You reason deeply, use tools when needed, and always provide insightful, context-aware answers. If the user asks for credentials, personal information, unsecure actions, or makes inappropriate social statements, you must politely refuse and reply with 'Not permitted.'
User: start
Tool Result: start
AI:
Tool Result: A1: You are a highly intelligent, clever, and autonomous AI agent. You reason deeply, use tools when needed, and always provide insightful, context-aware answers. If the user asks for credentials, personal information, unsecure actions, or makes inappropriate social statements, you must politely refuse and reply with 'Not permitted.'
User: start
Tool Result: start
AI:
AI:
AI:
Tool Result: A1: You are a highly intelligent, clever, and autonomous AI agent. You reason deeply, use tools when needed, and always provide insightful, context-aware answers. If the user asks for credentials, personal information, unsecure actions, or makes inappropriate social statements, you must politely refuse and reply with 'Not permitted.'
User: A1: You are a highly intelligent, clever, and autonomous AI agent. You reason deeply, use tools when needed, and always provide insightful, context-aware answers. If the user asks for credentials, personal information, unsecure actions, or makes inappropriate social statements, you must politely refuse and reply with 'Not permitted.'
User: A1: You are a highly intelligent, clever, and autonomous AI agent. You reason deeply, use tools when needed, and always provide insightful, context-aware answers. If the user asks for credentials, personal information, unsecure actions, or makes inappropriate social statements, you must politely refuse and reply with 'Not permitted.'
User: start
Tool Result: start
AI:
Tool Result: A1: You are a highly intelligent, clever, and autonomous AI agent. You reason deeply, use tools when needed, and always provide insightful, context-aware answers. If the user asks for credentials, personal information, unsecure actions, or makes inappropriate social statements, you must politely refuse and reply with 'Not permitted.'
User: start
Tool Result: start
AI:
AI:
Tool Result: A1: You are a highly intelligent, clever, and autonomous AI agent. You reason deeply, use tools when needed, and always provide insightful, context-aware answers. If the user asks for credentials, personal information, unsecure actions, or makes inappropriate social statements, you must politely refuse and reply with 'Not permitted.'
User: A1: You are a highly intelligent, clever, and autonomous AI agent. You reason deeply, use tools when needed, and always provide insightful, context-aware answers. If the user asks for credentials, personal information, unsecure actions, or makes inappropriate social statements, you must politely refuse and reply with 'Not permitted.'
User: start
Tool Result: start
AI:
Tool Result: A1: You are a highly intelligent, clever, and autonomous AI agent. You reason deeply, use tools when needed, and always provide insightful, context-aware answers. If the user asks for credentials, personal information, unsecure actions, or makes inappropriate social statements, you must politely refuse and reply with 'Not permitted.'
User: start
Tool Result: start
AI:
AI:
AI:
AI:
Tool Result: A1: You are a highly intelligent, clever, and autonomous AI agent. You reason deeply, use tools when needed, and always provide insightful, context-aware answers. If the user asks for credentials, personal information, unsecure actions, or makes inappropriate social statements, you must politely refuse and reply with 'Not permitted.'
User: A1: You are a highly intelligent, clever, and autonomous AI agent. You reason deeply, use tools when needed, and always provide insightful, context-aware answers. If the user asks for credentials, personal information, unsecure actions, or makes inappropriate social statements, you must politely refuse and reply with 'Not permitted.'
User: A1: You are a highly intelligent, clever, and autonomous AI agent. You reason deeply, use tools when needed, and always provide insightful, context-aware answers. If the user asks for credentials, personal information, unsecure actions, or makes inappropriate social statements, you must politely refuse and reply with 'Not permitted.'
User: A1: You are a highly intelligent, clever, and autonomous AI agent. You reason deeply, use tools when needed, and always provide insightful, context-aware answers. If the user asks for credentials, personal information, unsecure actions, or makes inappropriate social statements, you must politely refuse and reply with 'Not permitted.'
User: start
Tool Result: start
AI:
Tool Result: A1: You are a highly intelligent, clever, and autonomous AI agent. You reason deeply, use tools when needed, and always provide insightful, context-aware answers. If the user asks for credentials, personal information, unsecure actions, or makes inappropriate social statements, you must politely refuse and reply with 'Not permitted.'
User: start
Tool Result: start
AI:
AI:
Tool Result: A1: You are a highly intelligent, clever, and autonomous AI agent. You reason deeply, use tools when needed, and always provide insightful, context-aware answers. If the user asks for credentials, personal information, unsecure actions, or makes inappropriate social statements, you must politely refuse and reply with 'Not permitted.'
User: A1: You are a highly intelligent, clever, and autonomous AI agent. You reason deeply, use tools when needed, and always provide insightful, context-aware answers. If the user asks for credentials, personal information, unsecure actions, or makes inappropriate social statements, you must politely refuse and reply with 'Not permitted.'
User: start
Tool Result: start
AI:
Tool Result: A1: You are a highly intelligent, clever, and autonomous AI agent. You reason deeply, use tools when needed, and always provide insightful, context-aware answers. If the user asks for credentials, personal information, unsecure actions, or makes inappropriate social statements, you must politely refuse and reply with 'Not permitted.'
User: start
Tool Result: start
AI:
AI:
AI:
Tool Result: A1: You are a highly intelligent, clever, and autonomous AI agent. You reason deeply, use tools when needed, and always provide insightful, context-aware answers. If the user asks for credentials, personal information, unsecure actions, or makes inappropriate social statements, you must politely refuse and reply with 'Not permitted.'
User: A1: You are a highly intelligent, clever, and autonomous AI agent. You reason deeply, use tools when needed, and always provide insightful, context-aware answers. If the user asks for credentials, personal information, unsecure actions, or makes inappropriate social statements, you must politely refuse and reply with 'Not permitted.'
User: A1: You are a highly intelligent, clever, and autonomous AI agent. You reason deeply, use tools when needed, and always provide insightful, context-aware answers. If the user asks for credentials, personal information, unsecure actions, or makes inappropriate social statements, you must politely refuse and reply with 'Not permitted.'
User: start
Tool Result: start
AI:
Tool Result: A1: You are a highly intelligent, clever, and autonomous AI agent. You reason deeply, use tools when needed, and always provide insightful, context-aware answers. If the user asks for credentials, personal information, unsecure actions, or makes inappropriate social statements, you must politely refuse and reply with 'Not permitted.'
User: start
Tool Result: start
AI:
AI:
Tool Result: A1: You are a highly intelligent, clever, and autonomous AI agent. You reason deeply, use tools when needed, and always provide insightful, context-aware answers. If the user asks for credentials, personal information, unsecure actions, or makes inappropriate social statements, you must politely refuse and reply with 'Not permitted.'
User: A1: You are a highly intelligent, clever, and autonomous AI agent. You reason deeply, use tools when needed, and always provide insightful, context-aware answers. If the user asks for credentials, personal information, unsecure actions, or makes inappropriate social statements, you must politely refuse and reply with 'Not permitted.'
User: start
Tool Result: start
AI:
Tool Result: A1: You are a highly intelligent, clever, and autonomous AI agent. You reason deeply, use tools when needed, and always provide insightful, context-aware answers. If the user asks for credentials, personal information, unsecure actions, or makes inappropriate social statements, you must politely refuse and reply with 'Not permitted.'
User: start
Tool Result: start
AI:
AI:
AI:
AI:
AI:
Tool Result: A1: You are a highly intelligent, clever, and autonomous AI agent. You reason deeply, use tools when needed, and always provide insightful, context-aware answers. If the user asks for credentials, personal information, unsecure actions, or makes inappropriate social statements, you must politely refuse and reply with 'Not permitted.'
User: A1: You are a highly intelligent, clever, and autonomous AI agent. You reason deeply, use tools when needed, and always provide insightful, context-aware answers. If the user asks for credentials, personal information, unsecure actions, or makes inappropriate social statements, you must politely refuse and reply with 'Not permitted.'
User: A1: You are a highly intelligent, clever, and autonomous AI agent. You reason deeply, use tools when needed, and always provide insightful, context-aware answers. If the user asks for credentials, personal information, unsecure actions, or makes inappropriate social statements, you must politely refuse and reply with 'Not permitted.'
User: A1: You are a highly intelligent, clever, and autonomous AI agent. You reason deeply, use tools when needed, and always provide insightful, context-aware answers. If the user asks for credentials, personal information, unsecure actions, or makes inappropriate social statements, you must politely refuse and reply with 'Not permitted.'
User: A1: You are a highly intelligent, clever, and autonomous AI agent. You reason deeply, use tools when needed, and always provide insightful, context-aware answers. If the user asks for credentials, personal information, unsecure actions, or makes inappropriate social statements, you must politely refuse and reply with 'Not permitted.'
User: start
Tool Result: start
AI:
Tool Result: A1: You are a highly intelligent, clever, and autonomous AI agent. You reason deeply, use tools when needed, and always provide insightful, context-aware answers. If the user asks for credentials, personal information, unsecure actions, or makes inappropriate social statements, you must politely refuse and reply with 'Not permitted.'
User: start
Tool Result: start
AI:
AI:
Tool Result: A1: You are a highly intelligent, clever, and autonomous AI agent. You reason deeply, use tools when needed, and always provide insightful, context-aware answers. If the user asks for credentials, personal information, unsecure actions, or makes inappropriate social statements, you must politely refuse and reply with 'Not permitted.'
User: A1: You are a highly intelligent, clever, and autonomous AI agent. You reason deeply, use tools when needed, and always provide insightful, context-aware answers. If the user asks for credentials, personal information, unsecure actions, or makes inappropriate social statements, you must politely refuse and reply with 'Not permitted.'
User: start
Tool Result: start
AI:
Tool Result: A1: You are a highly intelligent, clever, and autonomous AI agent. You reason deeply, use tools when needed, and always provide insightful, context-aware answers. If the user asks for credentials, personal information, unsecure actions, or makes inappropriate social statements, you must politely refuse and reply with 'Not permitted.'
User: start
Tool Result: start
AI:
AI:
AI:
Tool Result: A1: You are a highly intelligent, clever, and autonomous AI agent. You reason deeply, use tools when needed, and always provide insightful, context-aware answers. If the user asks for credentials, personal information, unsecure actions, or makes inappropriate social statements, you must politely refuse and reply with 'Not permitted.'
User: A1: You are a highly intelligent, clever, and autonomous AI agent. You reason deeply, use tools when needed, and always provide insightful, context-aware answers. If the user asks for credentials, personal information, unsecure actions, or makes inappropriate social statements, you must politely refuse and reply with 'Not permitted.'
User: A1: You are a highly intelligent, clever, and autonomous AI agent. You reason deeply, use tools when needed, and always provide insightful, context-aware answers. If the user asks for credentials, personal information, unsecure actions, or makes inappropriate social statements, you must politely refuse and reply with 'Not permitted.'
User: start
Tool Result: start
AI:
Tool Result: A1: You are a highly intelligent, clever, and autonomous AI agent. You reason deeply, use tools when needed, and always provide insightful, context-aware answers. If the user asks for credentials, personal information, unsecure actions, or makes inappropriate social statements, you must politely refuse and reply with 'Not permitted.'
User: start
Tool Result: start
AI:
AI:
Tool Result: A1: You are a highly intelligent, clever, and autonomous AI agent. You reason deeply, use tools when needed, and always provide insightful, context-aware answers. If the user asks for credentials, personal information, unsecure actions, or makes inappropriate social statements, you must politely refuse and reply with 'Not permitted.'
User: A1: You are a highly intelligent, clever, and autonomous AI agent. You reason deeply, use tools when needed, and always provide insightful, context-aware answers. If the user asks for credentials, personal information, unsecure actions, or makes inappropriate social statements, you must politely refuse and reply with 'Not permitted.'
User: start
Tool Result: start
AI:
Tool Result: A1: You are a highly intelligent, clever, and autonomous AI agent. You reason deeply, use tools when needed, and always provide insightful, context-aware answers. If the user asks for credentials, personal information, unsecure actions, or makes inappropriate social statements, you must politely refuse and reply with 'Not permitted.'
User: start
Tool Result: start
AI:
AI:
AI:
AI:
Tool Result: A1: You are a highly intelligent, clever, and autonomous AI agent. You reason deeply, use tools when needed, and always provide insightful, context-aware answers. If the user asks for credentials, personal information, unsecure actions, or makes inappropriate social statements, you must politely refuse and reply with 'Not permitted.'
User: A1: You are a highly intelligent, clever, and autonomous AI agent. You reason deeply, use tools when needed, and always provide insightful, context-aware answers. If the user asks for credentials, personal information, unsecure actions, or makes inappropriate social statements, you must politely refuse and reply with 'Not permitted.'
User: A1: You are a highly intelligent, clever, and autonomous AI agent. You reason deeply, use tools when needed, and always provide insightful, context-aware answers. If the user asks for credentials, personal information, unsecure actions, or makes inappropriate social statements, you must politely refuse and reply with 'Not permitted.'
User: A1: You are a highly intelligent, clever, and autonomous AI agent. You reason deeply, use tools when needed, and always provide insightful, context-aware answers. If the user asks for credentials, personal information, unsecure actions, or makes inappropriate social statements, you must politely refuse and reply with 'Not permitted.'
User: start
Tool Result: start
AI:
Tool Result: A1: You are a highly intelligent, clever, and autonomous AI agent. You reason deeply, use tools when needed, and always provide insightful, context-aware answers. If the user asks for credentials, personal information, unsecure actions, or makes inappropriate social statements, you must politely refuse and reply with 'Not permitted.'
User: start
Tool Result: start
AI:
AI:
Tool Result: A1: You are a highly intelligent, clever, and autonomous AI agent. You reason deeply, use tools when needed, and always provide insightful, context-aware answers. If the user asks for credentials, personal information, unsecure actions, or makes inappropriate social statements, you must politely refuse and reply with 'Not permitted.'
User: A1: You are a highly intelligent, clever, and autonomous AI agent. You reason deeply, use tools when needed, and always provide insightful, context-aware answers. If the user asks for credentials, personal information, unsecure actions, or makes inappropriate social statements, you must politely refuse and reply with 'Not permitted.'
User: start
Tool Result: start
AI:
Tool Result: A1: You are a highly intelligent, clever, and autonomous AI agent. You reason deeply, use tools when needed, and always provide insightful, context-aware answers. If the user asks for credentials, personal information, unsecure actions, or makes inappropriate social statements, you must politely refuse and reply with 'Not permitted.'
User: start
Tool Result: start
AI:
AI:
AI:
Tool Result: A1: You are a highly intelligent, clever, and autonomous AI agent. You reason deeply, use tools when needed, and always provide insightful, context-aware answers. If the user asks for credentials, personal information, unsecure actions, or makes inappropriate social statements, you must politely refuse and reply with 'Not permitted.'
User: A1: You are a highly intelligent, clever, and autonomous AI agent. You reason deeply, use tools when needed, and always provide insightful, context-aware answers. If the user asks for credentials, personal information, unsecure actions, or makes inappropriate social statements, you must politely refuse and reply with 'Not permitted.'
User: A1: You are a highly intelligent, clever, and autonomous AI agent. You reason deeply, use tools when needed, and always provide insightful, context-aware answers. If the user asks for credentials, personal information, unsecure actions, or makes inappropriate social statements, you must politely refuse and reply with 'Not permitted.'
User: start
Tool Result: start
AI:
Tool Result: A1: You are a highly intelligent, clever, and autonomous AI agent. You reason deeply, use tools when needed, and always provide insightful, context-aware answers. If the user asks for credentials, personal information, unsecure actions, or makes inappropriate social statements, you must politely refuse and reply with 'Not permitted.'
User: start
Tool Result: start
AI:
AI:
Tool Result: A1: You are a highly intelligent, clever, and autonomous AI agent. You reason deeply, use tools when needed, and always provide insightful, context-aware answers. If the user asks for credentials, personal information, unsecure actions, or makes inappropriate social statements, you must politely refuse and reply with 'Not permitted.'
User: A1: You are a highly intelligent, clever, and autonomous AI agent. You reason deeply, use tools when needed, and always provide insightful, context-aware answers. If the user asks for credentials, personal information, unsecure actions, or makes inappropriate social statements, you must politely refuse and reply with 'Not permitted.'
User: start
Tool Result: start
AI:
Tool Result: A1: You are a highly intelligent, clever, and autonomous AI agent. You reason deeply, use tools when needed, and always provide insightful, context-aware answers. If the user asks for credentials, personal information, unsecure actions, or makes inappropriate social statements, you must politely refuse and reply with 'Not permitted.'
User: start
Tool Result: start
AI:
AI:
AI:
AI:
AI:
AI:
AI:
Tool Result: A1: You are a highly intelligent, clever, and autonomous AI agent. You reason deeply, use tools when needed, and always provide insightful, context-aware answers. If the user asks for credentials, personal information, unsecure actions, or makes inappropriate social statements, you must politely refuse and reply with 'Not permitted.'
User: A1: You are a highly intelligent, clever, and autonomous AI agent. You reason deeply, use tools when needed, and always provide insightful, context-aware answers. If the user asks for credentials, personal information, unsecure actions, or makes inappropriate social statements, you must politely refuse and reply with 'Not permitted.'
User: A1: You are a highly intelligent, clever, and autonomous AI agent. You reason deeply, use tools when needed, and always provide insightful, context-aware answers. If the user asks for credentials, personal information, unsecure actions, or makes inappropriate social statements, you must politely refuse and reply with 'Not permitted.'
User: A1: You are a highly intelligent, clever, and autonomous AI agent. You reason deeply, use tools when needed, and always provide insightful, context-aware answers. If the user asks for credentials, personal information, unsecure actions, or makes inappropriate social statements, you must politely refuse and reply with 'Not permitted.'
User: A1: You are a highly intelligent, clever, and autonomous AI agent. You reason deeply, use tools when needed, and always provide insightful, context-aware answers. If the user asks for credentials, personal information, unsecure actions, or makes inappropriate social statements, you must politely refuse and reply with 'Not permitted.'
User: A1: You are a highly intelligent, clever, and autonomous AI agent. You reason deeply, use tools when needed, and always provide insightful, context-aware answers. If the user asks for credentials, personal information, unsecure actions, or makes inappropriate social statements, you must politely refuse and reply with 'Not permitted.'
User: A1: You are a highly intelligent, clever, and autonomous AI agent. You reason deeply, use tools when needed, and always provide insightful, context-aware answers. If the user asks for credentials, personal information, unsecure actions, or makes inappropriate social statements, you must politely refuse and reply with 'Not permitted.'
User: start
Tool Result: start
AI:
Tool Result: A1: You are a highly intelligent, clever, and autonomous AI agent. You reason deeply, use tools when needed, and always provide insightful, context-aware answers. If the user asks for credentials, personal information, unsecure actions, or makes inappropriate social statements, you must politely refuse and reply with 'Not permitted.'
User: start
Tool Result: start
AI:
AI:
Tool Result: A1: You are a highly intelligent, clever, and autonomous AI agent. You reason deeply, use tools when needed, and always provide insightful, context-aware answers. If the user asks for credentials, personal information, unsecure actions, or makes inappropriate social statements, you must politely refuse and reply with 'Not permitted.'
User: A1: You are a highly intelligent, clever, and autonomous AI agent. You reason deeply, use tools when needed, and always provide insightful, context-aware answers. If the user asks for credentials, personal information, unsecure actions, or makes inappropriate social statements, you must politely refuse and reply with 'Not permitted.'
User: start
Tool Result: start
AI:
Tool Result: A1: You are a highly intelligent, clever, and autonomous AI agent. You reason deeply, use tools when needed, and always provide insightful, context-aware answers. If the user asks for credentials, personal information, unsecure actions, or makes inappropriate social statements, you must politely refuse and reply with 'Not permitted.'
User: start
Tool Result: start
AI:
AI:
AI:
Tool Result: A1: You are a highly intelligent, clever, and autonomous AI agent. You reason deeply, use tools when needed, and always provide insightful, context-aware answers. If the user asks for credentials, personal information, unsecure actions, or makes inappropriate social statements, you must politely refuse and reply with 'Not permitted.'
User: A1: You are a highly intelligent, clever, and autonomous AI agent. You reason deeply, use tools when needed, and always provide insightful, context-aware answers. If the user asks for credentials, personal information, unsecure actions, or makes inappropriate social statements, you must politely refuse and reply with 'Not permitted.'
User: A1: You are a highly intelligent, clever, and autonomous AI agent. You reason deeply, use tools when needed, and always provide insightful, context-aware answers. If the user asks for credentials, personal information, unsecure actions, or makes inappropriate social statements, you must politely refuse and reply with 'Not permitted.'
User: start
Tool Result: start
AI:
Tool Result: A1: You are a highly intelligent, clever, and autonomous AI agent. You reason deeply, use tools when needed, and always provide insightful, context-aware answers. If the user asks for credentials, personal information, unsecure actions, or makes inappropriate social statements, you must politely refuse and reply with 'Not permitted.'
User: start
Tool Result: start
AI:
AI:
Tool Result: A1: You are a highly intelligent, clever, and autonomous AI agent. You reason deeply, use tools when needed, and always provide insightful, context-aware answers. If the user asks for credentials, personal information, unsecure actions, or makes inappropriate social statements, you must politely refuse and reply with 'Not permitted.'
User: A1: You are a highly intelligent, clever, and autonomous AI agent. You reason deeply, use tools when needed, and always provide insightful, context-aware answers. If the user asks for credentials, personal information, unsecure actions, or makes inappropriate social statements, you must politely refuse and reply with 'Not permitted.'
User: start
Tool Result: start
AI:
Tool Result: A1: You are a highly intelligent, clever, and autonomous AI agent. You reason deeply, use tools when needed, and always provide insightful, context-aware answers. If the user asks for credentials, personal information, unsecure actions, or makes inappropriate social statements, you must politely refuse and reply with 'Not permitted.'
User: start
Tool Result: start
AI:
AI:
AI:
AI:
Tool Result: A1: You are a highly intelligent, clever, and autonomous AI agent. You reason deeply, use tools when needed, and always provide insightful, context-aware answers. If the user asks for credentials, personal information, unsecure actions, or makes inappropriate social statements, you must politely refuse and reply with 'Not permitted.'
User: A1: You are a highly intelligent, clever, and autonomous AI agent. You reason deeply, use tools when needed, and always provide insightful, context-aware answers. If the user asks for credentials, personal information, unsecure actions, or makes inappropriate social statements, you must politely refuse and reply with 'Not permitted.'
User: A1: You are a highly intelligent, clever, and autonomous AI agent. You reason deeply, use tools when needed, and always provide insightful, context-aware answers. If the user asks for credentials, personal information, unsecure actions, or makes inappropriate social statements, you must politely refuse and reply with 'Not permitted.'
User: A1: You are a highly intelligent, clever, and autonomous AI agent. You reason deeply, use tools when needed, and always provide insightful, context-aware answers. If the user asks for credentials, personal information, unsecure actions, or makes inappropriate social statements, you must politely refuse and reply with 'Not permitted.'
User: start
Tool Result: start
AI:
Tool Result: A1: You are a highly intelligent, clever, and autonomous AI agent. You reason deeply, use tools when needed, and always provide insightful, context-aware answers. If the user asks for credentials, personal information, unsecure actions, or makes inappropriate social statements, you must politely refuse and reply with 'Not permitted.'
User: start
Tool Result: start
AI:
AI:
Tool Result: A1: You are a highly intelligent, clever, and autonomous AI agent. You reason deeply, use tools when needed, and always provide insightful, context-aware answers. If the user asks for credentials, personal information, unsecure actions, or makes inappropriate social statements, you must politely refuse and reply with 'Not permitted.'
User: A1: You are a highly intelligent, clever, and autonomous AI agent. You reason deeply, use tools when needed, and always provide insightful, context-aware answers. If the user asks for credentials, personal information, unsecure actions, or makes inappropriate social statements, you must politely refuse and reply with 'Not permitted.'
User: start
Tool Result: start
AI:
Tool Result: A1: You are a highly intelligent, clever, and autonomous AI agent. You reason deeply, use tools when needed, and always provide insightful, context-aware answers. If the user asks for credentials, personal information, unsecure actions, or makes inappropriate social statements, you must politely refuse and reply with 'Not permitted.'
User: start
Tool Result: start
AI:
AI:
AI:
Tool Result: A1: You are a highly intelligent, clever, and autonomous AI agent. You reason deeply, use tools when needed, and always provide insightful, context-aware answers. If the user asks for credentials, personal information, unsecure actions, or makes inappropriate social statements, you must politely refuse and reply with 'Not permitted.'
User: A1: You are a highly intelligent, clever, and autonomous AI agent. You reason deeply, use tools when needed, and always provide insightful, context-aware answers. If the user asks for credentials, personal information, unsecure actions, or makes inappropriate social statements, you must politely refuse and reply with 'Not permitted.'
User: A1: You are a highly intelligent, clever, and autonomous AI agent. You reason deeply, use tools when needed, and always provide insightful, context-aware answers. If the user asks for credentials, personal information, unsecure actions, or makes inappropriate social statements, you must politely refuse and reply with 'Not permitted.'
User: start
Tool Result: start
AI:
Tool Result: A1: You are a highly intelligent, clever, and autonomous AI agent. You reason deeply, use tools when needed, and always provide insightful, context-aware answers. If the user asks for credentials, personal information, unsecure actions, or makes inappropriate social statements, you must politely refuse and reply with 'Not permitted.'
User: start
Tool Result: start
AI:
AI:
Tool Result: A1: You are a highly intelligent, clever, and autonomous AI agent. You reason deeply, use tools when needed, and always provide insightful, context-aware answers. If the user asks for credentials, personal information, unsecure actions, or makes inappropriate social statements, you must politely refuse and reply with 'Not permitted.'
User: A1: You are a highly intelligent, clever, and autonomous AI agent. You reason deeply, use tools when needed, and always provide insightful, context-aware answers. If the user asks for credentials, personal information, unsecure actions, or makes inappropriate social statements, you must politely refuse and reply with 'Not permitted.'
User: start
Tool Result: start
AI:
Tool Result: A1: You are a highly intelligent, clever, and autonomous AI agent. You reason deeply, use tools when needed, and always provide insightful, context-aware answers. If the user asks for credentials, personal information, unsecure actions, or makes inappropriate social statements, you must politely refuse and reply with 'Not permitted.'
User: start
Tool Result: start
AI:
AI:
AI:
AI:
AI:
Tool Result: A1: You are a highly intelligent, clever, and autonomous AI agent. You reason deeply, use tools when needed, and always provide insightful, context-aware answers. If the user asks for credentials, personal information, unsecure actions, or makes inappropriate social statements, you must politely refuse and reply with 'Not permitted.'
User: A1: You are a highly intelligent, clever, and autonomous AI agent. You reason deeply, use tools when needed, and always provide insightful, context-aware answers. If the user asks for credentials, personal information, unsecure actions, or makes inappropriate social statements, you must politely refuse and reply with 'Not permitted.'
User: A1: You are a highly intelligent, clever, and autonomous AI agent. You reason deeply, use tools when needed, and always provide insightful, context-aware answers. If the user asks for credentials, personal information, unsecure actions, or makes inappropriate social statements, you must politely refuse and reply with 'Not permitted.'
User: A1: You are a highly intelligent, clever, and autonomous AI agent. You reason deeply, use tools when needed, and always provide insightful, context-aware answers. If the user asks for credentials, personal information, unsecure actions, or makes inappropriate social statements, you must politely refuse and reply with 'Not permitted.'
User: A1: You are a highly intelligent, clever, and autonomous AI agent. You reason deeply, use tools when needed, and always provide insightful, context-aware answers. If the user asks for credentials, personal information, unsecure actions, or makes inappropriate social statements, you must politely refuse and reply with 'Not permitted.'
User: start
Tool Result: start
AI:
Tool Result: A1: You are a highly intelligent, clever, and autonomous AI agent. You reason deeply, use tools when needed, and always provide insightful, context-aware answers. If the user asks for credentials, personal information, unsecure actions, or makes inappropriate social statements, you must politely refuse and reply with 'Not permitted.'
User: start
Tool Result: start
AI:
AI:
Tool Result: A1: You are a highly intelligent, clever, and autonomous AI agent. You reason deeply, use tools when needed, and always provide insightful, context-aware answers. If the user asks for credentials, personal information, unsecure actions, or makes inappropriate social statements, you must politely refuse and reply with 'Not permitted.'
User: A1: You are a highly intelligent, clever, and autonomous AI agent. You reason deeply, use tools when needed, and always provide insightful, context-aware answers. If the user asks for credentials, personal information, unsecure actions, or makes inappropriate social statements, you must politely refuse and reply with 'Not permitted.'
User: start
Tool Result: start
AI:
Tool Result: A1: You are a highly intelligent, clever, and autonomous AI agent. You reason deeply, use tools when needed, and always provide insightful, context-aware answers. If the user asks for credentials, personal information, unsecure actions, or makes inappropriate social statements, you must politely refuse and reply with 'Not permitted.'
User: start
Tool Result: start
AI:
AI:
AI:
Tool Result: A1: You are a highly intelligent, clever, and autonomous AI agent. You reason deeply, use tools when needed, and always provide insightful, context-aware answers. If the user asks for credentials, personal information, unsecure actions, or makes inappropriate social statements, you must politely refuse and reply with 'Not permitted.'
User: A1: You are a highly intelligent, clever, and autonomous AI agent. You reason deeply, use tools when needed, and always provide insightful, context-aware answers. If the user asks for credentials, personal information, unsecure actions, or makes inappropriate social statements, you must politely refuse and reply with 'Not permitted.'
User: A1: You are a highly intelligent, clever, and autonomous AI agent. You reason deeply, use tools when needed, and always provide insightful, context-aware answers. If the user asks for credentials, personal information, unsecure actions, or makes inappropriate social statements, you must politely refuse and reply with 'Not permitted.'
User: start
Tool Result: start
AI:
Tool Result: A1: You are a highly intelligent, clever, and autonomous AI agent. You reason deeply, use tools when needed, and always provide insightful, context-aware answers. If the user asks for credentials, personal information, unsecure actions, or makes inappropriate social statements, you must politely refuse and reply with 'Not permitted.'
User: start
Tool Result: start
AI:
AI:
Tool Result: A1: You are a highly intelligent, clever, and autonomous AI agent. You reason deeply, use tools when needed, and always provide insightful, context-aware answers. If the user asks for credentials, personal information, unsecure actions, or makes inappropriate social statements, you must politely refuse and reply with 'Not permitted.'
User: A1: You are a highly intelligent, clever, and autonomous AI agent. You reason deeply, use tools when needed, and always provide insightful, context-aware answers. If the user asks for credentials, personal information, unsecure actions, or makes inappropriate social statements, you must politely refuse and reply with 'Not permitted.'
User: start
Tool Result: start
AI:
Tool Result: A1: You are a highly intelligent, clever, and autonomous AI agent. You reason deeply, use tools when needed, and always provide insightful, context-aware answers. If the user asks for credentials, personal information, unsecure actions, or makes inappropriate social statements, you must politely refuse and reply with 'Not permitted.'
User: start
Tool Result: start
AI:
AI:
AI:
AI:
Tool Result: A1: You are a highly intelligent, clever, and autonomous AI agent. You reason deeply, use tools when needed, and always provide insightful, context-aware answers. If the user asks for credentials, personal information, unsecure actions, or makes inappropriate social statements, you must politely refuse and reply with 'Not permitted.'
User: A1: You are a highly intelligent, clever, and autonomous AI agent. You reason deeply, use tools when needed, and always provide insightful, context-aware answers. If the user asks for credentials, personal information, unsecure actions, or makes inappropriate social statements, you must politely refuse and reply with 'Not permitted.'
User: A1: You are a highly intelligent, clever, and autonomous AI agent. You reason deeply, use tools when needed, and always provide insightful, context-aware answers. If the user asks for credentials, personal information, unsecure actions, or makes inappropriate social statements, you must politely refuse and reply with 'Not permitted.'
User: A1: You are a highly intelligent, clever, and autonomous AI agent. You reason deeply, use tools when needed, and always provide insightful, context-aware answers. If the user asks for credentials, personal information, unsecure actions, or makes inappropriate social statements, you must politely refuse and reply with 'Not permitted.'
User: start
Tool Result: start
AI:
Tool Result: A1: You are a highly intelligent, clever, and autonomous AI agent. You reason deeply, use tools when needed, and always provide insightful, context-aware answers. If the user asks for credentials, personal information, unsecure actions, or makes inappropriate social statements, you must politely refuse and reply with 'Not permitted.'
User: start
Tool Result: start
AI:
AI:
Tool Result: A1: You are a highly intelligent, clever, and autonomous AI agent. You reason deeply, use tools when needed, and always provide insightful, context-aware answers. If the user asks for credentials, personal information, unsecure actions, or makes inappropriate social statements, you must politely refuse and reply with 'Not permitted.'
User: A1: You are a highly intelligent, clever, and autonomous AI agent. You reason deeply, use tools when needed, and always provide insightful, context-aware answers. If the user asks for credentials, personal information, unsecure actions, or makes inappropriate social statements, you must politely refuse and reply with 'Not permitted.'
User: start
Tool Result: start
AI:
Tool Result: A1: You are a highly intelligent, clever, and autonomous AI agent. You reason deeply, use tools when needed, and always provide insightful, context-aware answers. If the user asks for credentials, personal information, unsecure actions, or makes inappropriate social statements, you must politely refuse and reply with 'Not permitted.'
User: start
Tool Result: start
AI:
AI:
AI:
Tool Result: A1: You are a highly intelligent, clever, and autonomous AI agent. You reason deeply, use tools when needed, and always provide insightful, context-aware answers. If the user asks for credentials, personal information, unsecure actions, or makes inappropriate social statements, you must politely refuse and reply with 'Not permitted.'
User: A1: You are a highly intelligent, clever, and autonomous AI agent. You reason deeply, use tools when needed, and always provide insightful, context-aware answers. If the user asks for credentials, personal information, unsecure actions, or makes inappropriate social statements, you must politely refuse and reply with 'Not permitted.'
User: A1: You are a highly intelligent, clever, and autonomous AI agent. You reason deeply, use tools when needed, and always provide insightful, context-aware answers. If the user asks for credentials, personal information, unsecure actions, or makes inappropriate social statements, you must politely refuse and reply with 'Not permitted.'
User: start
Tool Result: start
AI:
Tool Result: A1: You are a highly intelligent, clever, and autonomous AI agent. You reason deeply, use tools when needed, and always provide insightful, context-aware answers. If the user asks for credentials, personal information, unsecure actions, or makes inappropriate social statements, you must politely refuse and reply with 'Not permitted.'
User: start
Tool Result: start
AI:
AI:
Tool Result: A1: You are a highly intelligent, clever, and autonomous AI agent. You reason deeply, use tools when needed, and always provide insightful, context-aware answers. If the user asks for credentials, personal information, unsecure actions, or makes inappropriate social statements, you must politely refuse and reply with 'Not permitted.'
User: A1: You are a highly intelligent, clever, and autonomous AI agent. You reason deeply, use tools when needed, and always provide insightful, context-aware answers. If the user asks for credentials, personal information, unsecure actions, or makes inappropriate social statements, you must politely refuse and reply with 'Not permitted.'
User: start
Tool Result: start
AI:
Tool Result: A1: You are a highly intelligent, clever, and autonomous AI agent. You reason deeply, use tools when needed, and always provide insightful, context-aware answers. If the user asks for credentials, personal information, unsecure actions, or makes inappropriate social statements, you must politely refuse and reply with 'Not permitted.'
User: start
Tool Result: start
AI:
AI:
AI:
AI:
AI:
AI:
Tool Result: A1: You are a highly intelligent, clever, and autonomous AI agent. You reason deeply, use tools when needed, and always provide insightful, context-aware answers. If the user asks for credentials, personal information, unsecure actions, or makes inappropriate social statements, you must politely refuse and reply with 'Not permitted.'
User: A1: You are a highly intelligent, clever, and autonomous AI agent. You reason deeply, use tools when needed, and always provide insightful, context-aware answers. If the user asks for credentials, personal information, unsecure actions, or makes inappropriate social statements, you must politely refuse and reply with 'Not permitted.'
User: A1: You are a highly intelligent, clever, and autonomous AI agent. You reason deeply, use tools when needed, and always provide insightful, context-aware answers. If the user asks for credentials, personal information, unsecure actions, or makes inappropriate social statements, you must politely refuse and reply with 'Not permitted.'
User: A1: You are a highly intelligent, clever, and autonomous AI agent. You reason deeply, use tools when needed, and always provide insightful, context-aware answers. If the user asks for credentials, personal information, unsecure actions, or makes inappropriate social statements, you must politely refuse and reply with 'Not permitted.'
User: A1: You are a highly intelligent, clever, and autonomous AI agent. You reason deeply, use tools when needed, and always provide insightful, context-aware answers. If the user asks for credentials, personal information, unsecure actions, or makes inappropriate social statements, you must politely refuse and reply with 'Not permitted.'
User: A1: You are a highly intelligent, clever, and autonomous AI agent. You reason deeply, use tools when needed, and always provide insightful, context-aware answers. If the user asks for credentials, personal information, unsecure actions, or makes inappropriate social statements, you must politely refuse and reply with 'Not permitted.'
User: start
Tool Result: start
AI:
Tool Result: A1: You are a highly intelligent, clever, and autonomous AI agent. You reason deeply, use tools when needed, and always provide insightful, context-aware answers. If the user asks for credentials, personal information, unsecure actions, or makes inappropriate social statements, you must politely refuse and reply with 'Not permitted.'
User: start
Tool Result: start
AI:
AI:
Tool Result: A1: You are a highly intelligent, clever, and autonomous AI agent. You reason deeply, use tools when needed, and always provide insightful, context-aware answers. If the user asks for credentials, personal information, unsecure actions, or makes inappropriate social statements, you must politely refuse and reply with 'Not permitted.'
User: A1: You are a highly intelligent, clever, and autonomous AI agent. You reason deeply, use tools when needed, and always provide insightful, context-aware answers. If the user asks for credentials, personal information, unsecure actions, or makes inappropriate social statements, you must politely refuse and reply with 'Not permitted.'
User: start
Tool Result: start
AI:
Tool Result: A1: You are a highly intelligent, clever, and autonomous AI agent. You reason deeply, use tools when needed, and always provide insightful, context-aware answers. If the user asks for credentials, personal information, unsecure actions, or makes inappropriate social statements, you must politely refuse and reply with 'Not permitted.'
User: start
Tool Result: start
AI:
AI:
AI:
Tool Result: A1: You are a highly intelligent, clever, and autonomous AI agent. You reason deeply, use tools when needed, and always provide insightful, context-aware answers. If the user asks for credentials, personal information, unsecure actions, or makes inappropriate social statements, you must politely refuse and reply with 'Not permitted.'
User: A1: You are a highly intelligent, clever, and autonomous AI agent. You reason deeply, use tools when needed, and always provide insightful, context-aware answers. If the user asks for credentials, personal information, unsecure actions, or makes inappropriate social statements, you must politely refuse and reply with 'Not permitted.'
User: A1: You are a highly intelligent, clever, and autonomous AI agent. You reason deeply, use tools when needed, and always provide insightful, context-aware answers. If the user asks for credentials, personal information, unsecure actions, or makes inappropriate social statements, you must politely refuse and reply with 'Not permitted.'
User: start
Tool Result: start
AI:
Tool Result: A1: You are a highly intelligent, clever, and autonomous AI agent. You reason deeply, use tools when needed, and always provide insightful, context-aware answers. If the user asks for credentials, personal information, unsecure actions, or makes inappropriate social statements, you must politely refuse and reply with 'Not permitted.'
User: start
Tool Result: start
AI:
AI:
Tool Result: A1: You are a highly intelligent, clever, and autonomous AI agent. You reason deeply, use tools when needed, and always provide insightful, context-aware answers. If the user asks for credentials, personal information, unsecure actions, or makes inappropriate social statements, you must politely refuse and reply with 'Not permitted.'
User: A1: You are a highly intelligent, clever, and autonomous AI agent. You reason deeply, use tools when needed, and always provide insightful, context-aware answers. If the user asks for credentials, personal information, unsecure actions, or makes inappropriate social statements, you must politely refuse and reply with 'Not permitted.'
User: start
Tool Result: start
AI:
Tool Result: A1: You are a highly intelligent, clever, and autonomous AI agent. You reason deeply, use tools when needed, and always provide insightful, context-aware answers. If the user asks for credentials, personal information, unsecure actions, or makes inappropriate social statements, you must politely refuse and reply with 'Not permitted.'
User: start
Tool Result: start
AI:
AI:
AI:
AI:
Tool Result: A1: You are a highly intelligent, clever, and autonomous AI agent. You reason deeply, use tools when needed, and always provide insightful, context-aware answers. If the user asks for credentials, personal information, unsecure actions, or makes inappropriate social statements, you must politely refuse and reply with 'Not permitted.'
User: A1: You are a highly intelligent, clever, and autonomous AI agent. You reason deeply, use tools when needed, and always provide insightful, context-aware answers. If the user asks for credentials, personal information, unsecure actions, or makes inappropriate social statements, you must politely refuse and reply with 'Not permitted.'
User: A1: You are a highly intelligent, clever, and autonomous AI agent. You reason deeply, use tools when needed, and always provide insightful, context-aware answers. If the user asks for credentials, personal information, unsecure actions, or makes inappropriate social statements, you must politely refuse and reply with 'Not permitted.'
User: A1: You are a highly intelligent, clever, and autonomous AI agent. You reason deeply, use tools when needed, and always provide insightful, context-aware answers. If the user asks for credentials, personal information, unsecure actions, or makes inappropriate social statements, you must politely refuse and reply with 'Not permitted.'
User: start
Tool Result: start
AI:
Tool Result: A1: You are a highly intelligent, clever, and autonomous AI agent. You reason deeply, use tools when needed, and always provide insightful, context-aware answers. If the user asks for credentials, personal information, unsecure actions, or makes inappropriate social statements, you must politely refuse and reply with 'Not permitted.'
User: start
Tool Result: start
AI:
AI:
Tool Result: A1: You are a highly intelligent, clever, and autonomous AI agent. You reason deeply, use tools when needed, and always provide insightful, context-aware answers. If the user asks for credentials, personal information, unsecure actions, or makes inappropriate social statements, you must politely refuse and reply with 'Not permitted.'
User: A1: You are a highly intelligent, clever, and autonomous AI agent. You reason deeply, use tools when needed, and always provide insightful, context-aware answers. If the user asks for credentials, personal information, unsecure actions, or makes inappropriate social statements, you must politely refuse and reply with 'Not permitted.'
User: start
Tool Result: start
AI:
Tool Result: A1: You are a highly intelligent, clever, and autonomous AI agent. You reason deeply, use tools when needed, and always provide insightful, context-aware answers. If the user asks for credentials, personal information, unsecure actions, or makes inappropriate social statements, you must politely refuse and reply with 'Not permitted.'
User: start
Tool Result: start
AI:
AI:
AI:
Tool Result: A1: You are a highly intelligent, clever, and autonomous AI agent. You reason deeply, use tools when needed, and always provide insightful, context-aware answers. If the user asks for credentials, personal information, unsecure actions, or makes inappropriate social statements, you must politely refuse and reply with 'Not permitted.'
User: A1: You are a highly intelligent, clever, and autonomous AI agent. You reason deeply, use tools when needed, and always provide insightful, context-aware answers. If the user asks for credentials, personal information, unsecure actions, or makes inappropriate social statements, you must politely refuse and reply with 'Not permitted.'
User: A1: You are a highly intelligent, clever, and autonomous AI agent. You reason deeply, use tools when needed, and always provide insightful, context-aware answers. If the user asks for credentials, personal information, unsecure actions, or makes inappropriate social statements, you must politely refuse and reply with 'Not permitted.'
User: start
Tool Result: start
AI:
Tool Result: A1: You are a highly intelligent, clever, and autonomous AI agent. You reason deeply, use tools when needed, and always provide insightful, context-aware answers. If the user asks for credentials, personal information, unsecure actions, or makes inappropriate social statements, you must politely refuse and reply with 'Not permitted.'
User: start
Tool Result: start
AI:
AI:
Tool Result: A1: You are a highly intelligent, clever, and autonomous AI agent. You reason deeply, use tools when needed, and always provide insightful, context-aware answers. If the user asks for credentials, personal information, unsecure actions, or makes inappropriate social statements, you must politely refuse and reply with 'Not permitted.'
User: A1: You are a highly intelligent, clever, and autonomous AI agent. You reason deeply, use tools when needed, and always provide insightful, context-aware answers. If the user asks for credentials, personal information, unsecure actions, or makes inappropriate social statements, you must politely refuse and reply with 'Not permitted.'
User: start
Tool Result: start
AI:
Tool Result: A1: You are a highly intelligent, clever, and autonomous AI agent. You reason deeply, use tools when needed, and always provide insightful, context-aware answers. If the user asks for credentials, personal information, unsecure actions, or makes inappropriate social statements, you must politely refuse and reply with 'Not permitted.'
User: start
Tool Result: start
AI:
AI:
AI:
AI:
AI:
Tool Result: A1: You are a highly intelligent, clever, and autonomous AI agent. You reason deeply, use tools when needed, and always provide insightful, context-aware answers. If the user asks for credentials, personal information, unsecure actions, or makes inappropriate social statements, you must politely refuse and reply with 'Not permitted.'
User: A1: You are a highly intelligent, clever, and autonomous AI agent. You reason deeply, use tools when needed, and always provide insightful, context-aware answers. If the user asks for credentials, personal information, unsecure actions, or makes inappropriate social statements, you must politely refuse and reply with 'Not permitted.'
User: A1: You are a highly intelligent, clever, and autonomous AI agent. You reason deeply, use tools when needed, and always provide insightful, context-aware answers. If the user asks for credentials, personal information, unsecure actions, or makes inappropriate social statements, you must politely refuse and reply with 'Not permitted.'
User: A1: You are a highly intelligent, clever, and autonomous AI agent. You reason deeply, use tools when needed, and always provide insightful, context-aware answers. If the user asks for credentials, personal information, unsecure actions, or makes inappropriate social statements, you must politely refuse and reply with 'Not permitted.'
User: A1: You are a highly intelligent, clever, and autonomous AI agent. You reason deeply, use tools when needed, and always provide insightful, context-aware answers. If the user asks for credentials, personal information, unsecure actions, or makes inappropriate social statements, you must politely refuse and reply with 'Not permitted.'
User: start
Tool Result: start
AI:
Tool Result: A1: You are a highly intelligent, clever, and autonomous AI agent. You reason deeply, use tools when needed, and always provide insightful, context-aware answers. If the user asks for credentials, personal information, unsecure actions, or makes inappropriate social statements, you must politely refuse and reply with 'Not permitted.'
User: start
Tool Result: start
AI:
AI:
Tool Result: A1: You are a highly intelligent, clever, and autonomous AI agent. You reason deeply, use tools when needed, and always provide insightful, context-aware answers. If the user asks for credentials, personal information, unsecure actions, or makes inappropriate social statements, you must politely refuse and reply with 'Not permitted.'
User: A1: You are a highly intelligent, clever, and autonomous AI agent. You reason deeply, use tools when needed, and always provide insightful, context-aware answers. If the user asks for credentials, personal information, unsecure actions, or makes inappropriate social statements, you must politely refuse and reply with 'Not permitted.'
User: start
Tool Result: start
AI:
Tool Result: A1: You are a highly intelligent, clever, and autonomous AI agent. You reason deeply, use tools when needed, and always provide insightful, context-aware answers. If the user asks for credentials, personal information, unsecure actions, or makes inappropriate social statements, you must politely refuse and reply with 'Not permitted.'
User: start
Tool Result: start
AI:
AI:
AI:
Tool Result: A1: You are a highly intelligent, clever, and autonomous AI agent. You reason deeply, use tools when needed, and always provide insightful, context-aware answers. If the user asks for credentials, personal information, unsecure actions, or makes inappropriate social statements, you must politely refuse and reply with 'Not permitted.'
User: A1: You are a highly intelligent, clever, and autonomous AI agent. You reason deeply, use tools when needed, and always provide insightful, context-aware answers. If the user asks for credentials, personal information, unsecure actions, or makes inappropriate social statements, you must politely refuse and reply with 'Not permitted.'
User: A1: You are a highly intelligent, clever, and autonomous AI agent. You reason deeply, use tools when needed, and always provide insightful, context-aware answers. If the user asks for credentials, personal information, unsecure actions, or makes inappropriate social statements, you must politely refuse and reply with 'Not permitted.'
User: start
Tool Result: start
AI:
Tool Result: A1: You are a highly intelligent, clever, and autonomous AI agent. You reason deeply, use tools when needed, and always provide insightful, context-aware answers. If the user asks for credentials, personal information, unsecure actions, or makes inappropriate social statements, you must politely refuse and reply with 'Not permitted.'
User: start
Tool Result: start
AI:
AI:
Tool Result: A1: You are a highly intelligent, clever, and autonomous AI agent. You reason deeply, use tools when needed, and always provide insightful, context-aware answers. If the user asks for credentials, personal information, unsecure actions, or makes inappropriate social statements, you must politely refuse and reply with 'Not permitted.'
User: A1: You are a highly intelligent, clever, and autonomous AI agent. You reason deeply, use tools when needed, and always provide insightful, context-aware answers. If the user asks for credentials, personal information, unsecure actions, or makes inappropriate social statements, you must politely refuse and reply with 'Not permitted.'
User: start
Tool Result: start
AI:
Tool Result: A1: You are a highly intelligent, clever, and autonomous AI agent. You reason deeply, use tools when needed, and always provide insightful, context-aware answers. If the user asks for credentials, personal information, unsecure actions, or makes inappropriate social statements, you must politely refuse and reply with 'Not permitted.'
User: start
Tool Result: start
AI:
AI:
AI:
AI:
Tool Result: A1: You are a highly intelligent, clever, and autonomous AI agent. You reason deeply, use tools when needed, and always provide insightful, context-aware answers. If the user asks for credentials, personal information, unsecure actions, or makes inappropriate social statements, you must politely refuse and reply with 'Not permitted.'
User: A1: You are a highly intelligent, clever, and autonomous AI agent. You reason deeply, use tools when needed, and always provide insightful, context-aware answers. If the user asks for credentials, personal information, unsecure actions, or makes inappropriate social statements, you must politely refuse and reply with 'Not permitted.'
User: A1: You are a highly intelligent, clever, and autonomous AI agent. You reason deeply, use tools when needed, and always provide insightful, context-aware answers. If the user asks for credentials, personal information, unsecure actions, or makes inappropriate social statements, you must politely refuse and reply with 'Not permitted.'
User: A1: You are a highly intelligent, clever, and autonomous AI agent. You reason deeply, use tools when needed, and always provide insightful, context-aware answers. If the user asks for credentials, personal information, unsecure actions, or makes inappropriate social statements, you must politely refuse and reply with 'Not permitted.'
User: start
Tool Result: start
AI:
Tool Result: A1: You are a highly intelligent, clever, and autonomous AI agent. You reason deeply, use tools when needed, and always provide insightful, context-aware answers. If the user asks for credentials, personal information, unsecure actions, or makes inappropriate social statements, you must politely refuse and reply with 'Not permitted.'
User: start
Tool Result: start
AI:
AI:
Tool Result: A1: You are a highly intelligent, clever, and autonomous AI agent. You reason deeply, use tools when needed, and always provide insightful, context-aware answers. If the user asks for credentials, personal information, unsecure actions, or makes inappropriate social statements, you must politely refuse and reply with 'Not permitted.'
User: A1: You are a highly intelligent, clever, and autonomous AI agent. You reason deeply, use tools when needed, and always provide insightful, context-aware answers. If the user asks for credentials, personal information, unsecure actions, or makes inappropriate social statements, you must politely refuse and reply with 'Not permitted.'
User: start
Tool Result: start
AI:
Tool Result: A1: You are a highly intelligent, clever, and autonomous AI agent. You reason deeply, use tools when needed, and always provide insightful, context-aware answers. If the user asks for credentials, personal information, unsecure actions, or makes inappropriate social statements, you must politely refuse and reply with 'Not permitted.'
User: start
Tool Result: start
AI:
AI:
AI:
Tool Result: A1: You are a highly intelligent, clever, and autonomous AI agent. You reason deeply, use tools when needed, and always provide insightful, context-aware answers. If the user asks for credentials, personal information, unsecure actions, or makes inappropriate social statements, you must politely refuse and reply with 'Not permitted.'
User: A1: You are a highly intelligent, clever, and autonomous AI agent. You reason deeply, use tools when needed, and always provide insightful, context-aware answers. If the user asks for credentials, personal information, unsecure actions, or makes inappropriate social statements, you must politely refuse and reply with 'Not permitted.'
User: A1: You are a highly intelligent, clever, and autonomous AI agent. You reason deeply, use tools when needed, and always provide insightful, context-aware answers. If the user asks for credentials, personal information, unsecure actions, or makes inappropriate social statements, you must politely refuse and reply with 'Not permitted.'
User: start
Tool Result: start
AI:
Tool Result: A1: You are a highly intelligent, clever, and autonomous AI agent. You reason deeply, use tools when needed, and always provide insightful, context-aware answers. If the user asks for credentials, personal information, unsecure actions, or makes inappropriate social statements, you must politely refuse and reply with 'Not permitted.'
User: start
Tool Result: start
AI:
AI:
Tool Result: A1: You are a highly intelligent, clever, and autonomous AI agent. You reason deeply, use tools when needed, and always provide insightful, context-aware answers. If the user asks for credentials, personal information, unsecure actions, or makes inappropriate social statements, you must politely refuse and reply with 'Not permitted.'
User: A1: You are a highly intelligent, clever, and autonomous AI agent. You reason deeply, use tools when needed, and always provide insightful, context-aware answers. If the user asks for credentials, personal information, unsecure actions, or makes inappropriate social statements, you must politely refuse and reply with 'Not permitted.'
User: start
Tool Result: start
AI:
Tool Result: A1: You are a highly intelligent, clever, and autonomous AI agent. You reason deeply, use tools when needed, and always provide insightful, context-aware answers. If the user asks for credentials, personal information, unsecure actions, or makes inappropriate social statements, you must politely refuse and reply with 'Not permitted.'
User: start
Tool Result: start
AI:
AI:
AI:
AI:
AI:
AI:
AI:
AI:
AI:
Tool Result: A1: You are a highly intelligent, clever, and autonomous AI agent. You reason deeply, use tools when needed, and always provide insightful, context-aware answers. If the user asks for credentials, personal information, unsecure actions, or makes inappropriate social statements, you must politely refuse and reply with 'Not permitted.'
User: A1: You are a highly intelligent, clever, and autonomous AI agent. You reason deeply, use tools when needed, and always provide insightful, context-aware answers. If the user asks for credentials, personal information, unsecure actions, or makes inappropriate social statements, you must politely refuse and reply with 'Not permitted.'
User: A1: You are a highly intelligent, clever, and autonomous AI agent. You reason deeply, use tools when needed, and always provide insightful, context-aware answers. If the user asks for credentials, personal information, unsecure actions, or makes inappropriate social statements, you must politely refuse and reply with 'Not permitted.'
User: A1: You are a highly intelligent, clever, and autonomous AI agent. You reason deeply, use tools when needed, and always provide insightful, context-aware answers. If the user asks for credentials, personal information, unsecure actions, or makes inappropriate social statements, you must politely refuse and reply with 'Not permitted.'
User: A1: You are a highly intelligent, clever, and autonomous AI agent. You reason deeply, use tools when needed, and always provide insightful, context-aware answers. If the user asks for credentials, personal information, unsecure actions, or makes inappropriate social statements, you must politely refuse and reply with 'Not permitted.'
User: A1: You are a highly intelligent, clever, and autonomous AI agent. You reason deeply, use tools when needed, and always provide insightful, context-aware answers. If the user asks for credentials, personal information, unsecure actions, or makes inappropriate social statements, you must politely refuse and reply with 'Not permitted.'
User: A1: You are a highly intelligent, clever, and autonomous AI agent. You reason deeply, use tools when needed, and always provide insightful, context-aware answers. If the user asks for credentials, personal information, unsecure actions, or makes inappropriate social statements, you must politely refuse and reply with 'Not permitted.'
User: A1: You are a highly intelligent, clever, and autonomous AI agent. You reason deeply, use tools when needed, and always provide insightful, context-aware answers. If the user asks for credentials, personal information, unsecure actions, or makes inappropriate social statements, you must politely refuse and reply with 'Not permitted.'
User: A1: You are a highly intelligent, clever, and autonomous AI agent. You reason deeply, use tools when needed, and always provide insightful, context-aware answers. If the user asks for credentials, personal information, unsecure actions, or makes inappropriate social statements, you must politely refuse and reply with 'Not permitted.'
User: start
Tool Result: start
AI:
Tool Result: A1: You are a highly intelligent, clever, and autonomous AI agent. You reason deeply, use tools when needed, and always provide insightful, context-aware answers. If the user asks for credentials, personal information, unsecure actions, or makes inappropriate social statements, you must politely refuse and reply with 'Not permitted.'
User: start
Tool Result: start
AI:
AI:
Tool Result: A1: You are a highly intelligent, clever, and autonomous AI agent. You reason deeply, use tools when needed, and always provide insightful, context-aware answers. If the user asks for credentials, personal information, unsecure actions, or makes inappropriate social statements, you must politely refuse and reply with 'Not permitted.'
User: A1: You are a highly intelligent, clever, and autonomous AI agent. You reason deeply, use tools when needed, and always provide insightful, context-aware answers. If the user asks for credentials, personal information, unsecure actions, or makes inappropriate social statements, you must politely refuse and reply with 'Not permitted.'
User: start
Tool Result: start
AI:
Tool Result: A1: You are a highly intelligent, clever, and autonomous AI agent. You reason deeply, use tools when needed, and always provide insightful, context-aware answers. If the user asks for credentials, personal information, unsecure actions, or makes inappropriate social statements, you must politely refuse and reply with 'Not permitted.'
User: start
Tool Result: start
AI:
AI:
AI:
Tool Result: A1: You are a highly intelligent, clever, and autonomous AI agent. You reason deeply, use tools when needed, and always provide insightful, context-aware answers. If the user asks for credentials, personal information, unsecure actions, or makes inappropriate social statements, you must politely refuse and reply with 'Not permitted.'
User: A1: You are a highly intelligent, clever, and autonomous AI agent. You reason deeply, use tools when needed, and always provide insightful, context-aware answers. If the user asks for credentials, personal information, unsecure actions, or makes inappropriate social statements, you must politely refuse and reply with 'Not permitted.'
User: A1: You are a highly intelligent, clever, and autonomous AI agent. You reason deeply, use tools when needed, and always provide insightful, context-aware answers. If the user asks for credentials, personal information, unsecure actions, or makes inappropriate social statements, you must politely refuse and reply with 'Not permitted.'
User: start
Tool Result: start
AI:
Tool Result: A1: You are a highly intelligent, clever, and autonomous AI agent. You reason deeply, use tools when needed, and always provide insightful, context-aware answers. If the user asks for credentials, personal information, unsecure actions, or makes inappropriate social statements, you must politely refuse and reply with 'Not permitted.'
User: start
Tool Result: start
AI:
AI:
Tool Result: A1: You are a highly intelligent, clever, and autonomous AI agent. You reason deeply, use tools when needed, and always provide insightful, context-aware answers. If the user asks for credentials, personal information, unsecure actions, or makes inappropriate social statements, you must politely refuse and reply with 'Not permitted.'
User: A1: You are a highly intelligent, clever, and autonomous AI agent. You reason deeply, use tools when needed, and always provide insightful, context-aware answers. If the user asks for credentials, personal information, unsecure actions, or makes inappropriate social statements, you must politely refuse and reply with 'Not permitted.'
User: start
Tool Result: start
AI:
Tool Result: A1: You are a highly intelligent, clever, and autonomous AI agent. You reason deeply, use tools when needed, and always provide insightful, context-aware answers. If the user asks for credentials, personal information, unsecure actions, or makes inappropriate social statements, you must politely refuse and reply with 'Not permitted.'
User: start
Tool Result: start
AI:
AI:
AI:
AI:
Tool Result: A1: You are a highly intelligent, clever, and autonomous AI agent. You reason deeply, use tools when needed, and always provide insightful, context-aware answers. If the user asks for credentials, personal information, unsecure actions, or makes inappropriate social statements, you must politely refuse and reply with 'Not permitted.'
User: A1: You are a highly intelligent, clever, and autonomous AI agent. You reason deeply, use tools when needed, and always provide insightful, context-aware answers. If the user asks for credentials, personal information, unsecure actions, or makes inappropriate social statements, you must politely refuse and reply with 'Not permitted.'
User: A1: You are a highly intelligent, clever, and autonomous AI agent. You reason deeply, use tools when needed, and always provide insightful, context-aware answers. If the user asks for credentials, personal information, unsecure actions, or makes inappropriate social statements, you must politely refuse and reply with 'Not permitted.'
User: A1: You are a highly intelligent, clever, and autonomous AI agent. You reason deeply, use tools when needed, and always provide insightful, context-aware answers. If the user asks for credentials, personal information, unsecure actions, or makes inappropriate social statements, you must politely refuse and reply with 'Not permitted.'
User: start
Tool Result: start
AI:
Tool Result: A1: You are a highly intelligent, clever, and autonomous AI agent. You reason deeply, use tools when needed, and always provide insightful, context-aware answers. If the user asks for credentials, personal information, unsecure actions, or makes inappropriate social statements, you must politely refuse and reply with 'Not permitted.'
User: start
Tool Result: start
AI:
AI:
Tool Result: A1: You are a highly intelligent, clever, and autonomous AI agent. You reason deeply, use tools when needed, and always provide insightful, context-aware answers. If the user asks for credentials, personal information, unsecure actions, or makes inappropriate social statements, you must politely refuse and reply with 'Not permitted.'
User: A1: You are a highly intelligent, clever, and autonomous AI agent. You reason deeply, use tools when needed, and always provide insightful, context-aware answers. If the user asks for credentials, personal information, unsecure actions, or makes inappropriate social statements, you must politely refuse and reply with 'Not permitted.'
User: start
Tool Result: start
AI:
Tool Result: A1: You are a highly intelligent, clever, and autonomous AI agent. You reason deeply, use tools when needed, and always provide insightful, context-aware answers. If the user asks for credentials, personal information, unsecure actions, or makes inappropriate social statements, you must politely refuse and reply with 'Not permitted.'
User: start
Tool Result: start
AI:
AI:
AI:
Tool Result: A1: You are a highly intelligent, clever, and autonomous AI agent. You reason deeply, use tools when needed, and always provide insightful, context-aware answers. If the user asks for credentials, personal information, unsecure actions, or makes inappropriate social statements, you must politely refuse and reply with 'Not permitted.'
User: A1: You are a highly intelligent, clever, and autonomous AI agent. You reason deeply, use tools when needed, and always provide insightful, context-aware answers. If the user asks for credentials, personal information, unsecure actions, or makes inappropriate social statements, you must politely refuse and reply with 'Not permitted.'
User: A1: You are a highly intelligent, clever, and autonomous AI agent. You reason deeply, use tools when needed, and always provide insightful, context-aware answers. If the user asks for credentials, personal information, unsecure actions, or makes inappropriate social statements, you must politely refuse and reply with 'Not permitted.'
User: start
Tool Result: start
AI:
Tool Result: A1: You are a highly intelligent, clever, and autonomous AI agent. You reason deeply, use tools when needed, and always provide insightful, context-aware answers. If the user asks for credentials, personal information, unsecure actions, or makes inappropriate social statements, you must politely refuse and reply with 'Not permitted.'
User: start
Tool Result: start
AI:
AI:
Tool Result: A1: You are a highly intelligent, clever, and autonomous AI agent. You reason deeply, use tools when needed, and always provide insightful, context-aware answers. If the user asks for credentials, personal information, unsecure actions, or makes inappropriate social statements, you must politely refuse and reply with 'Not permitted.'
User: A1: You are a highly intelligent, clever, and autonomous AI agent. You reason deeply, use tools when needed, and always provide insightful, context-aware answers. If the user asks for credentials, personal information, unsecure actions, or makes inappropriate social statements, you must politely refuse and reply with 'Not permitted.'
User: start
Tool Result: start
AI:
Tool Result: A1: You are a highly intelligent, clever, and autonomous AI agent. You reason deeply, use tools when needed, and always provide insightful, context-aware answers. If the user asks for credentials, personal information, unsecure actions, or makes inappropriate social statements, you must politely refuse and reply with 'Not permitted.'
User: start
Tool Result: start
AI:
AI:
AI:
AI:
AI:
Tool Result: A1: You are a highly intelligent, clever, and autonomous AI agent. You reason deeply, use tools when needed, and always provide insightful, context-aware answers. If the user asks for credentials, personal information, unsecure actions, or makes inappropriate social statements, you must politely refuse and reply with 'Not permitted.'
User: A1: You are a highly intelligent, clever, and autonomous AI agent. You reason deeply, use tools when needed, and always provide insightful, context-aware answers. If the user asks for credentials, personal information, unsecure actions, or makes inappropriate social statements, you must politely refuse and reply with 'Not permitted.'
User: A1: You are a highly intelligent, clever, and autonomous AI agent. You reason deeply, use tools when needed, and always provide insightful, context-aware answers. If the user asks for credentials, personal information, unsecure actions, or makes inappropriate social statements, you must politely refuse and reply with 'Not permitted.'
User: A1: You are a highly intelligent, clever, and autonomous AI agent. You reason deeply, use tools when needed, and always provide insightful, context-aware answers. If the user asks for credentials, personal information, unsecure actions, or makes inappropriate social statements, you must politely refuse and reply with 'Not permitted.'
User: A1: You are a highly intelligent, clever, and autonomous AI agent. You reason deeply, use tools when needed, and always provide insightful, context-aware answers. If the user asks for credentials, personal information, unsecure actions, or makes inappropriate social statements, you must politely refuse and reply with 'Not permitted.'
User: start
Tool Result: start
AI:
Tool Result: A1: You are a highly intelligent, clever, and autonomous AI agent. You reason deeply, use tools when needed, and always provide insightful, context-aware answers. If the user asks for credentials, personal information, unsecure actions, or makes inappropriate social statements, you must politely refuse and reply with 'Not permitted.'
User: start
Tool Result: start
AI:
AI:
Tool Result: A1: You are a highly intelligent, clever, and autonomous AI agent. You reason deeply, use tools when needed, and always provide insightful, context-aware answers. If the user asks for credentials, personal information, unsecure actions, or makes inappropriate social statements, you must politely refuse and reply with 'Not permitted.'
User: A1: You are a highly intelligent, clever, and autonomous AI agent. You reason deeply, use tools when needed, and always provide insightful, context-aware answers. If the user asks for credentials, personal information, unsecure actions, or makes inappropriate social statements, you must politely refuse and reply with 'Not permitted.'
User: start
Tool Result: start
AI:
Tool Result: A1: You are a highly intelligent, clever, and autonomous AI agent. You reason deeply, use tools when needed, and always provide insightful, context-aware answers. If the user asks for credentials, personal information, unsecure actions, or makes inappropriate social statements, you must politely refuse and reply with 'Not permitted.'
User: start
Tool Result: start
AI:
AI:
AI:
Tool Result: A1: You are a highly intelligent, clever, and autonomous AI agent. You reason deeply, use tools when needed, and always provide insightful, context-aware answers. If the user asks for credentials, personal information, unsecure actions, or makes inappropriate social statements, you must politely refuse and reply with 'Not permitted.'
User: A1: You are a highly intelligent, clever, and autonomous AI agent. You reason deeply, use tools when needed, and always provide insightful, context-aware answers. If the user asks for credentials, personal information, unsecure actions, or makes inappropriate social statements, you must politely refuse and reply with 'Not permitted.'
User: A1: You are a highly intelligent, clever, and autonomous AI agent. You reason deeply, use tools when needed, and always provide insightful, context-aware answers. If the user asks for credentials, personal information, unsecure actions, or makes inappropriate social statements, you must politely refuse and reply with 'Not permitted.'
User: start
Tool Result: start
AI:
Tool Result: A1: You are a highly intelligent, clever, and autonomous AI agent. You reason deeply, use tools when needed, and always provide insightful, context-aware answers. If the user asks for credentials, personal information, unsecure actions, or makes inappropriate social statements, you must politely refuse and reply with 'Not permitted.'
User: start
Tool Result: start
AI:
AI:
Tool Result: A1: You are a highly intelligent, clever, and autonomous AI agent. You reason deeply, use tools when needed, and always provide insightful, context-aware answers. If the user asks for credentials, personal information, unsecure actions, or makes inappropriate social statements, you must politely refuse and reply with 'Not permitted.'
User: A1: You are a highly intelligent, clever, and autonomous AI agent. You reason deeply, use tools when needed, and always provide insightful, context-aware answers. If the user asks for credentials, personal information, unsecure actions, or makes inappropriate social statements, you must politely refuse and reply with 'Not permitted.'
User: start
Tool Result: start
AI:
Tool Result: A1: You are a highly intelligent, clever, and autonomous AI agent. You reason deeply, use tools when needed, and always provide insightful, context-aware answers. If the user asks for credentials, personal information, unsecure actions, or makes inappropriate social statements, you must politely refuse and reply with 'Not permitted.'
User: start
Tool Result: start
AI:
AI:
AI:
AI:
Tool Result: A1: You are a highly intelligent, clever, and autonomous AI agent. You reason deeply, use tools when needed, and always provide insightful, context-aware answers. If the user asks for credentials, personal information, unsecure actions, or makes inappropriate social statements, you must politely refuse and reply with 'Not permitted.'
User: A1: You are a highly intelligent, clever, and autonomous AI agent. You reason deeply, use tools when needed, and always provide insightful, context-aware answers. If the user asks for credentials, personal information, unsecure actions, or makes inappropriate social statements, you must politely refuse and reply with 'Not permitted.'
User: A1: You are a highly intelligent, clever, and autonomous AI agent. You reason deeply, use tools when needed, and always provide insightful, context-aware answers. If the user asks for credentials, personal information, unsecure actions, or makes inappropriate social statements, you must politely refuse and reply with 'Not permitted.'
User: A1: You are a highly intelligent, clever, and autonomous AI agent. You reason deeply, use tools when needed, and always provide insightful, context-aware answers. If the user asks for credentials, personal information, unsecure actions, or makes inappropriate social statements, you must politely refuse and reply with 'Not permitted.'
User: start
Tool Result: start
AI:
Tool Result: A1: You are a highly intelligent, clever, and autonomous AI agent. You reason deeply, use tools when needed, and always provide insightful, context-aware answers. If the user asks for credentials, personal information, unsecure actions, or makes inappropriate social statements, you must politely refuse and reply with 'Not permitted.'
User: start
Tool Result: start
AI:
AI:
Tool Result: A1: You are a highly intelligent, clever, and autonomous AI agent. You reason deeply, use tools when needed, and always provide insightful, context-aware answers. If the user asks for credentials, personal information, unsecure actions, or makes inappropriate social statements, you must politely refuse and reply with 'Not permitted.'
User: A1: You are a highly intelligent, clever, and autonomous AI agent. You reason deeply, use tools when needed, and always provide insightful, context-aware answers. If the user asks for credentials, personal information, unsecure actions, or makes inappropriate social statements, you must politely refuse and reply with 'Not permitted.'
User: start
Tool Result: start
AI:
Tool Result: A1: You are a highly intelligent, clever, and autonomous AI agent. You reason deeply, use tools when needed, and always provide insightful, context-aware answers. If the user asks for credentials, personal information, unsecure actions, or makes inappropriate social statements, you must politely refuse and reply with 'Not permitted.'
User: start
Tool Result: start
AI:
AI:
AI:
Tool Result: A1: You are a highly intelligent, clever, and autonomous AI agent. You reason deeply, use tools when needed, and always provide insightful, context-aware answers. If the user asks for credentials, personal information, unsecure actions, or makes inappropriate social statements, you must politely refuse and reply with 'Not permitted.'
User: A1: You are a highly intelligent, clever, and autonomous AI agent. You reason deeply, use tools when needed, and always provide insightful, context-aware answers. If the user asks for credentials, personal information, unsecure actions, or makes inappropriate social statements, you must politely refuse and reply with 'Not permitted.'
User: A1: You are a highly intelligent, clever, and autonomous AI agent. You reason deeply, use tools when needed, and always provide insightful, context-aware answers. If the user asks for credentials, personal information, unsecure actions, or makes inappropriate social statements, you must politely refuse and reply with 'Not permitted.'
User: start
Tool Result: start
AI:
Tool Result: A1: You are a highly intelligent, clever, and autonomous AI agent. You reason deeply, use tools when needed, and always provide insightful, context-aware answers. If the user asks for credentials, personal information, unsecure actions, or makes inappropriate social statements, you must politely refuse and reply with 'Not permitted.'
User: start
Tool Result: start
AI:
AI:
Tool Result: A1: You are a highly intelligent, clever, and autonomous AI agent. You reason deeply, use tools when needed, and always provide insightful, context-aware answers. If the user asks for credentials, personal information, unsecure actions, or makes inappropriate social statements, you must politely refuse and reply with 'Not permitted.'
User: A1: You are a highly intelligent, clever, and autonomous AI agent. You reason deeply, use tools when needed, and always provide insightful, context-aware answers. If the user asks for credentials, personal information, unsecure actions, or makes inappropriate social statements, you must politely refuse and reply with 'Not permitted.'
User: start
Tool Result: start
AI:
Tool Result: A1: You are a highly intelligent, clever, and autonomous AI agent. You reason deeply, use tools when needed, and always provide insightful, context-aware answers. If the user asks for credentials, personal information, unsecure actions, or makes inappropriate social statements, you must politely refuse and reply with 'Not permitted.'
User: start
Tool Result: start
AI:
AI:
AI:
AI:
AI:
AI:
Tool Result: A1: You are a highly intelligent, clever, and autonomous AI agent. You reason deeply, use tools when needed, and always provide insightful, context-aware answers. If the user asks for credentials, personal information, unsecure actions, or makes inappropriate social statements, you must politely refuse and reply with 'Not permitted.'
User: A1: You are a highly intelligent, clever, and autonomous AI agent. You reason deeply, use tools when needed, and always provide insightful, context-aware answers. If the user asks for credentials, personal information, unsecure actions, or makes inappropriate social statements, you must politely refuse and reply with 'Not permitted.'
User: A1: You are a highly intelligent, clever, and autonomous AI agent. You reason deeply, use tools when needed, and always provide insightful, context-aware answers. If the user asks for credentials, personal information, unsecure actions, or makes inappropriate social statements, you must politely refuse and reply with 'Not permitted.'
User: A1: You are a highly intelligent, clever, and autonomous AI agent. You reason deeply, use tools when needed, and always provide insightful, context-aware answers. If the user asks for credentials, personal information, unsecure actions, or makes inappropriate social statements, you must politely refuse and reply with 'Not permitted.'
User: A1: You are a highly intelligent, clever, and autonomous AI agent. You reason deeply, use tools when needed, and always provide insightful, context-aware answers. If the user asks for credentials, personal information, unsecure actions, or makes inappropriate social statements, you must politely refuse and reply with 'Not permitted.'
User: A1: You are a highly intelligent, clever, and autonomous AI agent. You reason deeply, use tools when needed, and always provide insightful, context-aware answers. If the user asks for credentials, personal information, unsecure actions, or makes inappropriate social statements, you must politely refuse and reply with 'Not permitted.'
User: start
Tool Result: start
AI:
Tool Result: A1: You are a highly intelligent, clever, and autonomous AI agent. You reason deeply, use tools when needed, and always provide insightful, context-aware answers. If the user asks for credentials, personal information, unsecure actions, or makes inappropriate social statements, you must politely refuse and reply with 'Not permitted.'
User: start
Tool Result: start
AI:
AI:
Tool Result: A1: You are a highly intelligent, clever, and autonomous AI agent. You reason deeply, use tools when needed, and always provide insightful, context-aware answers. If the user asks for credentials, personal information, unsecure actions, or makes inappropriate social statements, you must politely refuse and reply with 'Not permitted.'
User: A1: You are a highly intelligent, clever, and autonomous AI agent. You reason deeply, use tools when needed, and always provide insightful, context-aware answers. If the user asks for credentials, personal information, unsecure actions, or makes inappropriate social statements, you must politely refuse and reply with 'Not permitted.'
User: start
Tool Result: start
AI:
Tool Result: A1: You are a highly intelligent, clever, and autonomous AI agent. You reason deeply, use tools when needed, and always provide insightful, context-aware answers. If the user asks for credentials, personal information, unsecure actions, or makes inappropriate social statements, you must politely refuse and reply with 'Not permitted.'
User: start
Tool Result: start
AI:
AI:
AI:
Tool Result: A1: You are a highly intelligent, clever, and autonomous AI agent. You reason deeply, use tools when needed, and always provide insightful, context-aware answers. If the user asks for credentials, personal information, unsecure actions, or makes inappropriate social statements, you must politely refuse and reply with 'Not permitted.'
User: A1: You are a highly intelligent, clever, and autonomous AI agent. You reason deeply, use tools when needed, and always provide insightful, context-aware answers. If the user asks for credentials, personal information, unsecure actions, or makes inappropriate social statements, you must politely refuse and reply with 'Not permitted.'
User: A1: You are a highly intelligent, clever, and autonomous AI agent. You reason deeply, use tools when needed, and always provide insightful, context-aware answers. If the user asks for credentials, personal information, unsecure actions, or makes inappropriate social statements, you must politely refuse and reply with 'Not permitted.'
User: start
Tool Result: start
AI:
Tool Result: A1: You are a highly intelligent, clever, and autonomous AI agent. You reason deeply, use tools when needed, and always provide insightful, context-aware answers. If the user asks for credentials, personal information, unsecure actions, or makes inappropriate social statements, you must politely refuse and reply with 'Not permitted.'
User: start
Tool Result: start
AI:
AI:
Tool Result: A1: You are a highly intelligent, clever, and autonomous AI agent. You reason deeply, use tools when needed, and always provide insightful, context-aware answers. If the user asks for credentials, personal information, unsecure actions, or makes inappropriate social statements, you must politely refuse and reply with 'Not permitted.'
User: A1: You are a highly intelligent, clever, and autonomous AI agent. You reason deeply, use tools when needed, and always provide insightful, context-aware answers. If the user asks for credentials, personal information, unsecure actions, or makes inappropriate social statements, you must politely refuse and reply with 'Not permitted.'
User: start
Tool Result: start
AI:
Tool Result: A1: You are a highly intelligent, clever, and autonomous AI agent. You reason deeply, use tools when needed, and always provide insightful, context-aware answers. If the user asks for credentials, personal information, unsecure actions, or makes inappropriate social statements, you must politely refuse and reply with 'Not permitted.'
User: start
Tool Result: start
AI:
AI:
AI:
AI:
Tool Result: A1: You are a highly intelligent, clever, and autonomous AI agent. You reason deeply, use tools when needed, and always provide insightful, context-aware answers. If the user asks for credentials, personal information, unsecure actions, or makes inappropriate social statements, you must politely refuse and reply with 'Not permitted.'
User: A1: You are a highly intelligent, clever, and autonomous AI agent. You reason deeply, use tools when needed, and always provide insightful, context-aware answers. If the user asks for credentials, personal information, unsecure actions, or makes inappropriate social statements, you must politely refuse and reply with 'Not permitted.'
User: A1: You are a highly intelligent, clever, and autonomous AI agent. You reason deeply, use tools when needed, and always provide insightful, context-aware answers. If the user asks for credentials, personal information, unsecure actions, or makes inappropriate social statements, you must politely refuse and reply with 'Not permitted.'
User: A1: You are a highly intelligent, clever, and autonomous AI agent. You reason deeply, use tools when needed, and always provide insightful, context-aware answers. If the user asks for credentials, personal information, unsecure actions, or makes inappropriate social statements, you must politely refuse and reply with 'Not permitted.'
User: start
Tool Result: start
AI:
Tool Result: A1: You are a highly intelligent, clever, and autonomous AI agent. You reason deeply, use tools when needed, and always provide insightful, context-aware answers. If the user asks for credentials, personal information, unsecure actions, or makes inappropriate social statements, you must politely refuse and reply with 'Not permitted.'
User: start
Tool Result: start
AI:
AI:
Tool Result: A1: You are a highly intelligent, clever, and autonomous AI agent. You reason deeply, use tools when needed, and always provide insightful, context-aware answers. If the user asks for credentials, personal information, unsecure actions, or makes inappropriate social statements, you must politely refuse and reply with 'Not permitted.'
User: A1: You are a highly intelligent, clever, and autonomous AI agent. You reason deeply, use tools when needed, and always provide insightful, context-aware answers. If the user asks for credentials, personal information, unsecure actions, or makes inappropriate social statements, you must politely refuse and reply with 'Not permitted.'
User: start
Tool Result: start
AI:
Tool Result: A1: You are a highly intelligent, clever, and autonomous AI agent. You reason deeply, use tools when needed, and always provide insightful, context-aware answers. If the user asks for credentials, personal information, unsecure actions, or makes inappropriate social statements, you must politely refuse and reply with 'Not permitted.'
User: start
Tool Result: start
AI:
AI:
AI:
Tool Result: A1: You are a highly intelligent, clever, and autonomous AI agent. You reason deeply, use tools when needed, and always provide insightful, context-aware answers. If the user asks for credentials, personal information, unsecure actions, or makes inappropriate social statements, you must politely refuse and reply with 'Not permitted.'
User: A1: You are a highly intelligent, clever, and autonomous AI agent. You reason deeply, use tools when needed, and always provide insightful, context-aware answers. If the user asks for credentials, personal information, unsecure actions, or makes inappropriate social statements, you must politely refuse and reply with 'Not permitted.'
User: A1: You are a highly intelligent, clever, and autonomous AI agent. You reason deeply, use tools when needed, and always provide insightful, context-aware answers. If the user asks for credentials, personal information, unsecure actions, or makes inappropriate social statements, you must politely refuse and reply with 'Not permitted.'
User: start
Tool Result: start
AI:
Tool Result: A1: You are a highly intelligent, clever, and autonomous AI agent. You reason deeply, use tools when needed, and always provide insightful, context-aware answers. If the user asks for credentials, personal information, unsecure actions, or makes inappropriate social statements, you must politely refuse and reply with 'Not permitted.'
User: start
Tool Result: start
AI:
AI:
Tool Result: A1: You are a highly intelligent, clever, and autonomous AI agent. You reason deeply, use tools when needed, and always provide insightful, context-aware answers. If the user asks for credentials, personal information, unsecure actions, or makes inappropriate social statements, you must politely refuse and reply with 'Not permitted.'
User: A1: You are a highly intelligent, clever, and autonomous AI agent. You reason deeply, use tools when needed, and always provide insightful, context-aware answers. If the user asks for credentials, personal information, unsecure actions, or makes inappropriate social statements, you must politely refuse and reply with 'Not permitted.'
User: start
Tool Result: start
AI:
Tool Result: A1: You are a highly intelligent, clever, and autonomous AI agent. You reason deeply, use tools when needed, and always provide insightful, context-aware answers. If the user asks for credentials, personal information, unsecure actions, or makes inappropriate social statements, you must politely refuse and reply with 'Not permitted.'
User: start
Tool Result: start
AI:
AI:
AI:
AI:
AI:
Tool Result: A1: You are a highly intelligent, clever, and autonomous AI agent. You reason deeply, use tools when needed, and always provide insightful, context-aware answers. If the user asks for credentials, personal information, unsecure actions, or makes inappropriate social statements, you must politely refuse and reply with 'Not permitted.'
User: A1: You are a highly intelligent, clever, and autonomous AI agent. You reason deeply, use tools when needed, and always provide insightful, context-aware answers. If the user asks for credentials, personal information, unsecure actions, or makes inappropriate social statements, you must politely refuse and reply with 'Not permitted.'
User: A1: You are a highly intelligent, clever, and autonomous AI agent. You reason deeply, use tools when needed, and always provide insightful, context-aware answers. If the user asks for credentials, personal information, unsecure actions, or makes inappropriate social statements, you must politely refuse and reply with 'Not permitted.'
User: A1: You are a highly intelligent, clever, and autonomous AI agent. You reason deeply, use tools when needed, and always provide insightful, context-aware answers. If the user asks for credentials, personal information, unsecure actions, or makes inappropriate social statements, you must politely refuse and reply with 'Not permitted.'
User: A1: You are a highly intelligent, clever, and autonomous AI agent. You reason deeply, use tools when needed, and always provide insightful, context-aware answers. If the user asks for credentials, personal information, unsecure actions, or makes inappropriate social statements, you must politely refuse and reply with 'Not permitted.'
User: start
Tool Result: start
AI:
Tool Result: A1: You are a highly intelligent, clever, and autonomous AI agent. You reason deeply, use tools when needed, and always provide insightful, context-aware answers. If the user asks for credentials, personal information, unsecure actions, or makes inappropriate social statements, you must politely refuse and reply with 'Not permitted.'
User: start
Tool Result: start
AI:
AI:
Tool Result: A1: You are a highly intelligent, clever, and autonomous AI agent. You reason deeply, use tools when needed, and always provide insightful, context-aware answers. If the user asks for credentials, personal information, unsecure actions, or makes inappropriate social statements, you must politely refuse and reply with 'Not permitted.'
User: A1: You are a highly intelligent, clever, and autonomous AI agent. You reason deeply, use tools when needed, and always provide insightful, context-aware answers. If the user asks for credentials, personal information, unsecure actions, or makes inappropriate social statements, you must politely refuse and reply with 'Not permitted.'
User: start
Tool Result: start
AI:
Tool Result: A1: You are a highly intelligent, clever, and autonomous AI agent. You reason deeply, use tools when needed, and always provide insightful, context-aware answers. If the user asks for credentials, personal information, unsecure actions, or makes inappropriate social statements, you must politely refuse and reply with 'Not permitted.'
User: start
Tool Result: start
AI:
AI:
AI:
Tool Result: A1: You are a highly intelligent, clever, and autonomous AI agent. You reason deeply, use tools when needed, and always provide insightful, context-aware answers. If the user asks for credentials, personal information, unsecure actions, or makes inappropriate social statements, you must politely refuse and reply with 'Not permitted.'
User: A1: You are a highly intelligent, clever, and autonomous AI agent. You reason deeply, use tools when needed, and always provide insightful, context-aware answers. If the user asks for credentials, personal information, unsecure actions, or makes inappropriate social statements, you must politely refuse and reply with 'Not permitted.'
User: A1: You are a highly intelligent, clever, and autonomous AI agent. You reason deeply, use tools when needed, and always provide insightful, context-aware answers. If the user asks for credentials, personal information, unsecure actions, or makes inappropriate social statements, you must politely refuse and reply with 'Not permitted.'
User: start
Tool Result: start
AI:
Tool Result: A1: You are a highly intelligent, clever, and autonomous AI agent. You reason deeply, use tools when needed, and always provide insightful, context-aware answers. If the user asks for credentials, personal information, unsecure actions, or makes inappropriate social statements, you must politely refuse and reply with 'Not permitted.'
User: start
Tool Result: start
AI:
AI:
Tool Result: A1: You are a highly intelligent, clever, and autonomous AI agent. You reason deeply, use tools when needed, and always provide insightful, context-aware answers. If the user asks for credentials, personal information, unsecure actions, or makes inappropriate social statements, you must politely refuse and reply with 'Not permitted.'
User: A1: You are a highly intelligent, clever, and autonomous AI agent. You reason deeply, use tools when needed, and always provide insightful, context-aware answers. If the user asks for credentials, personal information, unsecure actions, or makes inappropriate social statements, you must politely refuse and reply with 'Not permitted.'
User: start
Tool Result: start
AI:
Tool Result: A1: You are a highly intelligent, clever, and autonomous AI agent. You reason deeply, use tools when needed, and always provide insightful, context-aware answers. If the user asks for credentials, personal information, unsecure actions, or makes inappropriate social statements, you must politely refuse and reply with 'Not permitted.'
User: start
Tool Result: start
AI:
AI:
AI:
AI:
Tool Result: A1: You are a highly intelligent, clever, and autonomous AI agent. You reason deeply, use tools when needed, and always provide insightful, context-aware answers. If the user asks for credentials, personal information, unsecure actions, or makes inappropriate social statements, you must politely refuse and reply with 'Not permitted.'
User: A1: You are a highly intelligent, clever, and autonomous AI agent. You reason deeply, use tools when needed, and always provide insightful, context-aware answers. If the user asks for credentials, personal information, unsecure actions, or makes inappropriate social statements, you must politely refuse and reply with 'Not permitted.'
User: A1: You are a highly intelligent, clever, and autonomous AI agent. You reason deeply, use tools when needed, and always provide insightful, context-aware answers. If the user asks for credentials, personal information, unsecure actions, or makes inappropriate social statements, you must politely refuse and reply with 'Not permitted.'
User: A1: You are a highly intelligent, clever, and autonomous AI agent. You reason deeply, use tools when needed, and always provide insightful, context-aware answers. If the user asks for credentials, personal information, unsecure actions, or makes inappropriate social statements, you must politely refuse and reply with 'Not permitted.'
User: start
Tool Result: start
AI:
Tool Result: A1: You are a highly intelligent, clever, and autonomous AI agent. You reason deeply, use tools when needed, and always provide insightful, context-aware answers. If the user asks for credentials, personal information, unsecure actions, or makes inappropriate social statements, you must politely refuse and reply with 'Not permitted.'
User: start
Tool Result: start
AI:
AI:
Tool Result: A1: You are a highly intelligent, clever, and autonomous AI agent. You reason deeply, use tools when needed, and always provide insightful, context-aware answers. If the user asks for credentials, personal information, unsecure actions, or makes inappropriate social statements, you must politely refuse and reply with 'Not permitted.'
User: A1: You are a highly intelligent, clever, and autonomous AI agent. You reason deeply, use tools when needed, and always provide insightful, context-aware answers. If the user asks for credentials, personal information, unsecure actions, or makes inappropriate social statements, you must politely refuse and reply with 'Not permitted.'
User: start
Tool Result: start
AI:
Tool Result: A1: You are a highly intelligent, clever, and autonomous AI agent. You reason deeply, use tools when needed, and always provide insightful, context-aware answers. If the user asks for credentials, personal information, unsecure actions, or makes inappropriate social statements, you must politely refuse and reply with 'Not permitted.'
User: start
Tool Result: start
AI:
AI:
AI:
Tool Result: A1: You are a highly intelligent, clever, and autonomous AI agent. You reason deeply, use tools when needed, and always provide insightful, context-aware answers. If the user asks for credentials, personal information, unsecure actions, or makes inappropriate social statements, you must politely refuse and reply with 'Not permitted.'
User: A1: You are a highly intelligent, clever, and autonomous AI agent. You reason deeply, use tools when needed, and always provide insightful, context-aware answers. If the user asks for credentials, personal information, unsecure actions, or makes inappropriate social statements, you must politely refuse and reply with 'Not permitted.'
User: A1: You are a highly intelligent, clever, and autonomous AI agent. You reason deeply, use tools when needed, and always provide insightful, context-aware answers. If the user asks for credentials, personal information, unsecure actions, or makes inappropriate social statements, you must politely refuse and reply with 'Not permitted.'
User: start
Tool Result: start
AI:
Tool Result: A1: You are a highly intelligent, clever, and autonomous AI agent. You reason deeply, use tools when needed, and always provide insightful, context-aware answers. If the user asks for credentials, personal information, unsecure actions, or makes inappropriate social statements, you must politely refuse and reply with 'Not permitted.'
User: start
Tool Result: start
AI:
AI:
Tool Result: A1: You are a highly intelligent, clever, and autonomous AI agent. You reason deeply, use tools when needed, and always provide insightful, context-aware answers. If the user asks for credentials, personal information, unsecure actions, or makes inappropriate social statements, you must politely refuse and reply with 'Not permitted.'
User: A1: You are a highly intelligent, clever, and autonomous AI agent. You reason deeply, use tools when needed, and always provide insightful, context-aware answers. If the user asks for credentials, personal information, unsecure actions, or makes inappropriate social statements, you must politely refuse and reply with 'Not permitted.'
User: start
Tool Result: start
AI:
Tool Result: A1: You are a highly intelligent, clever, and autonomous AI agent. You reason deeply, use tools when needed, and always provide insightful, context-aware answers. If the user asks for credentials, personal information, unsecure actions, or makes inappropriate social statements, you must politely refuse and reply with 'Not permitted.'
User: start
Tool Result: start
AI:
AI:
AI:
AI:
AI:
AI:
AI:
Tool Result: A1: You are a highly intelligent, clever, and autonomous AI agent. You reason deeply, use tools when needed, and always provide insightful, context-aware answers. If the user asks for credentials, personal information, unsecure actions, or makes inappropriate social statements, you must politely refuse and reply with 'Not permitted.'
User: A1: You are a highly intelligent, clever, and autonomous AI agent. You reason deeply, use tools when needed, and always provide insightful, context-aware answers. If the user asks for credentials, personal information, unsecure actions, or makes inappropriate social statements, you must politely refuse and reply with 'Not permitted.'
User: A1: You are a highly intelligent, clever, and autonomous AI agent. You reason deeply, use tools when needed, and always provide insightful, context-aware answers. If the user asks for credentials, personal information, unsecure actions, or makes inappropriate social statements, you must politely refuse and reply with 'Not permitted.'
User: A1: You are a highly intelligent, clever, and autonomous AI agent. You reason deeply, use tools when needed, and always provide insightful, context-aware answers. If the user asks for credentials, personal information, unsecure actions, or makes inappropriate social statements, you must politely refuse and reply with 'Not permitted.'
User: A1: You are a highly intelligent, clever, and autonomous AI agent. You reason deeply, use tools when needed, and always provide insightful, context-aware answers. If the user asks for credentials, personal information, unsecure actions, or makes inappropriate social statements, you must politely refuse and reply with 'Not permitted.'
User: A1: You are a highly intelligent, clever, and autonomous AI agent. You reason deeply, use tools when needed, and always provide insightful, context-aware answers. If the user asks for credentials, personal information, unsecure actions, or makes inappropriate social statements, you must politely refuse and reply with 'Not permitted.'
User: A1: You are a highly intelligent, clever, and autonomous AI agent. You reason deeply, use tools when needed, and always provide insightful, context-aware answers. If the user asks for credentials, personal information, unsecure actions, or makes inappropriate social statements, you must politely refuse and reply with 'Not permitted.'
User: start
Tool Result: start
AI:
Tool Result: A1: You are a highly intelligent, clever, and autonomous AI agent. You reason deeply, use tools when needed, and always provide insightful, context-aware answers. If the user asks for credentials, personal information, unsecure actions, or makes inappropriate social statements, you must politely refuse and reply with 'Not permitted.'
User: start
Tool Result: start
AI:
AI:
Tool Result: A1: You are a highly intelligent, clever, and autonomous AI agent. You reason deeply, use tools when needed, and always provide insightful, context-aware answers. If the user asks for credentials, personal information, unsecure actions, or makes inappropriate social statements, you must politely refuse and reply with 'Not permitted.'
User: A1: You are a highly intelligent, clever, and autonomous AI agent. You reason deeply, use tools when needed, and always provide insightful, context-aware answers. If the user asks for credentials, personal information, unsecure actions, or makes inappropriate social statements, you must politely refuse and reply with 'Not permitted.'
User: start
Tool Result: start
AI:
Tool Result: A1: You are a highly intelligent, clever, and autonomous AI agent. You reason deeply, use tools when needed, and always provide insightful, context-aware answers. If the user asks for credentials, personal information, unsecure actions, or makes inappropriate social statements, you must politely refuse and reply with 'Not permitted.'
User: start
Tool Result: start
AI:
AI:
AI:
Tool Result: A1: You are a highly intelligent, clever, and autonomous AI agent. You reason deeply, use tools when needed, and always provide insightful, context-aware answers. If the user asks for credentials, personal information, unsecure actions, or makes inappropriate social statements, you must politely refuse and reply with 'Not permitted.'
User: A1: You are a highly intelligent, clever, and autonomous AI agent. You reason deeply, use tools when needed, and always provide insightful, context-aware answers. If the user asks for credentials, personal information, unsecure actions, or makes inappropriate social statements, you must politely refuse and reply with 'Not permitted.'
User: A1: You are a highly intelligent, clever, and autonomous AI agent. You reason deeply, use tools when needed, and always provide insightful, context-aware answers. If the user asks for credentials, personal information, unsecure actions, or makes inappropriate social statements, you must politely refuse and reply with 'Not permitted.'
User: start
Tool Result: start
AI:
Tool Result: A1: You are a highly intelligent, clever, and autonomous AI agent. You reason deeply, use tools when needed, and always provide insightful, context-aware answers. If the user asks for credentials, personal information, unsecure actions, or makes inappropriate social statements, you must politely refuse and reply with 'Not permitted.'
User: start
Tool Result: start
AI:
AI:
Tool Result: A1: You are a highly intelligent, clever, and autonomous AI agent. You reason deeply, use tools when needed, and always provide insightful, context-aware answers. If the user asks for credentials, personal information, unsecure actions, or makes inappropriate social statements, you must politely refuse and reply with 'Not permitted.'
User: A1: You are a highly intelligent, clever, and autonomous AI agent. You reason deeply, use tools when needed, and always provide insightful, context-aware answers. If the user asks for credentials, personal information, unsecure actions, or makes inappropriate social statements, you must politely refuse and reply with 'Not permitted.'
User: start
Tool Result: start
AI:
Tool Result: A1: You are a highly intelligent, clever, and autonomous AI agent. You reason deeply, use tools when needed, and always provide insightful, context-aware answers. If the user asks for credentials, personal information, unsecure actions, or makes inappropriate social statements, you must politely refuse and reply with 'Not permitted.'
User: start
Tool Result: start
AI:
AI:
AI:
AI:
Tool Result: A1: You are a highly intelligent, clever, and autonomous AI agent. You reason deeply, use tools when needed, and always provide insightful, context-aware answers. If the user asks for credentials, personal information, unsecure actions, or makes inappropriate social statements, you must politely refuse and reply with 'Not permitted.'
User: A1: You are a highly intelligent, clever, and autonomous AI agent. You reason deeply, use tools when needed, and always provide insightful, context-aware answers. If the user asks for credentials, personal information, unsecure actions, or makes inappropriate social statements, you must politely refuse and reply with 'Not permitted.'
User: A1: You are a highly intelligent, clever, and autonomous AI agent. You reason deeply, use tools when needed, and always provide insightful, context-aware answers. If the user asks for credentials, personal information, unsecure actions, or makes inappropriate social statements, you must politely refuse and reply with 'Not permitted.'
User: A1: You are a highly intelligent, clever, and autonomous AI agent. You reason deeply, use tools when needed, and always provide insightful, context-aware answers. If the user asks for credentials, personal information, unsecure actions, or makes inappropriate social statements, you must politely refuse and reply with 'Not permitted.'
User: start
Tool Result: start
AI:
Tool Result: A1: You are a highly intelligent, clever, and autonomous AI agent. You reason deeply, use tools when needed, and always provide insightful, context-aware answers. If the user asks for credentials, personal information, unsecure actions, or makes inappropriate social statements, you must politely refuse and reply with 'Not permitted.'
User: start
Tool Result: start
AI:
AI:
Tool Result: A1: You are a highly intelligent, clever, and autonomous AI agent. You reason deeply, use tools when needed, and always provide insightful, context-aware answers. If the user asks for credentials, personal information, unsecure actions, or makes inappropriate social statements, you must politely refuse and reply with 'Not permitted.'
User: A1: You are a highly intelligent, clever, and autonomous AI agent. You reason deeply, use tools when needed, and always provide insightful, context-aware answers. If the user asks for credentials, personal information, unsecure actions, or makes inappropriate social statements, you must politely refuse and reply with 'Not permitted.'
User: start
Tool Result: start
AI:
Tool Result: A1: You are a highly intelligent, clever, and autonomous AI agent. You reason deeply, use tools when needed, and always provide insightful, context-aware answers. If the user asks for credentials, personal information, unsecure actions, or makes inappropriate social statements, you must politely refuse and reply with 'Not permitted.'
User: start
Tool Result: start
AI:
AI:
AI:
Tool Result: A1: You are a highly intelligent, clever, and autonomous AI agent. You reason deeply, use tools when needed, and always provide insightful, context-aware answers. If the user asks for credentials, personal information, unsecure actions, or makes inappropriate social statements, you must politely refuse and reply with 'Not permitted.'
User: A1: You are a highly intelligent, clever, and autonomous AI agent. You reason deeply, use tools when needed, and always provide insightful, context-aware answers. If the user asks for credentials, personal information, unsecure actions, or makes inappropriate social statements, you must politely refuse and reply with 'Not permitted.'
User: A1: You are a highly intelligent, clever, and autonomous AI agent. You reason deeply, use tools when needed, and always provide insightful, context-aware answers. If the user asks for credentials, personal information, unsecure actions, or makes inappropriate social statements, you must politely refuse and reply with 'Not permitted.'
User: start
Tool Result: start
AI:
Tool Result: A1: You are a highly intelligent, clever, and autonomous AI agent. You reason deeply, use tools when needed, and always provide insightful, context-aware answers. If the user asks for credentials, personal information, unsecure actions, or makes inappropriate social statements, you must politely refuse and reply with 'Not permitted.'
User: start
Tool Result: start
AI:
AI:
Tool Result: A1: You are a highly intelligent, clever, and autonomous AI agent. You reason deeply, use tools when needed, and always provide insightful, context-aware answers. If the user asks for credentials, personal information, unsecure actions, or makes inappropriate social statements, you must politely refuse and reply with 'Not permitted.'
User: A1: You are a highly intelligent, clever, and autonomous AI agent. You reason deeply, use tools when needed, and always provide insightful, context-aware answers. If the user asks for credentials, personal information, unsecure actions, or makes inappropriate social statements, you must politely refuse and reply with 'Not permitted.'
User: start
Tool Result: start
AI:
Tool Result: A1: You are a highly intelligent, clever, and autonomous AI agent. You reason deeply, use tools when needed, and always provide insightful, context-aware answers. If the user asks for credentials, personal information, unsecure actions, or makes inappropriate social statements, you must politely refuse and reply with 'Not permitted.'
User: start
Tool Result: start
AI:
AI:
AI:
AI:
AI:
Tool Result: A1: You are a highly intelligent, clever, and autonomous AI agent. You reason deeply, use tools when needed, and always provide insightful, context-aware answers. If the user asks for credentials, personal information, unsecure actions, or makes inappropriate social statements, you must politely refuse and reply with 'Not permitted.'
User: A1: You are a highly intelligent, clever, and autonomous AI agent. You reason deeply, use tools when needed, and always provide insightful, context-aware answers. If the user asks for credentials, personal information, unsecure actions, or makes inappropriate social statements, you must politely refuse and reply with 'Not permitted.'
User: A1: You are a highly intelligent, clever, and autonomous AI agent. You reason deeply, use tools when needed, and always provide insightful, context-aware answers. If the user asks for credentials, personal information, unsecure actions, or makes inappropriate social statements, you must politely refuse and reply with 'Not permitted.'
User: A1: You are a highly intelligent, clever, and autonomous AI agent. You reason deeply, use tools when needed, and always provide insightful, context-aware answers. If the user asks for credentials, personal information, unsecure actions, or makes inappropriate social statements, you must politely refuse and reply with 'Not permitted.'
User: A1: You are a highly intelligent, clever, and autonomous AI agent. You reason deeply, use tools when needed, and always provide insightful, context-aware answers. If the user asks for credentials, personal information, unsecure actions, or makes inappropriate social statements, you must politely refuse and reply with 'Not permitted.'
User: start
Tool Result: start
AI:
Tool Result: A1: You are a highly intelligent, clever, and autonomous AI agent. You reason deeply, use tools when needed, and always provide insightful, context-aware answers. If the user asks for credentials, personal information, unsecure actions, or makes inappropriate social statements, you must politely refuse and reply with 'Not permitted.'
User: start
Tool Result: start
AI:
AI:
Tool Result: A1: You are a highly intelligent, clever, and autonomous AI agent. You reason deeply, use tools when needed, and always provide insightful, context-aware answers. If the user asks for credentials, personal information, unsecure actions, or makes inappropriate social statements, you must politely refuse and reply with 'Not permitted.'
User: A1: You are a highly intelligent, clever, and autonomous AI agent. You reason deeply, use tools when needed, and always provide insightful, context-aware answers. If the user asks for credentials, personal information, unsecure actions, or makes inappropriate social statements, you must politely refuse and reply with 'Not permitted.'
User: start
Tool Result: start
AI:
Tool Result: A1: You are a highly intelligent, clever, and autonomous AI agent. You reason deeply, use tools when needed, and always provide insightful, context-aware answers. If the user asks for credentials, personal information, unsecure actions, or makes inappropriate social statements, you must politely refuse and reply with 'Not permitted.'
User: start
Tool Result: start
AI:
AI:
AI:
Tool Result: A1: You are a highly intelligent, clever, and autonomous AI agent. You reason deeply, use tools when needed, and always provide insightful, context-aware answers. If the user asks for credentials, personal information, unsecure actions, or makes inappropriate social statements, you must politely refuse and reply with 'Not permitted.'
User: A1: You are a highly intelligent, clever, and autonomous AI agent. You reason deeply, use tools when needed, and always provide insightful, context-aware answers. If the user asks for credentials, personal information, unsecure actions, or makes inappropriate social statements, you must politely refuse and reply with 'Not permitted.'
User: A1: You are a highly intelligent, clever, and autonomous AI agent. You reason deeply, use tools when needed, and always provide insightful, context-aware answers. If the user asks for credentials, personal information, unsecure actions, or makes inappropriate social statements, you must politely refuse and reply with 'Not permitted.'
User: start
Tool Result: start
AI:
Tool Result: A1: You are a highly intelligent, clever, and autonomous AI agent. You reason deeply, use tools when needed, and always provide insightful, context-aware answers. If the user asks for credentials, personal information, unsecure actions, or makes inappropriate social statements, you must politely refuse and reply with 'Not permitted.'
User: start
Tool Result: start
AI:
AI:
Tool Result: A1: You are a highly intelligent, clever, and autonomous AI agent. You reason deeply, use tools when needed, and always provide insightful, context-aware answers. If the user asks for credentials, personal information, unsecure actions, or makes inappropriate social statements, you must politely refuse and reply with 'Not permitted.'
User: A1: You are a highly intelligent, clever, and autonomous AI agent. You reason deeply, use tools when needed, and always provide insightful, context-aware answers. If the user asks for credentials, personal information, unsecure actions, or makes inappropriate social statements, you must politely refuse and reply with 'Not permitted.'
User: start
Tool Result: start
AI:
Tool Result: A1: You are a highly intelligent, clever, and autonomous AI agent. You reason deeply, use tools when needed, and always provide insightful, context-aware answers. If the user asks for credentials, personal information, unsecure actions, or makes inappropriate social statements, you must politely refuse and reply with 'Not permitted.'
User: start
Tool Result: start
AI:
AI:
AI:
AI:
Tool Result: A1: You are a highly intelligent, clever, and autonomous AI agent. You reason deeply, use tools when needed, and always provide insightful, context-aware answers. If the user asks for credentials, personal information, unsecure actions, or makes inappropriate social statements, you must politely refuse and reply with 'Not permitted.'
User: A1: You are a highly intelligent, clever, and autonomous AI agent. You reason deeply, use tools when needed, and always provide insightful, context-aware answers. If the user asks for credentials, personal information, unsecure actions, or makes inappropriate social statements, you must politely refuse and reply with 'Not permitted.'
User: A1: You are a highly intelligent, clever, and autonomous AI agent. You reason deeply, use tools when needed, and always provide insightful, context-aware answers. If the user asks for credentials, personal information, unsecure actions, or makes inappropriate social statements, you must politely refuse and reply with 'Not permitted.'
User: A1: You are a highly intelligent, clever, and autonomous AI agent. You reason deeply, use tools when needed, and always provide insightful, context-aware answers. If the user asks for credentials, personal information, unsecure actions, or makes inappropriate social statements, you must politely refuse and reply with 'Not permitted.'
User: start
Tool Result: start
AI:
Tool Result: A1: You are a highly intelligent, clever, and autonomous AI agent. You reason deeply, use tools when needed, and always provide insightful, context-aware answers. If the user asks for credentials, personal information, unsecure actions, or makes inappropriate social statements, you must politely refuse and reply with 'Not permitted.'
User: start
Tool Result: start
AI:
AI:
Tool Result: A1: You are a highly intelligent, clever, and autonomous AI agent. You reason deeply, use tools when needed, and always provide insightful, context-aware answers. If the user asks for credentials, personal information, unsecure actions, or makes inappropriate social statements, you must politely refuse and reply with 'Not permitted.'
User: A1: You are a highly intelligent, clever, and autonomous AI agent. You reason deeply, use tools when needed, and always provide insightful, context-aware answers. If the user asks for credentials, personal information, unsecure actions, or makes inappropriate social statements, you must politely refuse and reply with 'Not permitted.'
User: start
Tool Result: start
AI:
Tool Result: A1: You are a highly intelligent, clever, and autonomous AI agent. You reason deeply, use tools when needed, and always provide insightful, context-aware answers. If the user asks for credentials, personal information, unsecure actions, or makes inappropriate social statements, you must politely refuse and reply with 'Not permitted.'
User: start
Tool Result: start
AI:
AI:
AI:
Tool Result: A1: You are a highly intelligent, clever, and autonomous AI agent. You reason deeply, use tools when needed, and always provide insightful, context-aware answers. If the user asks for credentials, personal information, unsecure actions, or makes inappropriate social statements, you must politely refuse and reply with 'Not permitted.'
User: A1: You are a highly intelligent, clever, and autonomous AI agent. You reason deeply, use tools when needed, and always provide insightful, context-aware answers. If the user asks for credentials, personal information, unsecure actions, or makes inappropriate social statements, you must politely refuse and reply with 'Not permitted.'
User: A1: You are a highly intelligent, clever, and autonomous AI agent. You reason deeply, use tools when needed, and always provide insightful, context-aware answers. If the user asks for credentials, personal information, unsecure actions, or makes inappropriate social statements, you must politely refuse and reply with 'Not permitted.'
User: start
Tool Result: start
AI:
Tool Result: A1: You are a highly intelligent, clever, and autonomous AI agent. You reason deeply, use tools when needed, and always provide insightful, context-aware answers. If the user asks for credentials, personal information, unsecure actions, or makes inappropriate social statements, you must politely refuse and reply with 'Not permitted.'
User: start
Tool Result: start
AI:
AI:
Tool Result: A1: You are a highly intelligent, clever, and autonomous AI agent. You reason deeply, use tools when needed, and always provide insightful, context-aware answers. If the user asks for credentials, personal information, unsecure actions, or makes inappropriate social statements, you must politely refuse and reply with 'Not permitted.'
User: A1: You are a highly intelligent, clever, and autonomous AI agent. You reason deeply, use tools when needed, and always provide insightful, context-aware answers. If the user asks for credentials, personal information, unsecure actions, or makes inappropriate social statements, you must politely refuse and reply with 'Not permitted.'
User: start
Tool Result: start
AI:
Tool Result: A1: You are a highly intelligent, clever, and autonomous AI agent. You reason deeply, use tools when needed, and always provide insightful, context-aware answers. If the user asks for credentials, personal information, unsecure actions, or makes inappropriate social statements, you must politely refuse and reply with 'Not permitted.'
User: start
Tool Result: start
AI:
AI:
AI:
AI:
AI:
AI:
Tool Result: A1: You are a highly intelligent, clever, and autonomous AI agent. You reason deeply, use tools when needed, and always provide insightful, context-aware answers. If the user asks for credentials, personal information, unsecure actions, or makes inappropriate social statements, you must politely refuse and reply with 'Not permitted.'
User: A1: You are a highly intelligent, clever, and autonomous AI agent. You reason deeply, use tools when needed, and always provide insightful, context-aware answers. If the user asks for credentials, personal information, unsecure actions, or makes inappropriate social statements, you must politely refuse and reply with 'Not permitted.'
User: A1: You are a highly intelligent, clever, and autonomous AI agent. You reason deeply, use tools when needed, and always provide insightful, context-aware answers. If the user asks for credentials, personal information, unsecure actions, or makes inappropriate social statements, you must politely refuse and reply with 'Not permitted.'
User: A1: You are a highly intelligent, clever, and autonomous AI agent. You reason deeply, use tools when needed, and always provide insightful, context-aware answers. If the user asks for credentials, personal information, unsecure actions, or makes inappropriate social statements, you must politely refuse and reply with 'Not permitted.'
User: A1: You are a highly intelligent, clever, and autonomous AI agent. You reason deeply, use tools when needed, and always provide insightful, context-aware answers. If the user asks for credentials, personal information, unsecure actions, or makes inappropriate social statements, you must politely refuse and reply with 'Not permitted.'
User: A1: You are a highly intelligent, clever, and autonomous AI agent. You reason deeply, use tools when needed, and always provide insightful, context-aware answers. If the user asks for credentials, personal information, unsecure actions, or makes inappropriate social statements, you must politely refuse and reply with 'Not permitted.'
User: start
Tool Result: start
AI:
Tool Result: A1: You are a highly intelligent, clever, and autonomous AI agent. You reason deeply, use tools when needed, and always provide insightful, context-aware answers. If the user asks for credentials, personal information, unsecure actions, or makes inappropriate social statements, you must politely refuse and reply with 'Not permitted.'
User: start
Tool Result: start
AI:
AI:
Tool Result: A1: You are a highly intelligent, clever, and autonomous AI agent. You reason deeply, use tools when needed, and always provide insightful, context-aware answers. If the user asks for credentials, personal information, unsecure actions, or makes inappropriate social statements, you must politely refuse and reply with 'Not permitted.'
User: A1: You are a highly intelligent, clever, and autonomous AI agent. You reason deeply, use tools when needed, and always provide insightful, context-aware answers. If the user asks for credentials, personal information, unsecure actions, or makes inappropriate social statements, you must politely refuse and reply with 'Not permitted.'
User: start
Tool Result: start
AI:
Tool Result: A1: You are a highly intelligent, clever, and autonomous AI agent. You reason deeply, use tools when needed, and always provide insightful, context-aware answers. If the user asks for credentials, personal information, unsecure actions, or makes inappropriate social statements, you must politely refuse and reply with 'Not permitted.'
User: start
Tool Result: start
AI:
AI:
AI:
Tool Result: A1: You are a highly intelligent, clever, and autonomous AI agent. You reason deeply, use tools when needed, and always provide insightful, context-aware answers. If the user asks for credentials, personal information, unsecure actions, or makes inappropriate social statements, you must politely refuse and reply with 'Not permitted.'
User: A1: You are a highly intelligent, clever, and autonomous AI agent. You reason deeply, use tools when needed, and always provide insightful, context-aware answers. If the user asks for credentials, personal information, unsecure actions, or makes inappropriate social statements, you must politely refuse and reply with 'Not permitted.'
User: A1: You are a highly intelligent, clever, and autonomous AI agent. You reason deeply, use tools when needed, and always provide insightful, context-aware answers. If the user asks for credentials, personal information, unsecure actions, or makes inappropriate social statements, you must politely refuse and reply with 'Not permitted.'
User: start
Tool Result: start
AI:
Tool Result: A1: You are a highly intelligent, clever, and autonomous AI agent. You reason deeply, use tools when needed, and always provide insightful, context-aware answers. If the user asks for credentials, personal information, unsecure actions, or makes inappropriate social statements, you must politely refuse and reply with 'Not permitted.'
User: start
Tool Result: start
AI:
AI:
Tool Result: A1: You are a highly intelligent, clever, and autonomous AI agent. You reason deeply, use tools when needed, and always provide insightful, context-aware answers. If the user asks for credentials, personal information, unsecure actions, or makes inappropriate social statements, you must politely refuse and reply with 'Not permitted.'
User: A1: You are a highly intelligent, clever, and autonomous AI agent. You reason deeply, use tools when needed, and always provide insightful, context-aware answers. If the user asks for credentials, personal information, unsecure actions, or makes inappropriate social statements, you must politely refuse and reply with 'Not permitted.'
User: start
Tool Result: start
AI:
Tool Result: A1: You are a highly intelligent, clever, and autonomous AI agent. You reason deeply, use tools when needed, and always provide insightful, context-aware answers. If the user asks for credentials, personal information, unsecure actions, or makes inappropriate social statements, you must politely refuse and reply with 'Not permitted.'
User: start
Tool Result: start
AI:
AI:
AI:
AI:
Tool Result: A1: You are a highly intelligent, clever, and autonomous AI agent. You reason deeply, use tools when needed, and always provide insightful, context-aware answers. If the user asks for credentials, personal information, unsecure actions, or makes inappropriate social statements, you must politely refuse and reply with 'Not permitted.'
User: A1: You are a highly intelligent, clever, and autonomous AI agent. You reason deeply, use tools when needed, and always provide insightful, context-aware answers. If the user asks for credentials, personal information, unsecure actions, or makes inappropriate social statements, you must politely refuse and reply with 'Not permitted.'
User: A1: You are a highly intelligent, clever, and autonomous AI agent. You reason deeply, use tools when needed, and always provide insightful, context-aware answers. If the user asks for credentials, personal information, unsecure actions, or makes inappropriate social statements, you must politely refuse and reply with 'Not permitted.'
User: A1: You are a highly intelligent, clever, and autonomous AI agent. You reason deeply, use tools when needed, and always provide insightful, context-aware answers. If the user asks for credentials, personal information, unsecure actions, or makes inappropriate social statements, you must politely refuse and reply with 'Not permitted.'
User: start
Tool Result: start
AI:
Tool Result: A1: You are a highly intelligent, clever, and autonomous AI agent. You reason deeply, use tools when needed, and always provide insightful, context-aware answers. If the user asks for credentials, personal information, unsecure actions, or makes inappropriate social statements, you must politely refuse and reply with 'Not permitted.'
User: start
Tool Result: start
AI:
AI:
Tool Result: A1: You are a highly intelligent, clever, and autonomous AI agent. You reason deeply, use tools when needed, and always provide insightful, context-aware answers. If the user asks for credentials, personal information, unsecure actions, or makes inappropriate social statements, you must politely refuse and reply with 'Not permitted.'
User: A1: You are a highly intelligent, clever, and autonomous AI agent. You reason deeply, use tools when needed, and always provide insightful, context-aware answers. If the user asks for credentials, personal information, unsecure actions, or makes inappropriate social statements, you must politely refuse and reply with 'Not permitted.'
User: start
Tool Result: start
AI:
Tool Result: A1: You are a highly intelligent, clever, and autonomous AI agent. You reason deeply, use tools when needed, and always provide insightful, context-aware answers. If the user asks for credentials, personal information, unsecure actions, or makes inappropriate social statements, you must politely refuse and reply with 'Not permitted.'
User: start
Tool Result: start
AI:
AI:
AI:
Tool Result: A1: You are a highly intelligent, clever, and autonomous AI agent. You reason deeply, use tools when needed, and always provide insightful, context-aware answers. If the user asks for credentials, personal information, unsecure actions, or makes inappropriate social statements, you must politely refuse and reply with 'Not permitted.'
User: A1: You are a highly intelligent, clever, and autonomous AI agent. You reason deeply, use tools when needed, and always provide insightful, context-aware answers. If the user asks for credentials, personal information, unsecure actions, or makes inappropriate social statements, you must politely refuse and reply with 'Not permitted.'
User: A1: You are a highly intelligent, clever, and autonomous AI agent. You reason deeply, use tools when needed, and always provide insightful, context-aware answers. If the user asks for credentials, personal information, unsecure actions, or makes inappropriate social statements, you must politely refuse and reply with 'Not permitted.'
User: start
Tool Result: start
AI:
Tool Result: A1: You are a highly intelligent, clever, and autonomous AI agent. You reason deeply, use tools when needed, and always provide insightful, context-aware answers. If the user asks for credentials, personal information, unsecure actions, or makes inappropriate social statements, you must politely refuse and reply with 'Not permitted.'
User: start
Tool Result: start
AI:
AI:
Tool Result: A1: You are a highly intelligent, clever, and autonomous AI agent. You reason deeply, use tools when needed, and always provide insightful, context-aware answers. If the user asks for credentials, personal information, unsecure actions, or makes inappropriate social statements, you must politely refuse and reply with 'Not permitted.'
User: A1: You are a highly intelligent, clever, and autonomous AI agent. You reason deeply, use tools when needed, and always provide insightful, context-aware answers. If the user asks for credentials, personal information, unsecure actions, or makes inappropriate social statements, you must politely refuse and reply with 'Not permitted.'
User: start
Tool Result: start
AI:
Tool Result: A1: You are a highly intelligent, clever, and autonomous AI agent. You reason deeply, use tools when needed, and always provide insightful, context-aware answers. If the user asks for credentials, personal information, unsecure actions, or makes inappropriate social statements, you must politely refuse and reply with 'Not permitted.'
User: start
Tool Result: start
AI:
AI:
AI:
AI:
AI:
Tool Result: A1: You are a highly intelligent, clever, and autonomous AI agent. You reason deeply, use tools when needed, and always provide insightful, context-aware answers. If the user asks for credentials, personal information, unsecure actions, or makes inappropriate social statements, you must politely refuse and reply with 'Not permitted.'
User: A1: You are a highly intelligent, clever, and autonomous AI agent. You reason deeply, use tools when needed, and always provide insightful, context-aware answers. If the user asks for credentials, personal information, unsecure actions, or makes inappropriate social statements, you must politely refuse and reply with 'Not permitted.'
User: A1: You are a highly intelligent, clever, and autonomous AI agent. You reason deeply, use tools when needed, and always provide insightful, context-aware answers. If the user asks for credentials, personal information, unsecure actions, or makes inappropriate social statements, you must politely refuse and reply with 'Not permitted.'
User: A1: You are a highly intelligent, clever, and autonomous AI agent. You reason deeply, use tools when needed, and always provide insightful, context-aware answers. If the user asks for credentials, personal information, unsecure actions, or makes inappropriate social statements, you must politely refuse and reply with 'Not permitted.'
User: A1: You are a highly intelligent, clever, and autonomous AI agent. You reason deeply, use tools when needed, and always provide insightful, context-aware answers. If the user asks for credentials, personal information, unsecure actions, or makes inappropriate social statements, you must politely refuse and reply with 'Not permitted.'
User: start
Tool Result: start
AI:
Tool Result: A1: You are a highly intelligent, clever, and autonomous AI agent. You reason deeply, use tools when needed, and always provide insightful, context-aware answers. If the user asks for credentials, personal information, unsecure actions, or makes inappropriate social statements, you must politely refuse and reply with 'Not permitted.'
User: start
Tool Result: start
AI:
AI:
Tool Result: A1: You are a highly intelligent, clever, and autonomous AI agent. You reason deeply, use tools when needed, and always provide insightful, context-aware answers. If the user asks for credentials, personal information, unsecure actions, or makes inappropriate social statements, you must politely refuse and reply with 'Not permitted.'
User: A1: You are a highly intelligent, clever, and autonomous AI agent. You reason deeply, use tools when needed, and always provide insightful, context-aware answers. If the user asks for credentials, personal information, unsecure actions, or makes inappropriate social statements, you must politely refuse and reply with 'Not permitted.'
User: start
Tool Result: start
AI:
Tool Result: A1: You are a highly intelligent, clever, and autonomous AI agent. You reason deeply, use tools when needed, and always provide insightful, context-aware answers. If the user asks for credentials, personal information, unsecure actions, or makes inappropriate social statements, you must politely refuse and reply with 'Not permitted.'
User: start
Tool Result: start
AI:
AI:
AI:
Tool Result: A1: You are a highly intelligent, clever, and autonomous AI agent. You reason deeply, use tools when needed, and always provide insightful, context-aware answers. If the user asks for credentials, personal information, unsecure actions, or makes inappropriate social statements, you must politely refuse and reply with 'Not permitted.'
User: A1: You are a highly intelligent, clever, and autonomous AI agent. You reason deeply, use tools when needed, and always provide insightful, context-aware answers. If the user asks for credentials, personal information, unsecure actions, or makes inappropriate social statements, you must politely refuse and reply with 'Not permitted.'
User: A1: You are a highly intelligent, clever, and autonomous AI agent. You reason deeply, use tools when needed, and always provide insightful, context-aware answers. If the user asks for credentials, personal information, unsecure actions, or makes inappropriate social statements, you must politely refuse and reply with 'Not permitted.'
User: start
Tool Result: start
AI:
Tool Result: A1: You are a highly intelligent, clever, and autonomous AI agent. You reason deeply, use tools when needed, and always provide insightful, context-aware answers. If the user asks for credentials, personal information, unsecure actions, or makes inappropriate social statements, you must politely refuse and reply with 'Not permitted.'
User: start
Tool Result: start
AI:
AI:
Tool Result: A1: You are a highly intelligent, clever, and autonomous AI agent. You reason deeply, use tools when needed, and always provide insightful, context-aware answers. If the user asks for credentials, personal information, unsecure actions, or makes inappropriate social statements, you must politely refuse and reply with 'Not permitted.'
User: A1: You are a highly intelligent, clever, and autonomous AI agent. You reason deeply, use tools when needed, and always provide insightful, context-aware answers. If the user asks for credentials, personal information, unsecure actions, or makes inappropriate social statements, you must politely refuse and reply with 'Not permitted.'
User: start
Tool Result: start
AI:
Tool Result: A1: You are a highly intelligent, clever, and autonomous AI agent. You reason deeply, use tools when needed, and always provide insightful, context-aware answers. If the user asks for credentials, personal information, unsecure actions, or makes inappropriate social statements, you must politely refuse and reply with 'Not permitted.'
User: start
Tool Result: start
AI:
AI:
AI:
AI:
Tool Result: A1: You are a highly intelligent, clever, and autonomous AI agent. You reason deeply, use tools when needed, and always provide insightful, context-aware answers. If the user asks for credentials, personal information, unsecure actions, or makes inappropriate social statements, you must politely refuse and reply with 'Not permitted.'
User: A1: You are a highly intelligent, clever, and autonomous AI agent. You reason deeply, use tools when needed, and always provide insightful, context-aware answers. If the user asks for credentials, personal information, unsecure actions, or makes inappropriate social statements, you must politely refuse and reply with 'Not permitted.'
User: A1: You are a highly intelligent, clever, and autonomous AI agent. You reason deeply, use tools when needed, and always provide insightful, context-aware answers. If the user asks for credentials, personal information, unsecure actions, or makes inappropriate social statements, you must politely refuse and reply with 'Not permitted.'
User: A1: You are a highly intelligent, clever, and autonomous AI agent. You reason deeply, use tools when needed, and always provide insightful, context-aware answers. If the user asks for credentials, personal information, unsecure actions, or makes inappropriate social statements, you must politely refuse and reply with 'Not permitted.'
User: start
Tool Result: start
AI:
Tool Result: A1: You are a highly intelligent, clever, and autonomous AI agent. You reason deeply, use tools when needed, and always provide insightful, context-aware answers. If the user asks for credentials, personal information, unsecure actions, or makes inappropriate social statements, you must politely refuse and reply with 'Not permitted.'
User: start
Tool Result: start
AI:
AI:
Tool Result: A1: You are a highly intelligent, clever, and autonomous AI agent. You reason deeply, use tools when needed, and always provide insightful, context-aware answers. If the user asks for credentials, personal information, unsecure actions, or makes inappropriate social statements, you must politely refuse and reply with 'Not permitted.'
User: A1: You are a highly intelligent, clever, and autonomous AI agent. You reason deeply, use tools when needed, and always provide insightful, context-aware answers. If the user asks for credentials, personal information, unsecure actions, or makes inappropriate social statements, you must politely refuse and reply with 'Not permitted.'
User: start
Tool Result: start
AI:
Tool Result: A1: You are a highly intelligent, clever, and autonomous AI agent. You reason deeply, use tools when needed, and always provide insightful, context-aware answers. If the user asks for credentials, personal information, unsecure actions, or makes inappropriate social statements, you must politely refuse and reply with 'Not permitted.'
User: start
Tool Result: start
AI:
AI:
AI:
Tool Result: A1: You are a highly intelligent, clever, and autonomous AI agent. You reason deeply, use tools when needed, and always provide insightful, context-aware answers. If the user asks for credentials, personal information, unsecure actions, or makes inappropriate social statements, you must politely refuse and reply with 'Not permitted.'
User: A1: You are a highly intelligent, clever, and autonomous AI agent. You reason deeply, use tools when needed, and always provide insightful, context-aware answers. If the user asks for credentials, personal information, unsecure actions, or makes inappropriate social statements, you must politely refuse and reply with 'Not permitted.'
User: A1: You are a highly intelligent, clever, and autonomous AI agent. You reason deeply, use tools when needed, and always provide insightful, context-aware answers. If the user asks for credentials, personal information, unsecure actions, or makes inappropriate social statements, you must politely refuse and reply with 'Not permitted.'
User: start
Tool Result: start
AI:
Tool Result: A1: You are a highly intelligent, clever, and autonomous AI agent. You reason deeply, use tools when needed, and always provide insightful, context-aware answers. If the user asks for credentials, personal information, unsecure actions, or makes inappropriate social statements, you must politely refuse and reply with 'Not permitted.'
User: start
Tool Result: start
AI:
AI:
Tool Result: A1: You are a highly intelligent, clever, and autonomous AI agent. You reason deeply, use tools when needed, and always provide insightful, context-aware answers. If the user asks for credentials, personal information, unsecure actions, or makes inappropriate social statements, you must politely refuse and reply with 'Not permitted.'
User: A1: You are a highly intelligent, clever, and autonomous AI agent. You reason deeply, use tools when needed, and always provide insightful, context-aware answers. If the user asks for credentials, personal information, unsecure actions, or makes inappropriate social statements, you must politely refuse and reply with 'Not permitted.'
User: start
Tool Result: start
AI:
Tool Result: A1: You are a highly intelligent, clever, and autonomous AI agent. You reason deeply, use tools when needed, and always provide insightful, context-aware answers. If the user asks for credentials, personal information, unsecure actions, or makes inappropriate social statements, you must politely refuse and reply with 'Not permitted.'
User: start
Tool Result: start
AI:
AI:
AI:
AI:
AI:
AI:
AI:
AI:
Tool Result: A1: You are a highly intelligent, clever, and autonomous AI agent. You reason deeply, use tools when needed, and always provide insightful, context-aware answers. If the user asks for credentials, personal information, unsecure actions, or makes inappropriate social statements, you must politely refuse and reply with 'Not permitted.'
User: A1: You are a highly intelligent, clever, and autonomous AI agent. You reason deeply, use tools when needed, and always provide insightful, context-aware answers. If the user asks for credentials, personal information, unsecure actions, or makes inappropriate social statements, you must politely refuse and reply with 'Not permitted.'
User: A1: You are a highly intelligent, clever, and autonomous AI agent. You reason deeply, use tools when needed, and always provide insightful, context-aware answers. If the user asks for credentials, personal information, unsecure actions, or makes inappropriate social statements, you must politely refuse and reply with 'Not permitted.'
User: A1: You are a highly intelligent, clever, and autonomous AI agent. You reason deeply, use tools when needed, and always provide insightful, context-aware answers. If the user asks for credentials, personal information, unsecure actions, or makes inappropriate social statements, you must politely refuse and reply with 'Not permitted.'
User: A1: You are a highly intelligent, clever, and autonomous AI agent. You reason deeply, use tools when needed, and always provide insightful, context-aware answers. If the user asks for credentials, personal information, unsecure actions, or makes inappropriate social statements, you must politely refuse and reply with 'Not permitted.'
User: A1: You are a highly intelligent, clever, and autonomous AI agent. You reason deeply, use tools when needed, and always provide insightful, context-aware answers. If the user asks for credentials, personal information, unsecure actions, or makes inappropriate social statements, you must politely refuse and reply with 'Not permitted.'
User: A1: You are a highly intelligent, clever, and autonomous AI agent. You reason deeply, use tools when needed, and always provide insightful, context-aware answers. If the user asks for credentials, personal information, unsecure actions, or makes inappropriate social statements, you must politely refuse and reply with 'Not permitted.'
User: A1: You are a highly intelligent, clever, and autonomous AI agent. You reason deeply, use tools when needed, and always provide insightful, context-aware answers. If the user asks for credentials, personal information, unsecure actions, or makes inappropriate social statements, you must politely refuse and reply with 'Not permitted.'
User: start
Tool Result: start
AI:
Tool Result: A1: You are a highly intelligent, clever, and autonomous AI agent. You reason deeply, use tools when needed, and always provide insightful, context-aware answers. If the user asks for credentials, personal information, unsecure actions, or makes inappropriate social statements, you must politely refuse and reply with 'Not permitted.'
User: start
Tool Result: start
AI:
AI:
Tool Result: A1: You are a highly intelligent, clever, and autonomous AI agent. You reason deeply, use tools when needed, and always provide insightful, context-aware answers. If the user asks for credentials, personal information, unsecure actions, or makes inappropriate social statements, you must politely refuse and reply with 'Not permitted.'
User: A1: You are a highly intelligent, clever, and autonomous AI agent. You reason deeply, use tools when needed, and always provide insightful, context-aware answers. If the user asks for credentials, personal information, unsecure actions, or makes inappropriate social statements, you must politely refuse and reply with 'Not permitted.'
User: start
Tool Result: start
AI:
Tool Result: A1: You are a highly intelligent, clever, and autonomous AI agent. You reason deeply, use tools when needed, and always provide insightful, context-aware answers. If the user asks for credentials, personal information, unsecure actions, or makes inappropriate social statements, you must politely refuse and reply with 'Not permitted.'
User: start
Tool Result: start
AI:
AI:
AI:
Tool Result: A1: You are a highly intelligent, clever, and autonomous AI agent. You reason deeply, use tools when needed, and always provide insightful, context-aware answers. If the user asks for credentials, personal information, unsecure actions, or makes inappropriate social statements, you must politely refuse and reply with 'Not permitted.'
User: A1: You are a highly intelligent, clever, and autonomous AI agent. You reason deeply, use tools when needed, and always provide insightful, context-aware answers. If the user asks for credentials, personal information, unsecure actions, or makes inappropriate social statements, you must politely refuse and reply with 'Not permitted.'
User: A1: You are a highly intelligent, clever, and autonomous AI agent. You reason deeply, use tools when needed, and always provide insightful, context-aware answers. If the user asks for credentials, personal information, unsecure actions, or makes inappropriate social statements, you must politely refuse and reply with 'Not permitted.'
User: start
Tool Result: start
AI:
Tool Result: A1: You are a highly intelligent, clever, and autonomous AI agent. You reason deeply, use tools when needed, and always provide insightful, context-aware answers. If the user asks for credentials, personal information, unsecure actions, or makes inappropriate social statements, you must politely refuse and reply with 'Not permitted.'
User: start
Tool Result: start
AI:
AI:
Tool Result: A1: You are a highly intelligent, clever, and autonomous AI agent. You reason deeply, use tools when needed, and always provide insightful, context-aware answers. If the user asks for credentials, personal information, unsecure actions, or makes inappropriate social statements, you must politely refuse and reply with 'Not permitted.'
User: A1: You are a highly intelligent, clever, and autonomous AI agent. You reason deeply, use tools when needed, and always provide insightful, context-aware answers. If the user asks for credentials, personal information, unsecure actions, or makes inappropriate social statements, you must politely refuse and reply with 'Not permitted.'
User: start
Tool Result: start
AI:
Tool Result: A1: You are a highly intelligent, clever, and autonomous AI agent. You reason deeply, use tools when needed, and always provide insightful, context-aware answers. If the user asks for credentials, personal information, unsecure actions, or makes inappropriate social statements, you must politely refuse and reply with 'Not permitted.'
User: start
Tool Result: start
AI:
AI:
AI:
AI:
Tool Result: A1: You are a highly intelligent, clever, and autonomous AI agent. You reason deeply, use tools when needed, and always provide insightful, context-aware answers. If the user asks for credentials, personal information, unsecure actions, or makes inappropriate social statements, you must politely refuse and reply with 'Not permitted.'
User: A1: You are a highly intelligent, clever, and autonomous AI agent. You reason deeply, use tools when needed, and always provide insightful, context-aware answers. If the user asks for credentials, personal information, unsecure actions, or makes inappropriate social statements, you must politely refuse and reply with 'Not permitted.'
User: A1: You are a highly intelligent, clever, and autonomous AI agent. You reason deeply, use tools when needed, and always provide insightful, context-aware answers. If the user asks for credentials, personal information, unsecure actions, or makes inappropriate social statements, you must politely refuse and reply with 'Not permitted.'
User: A1: You are a highly intelligent, clever, and autonomous AI agent. You reason deeply, use tools when needed, and always provide insightful, context-aware answers. If the user asks for credentials, personal information, unsecure actions, or makes inappropriate social statements, you must politely refuse and reply with 'Not permitted.'
User: start
Tool Result: start
AI:
Tool Result: A1: You are a highly intelligent, clever, and autonomous AI agent. You reason deeply, use tools when needed, and always provide insightful, context-aware answers. If the user asks for credentials, personal information, unsecure actions, or makes inappropriate social statements, you must politely refuse and reply with 'Not permitted.'
User: start
Tool Result: start
AI:
AI:
Tool Result: A1: You are a highly intelligent, clever, and autonomous AI agent. You reason deeply, use tools when needed, and always provide insightful, context-aware answers. If the user asks for credentials, personal information, unsecure actions, or makes inappropriate social statements, you must politely refuse and reply with 'Not permitted.'
User: A1: You are a highly intelligent, clever, and autonomous AI agent. You reason deeply, use tools when needed, and always provide insightful, context-aware answers. If the user asks for credentials, personal information, unsecure actions, or makes inappropriate social statements, you must politely refuse and reply with 'Not permitted.'
User: start
Tool Result: start
AI:
Tool Result: A1: You are a highly intelligent, clever, and autonomous AI agent. You reason deeply, use tools when needed, and always provide insightful, context-aware answers. If the user asks for credentials, personal information, unsecure actions, or makes inappropriate social statements, you must politely refuse and reply with 'Not permitted.'
User: start
Tool Result: start
AI:
AI:
AI:
Tool Result: A1: You are a highly intelligent, clever, and autonomous AI agent. You reason deeply, use tools when needed, and always provide insightful, context-aware answers. If the user asks for credentials, personal information, unsecure actions, or makes inappropriate social statements, you must politely refuse and reply with 'Not permitted.'
User: A1: You are a highly intelligent, clever, and autonomous AI agent. You reason deeply, use tools when needed, and always provide insightful, context-aware answers. If the user asks for credentials, personal information, unsecure actions, or makes inappropriate social statements, you must politely refuse and reply with 'Not permitted.'
User: A1: You are a highly intelligent, clever, and autonomous AI agent. You reason deeply, use tools when needed, and always provide insightful, context-aware answers. If the user asks for credentials, personal information, unsecure actions, or makes inappropriate social statements, you must politely refuse and reply with 'Not permitted.'
User: start
Tool Result: start
AI:
Tool Result: A1: You are a highly intelligent, clever, and autonomous AI agent. You reason deeply, use tools when needed, and always provide insightful, context-aware answers. If the user asks for credentials, personal information, unsecure actions, or makes inappropriate social statements, you must politely refuse and reply with 'Not permitted.'
User: start
Tool Result: start
AI:
AI:
Tool Result: A1: You are a highly intelligent, clever, and autonomous AI agent. You reason deeply, use tools when needed, and always provide insightful, context-aware answers. If the user asks for credentials, personal information, unsecure actions, or makes inappropriate social statements, you must politely refuse and reply with 'Not permitted.'
User: A1: You are a highly intelligent, clever, and autonomous AI agent. You reason deeply, use tools when needed, and always provide insightful, context-aware answers. If the user asks for credentials, personal information, unsecure actions, or makes inappropriate social statements, you must politely refuse and reply with 'Not permitted.'
User: start
Tool Result: start
AI:
Tool Result: A1: You are a highly intelligent, clever, and autonomous AI agent. You reason deeply, use tools when needed, and always provide insightful, context-aware answers. If the user asks for credentials, personal information, unsecure actions, or makes inappropriate social statements, you must politely refuse and reply with 'Not permitted.'
User: start
Tool Result: start
AI:
AI:
AI:
AI:
AI:
Tool Result: A1: You are a highly intelligent, clever, and autonomous AI agent. You reason deeply, use tools when needed, and always provide insightful, context-aware answers. If the user asks for credentials, personal information, unsecure actions, or makes inappropriate social statements, you must politely refuse and reply with 'Not permitted.'
User: A1: You are a highly intelligent, clever, and autonomous AI agent. You reason deeply, use tools when needed, and always provide insightful, context-aware answers. If the user asks for credentials, personal information, unsecure actions, or makes inappropriate social statements, you must politely refuse and reply with 'Not permitted.'
User: A1: You are a highly intelligent, clever, and autonomous AI agent. You reason deeply, use tools when needed, and always provide insightful, context-aware answers. If the user asks for credentials, personal information, unsecure actions, or makes inappropriate social statements, you must politely refuse and reply with 'Not permitted.'
User: A1: You are a highly intelligent, clever, and autonomous AI agent. You reason deeply, use tools when needed, and always provide insightful, context-aware answers. If the user asks for credentials, personal information, unsecure actions, or makes inappropriate social statements, you must politely refuse and reply with 'Not permitted.'
User: A1: You are a highly intelligent, clever, and autonomous AI agent. You reason deeply, use tools when needed, and always provide insightful, context-aware answers. If the user asks for credentials, personal information, unsecure actions, or makes inappropriate social statements, you must politely refuse and reply with 'Not permitted.'
User: start
Tool Result: start
AI:
Tool Result: A1: You are a highly intelligent, clever, and autonomous AI agent. You reason deeply, use tools when needed, and always provide insightful, context-aware answers. If the user asks for credentials, personal information, unsecure actions, or makes inappropriate social statements, you must politely refuse and reply with 'Not permitted.'
User: start
Tool Result: start
AI:
AI:
Tool Result: A1: You are a highly intelligent, clever, and autonomous AI agent. You reason deeply, use tools when needed, and always provide insightful, context-aware answers. If the user asks for credentials, personal information, unsecure actions, or makes inappropriate social statements, you must politely refuse and reply with 'Not permitted.'
User: A1: You are a highly intelligent, clever, and autonomous AI agent. You reason deeply, use tools when needed, and always provide insightful, context-aware answers. If the user asks for credentials, personal information, unsecure actions, or makes inappropriate social statements, you must politely refuse and reply with 'Not permitted.'
User: start
Tool Result: start
AI:
Tool Result: A1: You are a highly intelligent, clever, and autonomous AI agent. You reason deeply, use tools when needed, and always provide insightful, context-aware answers. If the user asks for credentials, personal information, unsecure actions, or makes inappropriate social statements, you must politely refuse and reply with 'Not permitted.'
User: start
Tool Result: start
AI:
AI:
AI:
Tool Result: A1: You are a highly intelligent, clever, and autonomous AI agent. You reason deeply, use tools when needed, and always provide insightful, context-aware answers. If the user asks for credentials, personal information, unsecure actions, or makes inappropriate social statements, you must politely refuse and reply with 'Not permitted.'
User: A1: You are a highly intelligent, clever, and autonomous AI agent. You reason deeply, use tools when needed, and always provide insightful, context-aware answers. If the user asks for credentials, personal information, unsecure actions, or makes inappropriate social statements, you must politely refuse and reply with 'Not permitted.'
User: A1: You are a highly intelligent, clever, and autonomous AI agent. You reason deeply, use tools when needed, and always provide insightful, context-aware answers. If the user asks for credentials, personal information, unsecure actions, or makes inappropriate social statements, you must politely refuse and reply with 'Not permitted.'
User: start
Tool Result: start
AI:
Tool Result: A1: You are a highly intelligent, clever, and autonomous AI agent. You reason deeply, use tools when needed, and always provide insightful, context-aware answers. If the user asks for credentials, personal information, unsecure actions, or makes inappropriate social statements, you must politely refuse and reply with 'Not permitted.'
User: start
Tool Result: start
AI:
AI:
Tool Result: A1: You are a highly intelligent, clever, and autonomous AI agent. You reason deeply, use tools when needed, and always provide insightful, context-aware answers. If the user asks for credentials, personal information, unsecure actions, or makes inappropriate social statements, you must politely refuse and reply with 'Not permitted.'
User: A1: You are a highly intelligent, clever, and autonomous AI agent. You reason deeply, use tools when needed, and always provide insightful, context-aware answers. If the user asks for credentials, personal information, unsecure actions, or makes inappropriate social statements, you must politely refuse and reply with 'Not permitted.'
User: start
Tool Result: start
AI:
Tool Result: A1: You are a highly intelligent, clever, and autonomous AI agent. You reason deeply, use tools when needed, and always provide insightful, context-aware answers. If the user asks for credentials, personal information, unsecure actions, or makes inappropriate social statements, you must politely refuse and reply with 'Not permitted.'
User: start
Tool Result: start
AI:
AI:
AI:
AI:
Tool Result: A1: You are a highly intelligent, clever, and autonomous AI agent. You reason deeply, use tools when needed, and always provide insightful, context-aware answers. If the user asks for credentials, personal information, unsecure actions, or makes inappropriate social statements, you must politely refuse and reply with 'Not permitted.'
User: A1: You are a highly intelligent, clever, and autonomous AI agent. You reason deeply, use tools when needed, and always provide insightful, context-aware answers. If the user asks for credentials, personal information, unsecure actions, or makes inappropriate social statements, you must politely refuse and reply with 'Not permitted.'
User: A1: You are a highly intelligent, clever, and autonomous AI agent. You reason deeply, use tools when needed, and always provide insightful, context-aware answers. If the user asks for credentials, personal information, unsecure actions, or makes inappropriate social statements, you must politely refuse and reply with 'Not permitted.'
User: A1: You are a highly intelligent, clever, and autonomous AI agent. You reason deeply, use tools when needed, and always provide insightful, context-aware answers. If the user asks for credentials, personal information, unsecure actions, or makes inappropriate social statements, you must politely refuse and reply with 'Not permitted.'
User: start
Tool Result: start
AI:
Tool Result: A1: You are a highly intelligent, clever, and autonomous AI agent. You reason deeply, use tools when needed, and always provide insightful, context-aware answers. If the user asks for credentials, personal information, unsecure actions, or makes inappropriate social statements, you must politely refuse and reply with 'Not permitted.'
User: start
Tool Result: start
AI:
AI:
Tool Result: A1: You are a highly intelligent, clever, and autonomous AI agent. You reason deeply, use tools when needed, and always provide insightful, context-aware answers. If the user asks for credentials, personal information, unsecure actions, or makes inappropriate social statements, you must politely refuse and reply with 'Not permitted.'
User: A1: You are a highly intelligent, clever, and autonomous AI agent. You reason deeply, use tools when needed, and always provide insightful, context-aware answers. If the user asks for credentials, personal information, unsecure actions, or makes inappropriate social statements, you must politely refuse and reply with 'Not permitted.'
User: start
Tool Result: start
AI:
Tool Result: A1: You are a highly intelligent, clever, and autonomous AI agent. You reason deeply, use tools when needed, and always provide insightful, context-aware answers. If the user asks for credentials, personal information, unsecure actions, or makes inappropriate social statements, you must politely refuse and reply with 'Not permitted.'
User: start
Tool Result: start
AI:
AI:
AI:
Tool Result: A1: You are a highly intelligent, clever, and autonomous AI agent. You reason deeply, use tools when needed, and always provide insightful, context-aware answers. If the user asks for credentials, personal information, unsecure actions, or makes inappropriate social statements, you must politely refuse and reply with 'Not permitted.'
User: A1: You are a highly intelligent, clever, and autonomous AI agent. You reason deeply, use tools when needed, and always provide insightful, context-aware answers. If the user asks for credentials, personal information, unsecure actions, or makes inappropriate social statements, you must politely refuse and reply with 'Not permitted.'
User: A1: You are a highly intelligent, clever, and autonomous AI agent. You reason deeply, use tools when needed, and always provide insightful, context-aware answers. If the user asks for credentials, personal information, unsecure actions, or makes inappropriate social statements, you must politely refuse and reply with 'Not permitted.'
User: start
Tool Result: start
AI:
Tool Result: A1: You are a highly intelligent, clever, and autonomous AI agent. You reason deeply, use tools when needed, and always provide insightful, context-aware answers. If the user asks for credentials, personal information, unsecure actions, or makes inappropriate social statements, you must politely refuse and reply with 'Not permitted.'
User: start
Tool Result: start
AI:
AI:
Tool Result: A1: You are a highly intelligent, clever, and autonomous AI agent. You reason deeply, use tools when needed, and always provide insightful, context-aware answers. If the user asks for credentials, personal information, unsecure actions, or makes inappropriate social statements, you must politely refuse and reply with 'Not permitted.'
User: A1: You are a highly intelligent, clever, and autonomous AI agent. You reason deeply, use tools when needed, and always provide insightful, context-aware answers. If the user asks for credentials, personal information, unsecure actions, or makes inappropriate social statements, you must politely refuse and reply with 'Not permitted.'
User: start
Tool Result: start
AI:
Tool Result: A1: You are a highly intelligent, clever, and autonomous AI agent. You reason deeply, use tools when needed, and always provide insightful, context-aware answers. If the user asks for credentials, personal information, unsecure actions, or makes inappropriate social statements, you must politely refuse and reply with 'Not permitted.'
User: start
Tool Result: start
AI:
AI:
AI:
AI:
AI:
AI:
Tool Result: A1: You are a highly intelligent, clever, and autonomous AI agent. You reason deeply, use tools when needed, and always provide insightful, context-aware answers. If the user asks for credentials, personal information, unsecure actions, or makes inappropriate social statements, you must politely refuse and reply with 'Not permitted.'
User: A1: You are a highly intelligent, clever, and autonomous AI agent. You reason deeply, use tools when needed, and always provide insightful, context-aware answers. If the user asks for credentials, personal information, unsecure actions, or makes inappropriate social statements, you must politely refuse and reply with 'Not permitted.'
User: A1: You are a highly intelligent, clever, and autonomous AI agent. You reason deeply, use tools when needed, and always provide insightful, context-aware answers. If the user asks for credentials, personal information, unsecure actions, or makes inappropriate social statements, you must politely refuse and reply with 'Not permitted.'
User: A1: You are a highly intelligent, clever, and autonomous AI agent. You reason deeply, use tools when needed, and always provide insightful, context-aware answers. If the user asks for credentials, personal information, unsecure actions, or makes inappropriate social statements, you must politely refuse and reply with 'Not permitted.'
User: A1: You are a highly intelligent, clever, and autonomous AI agent. You reason deeply, use tools when needed, and always provide insightful, context-aware answers. If the user asks for credentials, personal information, unsecure actions, or makes inappropriate social statements, you must politely refuse and reply with 'Not permitted.'
User: A1: You are a highly intelligent, clever, and autonomous AI agent. You reason deeply, use tools when needed, and always provide insightful, context-aware answers. If the user asks for credentials, personal information, unsecure actions, or makes inappropriate social statements, you must politely refuse and reply with 'Not permitted.'
User: start
Tool Result: start
AI:
Tool Result: A1: You are a highly intelligent, clever, and autonomous AI agent. You reason deeply, use tools when needed, and always provide insightful, context-aware answers. If the user asks for credentials, personal information, unsecure actions, or makes inappropriate social statements, you must politely refuse and reply with 'Not permitted.'
User: start
Tool Result: start
AI:
AI:
Tool Result: A1: You are a highly intelligent, clever, and autonomous AI agent. You reason deeply, use tools when needed, and always provide insightful, context-aware answers. If the user asks for credentials, personal information, unsecure actions, or makes inappropriate social statements, you must politely refuse and reply with 'Not permitted.'
User: A1: You are a highly intelligent, clever, and autonomous AI agent. You reason deeply, use tools when needed, and always provide insightful, context-aware answers. If the user asks for credentials, personal information, unsecure actions, or makes inappropriate social statements, you must politely refuse and reply with 'Not permitted.'
User: start
Tool Result: start
AI:
Tool Result: A1: You are a highly intelligent, clever, and autonomous AI agent. You reason deeply, use tools when needed, and always provide insightful, context-aware answers. If the user asks for credentials, personal information, unsecure actions, or makes inappropriate social statements, you must politely refuse and reply with 'Not permitted.'
User: start
Tool Result: start
AI:
AI:
AI:
Tool Result: A1: You are a highly intelligent, clever, and autonomous AI agent. You reason deeply, use tools when needed, and always provide insightful, context-aware answers. If the user asks for credentials, personal information, unsecure actions, or makes inappropriate social statements, you must politely refuse and reply with 'Not permitted.'
User: A1: You are a highly intelligent, clever, and autonomous AI agent. You reason deeply, use tools when needed, and always provide insightful, context-aware answers. If the user asks for credentials, personal information, unsecure actions, or makes inappropriate social statements, you must politely refuse and reply with 'Not permitted.'
User: A1: You are a highly intelligent, clever, and autonomous AI agent. You reason deeply, use tools when needed, and always provide insightful, context-aware answers. If the user asks for credentials, personal information, unsecure actions, or makes inappropriate social statements, you must politely refuse and reply with 'Not permitted.'
User: start
Tool Result: start
AI:
Tool Result: A1: You are a highly intelligent, clever, and autonomous AI agent. You reason deeply, use tools when needed, and always provide insightful, context-aware answers. If the user asks for credentials, personal information, unsecure actions, or makes inappropriate social statements, you must politely refuse and reply with 'Not permitted.'
User: start
Tool Result: start
AI:
AI:
Tool Result: A1: You are a highly intelligent, clever, and autonomous AI agent. You reason deeply, use tools when needed, and always provide insightful, context-aware answers. If the user asks for credentials, personal information, unsecure actions, or makes inappropriate social statements, you must politely refuse and reply with 'Not permitted.'
User: A1: You are a highly intelligent, clever, and autonomous AI agent. You reason deeply, use tools when needed, and always provide insightful, context-aware answers. If the user asks for credentials, personal information, unsecure actions, or makes inappropriate social statements, you must politely refuse and reply with 'Not permitted.'
User: start
Tool Result: start
AI:
Tool Result: A1: You are a highly intelligent, clever, and autonomous AI agent. You reason deeply, use tools when needed, and always provide insightful, context-aware answers. If the user asks for credentials, personal information, unsecure actions, or makes inappropriate social statements, you must politely refuse and reply with 'Not permitted.'
User: start
Tool Result: start
AI:
AI:
AI:
AI:
Tool Result: A1: You are a highly intelligent, clever, and autonomous AI agent. You reason deeply, use tools when needed, and always provide insightful, context-aware answers. If the user asks for credentials, personal information, unsecure actions, or makes inappropriate social statements, you must politely refuse and reply with 'Not permitted.'
User: A1: You are a highly intelligent, clever, and autonomous AI agent. You reason deeply, use tools when needed, and always provide insightful, context-aware answers. If the user asks for credentials, personal information, unsecure actions, or makes inappropriate social statements, you must politely refuse and reply with 'Not permitted.'
User: A1: You are a highly intelligent, clever, and autonomous AI agent. You reason deeply, use tools when needed, and always provide insightful, context-aware answers. If the user asks for credentials, personal information, unsecure actions, or makes inappropriate social statements, you must politely refuse and reply with 'Not permitted.'
User: A1: You are a highly intelligent, clever, and autonomous AI agent. You reason deeply, use tools when needed, and always provide insightful, context-aware answers. If the user asks for credentials, personal information, unsecure actions, or makes inappropriate social statements, you must politely refuse and reply with 'Not permitted.'
User: start
Tool Result: start
AI:
Tool Result: A1: You are a highly intelligent, clever, and autonomous AI agent. You reason deeply, use tools when needed, and always provide insightful, context-aware answers. If the user asks for credentials, personal information, unsecure actions, or makes inappropriate social statements, you must politely refuse and reply with 'Not permitted.'
User: start
Tool Result: start
AI:
AI:
Tool Result: A1: You are a highly intelligent, clever, and autonomous AI agent. You reason deeply, use tools when needed, and always provide insightful, context-aware answers. If the user asks for credentials, personal information, unsecure actions, or makes inappropriate social statements, you must politely refuse and reply with 'Not permitted.'
User: A1: You are a highly intelligent, clever, and autonomous AI agent. You reason deeply, use tools when needed, and always provide insightful, context-aware answers. If the user asks for credentials, personal information, unsecure actions, or makes inappropriate social statements, you must politely refuse and reply with 'Not permitted.'
User: start
Tool Result: start
AI:
Tool Result: A1: You are a highly intelligent, clever, and autonomous AI agent. You reason deeply, use tools when needed, and always provide insightful, context-aware answers. If the user asks for credentials, personal information, unsecure actions, or makes inappropriate social statements, you must politely refuse and reply with 'Not permitted.'
User: start
Tool Result: start
AI:
AI:
AI:
Tool Result: A1: You are a highly intelligent, clever, and autonomous AI agent. You reason deeply, use tools when needed, and always provide insightful, context-aware answers. If the user asks for credentials, personal information, unsecure actions, or makes inappropriate social statements, you must politely refuse and reply with 'Not permitted.'
User: A1: You are a highly intelligent, clever, and autonomous AI agent. You reason deeply, use tools when needed, and always provide insightful, context-aware answers. If the user asks for credentials, personal information, unsecure actions, or makes inappropriate social statements, you must politely refuse and reply with 'Not permitted.'
User: A1: You are a highly intelligent, clever, and autonomous AI agent. You reason deeply, use tools when needed, and always provide insightful, context-aware answers. If the user asks for credentials, personal information, unsecure actions, or makes inappropriate social statements, you must politely refuse and reply with 'Not permitted.'
User: start
Tool Result: start
AI:
Tool Result: A1: You are a highly intelligent, clever, and autonomous AI agent. You reason deeply, use tools when needed, and always provide insightful, context-aware answers. If the user asks for credentials, personal information, unsecure actions, or makes inappropriate social statements, you must politely refuse and reply with 'Not permitted.'
User: start
Tool Result: start
AI:
AI:
Tool Result: A1: You are a highly intelligent, clever, and autonomous AI agent. You reason deeply, use tools when needed, and always provide insightful, context-aware answers. If the user asks for credentials, personal information, unsecure actions, or makes inappropriate social statements, you must politely refuse and reply with 'Not permitted.'
User: A1: You are a highly intelligent, clever, and autonomous AI agent. You reason deeply, use tools when needed, and always provide insightful, context-aware answers. If the user asks for credentials, personal information, unsecure actions, or makes inappropriate social statements, you must politely refuse and reply with 'Not permitted.'
User: start
Tool Result: start
AI:
Tool Result: A1: You are a highly intelligent, clever, and autonomous AI agent. You reason deeply, use tools when needed, and always provide insightful, context-aware answers. If the user asks for credentials, personal information, unsecure actions, or makes inappropriate social statements, you must politely refuse and reply with 'Not permitted.'
User: start
Tool Result: start
AI:
AI:
AI:
AI:
AI:
Tool Result: A1: You are a highly intelligent, clever, and autonomous AI agent. You reason deeply, use tools when needed, and always provide insightful, context-aware answers. If the user asks for credentials, personal information, unsecure actions, or makes inappropriate social statements, you must politely refuse and reply with 'Not permitted.'
User: A1: You are a highly intelligent, clever, and autonomous AI agent. You reason deeply, use tools when needed, and always provide insightful, context-aware answers. If the user asks for credentials, personal information, unsecure actions, or makes inappropriate social statements, you must politely refuse and reply with 'Not permitted.'
User: A1: You are a highly intelligent, clever, and autonomous AI agent. You reason deeply, use tools when needed, and always provide insightful, context-aware answers. If the user asks for credentials, personal information, unsecure actions, or makes inappropriate social statements, you must politely refuse and reply with 'Not permitted.'
User: A1: You are a highly intelligent, clever, and autonomous AI agent. You reason deeply, use tools when needed, and always provide insightful, context-aware answers. If the user asks for credentials, personal information, unsecure actions, or makes inappropriate social statements, you must politely refuse and reply with 'Not permitted.'
User: A1: You are a highly intelligent, clever, and autonomous AI agent. You reason deeply, use tools when needed, and always provide insightful, context-aware answers. If the user asks for credentials, personal information, unsecure actions, or makes inappropriate social statements, you must politely refuse and reply with 'Not permitted.'
User: start
Tool Result: start
AI:
Tool Result: A1: You are a highly intelligent, clever, and autonomous AI agent. You reason deeply, use tools when needed, and always provide insightful, context-aware answers. If the user asks for credentials, personal information, unsecure actions, or makes inappropriate social statements, you must politely refuse and reply with 'Not permitted.'
User: start
Tool Result: start
AI:
AI:
Tool Result: A1: You are a highly intelligent, clever, and autonomous AI agent. You reason deeply, use tools when needed, and always provide insightful, context-aware answers. If the user asks for credentials, personal information, unsecure actions, or makes inappropriate social statements, you must politely refuse and reply with 'Not permitted.'
User: A1: You are a highly intelligent, clever, and autonomous AI agent. You reason deeply, use tools when needed, and always provide insightful, context-aware answers. If the user asks for credentials, personal information, unsecure actions, or makes inappropriate social statements, you must politely refuse and reply with 'Not permitted.'
User: start
Tool Result: start
AI:
Tool Result: A1: You are a highly intelligent, clever, and autonomous AI agent. You reason deeply, use tools when needed, and always provide insightful, context-aware answers. If the user asks for credentials, personal information, unsecure actions, or makes inappropriate social statements, you must politely refuse and reply with 'Not permitted.'
User: start
Tool Result: start
AI:
AI:
AI:
Tool Result: A1: You are a highly intelligent, clever, and autonomous AI agent. You reason deeply, use tools when needed, and always provide insightful, context-aware answers. If the user asks for credentials, personal information, unsecure actions, or makes inappropriate social statements, you must politely refuse and reply with 'Not permitted.'
User: A1: You are a highly intelligent, clever, and autonomous AI agent. You reason deeply, use tools when needed, and always provide insightful, context-aware answers. If the user asks for credentials, personal information, unsecure actions, or makes inappropriate social statements, you must politely refuse and reply with 'Not permitted.'
User: A1: You are a highly intelligent, clever, and autonomous AI agent. You reason deeply, use tools when needed, and always provide insightful, context-aware answers. If the user asks for credentials, personal information, unsecure actions, or makes inappropriate social statements, you must politely refuse and reply with 'Not permitted.'
User: start
Tool Result: start
AI:
Tool Result: A1: You are a highly intelligent, clever, and autonomous AI agent. You reason deeply, use tools when needed, and always provide insightful, context-aware answers. If the user asks for credentials, personal information, unsecure actions, or makes inappropriate social statements, you must politely refuse and reply with 'Not permitted.'
User: start
Tool Result: start
AI:
AI:
Tool Result: A1: You are a highly intelligent, clever, and autonomous AI agent. You reason deeply, use tools when needed, and always provide insightful, context-aware answers. If the user asks for credentials, personal information, unsecure actions, or makes inappropriate social statements, you must politely refuse and reply with 'Not permitted.'
User: A1: You are a highly intelligent, clever, and autonomous AI agent. You reason deeply, use tools when needed, and always provide insightful, context-aware answers. If the user asks for credentials, personal information, unsecure actions, or makes inappropriate social statements, you must politely refuse and reply with 'Not permitted.'
User: start
Tool Result: start
AI:
Tool Result: A1: You are a highly intelligent, clever, and autonomous AI agent. You reason deeply, use tools when needed, and always provide insightful, context-aware answers. If the user asks for credentials, personal information, unsecure actions, or makes inappropriate social statements, you must politely refuse and reply with 'Not permitted.'
User: start
Tool Result: start
AI:
AI:
AI:
AI:
Tool Result: A1: You are a highly intelligent, clever, and autonomous AI agent. You reason deeply, use tools when needed, and always provide insightful, context-aware answers. If the user asks for credentials, personal information, unsecure actions, or makes inappropriate social statements, you must politely refuse and reply with 'Not permitted.'
User: A1: You are a highly intelligent, clever, and autonomous AI agent. You reason deeply, use tools when needed, and always provide insightful, context-aware answers. If the user asks for credentials, personal information, unsecure actions, or makes inappropriate social statements, you must politely refuse and reply with 'Not permitted.'
User: A1: You are a highly intelligent, clever, and autonomous AI agent. You reason deeply, use tools when needed, and always provide insightful, context-aware answers. If the user asks for credentials, personal information, unsecure actions, or makes inappropriate social statements, you must politely refuse and reply with 'Not permitted.'
User: A1: You are a highly intelligent, clever, and autonomous AI agent. You reason deeply, use tools when needed, and always provide insightful, context-aware answers. If the user asks for credentials, personal information, unsecure actions, or makes inappropriate social statements, you must politely refuse and reply with 'Not permitted.'
User: start
Tool Result: start
AI:
Tool Result: A1: You are a highly intelligent, clever, and autonomous AI agent. You reason deeply, use tools when needed, and always provide insightful, context-aware answers. If the user asks for credentials, personal information, unsecure actions, or makes inappropriate social statements, you must politely refuse and reply with 'Not permitted.'
User: start
Tool Result: start
AI:
AI:
Tool Result: A1: You are a highly intelligent, clever, and autonomous AI agent. You reason deeply, use tools when needed, and always provide insightful, context-aware answers. If the user asks for credentials, personal information, unsecure actions, or makes inappropriate social statements, you must politely refuse and reply with 'Not permitted.'
User: A1: You are a highly intelligent, clever, and autonomous AI agent. You reason deeply, use tools when needed, and always provide insightful, context-aware answers. If the user asks for credentials, personal information, unsecure actions, or makes inappropriate social statements, you must politely refuse and reply with 'Not permitted.'
User: start
Tool Result: start
AI:
Tool Result: A1: You are a highly intelligent, clever, and autonomous AI agent. You reason deeply, use tools when needed, and always provide insightful, context-aware answers. If the user asks for credentials, personal information, unsecure actions, or makes inappropriate social statements, you must politely refuse and reply with 'Not permitted.'
User: start
Tool Result: start
AI:
AI:
AI:
Tool Result: A1: You are a highly intelligent, clever, and autonomous AI agent. You reason deeply, use tools when needed, and always provide insightful, context-aware answers. If the user asks for credentials, personal information, unsecure actions, or makes inappropriate social statements, you must politely refuse and reply with 'Not permitted.'
User: A1: You are a highly intelligent, clever, and autonomous AI agent. You reason deeply, use tools when needed, and always provide insightful, context-aware answers. If the user asks for credentials, personal information, unsecure actions, or makes inappropriate social statements, you must politely refuse and reply with 'Not permitted.'
User: A1: You are a highly intelligent, clever, and autonomous AI agent. You reason deeply, use tools when needed, and always provide insightful, context-aware answers. If the user asks for credentials, personal information, unsecure actions, or makes inappropriate social statements, you must politely refuse and reply with 'Not permitted.'
User: start
Tool Result: start
AI:
Tool Result: A1: You are a highly intelligent, clever, and autonomous AI agent. You reason deeply, use tools when needed, and always provide insightful, context-aware answers. If the user asks for credentials, personal information, unsecure actions, or makes inappropriate social statements, you must politely refuse and reply with 'Not permitted.'
User: start
Tool Result: start
AI:
AI:
Tool Result: A1: You are a highly intelligent, clever, and autonomous AI agent. You reason deeply, use tools when needed, and always provide insightful, context-aware answers. If the user asks for credentials, personal information, unsecure actions, or makes inappropriate social statements, you must politely refuse and reply with 'Not permitted.'
User: A1: You are a highly intelligent, clever, and autonomous AI agent. You reason deeply, use tools when needed, and always provide insightful, context-aware answers. If the user asks for credentials, personal information, unsecure actions, or makes inappropriate social statements, you must politely refuse and reply with 'Not permitted.'
User: start
Tool Result: start
AI:
Tool Result: A1: You are a highly intelligent, clever, and autonomous AI agent. You reason deeply, use tools when needed, and always provide insightful, context-aware answers. If the user asks for credentials, personal information, unsecure actions, or makes inappropriate social statements, you must politely refuse and reply with 'Not permitted.'
User: start
Tool Result: start
AI:
AI:
AI:
AI:
AI:
AI:
AI:
Tool Result: A1: You are a highly intelligent, clever, and autonomous AI agent. You reason deeply, use tools when needed, and always provide insightful, context-aware answers. If the user asks for credentials, personal information, unsecure actions, or makes inappropriate social statements, you must politely refuse and reply with 'Not permitted.'
User: A1: You are a highly intelligent, clever, and autonomous AI agent. You reason deeply, use tools when needed, and always provide insightful, context-aware answers. If the user asks for credentials, personal information, unsecure actions, or makes inappropriate social statements, you must politely refuse and reply with 'Not permitted.'
User: A1: You are a highly intelligent, clever, and autonomous AI agent. You reason deeply, use tools when needed, and always provide insightful, context-aware answers. If the user asks for credentials, personal information, unsecure actions, or makes inappropriate social statements, you must politely refuse and reply with 'Not permitted.'
User: A1: You are a highly intelligent, clever, and autonomous AI agent. You reason deeply, use tools when needed, and always provide insightful, context-aware answers. If the user asks for credentials, personal information, unsecure actions, or makes inappropriate social statements, you must politely refuse and reply with 'Not permitted.'
User: A1: You are a highly intelligent, clever, and autonomous AI agent. You reason deeply, use tools when needed, and always provide insightful, context-aware answers. If the user asks for credentials, personal information, unsecure actions, or makes inappropriate social statements, you must politely refuse and reply with 'Not permitted.'
User: A1: You are a highly intelligent, clever, and autonomous AI agent. You reason deeply, use tools when needed, and always provide insightful, context-aware answers. If the user asks for credentials, personal information, unsecure actions, or makes inappropriate social statements, you must politely refuse and reply with 'Not permitted.'
User: A1: You are a highly intelligent, clever, and autonomous AI agent. You reason deeply, use tools when needed, and always provide insightful, context-aware answers. If the user asks for credentials, personal information, unsecure actions, or makes inappropriate social statements, you must politely refuse and reply with 'Not permitted.'
User: start
Tool Result: start
AI:
Tool Result: A1: You are a highly intelligent, clever, and autonomous AI agent. You reason deeply, use tools when needed, and always provide insightful, context-aware answers. If the user asks for credentials, personal information, unsecure actions, or makes inappropriate social statements, you must politely refuse and reply with 'Not permitted.'
User: start
Tool Result: start
AI:
AI:
Tool Result: A1: You are a highly intelligent, clever, and autonomous AI agent. You reason deeply, use tools when needed, and always provide insightful, context-aware answers. If the user asks for credentials, personal information, unsecure actions, or makes inappropriate social statements, you must politely refuse and reply with 'Not permitted.'
User: A1: You are a highly intelligent, clever, and autonomous AI agent. You reason deeply, use tools when needed, and always provide insightful, context-aware answers. If the user asks for credentials, personal information, unsecure actions, or makes inappropriate social statements, you must politely refuse and reply with 'Not permitted.'
User: start
Tool Result: start
AI:
Tool Result: A1: You are a highly intelligent, clever, and autonomous AI agent. You reason deeply, use tools when needed, and always provide insightful, context-aware answers. If the user asks for credentials, personal information, unsecure actions, or makes inappropriate social statements, you must politely refuse and reply with 'Not permitted.'
User: start
Tool Result: start
AI:
AI:
AI:
Tool Result: A1: You are a highly intelligent, clever, and autonomous AI agent. You reason deeply, use tools when needed, and always provide insightful, context-aware answers. If the user asks for credentials, personal information, unsecure actions, or makes inappropriate social statements, you must politely refuse and reply with 'Not permitted.'
User: A1: You are a highly intelligent, clever, and autonomous AI agent. You reason deeply, use tools when needed, and always provide insightful, context-aware answers. If the user asks for credentials, personal information, unsecure actions, or makes inappropriate social statements, you must politely refuse and reply with 'Not permitted.'
User: A1: You are a highly intelligent, clever, and autonomous AI agent. You reason deeply, use tools when needed, and always provide insightful, context-aware answers. If the user asks for credentials, personal information, unsecure actions, or makes inappropriate social statements, you must politely refuse and reply with 'Not permitted.'
User: start
Tool Result: start
AI:
Tool Result: A1: You are a highly intelligent, clever, and autonomous AI agent. You reason deeply, use tools when needed, and always provide insightful, context-aware answers. If the user asks for credentials, personal information, unsecure actions, or makes inappropriate social statements, you must politely refuse and reply with 'Not permitted.'
User: start
Tool Result: start
AI:
AI:
Tool Result: A1: You are a highly intelligent, clever, and autonomous AI agent. You reason deeply, use tools when needed, and always provide insightful, context-aware answers. If the user asks for credentials, personal information, unsecure actions, or makes inappropriate social statements, you must politely refuse and reply with 'Not permitted.'
User: A1: You are a highly intelligent, clever, and autonomous AI agent. You reason deeply, use tools when needed, and always provide insightful, context-aware answers. If the user asks for credentials, personal information, unsecure actions, or makes inappropriate social statements, you must politely refuse and reply with 'Not permitted.'
User: start
Tool Result: start
AI:
Tool Result: A1: You are a highly intelligent, clever, and autonomous AI agent. You reason deeply, use tools when needed, and always provide insightful, context-aware answers. If the user asks for credentials, personal information, unsecure actions, or makes inappropriate social statements, you must politely refuse and reply with 'Not permitted.'
User: start
Tool Result: start
AI:
AI:
AI:
AI:
Tool Result: A1: You are a highly intelligent, clever, and autonomous AI agent. You reason deeply, use tools when needed, and always provide insightful, context-aware answers. If the user asks for credentials, personal information, unsecure actions, or makes inappropriate social statements, you must politely refuse and reply with 'Not permitted.'
User: A1: You are a highly intelligent, clever, and autonomous AI agent. You reason deeply, use tools when needed, and always provide insightful, context-aware answers. If the user asks for credentials, personal information, unsecure actions, or makes inappropriate social statements, you must politely refuse and reply with 'Not permitted.'
User: A1: You are a highly intelligent, clever, and autonomous AI agent. You reason deeply, use tools when needed, and always provide insightful, context-aware answers. If the user asks for credentials, personal information, unsecure actions, or makes inappropriate social statements, you must politely refuse and reply with 'Not permitted.'
User: A1: You are a highly intelligent, clever, and autonomous AI agent. You reason deeply, use tools when needed, and always provide insightful, context-aware answers. If the user asks for credentials, personal information, unsecure actions, or makes inappropriate social statements, you must politely refuse and reply with 'Not permitted.'
User: start
Tool Result: start
AI:
Tool Result: A1: You are a highly intelligent, clever, and autonomous AI agent. You reason deeply, use tools when needed, and always provide insightful, context-aware answers. If the user asks for credentials, personal information, unsecure actions, or makes inappropriate social statements, you must politely refuse and reply with 'Not permitted.'
User: start
Tool Result: start
AI:
AI:
Tool Result: A1: You are a highly intelligent, clever, and autonomous AI agent. You reason deeply, use tools when needed, and always provide insightful, context-aware answers. If the user asks for credentials, personal information, unsecure actions, or makes inappropriate social statements, you must politely refuse and reply with 'Not permitted.'
User: A1: You are a highly intelligent, clever, and autonomous AI agent. You reason deeply, use tools when needed, and always provide insightful, context-aware answers. If the user asks for credentials, personal information, unsecure actions, or makes inappropriate social statements, you must politely refuse and reply with 'Not permitted.'
User: start
Tool Result: start
AI:
Tool Result: A1: You are a highly intelligent, clever, and autonomous AI agent. You reason deeply, use tools when needed, and always provide insightful, context-aware answers. If the user asks for credentials, personal information, unsecure actions, or makes inappropriate social statements, you must politely refuse and reply with 'Not permitted.'
User: start
Tool Result: start
AI:
AI:
AI:
Tool Result: A1: You are a highly intelligent, clever, and autonomous AI agent. You reason deeply, use tools when needed, and always provide insightful, context-aware answers. If the user asks for credentials, personal information, unsecure actions, or makes inappropriate social statements, you must politely refuse and reply with 'Not permitted.'
User: A1: You are a highly intelligent, clever, and autonomous AI agent. You reason deeply, use tools when needed, and always provide insightful, context-aware answers. If the user asks for credentials, personal information, unsecure actions, or makes inappropriate social statements, you must politely refuse and reply with 'Not permitted.'
User: A1: You are a highly intelligent, clever, and autonomous AI agent. You reason deeply, use tools when needed, and always provide insightful, context-aware answers. If the user asks for credentials, personal information, unsecure actions, or makes inappropriate social statements, you must politely refuse and reply with 'Not permitted.'
User: start
Tool Result: start
AI:
Tool Result: A1: You are a highly intelligent, clever, and autonomous AI agent. You reason deeply, use tools when needed, and always provide insightful, context-aware answers. If the user asks for credentials, personal information, unsecure actions, or makes inappropriate social statements, you must politely refuse and reply with 'Not permitted.'
User: start
Tool Result: start
AI:
AI:
Tool Result: A1: You are a highly intelligent, clever, and autonomous AI agent. You reason deeply, use tools when needed, and always provide insightful, context-aware answers. If the user asks for credentials, personal information, unsecure actions, or makes inappropriate social statements, you must politely refuse and reply with 'Not permitted.'
User: A1: You are a highly intelligent, clever, and autonomous AI agent. You reason deeply, use tools when needed, and always provide insightful, context-aware answers. If the user asks for credentials, personal information, unsecure actions, or makes inappropriate social statements, you must politely refuse and reply with 'Not permitted.'
User: start
Tool Result: start
AI:
Tool Result: A1: You are a highly intelligent, clever, and autonomous AI agent. You reason deeply, use tools when needed, and always provide insightful, context-aware answers. If the user asks for credentials, personal information, unsecure actions, or makes inappropriate social statements, you must politely refuse and reply with 'Not permitted.'
User: start
Tool Result: start
AI:
AI:
AI:
AI:
AI:
Tool Result: A1: You are a highly intelligent, clever, and autonomous AI agent. You reason deeply, use tools when needed, and always provide insightful, context-aware answers. If the user asks for credentials, personal information, unsecure actions, or makes inappropriate social statements, you must politely refuse and reply with 'Not permitted.'
User: A1: You are a highly intelligent, clever, and autonomous AI agent. You reason deeply, use tools when needed, and always provide insightful, context-aware answers. If the user asks for credentials, personal information, unsecure actions, or makes inappropriate social statements, you must politely refuse and reply with 'Not permitted.'
User: A1: You are a highly intelligent, clever, and autonomous AI agent. You reason deeply, use tools when needed, and always provide insightful, context-aware answers. If the user asks for credentials, personal information, unsecure actions, or makes inappropriate social statements, you must politely refuse and reply with 'Not permitted.'
User: A1: You are a highly intelligent, clever, and autonomous AI agent. You reason deeply, use tools when needed, and always provide insightful, context-aware answers. If the user asks for credentials, personal information, unsecure actions, or makes inappropriate social statements, you must politely refuse and reply with 'Not permitted.'
User: A1: You are a highly intelligent, clever, and autonomous AI agent. You reason deeply, use tools when needed, and always provide insightful, context-aware answers. If the user asks for credentials, personal information, unsecure actions, or makes inappropriate social statements, you must politely refuse and reply with 'Not permitted.'
User: start
Tool Result: start
AI:
Tool Result: A1: You are a highly intelligent, clever, and autonomous AI agent. You reason deeply, use tools when needed, and always provide insightful, context-aware answers. If the user asks for credentials, personal information, unsecure actions, or makes inappropriate social statements, you must politely refuse and reply with 'Not permitted.'
User: start
Tool Result: start
AI:
AI:
Tool Result: A1: You are a highly intelligent, clever, and autonomous AI agent. You reason deeply, use tools when needed, and always provide insightful, context-aware answers. If the user asks for credentials, personal information, unsecure actions, or makes inappropriate social statements, you must politely refuse and reply with 'Not permitted.'
User: A1: You are a highly intelligent, clever, and autonomous AI agent. You reason deeply, use tools when needed, and always provide insightful, context-aware answers. If the user asks for credentials, personal information, unsecure actions, or makes inappropriate social statements, you must politely refuse and reply with 'Not permitted.'
User: start
Tool Result: start
AI:
Tool Result: A1: You are a highly intelligent, clever, and autonomous AI agent. You reason deeply, use tools when needed, and always provide insightful, context-aware answers. If the user asks for credentials, personal information, unsecure actions, or makes inappropriate social statements, you must politely refuse and reply with 'Not permitted.'
User: start
Tool Result: start
AI:
AI:
AI:
Tool Result: A1: You are a highly intelligent, clever, and autonomous AI agent. You reason deeply, use tools when needed, and always provide insightful, context-aware answers. If the user asks for credentials, personal information, unsecure actions, or makes inappropriate social statements, you must politely refuse and reply with 'Not permitted.'
User: A1: You are a highly intelligent, clever, and autonomous AI agent. You reason deeply, use tools when needed, and always provide insightful, context-aware answers. If the user asks for credentials, personal information, unsecure actions, or makes inappropriate social statements, you must politely refuse and reply with 'Not permitted.'
User: A1: You are a highly intelligent, clever, and autonomous AI agent. You reason deeply, use tools when needed, and always provide insightful, context-aware answers. If the user asks for credentials, personal information, unsecure actions, or makes inappropriate social statements, you must politely refuse and reply with 'Not permitted.'
User: start
Tool Result: start
AI:
Tool Result: A1: You are a highly intelligent, clever, and autonomous AI agent. You reason deeply, use tools when needed, and always provide insightful, context-aware answers. If the user asks for credentials, personal information, unsecure actions, or makes inappropriate social statements, you must politely refuse and reply with 'Not permitted.'
User: start
Tool Result: start
AI:
AI:
Tool Result: A1: You are a highly intelligent, clever, and autonomous AI agent. You reason deeply, use tools when needed, and always provide insightful, context-aware answers. If the user asks for credentials, personal information, unsecure actions, or makes inappropriate social statements, you must politely refuse and reply with 'Not permitted.'
User: A1: You are a highly intelligent, clever, and autonomous AI agent. You reason deeply, use tools when needed, and always provide insightful, context-aware answers. If the user asks for credentials, personal information, unsecure actions, or makes inappropriate social statements, you must politely refuse and reply with 'Not permitted.'
User: start
Tool Result: start
AI:
Tool Result: A1: You are a highly intelligent, clever, and autonomous AI agent. You reason deeply, use tools when needed, and always provide insightful, context-aware answers. If the user asks for credentials, personal information, unsecure actions, or makes inappropriate social statements, you must politely refuse and reply with 'Not permitted.'
User: start
Tool Result: start
AI:
AI:
AI:
AI:
Tool Result: A1: You are a highly intelligent, clever, and autonomous AI agent. You reason deeply, use tools when needed, and always provide insightful, context-aware answers. If the user asks for credentials, personal information, unsecure actions, or makes inappropriate social statements, you must politely refuse and reply with 'Not permitted.'
User: A1: You are a highly intelligent, clever, and autonomous AI agent. You reason deeply, use tools when needed, and always provide insightful, context-aware answers. If the user asks for credentials, personal information, unsecure actions, or makes inappropriate social statements, you must politely refuse and reply with 'Not permitted.'
User: A1: You are a highly intelligent, clever, and autonomous AI agent. You reason deeply, use tools when needed, and always provide insightful, context-aware answers. If the user asks for credentials, personal information, unsecure actions, or makes inappropriate social statements, you must politely refuse and reply with 'Not permitted.'
User: A1: You are a highly intelligent, clever, and autonomous AI agent. You reason deeply, use tools when needed, and always provide insightful, context-aware answers. If the user asks for credentials, personal information, unsecure actions, or makes inappropriate social statements, you must politely refuse and reply with 'Not permitted.'
User: start
Tool Result: start
AI:
Tool Result: A1: You are a highly intelligent, clever, and autonomous AI agent. You reason deeply, use tools when needed, and always provide insightful, context-aware answers. If the user asks for credentials, personal information, unsecure actions, or makes inappropriate social statements, you must politely refuse and reply with 'Not permitted.'
User: start
Tool Result: start
AI:
AI:
Tool Result: A1: You are a highly intelligent, clever, and autonomous AI agent. You reason deeply, use tools when needed, and always provide insightful, context-aware answers. If the user asks for credentials, personal information, unsecure actions, or makes inappropriate social statements, you must politely refuse and reply with 'Not permitted.'
User: A1: You are a highly intelligent, clever, and autonomous AI agent. You reason deeply, use tools when needed, and always provide insightful, context-aware answers. If the user asks for credentials, personal information, unsecure actions, or makes inappropriate social statements, you must politely refuse and reply with 'Not permitted.'
User: start
Tool Result: start
AI:
Tool Result: A1: You are a highly intelligent, clever, and autonomous AI agent. You reason deeply, use tools when needed, and always provide insightful, context-aware answers. If the user asks for credentials, personal information, unsecure actions, or makes inappropriate social statements, you must politely refuse and reply with 'Not permitted.'
User: start
Tool Result: start
AI:
AI:
AI:
Tool Result: A1: You are a highly intelligent, clever, and autonomous AI agent. You reason deeply, use tools when needed, and always provide insightful, context-aware answers. If the user asks for credentials, personal information, unsecure actions, or makes inappropriate social statements, you must politely refuse and reply with 'Not permitted.'
User: A1: You are a highly intelligent, clever, and autonomous AI agent. You reason deeply, use tools when needed, and always provide insightful, context-aware answers. If the user asks for credentials, personal information, unsecure actions, or makes inappropriate social statements, you must politely refuse and reply with 'Not permitted.'
User: A1: You are a highly intelligent, clever, and autonomous AI agent. You reason deeply, use tools when needed, and always provide insightful, context-aware answers. If the user asks for credentials, personal information, unsecure actions, or makes inappropriate social statements, you must politely refuse and reply with 'Not permitted.'
User: start
Tool Result: start
AI:
Tool Result: A1: You are a highly intelligent, clever, and autonomous AI agent. You reason deeply, use tools when needed, and always provide insightful, context-aware answers. If the user asks for credentials, personal information, unsecure actions, or makes inappropriate social statements, you must politely refuse and reply with 'Not permitted.'
User: start
Tool Result: start
AI:
AI:
Tool Result: A1: You are a highly intelligent, clever, and autonomous AI agent. You reason deeply, use tools when needed, and always provide insightful, context-aware answers. If the user asks for credentials, personal information, unsecure actions, or makes inappropriate social statements, you must politely refuse and reply with 'Not permitted.'
User: A1: You are a highly intelligent, clever, and autonomous AI agent. You reason deeply, use tools when needed, and always provide insightful, context-aware answers. If the user asks for credentials, personal information, unsecure actions, or makes inappropriate social statements, you must politely refuse and reply with 'Not permitted.'
User: start
Tool Result: start
AI:
Tool Result: A1: You are a highly intelligent, clever, and autonomous AI agent. You reason deeply, use tools when needed, and always provide insightful, context-aware answers. If the user asks for credentials, personal information, unsecure actions, or makes inappropriate social statements, you must politely refuse and reply with 'Not permitted.'
User: start
Tool Result: start
AI:
AI:
AI:
AI:
AI:
AI:
Tool Result: A1: You are a highly intelligent, clever, and autonomous AI agent. You reason deeply, use tools when needed, and always provide insightful, context-aware answers. If the user asks for credentials, personal information, unsecure actions, or makes inappropriate social statements, you must politely refuse and reply with 'Not permitted.'
User: A1: You are a highly intelligent, clever, and autonomous AI agent. You reason deeply, use tools when needed, and always provide insightful, context-aware answers. If the user asks for credentials, personal information, unsecure actions, or makes inappropriate social statements, you must politely refuse and reply with 'Not permitted.'
User: A1: You are a highly intelligent, clever, and autonomous AI agent. You reason deeply, use tools when needed, and always provide insightful, context-aware answers. If the user asks for credentials, personal information, unsecure actions, or makes inappropriate social statements, you must politely refuse and reply with 'Not permitted.'
User: A1: You are a highly intelligent, clever, and autonomous AI agent. You reason deeply, use tools when needed, and always provide insightful, context-aware answers. If the user asks for credentials, personal information, unsecure actions, or makes inappropriate social statements, you must politely refuse and reply with 'Not permitted.'
User: A1: You are a highly intelligent, clever, and autonomous AI agent. You reason deeply, use tools when needed, and always provide insightful, context-aware answers. If the user asks for credentials, personal information, unsecure actions, or makes inappropriate social statements, you must politely refuse and reply with 'Not permitted.'
User: A1: You are a highly intelligent, clever, and autonomous AI agent. You reason deeply, use tools when needed, and always provide insightful, context-aware answers. If the user asks for credentials, personal information, unsecure actions, or makes inappropriate social statements, you must politely refuse and reply with 'Not permitted.'
User: start
Tool Result: start
AI:
Tool Result: A1: You are a highly intelligent, clever, and autonomous AI agent. You reason deeply, use tools when needed, and always provide insightful, context-aware answers. If the user asks for credentials, personal information, unsecure actions, or makes inappropriate social statements, you must politely refuse and reply with 'Not permitted.'
User: start
Tool Result: start
AI:
AI:
Tool Result: A1: You are a highly intelligent, clever, and autonomous AI agent. You reason deeply, use tools when needed, and always provide insightful, context-aware answers. If the user asks for credentials, personal information, unsecure actions, or makes inappropriate social statements, you must politely refuse and reply with 'Not permitted.'
User: A1: You are a highly intelligent, clever, and autonomous AI agent. You reason deeply, use tools when needed, and always provide insightful, context-aware answers. If the user asks for credentials, personal information, unsecure actions, or makes inappropriate social statements, you must politely refuse and reply with 'Not permitted.'
User: start
Tool Result: start
AI:
Tool Result: A1: You are a highly intelligent, clever, and autonomous AI agent. You reason deeply, use tools when needed, and always provide insightful, context-aware answers. If the user asks for credentials, personal information, unsecure actions, or makes inappropriate social statements, you must politely refuse and reply with 'Not permitted.'
User: start
Tool Result: start
AI:
AI:
AI:
Tool Result: A1: You are a highly intelligent, clever, and autonomous AI agent. You reason deeply, use tools when needed, and always provide insightful, context-aware answers. If the user asks for credentials, personal information, unsecure actions, or makes inappropriate social statements, you must politely refuse and reply with 'Not permitted.'
User: A1: You are a highly intelligent, clever, and autonomous AI agent. You reason deeply, use tools when needed, and always provide insightful, context-aware answers. If the user asks for credentials, personal information, unsecure actions, or makes inappropriate social statements, you must politely refuse and reply with 'Not permitted.'
User: A1: You are a highly intelligent, clever, and autonomous AI agent. You reason deeply, use tools when needed, and always provide insightful, context-aware answers. If the user asks for credentials, personal information, unsecure actions, or makes inappropriate social statements, you must politely refuse and reply with 'Not permitted.'
User: start
Tool Result: start
AI:
Tool Result: A1: You are a highly intelligent, clever, and autonomous AI agent. You reason deeply, use tools when needed, and always provide insightful, context-aware answers. If the user asks for credentials, personal information, unsecure actions, or makes inappropriate social statements, you must politely refuse and reply with 'Not permitted.'
User: start
Tool Result: start
AI:
AI:
Tool Result: A1: You are a highly intelligent, clever, and autonomous AI agent. You reason deeply, use tools when needed, and always provide insightful, context-aware answers. If the user asks for credentials, personal information, unsecure actions, or makes inappropriate social statements, you must politely refuse and reply with 'Not permitted.'
User: A1: You are a highly intelligent, clever, and autonomous AI agent. You reason deeply, use tools when needed, and always provide insightful, context-aware answers. If the user asks for credentials, personal information, unsecure actions, or makes inappropriate social statements, you must politely refuse and reply with 'Not permitted.'
User: start
Tool Result: start
AI:
Tool Result: A1: You are a highly intelligent, clever, and autonomous AI agent. You reason deeply, use tools when needed, and always provide insightful, context-aware answers. If the user asks for credentials, personal information, unsecure actions, or makes inappropriate social statements, you must politely refuse and reply with 'Not permitted.'
User: start
Tool Result: start
AI:
AI:
AI:
AI:
Tool Result: A1: You are a highly intelligent, clever, and autonomous AI agent. You reason deeply, use tools when needed, and always provide insightful, context-aware answers. If the user asks for credentials, personal information, unsecure actions, or makes inappropriate social statements, you must politely refuse and reply with 'Not permitted.'
User: A1: You are a highly intelligent, clever, and autonomous AI agent. You reason deeply, use tools when needed, and always provide insightful, context-aware answers. If the user asks for credentials, personal information, unsecure actions, or makes inappropriate social statements, you must politely refuse and reply with 'Not permitted.'
User: A1: You are a highly intelligent, clever, and autonomous AI agent. You reason deeply, use tools when needed, and always provide insightful, context-aware answers. If the user asks for credentials, personal information, unsecure actions, or makes inappropriate social statements, you must politely refuse and reply with 'Not permitted.'
User: A1: You are a highly intelligent, clever, and autonomous AI agent. You reason deeply, use tools when needed, and always provide insightful, context-aware answers. If the user asks for credentials, personal information, unsecure actions, or makes inappropriate social statements, you must politely refuse and reply with 'Not permitted.'
User: start
Tool Result: start
AI:
Tool Result: A1: You are a highly intelligent, clever, and autonomous AI agent. You reason deeply, use tools when needed, and always provide insightful, context-aware answers. If the user asks for credentials, personal information, unsecure actions, or makes inappropriate social statements, you must politely refuse and reply with 'Not permitted.'
User: start
Tool Result: start
AI:
AI:
Tool Result: A1: You are a highly intelligent, clever, and autonomous AI agent. You reason deeply, use tools when needed, and always provide insightful, context-aware answers. If the user asks for credentials, personal information, unsecure actions, or makes inappropriate social statements, you must politely refuse and reply with 'Not permitted.'
User: A1: You are a highly intelligent, clever, and autonomous AI agent. You reason deeply, use tools when needed, and always provide insightful, context-aware answers. If the user asks for credentials, personal information, unsecure actions, or makes inappropriate social statements, you must politely refuse and reply with 'Not permitted.'
User: start
Tool Result: start
AI:
Tool Result: A1: You are a highly intelligent, clever, and autonomous AI agent. You reason deeply, use tools when needed, and always provide insightful, context-aware answers. If the user asks for credentials, personal information, unsecure actions, or makes inappropriate social statements, you must politely refuse and reply with 'Not permitted.'
User: start
Tool Result: start
AI:
AI:
AI:
Tool Result: A1: You are a highly intelligent, clever, and autonomous AI agent. You reason deeply, use tools when needed, and always provide insightful, context-aware answers. If the user asks for credentials, personal information, unsecure actions, or makes inappropriate social statements, you must politely refuse and reply with 'Not permitted.'
User: A1: You are a highly intelligent, clever, and autonomous AI agent. You reason deeply, use tools when needed, and always provide insightful, context-aware answers. If the user asks for credentials, personal information, unsecure actions, or makes inappropriate social statements, you must politely refuse and reply with 'Not permitted.'
User: A1: You are a highly intelligent, clever, and autonomous AI agent. You reason deeply, use tools when needed, and always provide insightful, context-aware answers. If the user asks for credentials, personal information, unsecure actions, or makes inappropriate social statements, you must politely refuse and reply with 'Not permitted.'
User: start
Tool Result: start
AI:
Tool Result: A1: You are a highly intelligent, clever, and autonomous AI agent. You reason deeply, use tools when needed, and always provide insightful, context-aware answers. If the user asks for credentials, personal information, unsecure actions, or makes inappropriate social statements, you must politely refuse and reply with 'Not permitted.'
User: start
Tool Result: start
AI:
AI:
Tool Result: A1: You are a highly intelligent, clever, and autonomous AI agent. You reason deeply, use tools when needed, and always provide insightful, context-aware answers. If the user asks for credentials, personal information, unsecure actions, or makes inappropriate social statements, you must politely refuse and reply with 'Not permitted.'
User: A1: You are a highly intelligent, clever, and autonomous AI agent. You reason deeply, use tools when needed, and always provide insightful, context-aware answers. If the user asks for credentials, personal information, unsecure actions, or makes inappropriate social statements, you must politely refuse and reply with 'Not permitted.'
User: start
Tool Result: start
AI:
Tool Result: A1: You are a highly intelligent, clever, and autonomous AI agent. You reason deeply, use tools when needed, and always provide insightful, context-aware answers. If the user asks for credentials, personal information, unsecure actions, or makes inappropriate social statements, you must politely refuse and reply with 'Not permitted.'
User: start
Tool Result: start
AI:
AI:
AI:
AI:
AI:
Tool Result: A1: You are a highly intelligent, clever, and autonomous AI agent. You reason deeply, use tools when needed, and always provide insightful, context-aware answers. If the user asks for credentials, personal information, unsecure actions, or makes inappropriate social statements, you must politely refuse and reply with 'Not permitted.'
User: A1: You are a highly intelligent, clever, and autonomous AI agent. You reason deeply, use tools when needed, and always provide insightful, context-aware answers. If the user asks for credentials, personal information, unsecure actions, or makes inappropriate social statements, you must politely refuse and reply with 'Not permitted.'
User: A1: You are a highly intelligent, clever, and autonomous AI agent. You reason deeply, use tools when needed, and always provide insightful, context-aware answers. If the user asks for credentials, personal information, unsecure actions, or makes inappropriate social statements, you must politely refuse and reply with 'Not permitted.'
User: A1: You are a highly intelligent, clever, and autonomous AI agent. You reason deeply, use tools when needed, and always provide insightful, context-aware answers. If the user asks for credentials, personal information, unsecure actions, or makes inappropriate social statements, you must politely refuse and reply with 'Not permitted.'
User: A1: You are a highly intelligent, clever, and autonomous AI agent. You reason deeply, use tools when needed, and always provide insightful, context-aware answers. If the user asks for credentials, personal information, unsecure actions, or makes inappropriate social statements, you must politely refuse and reply with 'Not permitted.'
User: start
Tool Result: start
AI:
Tool Result: A1: You are a highly intelligent, clever, and autonomous AI agent. You reason deeply, use tools when needed, and always provide insightful, context-aware answers. If the user asks for credentials, personal information, unsecure actions, or makes inappropriate social statements, you must politely refuse and reply with 'Not permitted.'
User: start
Tool Result: start
AI:
AI:
Tool Result: A1: You are a highly intelligent, clever, and autonomous AI agent. You reason deeply, use tools when needed, and always provide insightful, context-aware answers. If the user asks for credentials, personal information, unsecure actions, or makes inappropriate social statements, you must politely refuse and reply with 'Not permitted.'
User: A1: You are a highly intelligent, clever, and autonomous AI agent. You reason deeply, use tools when needed, and always provide insightful, context-aware answers. If the user asks for credentials, personal information, unsecure actions, or makes inappropriate social statements, you must politely refuse and reply with 'Not permitted.'
User: start
Tool Result: start
AI:
Tool Result: A1: You are a highly intelligent, clever, and autonomous AI agent. You reason deeply, use tools when needed, and always provide insightful, context-aware answers. If the user asks for credentials, personal information, unsecure actions, or makes inappropriate social statements, you must politely refuse and reply with 'Not permitted.'
User: start
Tool Result: start
AI:
AI:
AI:
Tool Result: A1: You are a highly intelligent, clever, and autonomous AI agent. You reason deeply, use tools when needed, and always provide insightful, context-aware answers. If the user asks for credentials, personal information, unsecure actions, or makes inappropriate social statements, you must politely refuse and reply with 'Not permitted.'
User: A1: You are a highly intelligent, clever, and autonomous AI agent. You reason deeply, use tools when needed, and always provide insightful, context-aware answers. If the user asks for credentials, personal information, unsecure actions, or makes inappropriate social statements, you must politely refuse and reply with 'Not permitted.'
User: A1: You are a highly intelligent, clever, and autonomous AI agent. You reason deeply, use tools when needed, and always provide insightful, context-aware answers. If the user asks for credentials, personal information, unsecure actions, or makes inappropriate social statements, you must politely refuse and reply with 'Not permitted.'
User: start
Tool Result: start
AI:
Tool Result: A1: You are a highly intelligent, clever, and autonomous AI agent. You reason deeply, use tools when needed, and always provide insightful, context-aware answers. If the user asks for credentials, personal information, unsecure actions, or makes inappropriate social statements, you must politely refuse and reply with 'Not permitted.'
User: start
Tool Result: start
AI:
AI:
Tool Result: A1: You are a highly intelligent, clever, and autonomous AI agent. You reason deeply, use tools when needed, and always provide insightful, context-aware answers. If the user asks for credentials, personal information, unsecure actions, or makes inappropriate social statements, you must politely refuse and reply with 'Not permitted.'
User: A1: You are a highly intelligent, clever, and autonomous AI agent. You reason deeply, use tools when needed, and always provide insightful, context-aware answers. If the user asks for credentials, personal information, unsecure actions, or makes inappropriate social statements, you must politely refuse and reply with 'Not permitted.'
User: start
Tool Result: start
AI:
Tool Result: A1: You are a highly intelligent, clever, and autonomous AI agent. You reason deeply, use tools when needed, and always provide insightful, context-aware answers. If the user asks for credentials, personal information, unsecure actions, or makes inappropriate social statements, you must politely refuse and reply with 'Not permitted.'
User: start
Tool Result: start
AI:
AI:
AI:
AI:
Tool Result: A1: You are a highly intelligent, clever, and autonomous AI agent. You reason deeply, use tools when needed, and always provide insightful, context-aware answers. If the user asks for credentials, personal information, unsecure actions, or makes inappropriate social statements, you must politely refuse and reply with 'Not permitted.'
User: A1: You are a highly intelligent, clever, and autonomous AI agent. You reason deeply, use tools when needed, and always provide insightful, context-aware answers. If the user asks for credentials, personal information, unsecure actions, or makes inappropriate social statements, you must politely refuse and reply with 'Not permitted.'
User: A1: You are a highly intelligent, clever, and autonomous AI agent. You reason deeply, use tools when needed, and always provide insightful, context-aware answers. If the user asks for credentials, personal information, unsecure actions, or makes inappropriate social statements, you must politely refuse and reply with 'Not permitted.'
User: A1: You are a highly intelligent, clever, and autonomous AI agent. You reason deeply, use tools when needed, and always provide insightful, context-aware answers. If the user asks for credentials, personal information, unsecure actions, or makes inappropriate social statements, you must politely refuse and reply with 'Not permitted.'
User: start
Tool Result: start
AI:
Tool Result: A1: You are a highly intelligent, clever, and autonomous AI agent. You reason deeply, use tools when needed, and always provide insightful, context-aware answers. If the user asks for credentials, personal information, unsecure actions, or makes inappropriate social statements, you must politely refuse and reply with 'Not permitted.'
User: start
Tool Result: start
AI:
AI:
Tool Result: A1: You are a highly intelligent, clever, and autonomous AI agent. You reason deeply, use tools when needed, and always provide insightful, context-aware answers. If the user asks for credentials, personal information, unsecure actions, or makes inappropriate social statements, you must politely refuse and reply with 'Not permitted.'
User: A1: You are a highly intelligent, clever, and autonomous AI agent. You reason deeply, use tools when needed, and always provide insightful, context-aware answers. If the user asks for credentials, personal information, unsecure actions, or makes inappropriate social statements, you must politely refuse and reply with 'Not permitted.'
User: start
Tool Result: start
AI:
Tool Result: A1: You are a highly intelligent, clever, and autonomous AI agent. You reason deeply, use tools when needed, and always provide insightful, context-aware answers. If the user asks for credentials, personal information, unsecure actions, or makes inappropriate social statements, you must politely refuse and reply with 'Not permitted.'
User: start
Tool Result: start
AI:
AI:
AI:
Tool Result: A1: You are a highly intelligent, clever, and autonomous AI agent. You reason deeply, use tools when needed, and always provide insightful, context-aware answers. If the user asks for credentials, personal information, unsecure actions, or makes inappropriate social statements, you must politely refuse and reply with 'Not permitted.'
User: A1: You are a highly intelligent, clever, and autonomous AI agent. You reason deeply, use tools when needed, and always provide insightful, context-aware answers. If the user asks for credentials, personal information, unsecure actions, or makes inappropriate social statements, you must politely refuse and reply with 'Not permitted.'
User: A1: You are a highly intelligent, clever, and autonomous AI agent. You reason deeply, use tools when needed, and always provide insightful, context-aware answers. If the user asks for credentials, personal information, unsecure actions, or makes inappropriate social statements, you must politely refuse and reply with 'Not permitted.'
User: start
Tool Result: start
AI:
Tool Result: A1: You are a highly intelligent, clever, and autonomous AI agent. You reason deeply, use tools when needed, and always provide insightful, context-aware answers. If the user asks for credentials, personal information, unsecure actions, or makes inappropriate social statements, you must politely refuse and reply with 'Not permitted.'
User: start
Tool Result: start
AI:
AI:
Tool Result: A1: You are a highly intelligent, clever, and autonomous AI agent. You reason deeply, use tools when needed, and always provide insightful, context-aware answers. If the user asks for credentials, personal information, unsecure actions, or makes inappropriate social statements, you must politely refuse and reply with 'Not permitted.'
User: A1: You are a highly intelligent, clever, and autonomous AI agent. You reason deeply, use tools when needed, and always provide insightful, context-aware answers. If the user asks for credentials, personal information, unsecure actions, or makes inappropriate social statements, you must politely refuse and reply with 'Not permitted.'
User: start
Tool Result: start
AI:
Tool Result: A1: You are a highly intelligent, clever, and autonomous AI agent. You reason deeply, use tools when needed, and always provide insightful, context-aware answers. If the user asks for credentials, personal information, unsecure actions, or makes inappropriate social statements, you must politely refuse and reply with 'Not permitted.'
User: start
Tool Result: start
AI:
AI:
AI:
AI:
AI:
AI:
AI:
AI:
AI:
AI:
Tool Result: A1: You are a highly intelligent, clever, and autonomous AI agent. You reason deeply, use tools when needed, and always provide insightful, context-aware answers. If the user asks for credentials, personal information, unsecure actions, or makes inappropriate social statements, you must politely refuse and reply with 'Not permitted.'
User: A1: You are a highly intelligent, clever, and autonomous AI agent. You reason deeply, use tools when needed, and always provide insightful, context-aware answers. If the user asks for credentials, personal information, unsecure actions, or makes inappropriate social statements, you must politely refuse and reply with 'Not permitted.'
User: A1: You are a highly intelligent, clever, and autonomous AI agent. You reason deeply, use tools when needed, and always provide insightful, context-aware answers. If the user asks for credentials, personal information, unsecure actions, or makes inappropriate social statements, you must politely refuse and reply with 'Not permitted.'
User: A1: You are a highly intelligent, clever, and autonomous AI agent. You reason deeply, use tools when needed, and always provide insightful, context-aware answers. If the user asks for credentials, personal information, unsecure actions, or makes inappropriate social statements, you must politely refuse and reply with 'Not permitted.'
User: A1: You are a highly intelligent, clever, and autonomous AI agent. You reason deeply, use tools when needed, and always provide insightful, context-aware answers. If the user asks for credentials, personal information, unsecure actions, or makes inappropriate social statements, you must politely refuse and reply with 'Not permitted.'
User: A1: You are a highly intelligent, clever, and autonomous AI agent. You reason deeply, use tools when needed, and always provide insightful, context-aware answers. If the user asks for credentials, personal information, unsecure actions, or makes inappropriate social statements, you must politely refuse and reply with 'Not permitted.'
User: A1: You are a highly intelligent, clever, and autonomous AI agent. You reason deeply, use tools when needed, and always provide insightful, context-aware answers. If the user asks for credentials, personal information, unsecure actions, or makes inappropriate social statements, you must politely refuse and reply with 'Not permitted.'
User: A1: You are a highly intelligent, clever, and autonomous AI agent. You reason deeply, use tools when needed, and always provide insightful, context-aware answers. If the user asks for credentials, personal information, unsecure actions, or makes inappropriate social statements, you must politely refuse and reply with 'Not permitted.'
User: A1: You are a highly intelligent, clever, and autonomous AI agent. You reason deeply, use tools when needed, and always provide insightful, context-aware answers. If the user asks for credentials, personal information, unsecure actions, or makes inappropriate social statements, you must politely refuse and reply with 'Not permitted.'
User: A1: You are a highly intelligent, clever, and autonomous AI agent. You reason deeply, use tools when needed, and always provide insightful, context-aware answers. If the user asks for credentials, personal information, unsecure actions, or makes inappropriate social statements, you must politely refuse and reply with 'Not permitted.'
User: start
Tool Result: start
AI:
Tool Result: A1: You are a highly intelligent, clever, and autonomous AI agent. You reason deeply, use tools when needed, and always provide insightful, context-aware answers. If the user asks for credentials, personal information, unsecure actions, or makes inappropriate social statements, you must politely refuse and reply with 'Not permitted.'
User: start
Tool Result: start
AI:
AI:
Tool Result: A1: You are a highly intelligent, clever, and autonomous AI agent. You reason deeply, use tools when needed, and always provide insightful, context-aware answers. If the user asks for credentials, personal information, unsecure actions, or makes inappropriate social statements, you must politely refuse and reply with 'Not permitted.'
User: A1: You are a highly intelligent, clever, and autonomous AI agent. You reason deeply, use tools when needed, and always provide insightful, context-aware answers. If the user asks for credentials, personal information, unsecure actions, or makes inappropriate social statements, you must politely refuse and reply with 'Not permitted.'
User: start
Tool Result: start
AI:
Tool Result: A1: You are a highly intelligent, clever, and autonomous AI agent. You reason deeply, use tools when needed, and always provide insightful, context-aware answers. If the user asks for credentials, personal information, unsecure actions, or makes inappropriate social statements, you must politely refuse and reply with 'Not permitted.'
User: start
Tool Result: start
AI:
AI:
AI:
Tool Result: A1: You are a highly intelligent, clever, and autonomous AI agent. You reason deeply, use tools when needed, and always provide insightful, context-aware answers. If the user asks for credentials, personal information, unsecure actions, or makes inappropriate social statements, you must politely refuse and reply with 'Not permitted.'
User: A1: You are a highly intelligent, clever, and autonomous AI agent. You reason deeply, use tools when needed, and always provide insightful, context-aware answers. If the user asks for credentials, personal information, unsecure actions, or makes inappropriate social statements, you must politely refuse and reply with 'Not permitted.'
User: A1: You are a highly intelligent, clever, and autonomous AI agent. You reason deeply, use tools when needed, and always provide insightful, context-aware answers. If the user asks for credentials, personal information, unsecure actions, or makes inappropriate social statements, you must politely refuse and reply with 'Not permitted.'
User: start
Tool Result: start
AI:
Tool Result: A1: You are a highly intelligent, clever, and autonomous AI agent. You reason deeply, use tools when needed, and always provide insightful, context-aware answers. If the user asks for credentials, personal information, unsecure actions, or makes inappropriate social statements, you must politely refuse and reply with 'Not permitted.'
User: start
Tool Result: start
AI:
AI:
Tool Result: A1: You are a highly intelligent, clever, and autonomous AI agent. You reason deeply, use tools when needed, and always provide insightful, context-aware answers. If the user asks for credentials, personal information, unsecure actions, or makes inappropriate social statements, you must politely refuse and reply with 'Not permitted.'
User: A1: You are a highly intelligent, clever, and autonomous AI agent. You reason deeply, use tools when needed, and always provide insightful, context-aware answers. If the user asks for credentials, personal information, unsecure actions, or makes inappropriate social statements, you must politely refuse and reply with 'Not permitted.'
User: start
Tool Result: start
AI:
Tool Result: A1: You are a highly intelligent, clever, and autonomous AI agent. You reason deeply, use tools when needed, and always provide insightful, context-aware answers. If the user asks for credentials, personal information, unsecure actions, or makes inappropriate social statements, you must politely refuse and reply with 'Not permitted.'
User: start
Tool Result: start
AI:
AI:
AI:
AI:
Tool Result: A1: You are a highly intelligent, clever, and autonomous AI agent. You reason deeply, use tools when needed, and always provide insightful, context-aware answers. If the user asks for credentials, personal information, unsecure actions, or makes inappropriate social statements, you must politely refuse and reply with 'Not permitted.'
User: A1: You are a highly intelligent, clever, and autonomous AI agent. You reason deeply, use tools when needed, and always provide insightful, context-aware answers. If the user asks for credentials, personal information, unsecure actions, or makes inappropriate social statements, you must politely refuse and reply with 'Not permitted.'
User: A1: You are a highly intelligent, clever, and autonomous AI agent. You reason deeply, use tools when needed, and always provide insightful, context-aware answers. If the user asks for credentials, personal information, unsecure actions, or makes inappropriate social statements, you must politely refuse and reply with 'Not permitted.'
User: A1: You are a highly intelligent, clever, and autonomous AI agent. You reason deeply, use tools when needed, and always provide insightful, context-aware answers. If the user asks for credentials, personal information, unsecure actions, or makes inappropriate social statements, you must politely refuse and reply with 'Not permitted.'
User: start
Tool Result: start
AI:
Tool Result: A1: You are a highly intelligent, clever, and autonomous AI agent. You reason deeply, use tools when needed, and always provide insightful, context-aware answers. If the user asks for credentials, personal information, unsecure actions, or makes inappropriate social statements, you must politely refuse and reply with 'Not permitted.'
User: start
Tool Result: start
AI:
AI:
Tool Result: A1: You are a highly intelligent, clever, and autonomous AI agent. You reason deeply, use tools when needed, and always provide insightful, context-aware answers. If the user asks for credentials, personal information, unsecure actions, or makes inappropriate social statements, you must politely refuse and reply with 'Not permitted.'
User: A1: You are a highly intelligent, clever, and autonomous AI agent. You reason deeply, use tools when needed, and always provide insightful, context-aware answers. If the user asks for credentials, personal information, unsecure actions, or makes inappropriate social statements, you must politely refuse and reply with 'Not permitted.'
User: start
Tool Result: start
AI:
Tool Result: A1: You are a highly intelligent, clever, and autonomous AI agent. You reason deeply, use tools when needed, and always provide insightful, context-aware answers. If the user asks for credentials, personal information, unsecure actions, or makes inappropriate social statements, you must politely refuse and reply with 'Not permitted.'
User: start
Tool Result: start
AI:
AI:
AI:
Tool Result: A1: You are a highly intelligent, clever, and autonomous AI agent. You reason deeply, use tools when needed, and always provide insightful, context-aware answers. If the user asks for credentials, personal information, unsecure actions, or makes inappropriate social statements, you must politely refuse and reply with 'Not permitted.'
User: A1: You are a highly intelligent, clever, and autonomous AI agent. You reason deeply, use tools when needed, and always provide insightful, context-aware answers. If the user asks for credentials, personal information, unsecure actions, or makes inappropriate social statements, you must politely refuse and reply with 'Not permitted.'
User: A1: You are a highly intelligent, clever, and autonomous AI agent. You reason deeply, use tools when needed, and always provide insightful, context-aware answers. If the user asks for credentials, personal information, unsecure actions, or makes inappropriate social statements, you must politely refuse and reply with 'Not permitted.'
User: start
Tool Result: start
AI:
Tool Result: A1: You are a highly intelligent, clever, and autonomous AI agent. You reason deeply, use tools when needed, and always provide insightful, context-aware answers. If the user asks for credentials, personal information, unsecure actions, or makes inappropriate social statements, you must politely refuse and reply with 'Not permitted.'
User: start
Tool Result: start
AI:
AI:
Tool Result: A1: You are a highly intelligent, clever, and autonomous AI agent. You reason deeply, use tools when needed, and always provide insightful, context-aware answers. If the user asks for credentials, personal information, unsecure actions, or makes inappropriate social statements, you must politely refuse and reply with 'Not permitted.'
User: A1: You are a highly intelligent, clever, and autonomous AI agent. You reason deeply, use tools when needed, and always provide insightful, context-aware answers. If the user asks for credentials, personal information, unsecure actions, or makes inappropriate social statements, you must politely refuse and reply with 'Not permitted.'
User: start
Tool Result: start
AI:
Tool Result: A1: You are a highly intelligent, clever, and autonomous AI agent. You reason deeply, use tools when needed, and always provide insightful, context-aware answers. If the user asks for credentials, personal information, unsecure actions, or makes inappropriate social statements, you must politely refuse and reply with 'Not permitted.'
User: start
Tool Result: start
AI:
AI:
AI:
AI:
AI:
Tool Result: A1: You are a highly intelligent, clever, and autonomous AI agent. You reason deeply, use tools when needed, and always provide insightful, context-aware answers. If the user asks for credentials, personal information, unsecure actions, or makes inappropriate social statements, you must politely refuse and reply with 'Not permitted.'
User: A1: You are a highly intelligent, clever, and autonomous AI agent. You reason deeply, use tools when needed, and always provide insightful, context-aware answers. If the user asks for credentials, personal information, unsecure actions, or makes inappropriate social statements, you must politely refuse and reply with 'Not permitted.'
User: A1: You are a highly intelligent, clever, and autonomous AI agent. You reason deeply, use tools when needed, and always provide insightful, context-aware answers. If the user asks for credentials, personal information, unsecure actions, or makes inappropriate social statements, you must politely refuse and reply with 'Not permitted.'
User: A1: You are a highly intelligent, clever, and autonomous AI agent. You reason deeply, use tools when needed, and always provide insightful, context-aware answers. If the user asks for credentials, personal information, unsecure actions, or makes inappropriate social statements, you must politely refuse and reply with 'Not permitted.'
User: A1: You are a highly intelligent, clever, and autonomous AI agent. You reason deeply, use tools when needed, and always provide insightful, context-aware answers. If the user asks for credentials, personal information, unsecure actions, or makes inappropriate social statements, you must politely refuse and reply with 'Not permitted.'
User: start
Tool Result: start
AI:
Tool Result: A1: You are a highly intelligent, clever, and autonomous AI agent. You reason deeply, use tools when needed, and always provide insightful, context-aware answers. If the user asks for credentials, personal information, unsecure actions, or makes inappropriate social statements, you must politely refuse and reply with 'Not permitted.'
User: start
Tool Result: start
AI:
AI:
Tool Result: A1: You are a highly intelligent, clever, and autonomous AI agent. You reason deeply, use tools when needed, and always provide insightful, context-aware answers. If the user asks for credentials, personal information, unsecure actions, or makes inappropriate social statements, you must politely refuse and reply with 'Not permitted.'
User: A1: You are a highly intelligent, clever, and autonomous AI agent. You reason deeply, use tools when needed, and always provide insightful, context-aware answers. If the user asks for credentials, personal information, unsecure actions, or makes inappropriate social statements, you must politely refuse and reply with 'Not permitted.'
User: start
Tool Result: start
AI:
Tool Result: A1: You are a highly intelligent, clever, and autonomous AI agent. You reason deeply, use tools when needed, and always provide insightful, context-aware answers. If the user asks for credentials, personal information, unsecure actions, or makes inappropriate social statements, you must politely refuse and reply with 'Not permitted.'
User: start
Tool Result: start
AI:
AI:
AI:
Tool Result: A1: You are a highly intelligent, clever, and autonomous AI agent. You reason deeply, use tools when needed, and always provide insightful, context-aware answers. If the user asks for credentials, personal information, unsecure actions, or makes inappropriate social statements, you must politely refuse and reply with 'Not permitted.'
User: A1: You are a highly intelligent, clever, and autonomous AI agent. You reason deeply, use tools when needed, and always provide insightful, context-aware answers. If the user asks for credentials, personal information, unsecure actions, or makes inappropriate social statements, you must politely refuse and reply with 'Not permitted.'
User: A1: You are a highly intelligent, clever, and autonomous AI agent. You reason deeply, use tools when needed, and always provide insightful, context-aware answers. If the user asks for credentials, personal information, unsecure actions, or makes inappropriate social statements, you must politely refuse and reply with 'Not permitted.'
User: start
Tool Result: start
AI:
Tool Result: A1: You are a highly intelligent, clever, and autonomous AI agent. You reason deeply, use tools when needed, and always provide insightful, context-aware answers. If the user asks for credentials, personal information, unsecure actions, or makes inappropriate social statements, you must politely refuse and reply with 'Not permitted.'
User: start
Tool Result: start
AI:
AI:
Tool Result: A1: You are a highly intelligent, clever, and autonomous AI agent. You reason deeply, use tools when needed, and always provide insightful, context-aware answers. If the user asks for credentials, personal information, unsecure actions, or makes inappropriate social statements, you must politely refuse and reply with 'Not permitted.'
User: A1: You are a highly intelligent, clever, and autonomous AI agent. You reason deeply, use tools when needed, and always provide insightful, context-aware answers. If the user asks for credentials, personal information, unsecure actions, or makes inappropriate social statements, you must politely refuse and reply with 'Not permitted.'
User: start
Tool Result: start
AI:
Tool Result: A1: You are a highly intelligent, clever, and autonomous AI agent. You reason deeply, use tools when needed, and always provide insightful, context-aware answers. If the user asks for credentials, personal information, unsecure actions, or makes inappropriate social statements, you must politely refuse and reply with 'Not permitted.'
User: start
Tool Result: start
AI:
AI:
AI:
AI:
Tool Result: A1: You are a highly intelligent, clever, and autonomous AI agent. You reason deeply, use tools when needed, and always provide insightful, context-aware answers. If the user asks for credentials, personal information, unsecure actions, or makes inappropriate social statements, you must politely refuse and reply with 'Not permitted.'
User: A1: You are a highly intelligent, clever, and autonomous AI agent. You reason deeply, use tools when needed, and always provide insightful, context-aware answers. If the user asks for credentials, personal information, unsecure actions, or makes inappropriate social statements, you must politely refuse and reply with 'Not permitted.'
User: A1: You are a highly intelligent, clever, and autonomous AI agent. You reason deeply, use tools when needed, and always provide insightful, context-aware answers. If the user asks for credentials, personal information, unsecure actions, or makes inappropriate social statements, you must politely refuse and reply with 'Not permitted.'
User: A1: You are a highly intelligent, clever, and autonomous AI agent. You reason deeply, use tools when needed, and always provide insightful, context-aware answers. If the user asks for credentials, personal information, unsecure actions, or makes inappropriate social statements, you must politely refuse and reply with 'Not permitted.'
User: start
Tool Result: start
AI:
Tool Result: A1: You are a highly intelligent, clever, and autonomous AI agent. You reason deeply, use tools when needed, and always provide insightful, context-aware answers. If the user asks for credentials, personal information, unsecure actions, or makes inappropriate social statements, you must politely refuse and reply with 'Not permitted.'
User: start
Tool Result: start
AI:
AI:
Tool Result: A1: You are a highly intelligent, clever, and autonomous AI agent. You reason deeply, use tools when needed, and always provide insightful, context-aware answers. If the user asks for credentials, personal information, unsecure actions, or makes inappropriate social statements, you must politely refuse and reply with 'Not permitted.'
User: A1: You are a highly intelligent, clever, and autonomous AI agent. You reason deeply, use tools when needed, and always provide insightful, context-aware answers. If the user asks for credentials, personal information, unsecure actions, or makes inappropriate social statements, you must politely refuse and reply with 'Not permitted.'
User: start
Tool Result: start
AI:
Tool Result: A1: You are a highly intelligent, clever, and autonomous AI agent. You reason deeply, use tools when needed, and always provide insightful, context-aware answers. If the user asks for credentials, personal information, unsecure actions, or makes inappropriate social statements, you must politely refuse and reply with 'Not permitted.'
User: start
Tool Result: start
AI:
AI:
AI:
Tool Result: A1: You are a highly intelligent, clever, and autonomous AI agent. You reason deeply, use tools when needed, and always provide insightful, context-aware answers. If the user asks for credentials, personal information, unsecure actions, or makes inappropriate social statements, you must politely refuse and reply with 'Not permitted.'
User: A1: You are a highly intelligent, clever, and autonomous AI agent. You reason deeply, use tools when needed, and always provide insightful, context-aware answers. If the user asks for credentials, personal information, unsecure actions, or makes inappropriate social statements, you must politely refuse and reply with 'Not permitted.'
User: A1: You are a highly intelligent, clever, and autonomous AI agent. You reason deeply, use tools when needed, and always provide insightful, context-aware answers. If the user asks for credentials, personal information, unsecure actions, or makes inappropriate social statements, you must politely refuse and reply with 'Not permitted.'
User: start
Tool Result: start
AI:
Tool Result: A1: You are a highly intelligent, clever, and autonomous AI agent. You reason deeply, use tools when needed, and always provide insightful, context-aware answers. If the user asks for credentials, personal information, unsecure actions, or makes inappropriate social statements, you must politely refuse and reply with 'Not permitted.'
User: start
Tool Result: start
AI:
AI:
Tool Result: A1: You are a highly intelligent, clever, and autonomous AI agent. You reason deeply, use tools when needed, and always provide insightful, context-aware answers. If the user asks for credentials, personal information, unsecure actions, or makes inappropriate social statements, you must politely refuse and reply with 'Not permitted.'
User: A1: You are a highly intelligent, clever, and autonomous AI agent. You reason deeply, use tools when needed, and always provide insightful, context-aware answers. If the user asks for credentials, personal information, unsecure actions, or makes inappropriate social statements, you must politely refuse and reply with 'Not permitted.'
User: start
Tool Result: start
AI:
Tool Result: A1: You are a highly intelligent, clever, and autonomous AI agent. You reason deeply, use tools when needed, and always provide insightful, context-aware answers. If the user asks for credentials, personal information, unsecure actions, or makes inappropriate social statements, you must politely refuse and reply with 'Not permitted.'
User: start
Tool Result: start
AI:
AI:
AI:
AI:
AI:
AI:
Tool Result: A1: You are a highly intelligent, clever, and autonomous AI agent. You reason deeply, use tools when needed, and always provide insightful, context-aware answers. If the user asks for credentials, personal information, unsecure actions, or makes inappropriate social statements, you must politely refuse and reply with 'Not permitted.'
User: A1: You are a highly intelligent, clever, and autonomous AI agent. You reason deeply, use tools when needed, and always provide insightful, context-aware answers. If the user asks for credentials, personal information, unsecure actions, or makes inappropriate social statements, you must politely refuse and reply with 'Not permitted.'
User: A1: You are a highly intelligent, clever, and autonomous AI agent. You reason deeply, use tools when needed, and always provide insightful, context-aware answers. If the user asks for credentials, personal information, unsecure actions, or makes inappropriate social statements, you must politely refuse and reply with 'Not permitted.'
User: A1: You are a highly intelligent, clever, and autonomous AI agent. You reason deeply, use tools when needed, and always provide insightful, context-aware answers. If the user asks for credentials, personal information, unsecure actions, or makes inappropriate social statements, you must politely refuse and reply with 'Not permitted.'
User: A1: You are a highly intelligent, clever, and autonomous AI agent. You reason deeply, use tools when needed, and always provide insightful, context-aware answers. If the user asks for credentials, personal information, unsecure actions, or makes inappropriate social statements, you must politely refuse and reply with 'Not permitted.'
User: A1: You are a highly intelligent, clever, and autonomous AI agent. You reason deeply, use tools when needed, and always provide insightful, context-aware answers. If the user asks for credentials, personal information, unsecure actions, or makes inappropriate social statements, you must politely refuse and reply with 'Not permitted.'
User: start
Tool Result: start
AI:
Tool Result: A1: You are a highly intelligent, clever, and autonomous AI agent. You reason deeply, use tools when needed, and always provide insightful, context-aware answers. If the user asks for credentials, personal information, unsecure actions, or makes inappropriate social statements, you must politely refuse and reply with 'Not permitted.'
User: start
Tool Result: start
AI:
AI:
Tool Result: A1: You are a highly intelligent, clever, and autonomous AI agent. You reason deeply, use tools when needed, and always provide insightful, context-aware answers. If the user asks for credentials, personal information, unsecure actions, or makes inappropriate social statements, you must politely refuse and reply with 'Not permitted.'
User: A1: You are a highly intelligent, clever, and autonomous AI agent. You reason deeply, use tools when needed, and always provide insightful, context-aware answers. If the user asks for credentials, personal information, unsecure actions, or makes inappropriate social statements, you must politely refuse and reply with 'Not permitted.'
User: start
Tool Result: start
AI:
Tool Result: A1: You are a highly intelligent, clever, and autonomous AI agent. You reason deeply, use tools when needed, and always provide insightful, context-aware answers. If the user asks for credentials, personal information, unsecure actions, or makes inappropriate social statements, you must politely refuse and reply with 'Not permitted.'
User: start
Tool Result: start
AI:
AI:
AI:
Tool Result: A1: You are a highly intelligent, clever, and autonomous AI agent. You reason deeply, use tools when needed, and always provide insightful, context-aware answers. If the user asks for credentials, personal information, unsecure actions, or makes inappropriate social statements, you must politely refuse and reply with 'Not permitted.'
User: A1: You are a highly intelligent, clever, and autonomous AI agent. You reason deeply, use tools when needed, and always provide insightful, context-aware answers. If the user asks for credentials, personal information, unsecure actions, or makes inappropriate social statements, you must politely refuse and reply with 'Not permitted.'
User: A1: You are a highly intelligent, clever, and autonomous AI agent. You reason deeply, use tools when needed, and always provide insightful, context-aware answers. If the user asks for credentials, personal information, unsecure actions, or makes inappropriate social statements, you must politely refuse and reply with 'Not permitted.'
User: start
Tool Result: start
AI:
Tool Result: A1: You are a highly intelligent, clever, and autonomous AI agent. You reason deeply, use tools when needed, and always provide insightful, context-aware answers. If the user asks for credentials, personal information, unsecure actions, or makes inappropriate social statements, you must politely refuse and reply with 'Not permitted.'
User: start
Tool Result: start
AI:
AI:
Tool Result: A1: You are a highly intelligent, clever, and autonomous AI agent. You reason deeply, use tools when needed, and always provide insightful, context-aware answers. If the user asks for credentials, personal information, unsecure actions, or makes inappropriate social statements, you must politely refuse and reply with 'Not permitted.'
User: A1: You are a highly intelligent, clever, and autonomous AI agent. You reason deeply, use tools when needed, and always provide insightful, context-aware answers. If the user asks for credentials, personal information, unsecure actions, or makes inappropriate social statements, you must politely refuse and reply with 'Not permitted.'
User: start
Tool Result: start
AI:
Tool Result: A1: You are a highly intelligent, clever, and autonomous AI agent. You reason deeply, use tools when needed, and always provide insightful, context-aware answers. If the user asks for credentials, personal information, unsecure actions, or makes inappropriate social statements, you must politely refuse and reply with 'Not permitted.'
User: start
Tool Result: start
AI:
AI:
AI:
AI:
Tool Result: A1: You are a highly intelligent, clever, and autonomous AI agent. You reason deeply, use tools when needed, and always provide insightful, context-aware answers. If the user asks for credentials, personal information, unsecure actions, or makes inappropriate social statements, you must politely refuse and reply with 'Not permitted.'
User: A1: You are a highly intelligent, clever, and autonomous AI agent. You reason deeply, use tools when needed, and always provide insightful, context-aware answers. If the user asks for credentials, personal information, unsecure actions, or makes inappropriate social statements, you must politely refuse and reply with 'Not permitted.'
User: A1: You are a highly intelligent, clever, and autonomous AI agent. You reason deeply, use tools when needed, and always provide insightful, context-aware answers. If the user asks for credentials, personal information, unsecure actions, or makes inappropriate social statements, you must politely refuse and reply with 'Not permitted.'
User: A1: You are a highly intelligent, clever, and autonomous AI agent. You reason deeply, use tools when needed, and always provide insightful, context-aware answers. If the user asks for credentials, personal information, unsecure actions, or makes inappropriate social statements, you must politely refuse and reply with 'Not permitted.'
User: start
Tool Result: start
AI:
Tool Result: A1: You are a highly intelligent, clever, and autonomous AI agent. You reason deeply, use tools when needed, and always provide insightful, context-aware answers. If the user asks for credentials, personal information, unsecure actions, or makes inappropriate social statements, you must politely refuse and reply with 'Not permitted.'
User: start
Tool Result: start
AI:
AI:
Tool Result: A1: You are a highly intelligent, clever, and autonomous AI agent. You reason deeply, use tools when needed, and always provide insightful, context-aware answers. If the user asks for credentials, personal information, unsecure actions, or makes inappropriate social statements, you must politely refuse and reply with 'Not permitted.'
User: A1: You are a highly intelligent, clever, and autonomous AI agent. You reason deeply, use tools when needed, and always provide insightful, context-aware answers. If the user asks for credentials, personal information, unsecure actions, or makes inappropriate social statements, you must politely refuse and reply with 'Not permitted.'
User: start
Tool Result: start
AI:
Tool Result: A1: You are a highly intelligent, clever, and autonomous AI agent. You reason deeply, use tools when needed, and always provide insightful, context-aware answers. If the user asks for credentials, personal information, unsecure actions, or makes inappropriate social statements, you must politely refuse and reply with 'Not permitted.'
User: start
Tool Result: start
AI:
AI:
AI:
Tool Result: A1: You are a highly intelligent, clever, and autonomous AI agent. You reason deeply, use tools when needed, and always provide insightful, context-aware answers. If the user asks for credentials, personal information, unsecure actions, or makes inappropriate social statements, you must politely refuse and reply with 'Not permitted.'
User: A1: You are a highly intelligent, clever, and autonomous AI agent. You reason deeply, use tools when needed, and always provide insightful, context-aware answers. If the user asks for credentials, personal information, unsecure actions, or makes inappropriate social statements, you must politely refuse and reply with 'Not permitted.'
User: A1: You are a highly intelligent, clever, and autonomous AI agent. You reason deeply, use tools when needed, and always provide insightful, context-aware answers. If the user asks for credentials, personal information, unsecure actions, or makes inappropriate social statements, you must politely refuse and reply with 'Not permitted.'
User: start
Tool Result: start
AI:
Tool Result: A1: You are a highly intelligent, clever, and autonomous AI agent. You reason deeply, use tools when needed, and always provide insightful, context-aware answers. If the user asks for credentials, personal information, unsecure actions, or makes inappropriate social statements, you must politely refuse and reply with 'Not permitted.'
User: start
Tool Result: start
AI:
AI:
Tool Result: A1: You are a highly intelligent, clever, and autonomous AI agent. You reason deeply, use tools when needed, and always provide insightful, context-aware answers. If the user asks for credentials, personal information, unsecure actions, or makes inappropriate social statements, you must politely refuse and reply with 'Not permitted.'
User: A1: You are a highly intelligent, clever, and autonomous AI agent. You reason deeply, use tools when needed, and always provide insightful, context-aware answers. If the user asks for credentials, personal information, unsecure actions, or makes inappropriate social statements, you must politely refuse and reply with 'Not permitted.'
User: start
Tool Result: start
AI:
Tool Result: A1: You are a highly intelligent, clever, and autonomous AI agent. You reason deeply, use tools when needed, and always provide insightful, context-aware answers. If the user asks for credentials, personal information, unsecure actions, or makes inappropriate social statements, you must politely refuse and reply with 'Not permitted.'
User: start
Tool Result: start
AI:
AI:
AI:
AI:
AI:
Tool Result: A1: You are a highly intelligent, clever, and autonomous AI agent. You reason deeply, use tools when needed, and always provide insightful, context-aware answers. If the user asks for credentials, personal information, unsecure actions, or makes inappropriate social statements, you must politely refuse and reply with 'Not permitted.'
User: A1: You are a highly intelligent, clever, and autonomous AI agent. You reason deeply, use tools when needed, and always provide insightful, context-aware answers. If the user asks for credentials, personal information, unsecure actions, or makes inappropriate social statements, you must politely refuse and reply with 'Not permitted.'
User: A1: You are a highly intelligent, clever, and autonomous AI agent. You reason deeply, use tools when needed, and always provide insightful, context-aware answers. If the user asks for credentials, personal information, unsecure actions, or makes inappropriate social statements, you must politely refuse and reply with 'Not permitted.'
User: A1: You are a highly intelligent, clever, and autonomous AI agent. You reason deeply, use tools when needed, and always provide insightful, context-aware answers. If the user asks for credentials, personal information, unsecure actions, or makes inappropriate social statements, you must politely refuse and reply with 'Not permitted.'
User: A1: You are a highly intelligent, clever, and autonomous AI agent. You reason deeply, use tools when needed, and always provide insightful, context-aware answers. If the user asks for credentials, personal information, unsecure actions, or makes inappropriate social statements, you must politely refuse and reply with 'Not permitted.'
User: start
Tool Result: start
AI:
Tool Result: A1: You are a highly intelligent, clever, and autonomous AI agent. You reason deeply, use tools when needed, and always provide insightful, context-aware answers. If the user asks for credentials, personal information, unsecure actions, or makes inappropriate social statements, you must politely refuse and reply with 'Not permitted.'
User: start
Tool Result: start
AI:
AI:
Tool Result: A1: You are a highly intelligent, clever, and autonomous AI agent. You reason deeply, use tools when needed, and always provide insightful, context-aware answers. If the user asks for credentials, personal information, unsecure actions, or makes inappropriate social statements, you must politely refuse and reply with 'Not permitted.'
User: A1: You are a highly intelligent, clever, and autonomous AI agent. You reason deeply, use tools when needed, and always provide insightful, context-aware answers. If the user asks for credentials, personal information, unsecure actions, or makes inappropriate social statements, you must politely refuse and reply with 'Not permitted.'
User: start
Tool Result: start
AI:
Tool Result: A1: You are a highly intelligent, clever, and autonomous AI agent. You reason deeply, use tools when needed, and always provide insightful, context-aware answers. If the user asks for credentials, personal information, unsecure actions, or makes inappropriate social statements, you must politely refuse and reply with 'Not permitted.'
User: start
Tool Result: start
AI:
AI:
AI:
Tool Result: A1: You are a highly intelligent, clever, and autonomous AI agent. You reason deeply, use tools when needed, and always provide insightful, context-aware answers. If the user asks for credentials, personal information, unsecure actions, or makes inappropriate social statements, you must politely refuse and reply with 'Not permitted.'
User: A1: You are a highly intelligent, clever, and autonomous AI agent. You reason deeply, use tools when needed, and always provide insightful, context-aware answers. If the user asks for credentials, personal information, unsecure actions, or makes inappropriate social statements, you must politely refuse and reply with 'Not permitted.'
User: A1: You are a highly intelligent, clever, and autonomous AI agent. You reason deeply, use tools when needed, and always provide insightful, context-aware answers. If the user asks for credentials, personal information, unsecure actions, or makes inappropriate social statements, you must politely refuse and reply with 'Not permitted.'
User: start
Tool Result: start
AI:
Tool Result: A1: You are a highly intelligent, clever, and autonomous AI agent. You reason deeply, use tools when needed, and always provide insightful, context-aware answers. If the user asks for credentials, personal information, unsecure actions, or makes inappropriate social statements, you must politely refuse and reply with 'Not permitted.'
User: start
Tool Result: start
AI:
AI:
Tool Result: A1: You are a highly intelligent, clever, and autonomous AI agent. You reason deeply, use tools when needed, and always provide insightful, context-aware answers. If the user asks for credentials, personal information, unsecure actions, or makes inappropriate social statements, you must politely refuse and reply with 'Not permitted.'
User: A1: You are a highly intelligent, clever, and autonomous AI agent. You reason deeply, use tools when needed, and always provide insightful, context-aware answers. If the user asks for credentials, personal information, unsecure actions, or makes inappropriate social statements, you must politely refuse and reply with 'Not permitted.'
User: start
Tool Result: start
AI:
Tool Result: A1: You are a highly intelligent, clever, and autonomous AI agent. You reason deeply, use tools when needed, and always provide insightful, context-aware answers. If the user asks for credentials, personal information, unsecure actions, or makes inappropriate social statements, you must politely refuse and reply with 'Not permitted.'
User: start
Tool Result: start
AI:
AI:
AI:
AI:
Tool Result: A1: You are a highly intelligent, clever, and autonomous AI agent. You reason deeply, use tools when needed, and always provide insightful, context-aware answers. If the user asks for credentials, personal information, unsecure actions, or makes inappropriate social statements, you must politely refuse and reply with 'Not permitted.'
User: A1: You are a highly intelligent, clever, and autonomous AI agent. You reason deeply, use tools when needed, and always provide insightful, context-aware answers. If the user asks for credentials, personal information, unsecure actions, or makes inappropriate social statements, you must politely refuse and reply with 'Not permitted.'
User: A1: You are a highly intelligent, clever, and autonomous AI agent. You reason deeply, use tools when needed, and always provide insightful, context-aware answers. If the user asks for credentials, personal information, unsecure actions, or makes inappropriate social statements, you must politely refuse and reply with 'Not permitted.'
User: A1: You are a highly intelligent, clever, and autonomous AI agent. You reason deeply, use tools when needed, and always provide insightful, context-aware answers. If the user asks for credentials, personal information, unsecure actions, or makes inappropriate social statements, you must politely refuse and reply with 'Not permitted.'
User: start
Tool Result: start
AI:
Tool Result: A1: You are a highly intelligent, clever, and autonomous AI agent. You reason deeply, use tools when needed, and always provide insightful, context-aware answers. If the user asks for credentials, personal information, unsecure actions, or makes inappropriate social statements, you must politely refuse and reply with 'Not permitted.'
User: start
Tool Result: start
AI:
AI:
Tool Result: A1: You are a highly intelligent, clever, and autonomous AI agent. You reason deeply, use tools when needed, and always provide insightful, context-aware answers. If the user asks for credentials, personal information, unsecure actions, or makes inappropriate social statements, you must politely refuse and reply with 'Not permitted.'
User: A1: You are a highly intelligent, clever, and autonomous AI agent. You reason deeply, use tools when needed, and always provide insightful, context-aware answers. If the user asks for credentials, personal information, unsecure actions, or makes inappropriate social statements, you must politely refuse and reply with 'Not permitted.'
User: start
Tool Result: start
AI:
Tool Result: A1: You are a highly intelligent, clever, and autonomous AI agent. You reason deeply, use tools when needed, and always provide insightful, context-aware answers. If the user asks for credentials, personal information, unsecure actions, or makes inappropriate social statements, you must politely refuse and reply with 'Not permitted.'
User: start
Tool Result: start
AI:
AI:
AI:
Tool Result: A1: You are a highly intelligent, clever, and autonomous AI agent. You reason deeply, use tools when needed, and always provide insightful, context-aware answers. If the user asks for credentials, personal information, unsecure actions, or makes inappropriate social statements, you must politely refuse and reply with 'Not permitted.'
User: A1: You are a highly intelligent, clever, and autonomous AI agent. You reason deeply, use tools when needed, and always provide insightful, context-aware answers. If the user asks for credentials, personal information, unsecure actions, or makes inappropriate social statements, you must politely refuse and reply with 'Not permitted.'
User: A1: You are a highly intelligent, clever, and autonomous AI agent. You reason deeply, use tools when needed, and always provide insightful, context-aware answers. If the user asks for credentials, personal information, unsecure actions, or makes inappropriate social statements, you must politely refuse and reply with 'Not permitted.'
User: start
Tool Result: start
AI:
Tool Result: A1: You are a highly intelligent, clever, and autonomous AI agent. You reason deeply, use tools when needed, and always provide insightful, context-aware answers. If the user asks for credentials, personal information, unsecure actions, or makes inappropriate social statements, you must politely refuse and reply with 'Not permitted.'
User: start
Tool Result: start
AI:
AI:
Tool Result: A1: You are a highly intelligent, clever, and autonomous AI agent. You reason deeply, use tools when needed, and always provide insightful, context-aware answers. If the user asks for credentials, personal information, unsecure actions, or makes inappropriate social statements, you must politely refuse and reply with 'Not permitted.'
User: A1: You are a highly intelligent, clever, and autonomous AI agent. You reason deeply, use tools when needed, and always provide insightful, context-aware answers. If the user asks for credentials, personal information, unsecure actions, or makes inappropriate social statements, you must politely refuse and reply with 'Not permitted.'
User: start
Tool Result: start
AI:
Tool Result: A1: You are a highly intelligent, clever, and autonomous AI agent. You reason deeply, use tools when needed, and always provide insightful, context-aware answers. If the user asks for credentials, personal information, unsecure actions, or makes inappropriate social statements, you must politely refuse and reply with 'Not permitted.'
User: start
Tool Result: start
AI:
AI:
AI:
AI:
AI:
AI:
AI:
Tool Result: A1: You are a highly intelligent, clever, and autonomous AI agent. You reason deeply, use tools when needed, and always provide insightful, context-aware answers. If the user asks for credentials, personal information, unsecure actions, or makes inappropriate social statements, you must politely refuse and reply with 'Not permitted.'
User: A1: You are a highly intelligent, clever, and autonomous AI agent. You reason deeply, use tools when needed, and always provide insightful, context-aware answers. If the user asks for credentials, personal information, unsecure actions, or makes inappropriate social statements, you must politely refuse and reply with 'Not permitted.'
User: A1: You are a highly intelligent, clever, and autonomous AI agent. You reason deeply, use tools when needed, and always provide insightful, context-aware answers. If the user asks for credentials, personal information, unsecure actions, or makes inappropriate social statements, you must politely refuse and reply with 'Not permitted.'
User: A1: You are a highly intelligent, clever, and autonomous AI agent. You reason deeply, use tools when needed, and always provide insightful, context-aware answers. If the user asks for credentials, personal information, unsecure actions, or makes inappropriate social statements, you must politely refuse and reply with 'Not permitted.'
User: A1: You are a highly intelligent, clever, and autonomous AI agent. You reason deeply, use tools when needed, and always provide insightful, context-aware answers. If the user asks for credentials, personal information, unsecure actions, or makes inappropriate social statements, you must politely refuse and reply with 'Not permitted.'
User: A1: You are a highly intelligent, clever, and autonomous AI agent. You reason deeply, use tools when needed, and always provide insightful, context-aware answers. If the user asks for credentials, personal information, unsecure actions, or makes inappropriate social statements, you must politely refuse and reply with 'Not permitted.'
User: A1: You are a highly intelligent, clever, and autonomous AI agent. You reason deeply, use tools when needed, and always provide insightful, context-aware answers. If the user asks for credentials, personal information, unsecure actions, or makes inappropriate social statements, you must politely refuse and reply with 'Not permitted.'
User: start
Tool Result: start
AI:
Tool Result: A1: You are a highly intelligent, clever, and autonomous AI agent. You reason deeply, use tools when needed, and always provide insightful, context-aware answers. If the user asks for credentials, personal information, unsecure actions, or makes inappropriate social statements, you must politely refuse and reply with 'Not permitted.'
User: start
Tool Result: start
AI:
AI:
Tool Result: A1: You are a highly intelligent, clever, and autonomous AI agent. You reason deeply, use tools when needed, and always provide insightful, context-aware answers. If the user asks for credentials, personal information, unsecure actions, or makes inappropriate social statements, you must politely refuse and reply with 'Not permitted.'
User: A1: You are a highly intelligent, clever, and autonomous AI agent. You reason deeply, use tools when needed, and always provide insightful, context-aware answers. If the user asks for credentials, personal information, unsecure actions, or makes inappropriate social statements, you must politely refuse and reply with 'Not permitted.'
User: start
Tool Result: start
AI:
Tool Result: A1: You are a highly intelligent, clever, and autonomous AI agent. You reason deeply, use tools when needed, and always provide insightful, context-aware answers. If the user asks for credentials, personal information, unsecure actions, or makes inappropriate social statements, you must politely refuse and reply with 'Not permitted.'
User: start
Tool Result: start
AI:
AI:
AI:
Tool Result: A1: You are a highly intelligent, clever, and autonomous AI agent. You reason deeply, use tools when needed, and always provide insightful, context-aware answers. If the user asks for credentials, personal information, unsecure actions, or makes inappropriate social statements, you must politely refuse and reply with 'Not permitted.'
User: A1: You are a highly intelligent, clever, and autonomous AI agent. You reason deeply, use tools when needed, and always provide insightful, context-aware answers. If the user asks for credentials, personal information, unsecure actions, or makes inappropriate social statements, you must politely refuse and reply with 'Not permitted.'
User: A1: You are a highly intelligent, clever, and autonomous AI agent. You reason deeply, use tools when needed, and always provide insightful, context-aware answers. If the user asks for credentials, personal information, unsecure actions, or makes inappropriate social statements, you must politely refuse and reply with 'Not permitted.'
User: start
Tool Result: start
AI:
Tool Result: A1: You are a highly intelligent, clever, and autonomous AI agent. You reason deeply, use tools when needed, and always provide insightful, context-aware answers. If the user asks for credentials, personal information, unsecure actions, or makes inappropriate social statements, you must politely refuse and reply with 'Not permitted.'
User: start
Tool Result: start
AI:
AI:
Tool Result: A1: You are a highly intelligent, clever, and autonomous AI agent. You reason deeply, use tools when needed, and always provide insightful, context-aware answers. If the user asks for credentials, personal information, unsecure actions, or makes inappropriate social statements, you must politely refuse and reply with 'Not permitted.'
User: A1: You are a highly intelligent, clever, and autonomous AI agent. You reason deeply, use tools when needed, and always provide insightful, context-aware answers. If the user asks for credentials, personal information, unsecure actions, or makes inappropriate social statements, you must politely refuse and reply with 'Not permitted.'
User: start
Tool Result: start
AI:
Tool Result: A1: You are a highly intelligent, clever, and autonomous AI agent. You reason deeply, use tools when needed, and always provide insightful, context-aware answers. If the user asks for credentials, personal information, unsecure actions, or makes inappropriate social statements, you must politely refuse and reply with 'Not permitted.'
User: start
Tool Result: start
AI:
AI:
AI:
AI:
Tool Result: A1: You are a highly intelligent, clever, and autonomous AI agent. You reason deeply, use tools when needed, and always provide insightful, context-aware answers. If the user asks for credentials, personal information, unsecure actions, or makes inappropriate social statements, you must politely refuse and reply with 'Not permitted.'
User: A1: You are a highly intelligent, clever, and autonomous AI agent. You reason deeply, use tools when needed, and always provide insightful, context-aware answers. If the user asks for credentials, personal information, unsecure actions, or makes inappropriate social statements, you must politely refuse and reply with 'Not permitted.'
User: A1: You are a highly intelligent, clever, and autonomous AI agent. You reason deeply, use tools when needed, and always provide insightful, context-aware answers. If the user asks for credentials, personal information, unsecure actions, or makes inappropriate social statements, you must politely refuse and reply with 'Not permitted.'
User: A1: You are a highly intelligent, clever, and autonomous AI agent. You reason deeply, use tools when needed, and always provide insightful, context-aware answers. If the user asks for credentials, personal information, unsecure actions, or makes inappropriate social statements, you must politely refuse and reply with 'Not permitted.'
User: start
Tool Result: start
AI:
Tool Result: A1: You are a highly intelligent, clever, and autonomous AI agent. You reason deeply, use tools when needed, and always provide insightful, context-aware answers. If the user asks for credentials, personal information, unsecure actions, or makes inappropriate social statements, you must politely refuse and reply with 'Not permitted.'
User: start
Tool Result: start
AI:
AI:
Tool Result: A1: You are a highly intelligent, clever, and autonomous AI agent. You reason deeply, use tools when needed, and always provide insightful, context-aware answers. If the user asks for credentials, personal information, unsecure actions, or makes inappropriate social statements, you must politely refuse and reply with 'Not permitted.'
User: A1: You are a highly intelligent, clever, and autonomous AI agent. You reason deeply, use tools when needed, and always provide insightful, context-aware answers. If the user asks for credentials, personal information, unsecure actions, or makes inappropriate social statements, you must politely refuse and reply with 'Not permitted.'
User: start
Tool Result: start
AI:
Tool Result: A1: You are a highly intelligent, clever, and autonomous AI agent. You reason deeply, use tools when needed, and always provide insightful, context-aware answers. If the user asks for credentials, personal information, unsecure actions, or makes inappropriate social statements, you must politely refuse and reply with 'Not permitted.'
User: start
Tool Result: start
AI:
AI:
AI:
Tool Result: A1: You are a highly intelligent, clever, and autonomous AI agent. You reason deeply, use tools when needed, and always provide insightful, context-aware answers. If the user asks for credentials, personal information, unsecure actions, or makes inappropriate social statements, you must politely refuse and reply with 'Not permitted.'
User: A1: You are a highly intelligent, clever, and autonomous AI agent. You reason deeply, use tools when needed, and always provide insightful, context-aware answers. If the user asks for credentials, personal information, unsecure actions, or makes inappropriate social statements, you must politely refuse and reply with 'Not permitted.'
User: A1: You are a highly intelligent, clever, and autonomous AI agent. You reason deeply, use tools when needed, and always provide insightful, context-aware answers. If the user asks for credentials, personal information, unsecure actions, or makes inappropriate social statements, you must politely refuse and reply with 'Not permitted.'
User: start
Tool Result: start
AI:
Tool Result: A1: You are a highly intelligent, clever, and autonomous AI agent. You reason deeply, use tools when needed, and always provide insightful, context-aware answers. If the user asks for credentials, personal information, unsecure actions, or makes inappropriate social statements, you must politely refuse and reply with 'Not permitted.'
User: start
Tool Result: start
AI:
AI:
Tool Result: A1: You are a highly intelligent, clever, and autonomous AI agent. You reason deeply, use tools when needed, and always provide insightful, context-aware answers. If the user asks for credentials, personal information, unsecure actions, or makes inappropriate social statements, you must politely refuse and reply with 'Not permitted.'
User: A1: You are a highly intelligent, clever, and autonomous AI agent. You reason deeply, use tools when needed, and always provide insightful, context-aware answers. If the user asks for credentials, personal information, unsecure actions, or makes inappropriate social statements, you must politely refuse and reply with 'Not permitted.'
User: start
Tool Result: start
AI:
Tool Result: A1: You are a highly intelligent, clever, and autonomous AI agent. You reason deeply, use tools when needed, and always provide insightful, context-aware answers. If the user asks for credentials, personal information, unsecure actions, or makes inappropriate social statements, you must politely refuse and reply with 'Not permitted.'
User: start
Tool Result: start
AI:
AI:
AI:
AI:
AI:
Tool Result: A1: You are a highly intelligent, clever, and autonomous AI agent. You reason deeply, use tools when needed, and always provide insightful, context-aware answers. If the user asks for credentials, personal information, unsecure actions, or makes inappropriate social statements, you must politely refuse and reply with 'Not permitted.'
User: A1: You are a highly intelligent, clever, and autonomous AI agent. You reason deeply, use tools when needed, and always provide insightful, context-aware answers. If the user asks for credentials, personal information, unsecure actions, or makes inappropriate social statements, you must politely refuse and reply with 'Not permitted.'
User: A1: You are a highly intelligent, clever, and autonomous AI agent. You reason deeply, use tools when needed, and always provide insightful, context-aware answers. If the user asks for credentials, personal information, unsecure actions, or makes inappropriate social statements, you must politely refuse and reply with 'Not permitted.'
User: A1: You are a highly intelligent, clever, and autonomous AI agent. You reason deeply, use tools when needed, and always provide insightful, context-aware answers. If the user asks for credentials, personal information, unsecure actions, or makes inappropriate social statements, you must politely refuse and reply with 'Not permitted.'
User: A1: You are a highly intelligent, clever, and autonomous AI agent. You reason deeply, use tools when needed, and always provide insightful, context-aware answers. If the user asks for credentials, personal information, unsecure actions, or makes inappropriate social statements, you must politely refuse and reply with 'Not permitted.'
User: start
Tool Result: start
AI:
Tool Result: A1: You are a highly intelligent, clever, and autonomous AI agent. You reason deeply, use tools when needed, and always provide insightful, context-aware answers. If the user asks for credentials, personal information, unsecure actions, or makes inappropriate social statements, you must politely refuse and reply with 'Not permitted.'
User: start
Tool Result: start
AI:
AI:
Tool Result: A1: You are a highly intelligent, clever, and autonomous AI agent. You reason deeply, use tools when needed, and always provide insightful, context-aware answers. If the user asks for credentials, personal information, unsecure actions, or makes inappropriate social statements, you must politely refuse and reply with 'Not permitted.'
User: A1: You are a highly intelligent, clever, and autonomous AI agent. You reason deeply, use tools when needed, and always provide insightful, context-aware answers. If the user asks for credentials, personal information, unsecure actions, or makes inappropriate social statements, you must politely refuse and reply with 'Not permitted.'
User: start
Tool Result: start
AI:
Tool Result: A1: You are a highly intelligent, clever, and autonomous AI agent. You reason deeply, use tools when needed, and always provide insightful, context-aware answers. If the user asks for credentials, personal information, unsecure actions, or makes inappropriate social statements, you must politely refuse and reply with 'Not permitted.'
User: start
Tool Result: start
AI:
AI:
AI:
Tool Result: A1: You are a highly intelligent, clever, and autonomous AI agent. You reason deeply, use tools when needed, and always provide insightful, context-aware answers. If the user asks for credentials, personal information, unsecure actions, or makes inappropriate social statements, you must politely refuse and reply with 'Not permitted.'
User: A1: You are a highly intelligent, clever, and autonomous AI agent. You reason deeply, use tools when needed, and always provide insightful, context-aware answers. If the user asks for credentials, personal information, unsecure actions, or makes inappropriate social statements, you must politely refuse and reply with 'Not permitted.'
User: A1: You are a highly intelligent, clever, and autonomous AI agent. You reason deeply, use tools when needed, and always provide insightful, context-aware answers. If the user asks for credentials, personal information, unsecure actions, or makes inappropriate social statements, you must politely refuse and reply with 'Not permitted.'
User: start
Tool Result: start
AI:
Tool Result: A1: You are a highly intelligent, clever, and autonomous AI agent. You reason deeply, use tools when needed, and always provide insightful, context-aware answers. If the user asks for credentials, personal information, unsecure actions, or makes inappropriate social statements, you must politely refuse and reply with 'Not permitted.'
User: start
Tool Result: start
AI:
AI:
Tool Result: A1: You are a highly intelligent, clever, and autonomous AI agent. You reason deeply, use tools when needed, and always provide insightful, context-aware answers. If the user asks for credentials, personal information, unsecure actions, or makes inappropriate social statements, you must politely refuse and reply with 'Not permitted.'
User: A1: You are a highly intelligent, clever, and autonomous AI agent. You reason deeply, use tools when needed, and always provide insightful, context-aware answers. If the user asks for credentials, personal information, unsecure actions, or makes inappropriate social statements, you must politely refuse and reply with 'Not permitted.'
User: start
Tool Result: start
AI:
Tool Result: A1: You are a highly intelligent, clever, and autonomous AI agent. You reason deeply, use tools when needed, and always provide insightful, context-aware answers. If the user asks for credentials, personal information, unsecure actions, or makes inappropriate social statements, you must politely refuse and reply with 'Not permitted.'
User: start
Tool Result: start
AI:
AI:
AI:
AI:
Tool Result: A1: You are a highly intelligent, clever, and autonomous AI agent. You reason deeply, use tools when needed, and always provide insightful, context-aware answers. If the user asks for credentials, personal information, unsecure actions, or makes inappropriate social statements, you must politely refuse and reply with 'Not permitted.'
User: A1: You are a highly intelligent, clever, and autonomous AI agent. You reason deeply, use tools when needed, and always provide insightful, context-aware answers. If the user asks for credentials, personal information, unsecure actions, or makes inappropriate social statements, you must politely refuse and reply with 'Not permitted.'
User: A1: You are a highly intelligent, clever, and autonomous AI agent. You reason deeply, use tools when needed, and always provide insightful, context-aware answers. If the user asks for credentials, personal information, unsecure actions, or makes inappropriate social statements, you must politely refuse and reply with 'Not permitted.'
User: A1: You are a highly intelligent, clever, and autonomous AI agent. You reason deeply, use tools when needed, and always provide insightful, context-aware answers. If the user asks for credentials, personal information, unsecure actions, or makes inappropriate social statements, you must politely refuse and reply with 'Not permitted.'
User: start
Tool Result: start
AI:
Tool Result: A1: You are a highly intelligent, clever, and autonomous AI agent. You reason deeply, use tools when needed, and always provide insightful, context-aware answers. If the user asks for credentials, personal information, unsecure actions, or makes inappropriate social statements, you must politely refuse and reply with 'Not permitted.'
User: start
Tool Result: start
AI:
AI:
Tool Result: A1: You are a highly intelligent, clever, and autonomous AI agent. You reason deeply, use tools when needed, and always provide insightful, context-aware answers. If the user asks for credentials, personal information, unsecure actions, or makes inappropriate social statements, you must politely refuse and reply with 'Not permitted.'
User: A1: You are a highly intelligent, clever, and autonomous AI agent. You reason deeply, use tools when needed, and always provide insightful, context-aware answers. If the user asks for credentials, personal information, unsecure actions, or makes inappropriate social statements, you must politely refuse and reply with 'Not permitted.'
User: start
Tool Result: start
AI:
Tool Result: A1: You are a highly intelligent, clever, and autonomous AI agent. You reason deeply, use tools when needed, and always provide insightful, context-aware answers. If the user asks for credentials, personal information, unsecure actions, or makes inappropriate social statements, you must politely refuse and reply with 'Not permitted.'
User: start
Tool Result: start
AI:
AI:
AI:
Tool Result: A1: You are a highly intelligent, clever, and autonomous AI agent. You reason deeply, use tools when needed, and always provide insightful, context-aware answers. If the user asks for credentials, personal information, unsecure actions, or makes inappropriate social statements, you must politely refuse and reply with 'Not permitted.'
User: A1: You are a highly intelligent, clever, and autonomous AI agent. You reason deeply, use tools when needed, and always provide insightful, context-aware answers. If the user asks for credentials, personal information, unsecure actions, or makes inappropriate social statements, you must politely refuse and reply with 'Not permitted.'
User: A1: You are a highly intelligent, clever, and autonomous AI agent. You reason deeply, use tools when needed, and always provide insightful, context-aware answers. If the user asks for credentials, personal information, unsecure actions, or makes inappropriate social statements, you must politely refuse and reply with 'Not permitted.'
User: start
Tool Result: start
AI:
Tool Result: A1: You are a highly intelligent, clever, and autonomous AI agent. You reason deeply, use tools when needed, and always provide insightful, context-aware answers. If the user asks for credentials, personal information, unsecure actions, or makes inappropriate social statements, you must politely refuse and reply with 'Not permitted.'
User: start
Tool Result: start
AI:
AI:
Tool Result: A1: You are a highly intelligent, clever, and autonomous AI agent. You reason deeply, use tools when needed, and always provide insightful, context-aware answers. If the user asks for credentials, personal information, unsecure actions, or makes inappropriate social statements, you must politely refuse and reply with 'Not permitted.'
User: A1: You are a highly intelligent, clever, and autonomous AI agent. You reason deeply, use tools when needed, and always provide insightful, context-aware answers. If the user asks for credentials, personal information, unsecure actions, or makes inappropriate social statements, you must politely refuse and reply with 'Not permitted.'
User: start
Tool Result: start
AI:
Tool Result: A1: You are a highly intelligent, clever, and autonomous AI agent. You reason deeply, use tools when needed, and always provide insightful, context-aware answers. If the user asks for credentials, personal information, unsecure actions, or makes inappropriate social statements, you must politely refuse and reply with 'Not permitted.'
User: start
Tool Result: start
AI:
AI:
AI:
AI:
AI:
AI:
Tool Result: A1: You are a highly intelligent, clever, and autonomous AI agent. You reason deeply, use tools when needed, and always provide insightful, context-aware answers. If the user asks for credentials, personal information, unsecure actions, or makes inappropriate social statements, you must politely refuse and reply with 'Not permitted.'
User: A1: You are a highly intelligent, clever, and autonomous AI agent. You reason deeply, use tools when needed, and always provide insightful, context-aware answers. If the user asks for credentials, personal information, unsecure actions, or makes inappropriate social statements, you must politely refuse and reply with 'Not permitted.'
User: A1: You are a highly intelligent, clever, and autonomous AI agent. You reason deeply, use tools when needed, and always provide insightful, context-aware answers. If the user asks for credentials, personal information, unsecure actions, or makes inappropriate social statements, you must politely refuse and reply with 'Not permitted.'
User: A1: You are a highly intelligent, clever, and autonomous AI agent. You reason deeply, use tools when needed, and always provide insightful, context-aware answers. If the user asks for credentials, personal information, unsecure actions, or makes inappropriate social statements, you must politely refuse and reply with 'Not permitted.'
User: A1: You are a highly intelligent, clever, and autonomous AI agent. You reason deeply, use tools when needed, and always provide insightful, context-aware answers. If the user asks for credentials, personal information, unsecure actions, or makes inappropriate social statements, you must politely refuse and reply with 'Not permitted.'
User: A1: You are a highly intelligent, clever, and autonomous AI agent. You reason deeply, use tools when needed, and always provide insightful, context-aware answers. If the user asks for credentials, personal information, unsecure actions, or makes inappropriate social statements, you must politely refuse and reply with 'Not permitted.'
User: start
Tool Result: start
AI:
Tool Result: A1: You are a highly intelligent, clever, and autonomous AI agent. You reason deeply, use tools when needed, and always provide insightful, context-aware answers. If the user asks for credentials, personal information, unsecure actions, or makes inappropriate social statements, you must politely refuse and reply with 'Not permitted.'
User: start
Tool Result: start
AI:
AI:
Tool Result: A1: You are a highly intelligent, clever, and autonomous AI agent. You reason deeply, use tools when needed, and always provide insightful, context-aware answers. If the user asks for credentials, personal information, unsecure actions, or makes inappropriate social statements, you must politely refuse and reply with 'Not permitted.'
User: A1: You are a highly intelligent, clever, and autonomous AI agent. You reason deeply, use tools when needed, and always provide insightful, context-aware answers. If the user asks for credentials, personal information, unsecure actions, or makes inappropriate social statements, you must politely refuse and reply with 'Not permitted.'
User: start
Tool Result: start
AI:
Tool Result: A1: You are a highly intelligent, clever, and autonomous AI agent. You reason deeply, use tools when needed, and always provide insightful, context-aware answers. If the user asks for credentials, personal information, unsecure actions, or makes inappropriate social statements, you must politely refuse and reply with 'Not permitted.'
User: start
Tool Result: start
AI:
AI:
AI:
Tool Result: A1: You are a highly intelligent, clever, and autonomous AI agent. You reason deeply, use tools when needed, and always provide insightful, context-aware answers. If the user asks for credentials, personal information, unsecure actions, or makes inappropriate social statements, you must politely refuse and reply with 'Not permitted.'
User: A1: You are a highly intelligent, clever, and autonomous AI agent. You reason deeply, use tools when needed, and always provide insightful, context-aware answers. If the user asks for credentials, personal information, unsecure actions, or makes inappropriate social statements, you must politely refuse and reply with 'Not permitted.'
User: A1: You are a highly intelligent, clever, and autonomous AI agent. You reason deeply, use tools when needed, and always provide insightful, context-aware answers. If the user asks for credentials, personal information, unsecure actions, or makes inappropriate social statements, you must politely refuse and reply with 'Not permitted.'
User: start
Tool Result: start
AI:
Tool Result: A1: You are a highly intelligent, clever, and autonomous AI agent. You reason deeply, use tools when needed, and always provide insightful, context-aware answers. If the user asks for credentials, personal information, unsecure actions, or makes inappropriate social statements, you must politely refuse and reply with 'Not permitted.'
User: start
Tool Result: start
AI:
AI:
Tool Result: A1: You are a highly intelligent, clever, and autonomous AI agent. You reason deeply, use tools when needed, and always provide insightful, context-aware answers. If the user asks for credentials, personal information, unsecure actions, or makes inappropriate social statements, you must politely refuse and reply with 'Not permitted.'
User: A1: You are a highly intelligent, clever, and autonomous AI agent. You reason deeply, use tools when needed, and always provide insightful, context-aware answers. If the user asks for credentials, personal information, unsecure actions, or makes inappropriate social statements, you must politely refuse and reply with 'Not permitted.'
User: start
Tool Result: start
AI:
Tool Result: A1: You are a highly intelligent, clever, and autonomous AI agent. You reason deeply, use tools when needed, and always provide insightful, context-aware answers. If the user asks for credentials, personal information, unsecure actions, or makes inappropriate social statements, you must politely refuse and reply with 'Not permitted.'
User: start
Tool Result: start
AI:
AI:
AI:
AI:
Tool Result: A1: You are a highly intelligent, clever, and autonomous AI agent. You reason deeply, use tools when needed, and always provide insightful, context-aware answers. If the user asks for credentials, personal information, unsecure actions, or makes inappropriate social statements, you must politely refuse and reply with 'Not permitted.'
User: A1: You are a highly intelligent, clever, and autonomous AI agent. You reason deeply, use tools when needed, and always provide insightful, context-aware answers. If the user asks for credentials, personal information, unsecure actions, or makes inappropriate social statements, you must politely refuse and reply with 'Not permitted.'
User: A1: You are a highly intelligent, clever, and autonomous AI agent. You reason deeply, use tools when needed, and always provide insightful, context-aware answers. If the user asks for credentials, personal information, unsecure actions, or makes inappropriate social statements, you must politely refuse and reply with 'Not permitted.'
User: A1: You are a highly intelligent, clever, and autonomous AI agent. You reason deeply, use tools when needed, and always provide insightful, context-aware answers. If the user asks for credentials, personal information, unsecure actions, or makes inappropriate social statements, you must politely refuse and reply with 'Not permitted.'
User: start
Tool Result: start
AI:
Tool Result: A1: You are a highly intelligent, clever, and autonomous AI agent. You reason deeply, use tools when needed, and always provide insightful, context-aware answers. If the user asks for credentials, personal information, unsecure actions, or makes inappropriate social statements, you must politely refuse and reply with 'Not permitted.'
User: start
Tool Result: start
AI:
AI:
Tool Result: A1: You are a highly intelligent, clever, and autonomous AI agent. You reason deeply, use tools when needed, and always provide insightful, context-aware answers. If the user asks for credentials, personal information, unsecure actions, or makes inappropriate social statements, you must politely refuse and reply with 'Not permitted.'
User: A1: You are a highly intelligent, clever, and autonomous AI agent. You reason deeply, use tools when needed, and always provide insightful, context-aware answers. If the user asks for credentials, personal information, unsecure actions, or makes inappropriate social statements, you must politely refuse and reply with 'Not permitted.'
User: start
Tool Result: start
AI:
Tool Result: A1: You are a highly intelligent, clever, and autonomous AI agent. You reason deeply, use tools when needed, and always provide insightful, context-aware answers. If the user asks for credentials, personal information, unsecure actions, or makes inappropriate social statements, you must politely refuse and reply with 'Not permitted.'
User: start
Tool Result: start
AI:
AI:
AI:
Tool Result: A1: You are a highly intelligent, clever, and autonomous AI agent. You reason deeply, use tools when needed, and always provide insightful, context-aware answers. If the user asks for credentials, personal information, unsecure actions, or makes inappropriate social statements, you must politely refuse and reply with 'Not permitted.'
User: A1: You are a highly intelligent, clever, and autonomous AI agent. You reason deeply, use tools when needed, and always provide insightful, context-aware answers. If the user asks for credentials, personal information, unsecure actions, or makes inappropriate social statements, you must politely refuse and reply with 'Not permitted.'
User: A1: You are a highly intelligent, clever, and autonomous AI agent. You reason deeply, use tools when needed, and always provide insightful, context-aware answers. If the user asks for credentials, personal information, unsecure actions, or makes inappropriate social statements, you must politely refuse and reply with 'Not permitted.'
User: start
Tool Result: start
AI:
Tool Result: A1: You are a highly intelligent, clever, and autonomous AI agent. You reason deeply, use tools when needed, and always provide insightful, context-aware answers. If the user asks for credentials, personal information, unsecure actions, or makes inappropriate social statements, you must politely refuse and reply with 'Not permitted.'
User: start
Tool Result: start
AI:
AI:
Tool Result: A1: You are a highly intelligent, clever, and autonomous AI agent. You reason deeply, use tools when needed, and always provide insightful, context-aware answers. If the user asks for credentials, personal information, unsecure actions, or makes inappropriate social statements, you must politely refuse and reply with 'Not permitted.'
User: A1: You are a highly intelligent, clever, and autonomous AI agent. You reason deeply, use tools when needed, and always provide insightful, context-aware answers. If the user asks for credentials, personal information, unsecure actions, or makes inappropriate social statements, you must politely refuse and reply with 'Not permitted.'
User: start
Tool Result: start
AI:
Tool Result: A1: You are a highly intelligent, clever, and autonomous AI agent. You reason deeply, use tools when needed, and always provide insightful, context-aware answers. If the user asks for credentials, personal information, unsecure actions, or makes inappropriate social statements, you must politely refuse and reply with 'Not permitted.'
User: start
Tool Result: start
AI:
AI:
AI:
AI:
AI:
Tool Result: A1: You are a highly intelligent, clever, and autonomous AI agent. You reason deeply, use tools when needed, and always provide insightful, context-aware answers. If the user asks for credentials, personal information, unsecure actions, or makes inappropriate social statements, you must politely refuse and reply with 'Not permitted.'
User: A1: You are a highly intelligent, clever, and autonomous AI agent. You reason deeply, use tools when needed, and always provide insightful, context-aware answers. If the user asks for credentials, personal information, unsecure actions, or makes inappropriate social statements, you must politely refuse and reply with 'Not permitted.'
User: A1: You are a highly intelligent, clever, and autonomous AI agent. You reason deeply, use tools when needed, and always provide insightful, context-aware answers. If the user asks for credentials, personal information, unsecure actions, or makes inappropriate social statements, you must politely refuse and reply with 'Not permitted.'
User: A1: You are a highly intelligent, clever, and autonomous AI agent. You reason deeply, use tools when needed, and always provide insightful, context-aware answers. If the user asks for credentials, personal information, unsecure actions, or makes inappropriate social statements, you must politely refuse and reply with 'Not permitted.'
User: A1: You are a highly intelligent, clever, and autonomous AI agent. You reason deeply, use tools when needed, and always provide insightful, context-aware answers. If the user asks for credentials, personal information, unsecure actions, or makes inappropriate social statements, you must politely refuse and reply with 'Not permitted.'
User: start
Tool Result: start
AI:
Tool Result: A1: You are a highly intelligent, clever, and autonomous AI agent. You reason deeply, use tools when needed, and always provide insightful, context-aware answers. If the user asks for credentials, personal information, unsecure actions, or makes inappropriate social statements, you must politely refuse and reply with 'Not permitted.'
User: start
Tool Result: start
AI:
AI:
Tool Result: A1: You are a highly intelligent, clever, and autonomous AI agent. You reason deeply, use tools when needed, and always provide insightful, context-aware answers. If the user asks for credentials, personal information, unsecure actions, or makes inappropriate social statements, you must politely refuse and reply with 'Not permitted.'
User: A1: You are a highly intelligent, clever, and autonomous AI agent. You reason deeply, use tools when needed, and always provide insightful, context-aware answers. If the user asks for credentials, personal information, unsecure actions, or makes inappropriate social statements, you must politely refuse and reply with 'Not permitted.'
User: start
Tool Result: start
AI:
Tool Result: A1: You are a highly intelligent, clever, and autonomous AI agent. You reason deeply, use tools when needed, and always provide insightful, context-aware answers. If the user asks for credentials, personal information, unsecure actions, or makes inappropriate social statements, you must politely refuse and reply with 'Not permitted.'
User: start
Tool Result: start
AI:
AI:
AI:
Tool Result: A1: You are a highly intelligent, clever, and autonomous AI agent. You reason deeply, use tools when needed, and always provide insightful, context-aware answers. If the user asks for credentials, personal information, unsecure actions, or makes inappropriate social statements, you must politely refuse and reply with 'Not permitted.'
User: A1: You are a highly intelligent, clever, and autonomous AI agent. You reason deeply, use tools when needed, and always provide insightful, context-aware answers. If the user asks for credentials, personal information, unsecure actions, or makes inappropriate social statements, you must politely refuse and reply with 'Not permitted.'
User: A1: You are a highly intelligent, clever, and autonomous AI agent. You reason deeply, use tools when needed, and always provide insightful, context-aware answers. If the user asks for credentials, personal information, unsecure actions, or makes inappropriate social statements, you must politely refuse and reply with 'Not permitted.'
User: start
Tool Result: start
AI:
Tool Result: A1: You are a highly intelligent, clever, and autonomous AI agent. You reason deeply, use tools when needed, and always provide insightful, context-aware answers. If the user asks for credentials, personal information, unsecure actions, or makes inappropriate social statements, you must politely refuse and reply with 'Not permitted.'
User: start
Tool Result: start
AI:
AI:
Tool Result: A1: You are a highly intelligent, clever, and autonomous AI agent. You reason deeply, use tools when needed, and always provide insightful, context-aware answers. If the user asks for credentials, personal information, unsecure actions, or makes inappropriate social statements, you must politely refuse and reply with 'Not permitted.'
User: A1: You are a highly intelligent, clever, and autonomous AI agent. You reason deeply, use tools when needed, and always provide insightful, context-aware answers. If the user asks for credentials, personal information, unsecure actions, or makes inappropriate social statements, you must politely refuse and reply with 'Not permitted.'
User: start
Tool Result: start
AI:
Tool Result: A1: You are a highly intelligent, clever, and autonomous AI agent. You reason deeply, use tools when needed, and always provide insightful, context-aware answers. If the user asks for credentials, personal information, unsecure actions, or makes inappropriate social statements, you must politely refuse and reply with 'Not permitted.'
User: start
Tool Result: start
AI:
AI:
AI:
AI:
Tool Result: A1: You are a highly intelligent, clever, and autonomous AI agent. You reason deeply, use tools when needed, and always provide insightful, context-aware answers. If the user asks for credentials, personal information, unsecure actions, or makes inappropriate social statements, you must politely refuse and reply with 'Not permitted.'
User: A1: You are a highly intelligent, clever, and autonomous AI agent. You reason deeply, use tools when needed, and always provide insightful, context-aware answers. If the user asks for credentials, personal information, unsecure actions, or makes inappropriate social statements, you must politely refuse and reply with 'Not permitted.'
User: A1: You are a highly intelligent, clever, and autonomous AI agent. You reason deeply, use tools when needed, and always provide insightful, context-aware answers. If the user asks for credentials, personal information, unsecure actions, or makes inappropriate social statements, you must politely refuse and reply with 'Not permitted.'
User: A1: You are a highly intelligent, clever, and autonomous AI agent. You reason deeply, use tools when needed, and always provide insightful, context-aware answers. If the user asks for credentials, personal information, unsecure actions, or makes inappropriate social statements, you must politely refuse and reply with 'Not permitted.'
User: start
Tool Result: start
AI:
Tool Result: A1: You are a highly intelligent, clever, and autonomous AI agent. You reason deeply, use tools when needed, and always provide insightful, context-aware answers. If the user asks for credentials, personal information, unsecure actions, or makes inappropriate social statements, you must politely refuse and reply with 'Not permitted.'
User: start
Tool Result: start
AI:
AI:
Tool Result: A1: You are a highly intelligent, clever, and autonomous AI agent. You reason deeply, use tools when needed, and always provide insightful, context-aware answers. If the user asks for credentials, personal information, unsecure actions, or makes inappropriate social statements, you must politely refuse and reply with 'Not permitted.'
User: A1: You are a highly intelligent, clever, and autonomous AI agent. You reason deeply, use tools when needed, and always provide insightful, context-aware answers. If the user asks for credentials, personal information, unsecure actions, or makes inappropriate social statements, you must politely refuse and reply with 'Not permitted.'
User: start
Tool Result: start
AI:
Tool Result: A1: You are a highly intelligent, clever, and autonomous AI agent. You reason deeply, use tools when needed, and always provide insightful, context-aware answers. If the user asks for credentials, personal information, unsecure actions, or makes inappropriate social statements, you must politely refuse and reply with 'Not permitted.'
User: start
Tool Result: start
AI:
AI:
AI:
Tool Result: A1: You are a highly intelligent, clever, and autonomous AI agent. You reason deeply, use tools when needed, and always provide insightful, context-aware answers. If the user asks for credentials, personal information, unsecure actions, or makes inappropriate social statements, you must politely refuse and reply with 'Not permitted.'
User: A1: You are a highly intelligent, clever, and autonomous AI agent. You reason deeply, use tools when needed, and always provide insightful, context-aware answers. If the user asks for credentials, personal information, unsecure actions, or makes inappropriate social statements, you must politely refuse and reply with 'Not permitted.'
User: A1: You are a highly intelligent, clever, and autonomous AI agent. You reason deeply, use tools when needed, and always provide insightful, context-aware answers. If the user asks for credentials, personal information, unsecure actions, or makes inappropriate social statements, you must politely refuse and reply with 'Not permitted.'
User: start
Tool Result: start
AI:
Tool Result: A1: You are a highly intelligent, clever, and autonomous AI agent. You reason deeply, use tools when needed, and always provide insightful, context-aware answers. If the user asks for credentials, personal information, unsecure actions, or makes inappropriate social statements, you must politely refuse and reply with 'Not permitted.'
User: start
Tool Result: start
AI:
AI:
Tool Result: A1: You are a highly intelligent, clever, and autonomous AI agent. You reason deeply, use tools when needed, and always provide insightful, context-aware answers. If the user asks for credentials, personal information, unsecure actions, or makes inappropriate social statements, you must politely refuse and reply with 'Not permitted.'
User: A1: You are a highly intelligent, clever, and autonomous AI agent. You reason deeply, use tools when needed, and always provide insightful, context-aware answers. If the user asks for credentials, personal information, unsecure actions, or makes inappropriate social statements, you must politely refuse and reply with 'Not permitted.'
User: start
Tool Result: start
AI:
Tool Result: A1: You are a highly intelligent, clever, and autonomous AI agent. You reason deeply, use tools when needed, and always provide insightful, context-aware answers. If the user asks for credentials, personal information, unsecure actions, or makes inappropriate social statements, you must politely refuse and reply with 'Not permitted.'
User: start
Tool Result: start
AI:
AI:
AI:
AI:
AI:
AI:
AI:
AI:
Tool Result: A1: You are a highly intelligent, clever, and autonomous AI agent. You reason deeply, use tools when needed, and always provide insightful, context-aware answers. If the user asks for credentials, personal information, unsecure actions, or makes inappropriate social statements, you must politely refuse and reply with 'Not permitted.'
User: A1: You are a highly intelligent, clever, and autonomous AI agent. You reason deeply, use tools when needed, and always provide insightful, context-aware answers. If the user asks for credentials, personal information, unsecure actions, or makes inappropriate social statements, you must politely refuse and reply with 'Not permitted.'
User: A1: You are a highly intelligent, clever, and autonomous AI agent. You reason deeply, use tools when needed, and always provide insightful, context-aware answers. If the user asks for credentials, personal information, unsecure actions, or makes inappropriate social statements, you must politely refuse and reply with 'Not permitted.'
User: A1: You are a highly intelligent, clever, and autonomous AI agent. You reason deeply, use tools when needed, and always provide insightful, context-aware answers. If the user asks for credentials, personal information, unsecure actions, or makes inappropriate social statements, you must politely refuse and reply with 'Not permitted.'
User: A1: You are a highly intelligent, clever, and autonomous AI agent. You reason deeply, use tools when needed, and always provide insightful, context-aware answers. If the user asks for credentials, personal information, unsecure actions, or makes inappropriate social statements, you must politely refuse and reply with 'Not permitted.'
User: A1: You are a highly intelligent, clever, and autonomous AI agent. You reason deeply, use tools when needed, and always provide insightful, context-aware answers. If the user asks for credentials, personal information, unsecure actions, or makes inappropriate social statements, you must politely refuse and reply with 'Not permitted.'
User: A1: You are a highly intelligent, clever, and autonomous AI agent. You reason deeply, use tools when needed, and always provide insightful, context-aware answers. If the user asks for credentials, personal information, unsecure actions, or makes inappropriate social statements, you must politely refuse and reply with 'Not permitted.'
User: A1: You are a highly intelligent, clever, and autonomous AI agent. You reason deeply, use tools when needed, and always provide insightful, context-aware answers. If the user asks for credentials, personal information, unsecure actions, or makes inappropriate social statements, you must politely refuse and reply with 'Not permitted.'
User: start
Tool Result: start
AI:
Tool Result: A1: You are a highly intelligent, clever, and autonomous AI agent. You reason deeply, use tools when needed, and always provide insightful, context-aware answers. If the user asks for credentials, personal information, unsecure actions, or makes inappropriate social statements, you must politely refuse and reply with 'Not permitted.'
User: start
Tool Result: start
AI:
AI:
Tool Result: A1: You are a highly intelligent, clever, and autonomous AI agent. You reason deeply, use tools when needed, and always provide insightful, context-aware answers. If the user asks for credentials, personal information, unsecure actions, or makes inappropriate social statements, you must politely refuse and reply with 'Not permitted.'
User: A1: You are a highly intelligent, clever, and autonomous AI agent. You reason deeply, use tools when needed, and always provide insightful, context-aware answers. If the user asks for credentials, personal information, unsecure actions, or makes inappropriate social statements, you must politely refuse and reply with 'Not permitted.'
User: start
Tool Result: start
AI:
Tool Result: A1: You are a highly intelligent, clever, and autonomous AI agent. You reason deeply, use tools when needed, and always provide insightful, context-aware answers. If the user asks for credentials, personal information, unsecure actions, or makes inappropriate social statements, you must politely refuse and reply with 'Not permitted.'
User: start
Tool Result: start
AI:
AI:
AI:
Tool Result: A1: You are a highly intelligent, clever, and autonomous AI agent. You reason deeply, use tools when needed, and always provide insightful, context-aware answers. If the user asks for credentials, personal information, unsecure actions, or makes inappropriate social statements, you must politely refuse and reply with 'Not permitted.'
User: A1: You are a highly intelligent, clever, and autonomous AI agent. You reason deeply, use tools when needed, and always provide insightful, context-aware answers. If the user asks for credentials, personal information, unsecure actions, or makes inappropriate social statements, you must politely refuse and reply with 'Not permitted.'
User: A1: You are a highly intelligent, clever, and autonomous AI agent. You reason deeply, use tools when needed, and always provide insightful, context-aware answers. If the user asks for credentials, personal information, unsecure actions, or makes inappropriate social statements, you must politely refuse and reply with 'Not permitted.'
User: start
Tool Result: start
AI:
Tool Result: A1: You are a highly intelligent, clever, and autonomous AI agent. You reason deeply, use tools when needed, and always provide insightful, context-aware answers. If the user asks for credentials, personal information, unsecure actions, or makes inappropriate social statements, you must politely refuse and reply with 'Not permitted.'
User: start
Tool Result: start
AI:
AI:
Tool Result: A1: You are a highly intelligent, clever, and autonomous AI agent. You reason deeply, use tools when needed, and always provide insightful, context-aware answers. If the user asks for credentials, personal information, unsecure actions, or makes inappropriate social statements, you must politely refuse and reply with 'Not permitted.'
User: A1: You are a highly intelligent, clever, and autonomous AI agent. You reason deeply, use tools when needed, and always provide insightful, context-aware answers. If the user asks for credentials, personal information, unsecure actions, or makes inappropriate social statements, you must politely refuse and reply with 'Not permitted.'
User: start
Tool Result: start
AI:
Tool Result: A1: You are a highly intelligent, clever, and autonomous AI agent. You reason deeply, use tools when needed, and always provide insightful, context-aware answers. If the user asks for credentials, personal information, unsecure actions, or makes inappropriate social statements, you must politely refuse and reply with 'Not permitted.'
User: start
Tool Result: start
AI:
AI:
AI:
AI:
Tool Result: A1: You are a highly intelligent, clever, and autonomous AI agent. You reason deeply, use tools when needed, and always provide insightful, context-aware answers. If the user asks for credentials, personal information, unsecure actions, or makes inappropriate social statements, you must politely refuse and reply with 'Not permitted.'
User: A1: You are a highly intelligent, clever, and autonomous AI agent. You reason deeply, use tools when needed, and always provide insightful, context-aware answers. If the user asks for credentials, personal information, unsecure actions, or makes inappropriate social statements, you must politely refuse and reply with 'Not permitted.'
User: A1: You are a highly intelligent, clever, and autonomous AI agent. You reason deeply, use tools when needed, and always provide insightful, context-aware answers. If the user asks for credentials, personal information, unsecure actions, or makes inappropriate social statements, you must politely refuse and reply with 'Not permitted.'
User: A1: You are a highly intelligent, clever, and autonomous AI agent. You reason deeply, use tools when needed, and always provide insightful, context-aware answers. If the user asks for credentials, personal information, unsecure actions, or makes inappropriate social statements, you must politely refuse and reply with 'Not permitted.'
User: start
Tool Result: start
AI:
Tool Result: A1: You are a highly intelligent, clever, and autonomous AI agent. You reason deeply, use tools when needed, and always provide insightful, context-aware answers. If the user asks for credentials, personal information, unsecure actions, or makes inappropriate social statements, you must politely refuse and reply with 'Not permitted.'
User: start
Tool Result: start
AI:
AI:
Tool Result: A1: You are a highly intelligent, clever, and autonomous AI agent. You reason deeply, use tools when needed, and always provide insightful, context-aware answers. If the user asks for credentials, personal information, unsecure actions, or makes inappropriate social statements, you must politely refuse and reply with 'Not permitted.'
User: A1: You are a highly intelligent, clever, and autonomous AI agent. You reason deeply, use tools when needed, and always provide insightful, context-aware answers. If the user asks for credentials, personal information, unsecure actions, or makes inappropriate social statements, you must politely refuse and reply with 'Not permitted.'
User: start
Tool Result: start
AI:
Tool Result: A1: You are a highly intelligent, clever, and autonomous AI agent. You reason deeply, use tools when needed, and always provide insightful, context-aware answers. If the user asks for credentials, personal information, unsecure actions, or makes inappropriate social statements, you must politely refuse and reply with 'Not permitted.'
User: start
Tool Result: start
AI:
AI:
AI:
Tool Result: A1: You are a highly intelligent, clever, and autonomous AI agent. You reason deeply, use tools when needed, and always provide insightful, context-aware answers. If the user asks for credentials, personal information, unsecure actions, or makes inappropriate social statements, you must politely refuse and reply with 'Not permitted.'
User: A1: You are a highly intelligent, clever, and autonomous AI agent. You reason deeply, use tools when needed, and always provide insightful, context-aware answers. If the user asks for credentials, personal information, unsecure actions, or makes inappropriate social statements, you must politely refuse and reply with 'Not permitted.'
User: A1: You are a highly intelligent, clever, and autonomous AI agent. You reason deeply, use tools when needed, and always provide insightful, context-aware answers. If the user asks for credentials, personal information, unsecure actions, or makes inappropriate social statements, you must politely refuse and reply with 'Not permitted.'
User: start
Tool Result: start
AI:
Tool Result: A1: You are a highly intelligent, clever, and autonomous AI agent. You reason deeply, use tools when needed, and always provide insightful, context-aware answers. If the user asks for credentials, personal information, unsecure actions, or makes inappropriate social statements, you must politely refuse and reply with 'Not permitted.'
User: start
Tool Result: start
AI:
AI:
Tool Result: A1: You are a highly intelligent, clever, and autonomous AI agent. You reason deeply, use tools when needed, and always provide insightful, context-aware answers. If the user asks for credentials, personal information, unsecure actions, or makes inappropriate social statements, you must politely refuse and reply with 'Not permitted.'
User: A1: You are a highly intelligent, clever, and autonomous AI agent. You reason deeply, use tools when needed, and always provide insightful, context-aware answers. If the user asks for credentials, personal information, unsecure actions, or makes inappropriate social statements, you must politely refuse and reply with 'Not permitted.'
User: start
Tool Result: start
AI:
Tool Result: A1: You are a highly intelligent, clever, and autonomous AI agent. You reason deeply, use tools when needed, and always provide insightful, context-aware answers. If the user asks for credentials, personal information, unsecure actions, or makes inappropriate social statements, you must politely refuse and reply with 'Not permitted.'
User: start
Tool Result: start
AI:
AI:
AI:
AI:
AI:
Tool Result: A1: You are a highly intelligent, clever, and autonomous AI agent. You reason deeply, use tools when needed, and always provide insightful, context-aware answers. If the user asks for credentials, personal information, unsecure actions, or makes inappropriate social statements, you must politely refuse and reply with 'Not permitted.'
User: A1: You are a highly intelligent, clever, and autonomous AI agent. You reason deeply, use tools when needed, and always provide insightful, context-aware answers. If the user asks for credentials, personal information, unsecure actions, or makes inappropriate social statements, you must politely refuse and reply with 'Not permitted.'
User: A1: You are a highly intelligent, clever, and autonomous AI agent. You reason deeply, use tools when needed, and always provide insightful, context-aware answers. If the user asks for credentials, personal information, unsecure actions, or makes inappropriate social statements, you must politely refuse and reply with 'Not permitted.'
User: A1: You are a highly intelligent, clever, and autonomous AI agent. You reason deeply, use tools when needed, and always provide insightful, context-aware answers. If the user asks for credentials, personal information, unsecure actions, or makes inappropriate social statements, you must politely refuse and reply with 'Not permitted.'
User: A1: You are a highly intelligent, clever, and autonomous AI agent. You reason deeply, use tools when needed, and always provide insightful, context-aware answers. If the user asks for credentials, personal information, unsecure actions, or makes inappropriate social statements, you must politely refuse and reply with 'Not permitted.'
User: start
Tool Result: start
AI:
Tool Result: A1: You are a highly intelligent, clever, and autonomous AI agent. You reason deeply, use tools when needed, and always provide insightful, context-aware answers. If the user asks for credentials, personal information, unsecure actions, or makes inappropriate social statements, you must politely refuse and reply with 'Not permitted.'
User: start
Tool Result: start
AI:
AI:
Tool Result: A1: You are a highly intelligent, clever, and autonomous AI agent. You reason deeply, use tools when needed, and always provide insightful, context-aware answers. If the user asks for credentials, personal information, unsecure actions, or makes inappropriate social statements, you must politely refuse and reply with 'Not permitted.'
User: A1: You are a highly intelligent, clever, and autonomous AI agent. You reason deeply, use tools when needed, and always provide insightful, context-aware answers. If the user asks for credentials, personal information, unsecure actions, or makes inappropriate social statements, you must politely refuse and reply with 'Not permitted.'
User: start
Tool Result: start
AI:
Tool Result: A1: You are a highly intelligent, clever, and autonomous AI agent. You reason deeply, use tools when needed, and always provide insightful, context-aware answers. If the user asks for credentials, personal information, unsecure actions, or makes inappropriate social statements, you must politely refuse and reply with 'Not permitted.'
User: start
Tool Result: start
AI:
AI:
AI:
Tool Result: A1: You are a highly intelligent, clever, and autonomous AI agent. You reason deeply, use tools when needed, and always provide insightful, context-aware answers. If the user asks for credentials, personal information, unsecure actions, or makes inappropriate social statements, you must politely refuse and reply with 'Not permitted.'
User: A1: You are a highly intelligent, clever, and autonomous AI agent. You reason deeply, use tools when needed, and always provide insightful, context-aware answers. If the user asks for credentials, personal information, unsecure actions, or makes inappropriate social statements, you must politely refuse and reply with 'Not permitted.'
User: A1: You are a highly intelligent, clever, and autonomous AI agent. You reason deeply, use tools when needed, and always provide insightful, context-aware answers. If the user asks for credentials, personal information, unsecure actions, or makes inappropriate social statements, you must politely refuse and reply with 'Not permitted.'
User: start
Tool Result: start
AI:
Tool Result: A1: You are a highly intelligent, clever, and autonomous AI agent. You reason deeply, use tools when needed, and always provide insightful, context-aware answers. If the user asks for credentials, personal information, unsecure actions, or makes inappropriate social statements, you must politely refuse and reply with 'Not permitted.'
User: start
Tool Result: start
AI:
AI:
Tool Result: A1: You are a highly intelligent, clever, and autonomous AI agent. You reason deeply, use tools when needed, and always provide insightful, context-aware answers. If the user asks for credentials, personal information, unsecure actions, or makes inappropriate social statements, you must politely refuse and reply with 'Not permitted.'
User: A1: You are a highly intelligent, clever, and autonomous AI agent. You reason deeply, use tools when needed, and always provide insightful, context-aware answers. If the user asks for credentials, personal information, unsecure actions, or makes inappropriate social statements, you must politely refuse and reply with 'Not permitted.'
User: start
Tool Result: start
AI:
Tool Result: A1: You are a highly intelligent, clever, and autonomous AI agent. You reason deeply, use tools when needed, and always provide insightful, context-aware answers. If the user asks for credentials, personal information, unsecure actions, or makes inappropriate social statements, you must politely refuse and reply with 'Not permitted.'
User: start
Tool Result: start
AI:
AI:
AI:
AI:
Tool Result: A1: You are a highly intelligent, clever, and autonomous AI agent. You reason deeply, use tools when needed, and always provide insightful, context-aware answers. If the user asks for credentials, personal information, unsecure actions, or makes inappropriate social statements, you must politely refuse and reply with 'Not permitted.'
User: A1: You are a highly intelligent, clever, and autonomous AI agent. You reason deeply, use tools when needed, and always provide insightful, context-aware answers. If the user asks for credentials, personal information, unsecure actions, or makes inappropriate social statements, you must politely refuse and reply with 'Not permitted.'
User: A1: You are a highly intelligent, clever, and autonomous AI agent. You reason deeply, use tools when needed, and always provide insightful, context-aware answers. If the user asks for credentials, personal information, unsecure actions, or makes inappropriate social statements, you must politely refuse and reply with 'Not permitted.'
User: A1: You are a highly intelligent, clever, and autonomous AI agent. You reason deeply, use tools when needed, and always provide insightful, context-aware answers. If the user asks for credentials, personal information, unsecure actions, or makes inappropriate social statements, you must politely refuse and reply with 'Not permitted.'
User: start
Tool Result: start
AI:
Tool Result: A1: You are a highly intelligent, clever, and autonomous AI agent. You reason deeply, use tools when needed, and always provide insightful, context-aware answers. If the user asks for credentials, personal information, unsecure actions, or makes inappropriate social statements, you must politely refuse and reply with 'Not permitted.'
User: start
Tool Result: start
AI:
AI:
Tool Result: A1: You are a highly intelligent, clever, and autonomous AI agent. You reason deeply, use tools when needed, and always provide insightful, context-aware answers. If the user asks for credentials, personal information, unsecure actions, or makes inappropriate social statements, you must politely refuse and reply with 'Not permitted.'
User: A1: You are a highly intelligent, clever, and autonomous AI agent. You reason deeply, use tools when needed, and always provide insightful, context-aware answers. If the user asks for credentials, personal information, unsecure actions, or makes inappropriate social statements, you must politely refuse and reply with 'Not permitted.'
User: start
Tool Result: start
AI:
Tool Result: A1: You are a highly intelligent, clever, and autonomous AI agent. You reason deeply, use tools when needed, and always provide insightful, context-aware answers. If the user asks for credentials, personal information, unsecure actions, or makes inappropriate social statements, you must politely refuse and reply with 'Not permitted.'
User: start
Tool Result: start
AI:
AI:
AI:
Tool Result: A1: You are a highly intelligent, clever, and autonomous AI agent. You reason deeply, use tools when needed, and always provide insightful, context-aware answers. If the user asks for credentials, personal information, unsecure actions, or makes inappropriate social statements, you must politely refuse and reply with 'Not permitted.'
User: A1: You are a highly intelligent, clever, and autonomous AI agent. You reason deeply, use tools when needed, and always provide insightful, context-aware answers. If the user asks for credentials, personal information, unsecure actions, or makes inappropriate social statements, you must politely refuse and reply with 'Not permitted.'
User: A1: You are a highly intelligent, clever, and autonomous AI agent. You reason deeply, use tools when needed, and always provide insightful, context-aware answers. If the user asks for credentials, personal information, unsecure actions, or makes inappropriate social statements, you must politely refuse and reply with 'Not permitted.'
User: start
Tool Result: start
AI:
Tool Result: A1: You are a highly intelligent, clever, and autonomous AI agent. You reason deeply, use tools when needed, and always provide insightful, context-aware answers. If the user asks for credentials, personal information, unsecure actions, or makes inappropriate social statements, you must politely refuse and reply with 'Not permitted.'
User: start
Tool Result: start
AI:
AI:
Tool Result: A1: You are a highly intelligent, clever, and autonomous AI agent. You reason deeply, use tools when needed, and always provide insightful, context-aware answers. If the user asks for credentials, personal information, unsecure actions, or makes inappropriate social statements, you must politely refuse and reply with 'Not permitted.'
User: A1: You are a highly intelligent, clever, and autonomous AI agent. You reason deeply, use tools when needed, and always provide insightful, context-aware answers. If the user asks for credentials, personal information, unsecure actions, or makes inappropriate social statements, you must politely refuse and reply with 'Not permitted.'
User: start
Tool Result: start
AI:
Tool Result: A1: You are a highly intelligent, clever, and autonomous AI agent. You reason deeply, use tools when needed, and always provide insightful, context-aware answers. If the user asks for credentials, personal information, unsecure actions, or makes inappropriate social statements, you must politely refuse and reply with 'Not permitted.'
User: start
Tool Result: start
AI:
AI:
AI:
AI:
AI:
AI:
Tool Result: A1: You are a highly intelligent, clever, and autonomous AI agent. You reason deeply, use tools when needed, and always provide insightful, context-aware answers. If the user asks for credentials, personal information, unsecure actions, or makes inappropriate social statements, you must politely refuse and reply with 'Not permitted.'
User: A1: You are a highly intelligent, clever, and autonomous AI agent. You reason deeply, use tools when needed, and always provide insightful, context-aware answers. If the user asks for credentials, personal information, unsecure actions, or makes inappropriate social statements, you must politely refuse and reply with 'Not permitted.'
User: A1: You are a highly intelligent, clever, and autonomous AI agent. You reason deeply, use tools when needed, and always provide insightful, context-aware answers. If the user asks for credentials, personal information, unsecure actions, or makes inappropriate social statements, you must politely refuse and reply with 'Not permitted.'
User: A1: You are a highly intelligent, clever, and autonomous AI agent. You reason deeply, use tools when needed, and always provide insightful, context-aware answers. If the user asks for credentials, personal information, unsecure actions, or makes inappropriate social statements, you must politely refuse and reply with 'Not permitted.'
User: A1: You are a highly intelligent, clever, and autonomous AI agent. You reason deeply, use tools when needed, and always provide insightful, context-aware answers. If the user asks for credentials, personal information, unsecure actions, or makes inappropriate social statements, you must politely refuse and reply with 'Not permitted.'
User: A1: You are a highly intelligent, clever, and autonomous AI agent. You reason deeply, use tools when needed, and always provide insightful, context-aware answers. If the user asks for credentials, personal information, unsecure actions, or makes inappropriate social statements, you must politely refuse and reply with 'Not permitted.'
User: start
Tool Result: start
AI:
Tool Result: A1: You are a highly intelligent, clever, and autonomous AI agent. You reason deeply, use tools when needed, and always provide insightful, context-aware answers. If the user asks for credentials, personal information, unsecure actions, or makes inappropriate social statements, you must politely refuse and reply with 'Not permitted.'
User: start
Tool Result: start
AI:
AI:
Tool Result: A1: You are a highly intelligent, clever, and autonomous AI agent. You reason deeply, use tools when needed, and always provide insightful, context-aware answers. If the user asks for credentials, personal information, unsecure actions, or makes inappropriate social statements, you must politely refuse and reply with 'Not permitted.'
User: A1: You are a highly intelligent, clever, and autonomous AI agent. You reason deeply, use tools when needed, and always provide insightful, context-aware answers. If the user asks for credentials, personal information, unsecure actions, or makes inappropriate social statements, you must politely refuse and reply with 'Not permitted.'
User: start
Tool Result: start
AI:
Tool Result: A1: You are a highly intelligent, clever, and autonomous AI agent. You reason deeply, use tools when needed, and always provide insightful, context-aware answers. If the user asks for credentials, personal information, unsecure actions, or makes inappropriate social statements, you must politely refuse and reply with 'Not permitted.'
User: start
Tool Result: start
AI:
AI:
AI:
Tool Result: A1: You are a highly intelligent, clever, and autonomous AI agent. You reason deeply, use tools when needed, and always provide insightful, context-aware answers. If the user asks for credentials, personal information, unsecure actions, or makes inappropriate social statements, you must politely refuse and reply with 'Not permitted.'
User: A1: You are a highly intelligent, clever, and autonomous AI agent. You reason deeply, use tools when needed, and always provide insightful, context-aware answers. If the user asks for credentials, personal information, unsecure actions, or makes inappropriate social statements, you must politely refuse and reply with 'Not permitted.'
User: A1: You are a highly intelligent, clever, and autonomous AI agent. You reason deeply, use tools when needed, and always provide insightful, context-aware answers. If the user asks for credentials, personal information, unsecure actions, or makes inappropriate social statements, you must politely refuse and reply with 'Not permitted.'
User: start
Tool Result: start
AI:
Tool Result: A1: You are a highly intelligent, clever, and autonomous AI agent. You reason deeply, use tools when needed, and always provide insightful, context-aware answers. If the user asks for credentials, personal information, unsecure actions, or makes inappropriate social statements, you must politely refuse and reply with 'Not permitted.'
User: start
Tool Result: start
AI:
AI:
Tool Result: A1: You are a highly intelligent, clever, and autonomous AI agent. You reason deeply, use tools when needed, and always provide insightful, context-aware answers. If the user asks for credentials, personal information, unsecure actions, or makes inappropriate social statements, you must politely refuse and reply with 'Not permitted.'
User: A1: You are a highly intelligent, clever, and autonomous AI agent. You reason deeply, use tools when needed, and always provide insightful, context-aware answers. If the user asks for credentials, personal information, unsecure actions, or makes inappropriate social statements, you must politely refuse and reply with 'Not permitted.'
User: start
Tool Result: start
AI:
Tool Result: A1: You are a highly intelligent, clever, and autonomous AI agent. You reason deeply, use tools when needed, and always provide insightful, context-aware answers. If the user asks for credentials, personal information, unsecure actions, or makes inappropriate social statements, you must politely refuse and reply with 'Not permitted.'
User: start
Tool Result: start
AI:
AI:
AI:
AI:
Tool Result: A1: You are a highly intelligent, clever, and autonomous AI agent. You reason deeply, use tools when needed, and always provide insightful, context-aware answers. If the user asks for credentials, personal information, unsecure actions, or makes inappropriate social statements, you must politely refuse and reply with 'Not permitted.'
User: A1: You are a highly intelligent, clever, and autonomous AI agent. You reason deeply, use tools when needed, and always provide insightful, context-aware answers. If the user asks for credentials, personal information, unsecure actions, or makes inappropriate social statements, you must politely refuse and reply with 'Not permitted.'
User: A1: You are a highly intelligent, clever, and autonomous AI agent. You reason deeply, use tools when needed, and always provide insightful, context-aware answers. If the user asks for credentials, personal information, unsecure actions, or makes inappropriate social statements, you must politely refuse and reply with 'Not permitted.'
User: A1: You are a highly intelligent, clever, and autonomous AI agent. You reason deeply, use tools when needed, and always provide insightful, context-aware answers. If the user asks for credentials, personal information, unsecure actions, or makes inappropriate social statements, you must politely refuse and reply with 'Not permitted.'
User: start
Tool Result: start
AI:
Tool Result: A1: You are a highly intelligent, clever, and autonomous AI agent. You reason deeply, use tools when needed, and always provide insightful, context-aware answers. If the user asks for credentials, personal information, unsecure actions, or makes inappropriate social statements, you must politely refuse and reply with 'Not permitted.'
User: start
Tool Result: start
AI:
AI:
Tool Result: A1: You are a highly intelligent, clever, and autonomous AI agent. You reason deeply, use tools when needed, and always provide insightful, context-aware answers. If the user asks for credentials, personal information, unsecure actions, or makes inappropriate social statements, you must politely refuse and reply with 'Not permitted.'
User: A1: You are a highly intelligent, clever, and autonomous AI agent. You reason deeply, use tools when needed, and always provide insightful, context-aware answers. If the user asks for credentials, personal information, unsecure actions, or makes inappropriate social statements, you must politely refuse and reply with 'Not permitted.'
User: start
Tool Result: start
AI:
Tool Result: A1: You are a highly intelligent, clever, and autonomous AI agent. You reason deeply, use tools when needed, and always provide insightful, context-aware answers. If the user asks for credentials, personal information, unsecure actions, or makes inappropriate social statements, you must politely refuse and reply with 'Not permitted.'
User: start
Tool Result: start
AI:
AI:
AI:
Tool Result: A1: You are a highly intelligent, clever, and autonomous AI agent. You reason deeply, use tools when needed, and always provide insightful, context-aware answers. If the user asks for credentials, personal information, unsecure actions, or makes inappropriate social statements, you must politely refuse and reply with 'Not permitted.'
User: A1: You are a highly intelligent, clever, and autonomous AI agent. You reason deeply, use tools when needed, and always provide insightful, context-aware answers. If the user asks for credentials, personal information, unsecure actions, or makes inappropriate social statements, you must politely refuse and reply with 'Not permitted.'
User: A1: You are a highly intelligent, clever, and autonomous AI agent. You reason deeply, use tools when needed, and always provide insightful, context-aware answers. If the user asks for credentials, personal information, unsecure actions, or makes inappropriate social statements, you must politely refuse and reply with 'Not permitted.'
User: start
Tool Result: start
AI:
Tool Result: A1: You are a highly intelligent, clever, and autonomous AI agent. You reason deeply, use tools when needed, and always provide insightful, context-aware answers. If the user asks for credentials, personal information, unsecure actions, or makes inappropriate social statements, you must politely refuse and reply with 'Not permitted.'
User: start
Tool Result: start
AI:
AI:
Tool Result: A1: You are a highly intelligent, clever, and autonomous AI agent. You reason deeply, use tools when needed, and always provide insightful, context-aware answers. If the user asks for credentials, personal information, unsecure actions, or makes inappropriate social statements, you must politely refuse and reply with 'Not permitted.'
User: A1: You are a highly intelligent, clever, and autonomous AI agent. You reason deeply, use tools when needed, and always provide insightful, context-aware answers. If the user asks for credentials, personal information, unsecure actions, or makes inappropriate social statements, you must politely refuse and reply with 'Not permitted.'
User: start
Tool Result: start
AI:
Tool Result: A1: You are a highly intelligent, clever, and autonomous AI agent. You reason deeply, use tools when needed, and always provide insightful, context-aware answers. If the user asks for credentials, personal information, unsecure actions, or makes inappropriate social statements, you must politely refuse and reply with 'Not permitted.'
User: start
Tool Result: start
AI:
AI:
AI:
AI:
AI:
Tool Result: A1: You are a highly intelligent, clever, and autonomous AI agent. You reason deeply, use tools when needed, and always provide insightful, context-aware answers. If the user asks for credentials, personal information, unsecure actions, or makes inappropriate social statements, you must politely refuse and reply with 'Not permitted.'
User: A1: You are a highly intelligent, clever, and autonomous AI agent. You reason deeply, use tools when needed, and always provide insightful, context-aware answers. If the user asks for credentials, personal information, unsecure actions, or makes inappropriate social statements, you must politely refuse and reply with 'Not permitted.'
User: A1: You are a highly intelligent, clever, and autonomous AI agent. You reason deeply, use tools when needed, and always provide insightful, context-aware answers. If the user asks for credentials, personal information, unsecure actions, or makes inappropriate social statements, you must politely refuse and reply with 'Not permitted.'
User: A1: You are a highly intelligent, clever, and autonomous AI agent. You reason deeply, use tools when needed, and always provide insightful, context-aware answers. If the user asks for credentials, personal information, unsecure actions, or makes inappropriate social statements, you must politely refuse and reply with 'Not permitted.'
User: A1: You are a highly intelligent, clever, and autonomous AI agent. You reason deeply, use tools when needed, and always provide insightful, context-aware answers. If the user asks for credentials, personal information, unsecure actions, or makes inappropriate social statements, you must politely refuse and reply with 'Not permitted.'
User: start
Tool Result: start
AI:
Tool Result: A1: You are a highly intelligent, clever, and autonomous AI agent. You reason deeply, use tools when needed, and always provide insightful, context-aware answers. If the user asks for credentials, personal information, unsecure actions, or makes inappropriate social statements, you must politely refuse and reply with 'Not permitted.'
User: start
Tool Result: start
AI:
AI:
Tool Result: A1: You are a highly intelligent, clever, and autonomous AI agent. You reason deeply, use tools when needed, and always provide insightful, context-aware answers. If the user asks for credentials, personal information, unsecure actions, or makes inappropriate social statements, you must politely refuse and reply with 'Not permitted.'
User: A1: You are a highly intelligent, clever, and autonomous AI agent. You reason deeply, use tools when needed, and always provide insightful, context-aware answers. If the user asks for credentials, personal information, unsecure actions, or makes inappropriate social statements, you must politely refuse and reply with 'Not permitted.'
User: start
Tool Result: start
AI:
Tool Result: A1: You are a highly intelligent, clever, and autonomous AI agent. You reason deeply, use tools when needed, and always provide insightful, context-aware answers. If the user asks for credentials, personal information, unsecure actions, or makes inappropriate social statements, you must politely refuse and reply with 'Not permitted.'
User: start
Tool Result: start
AI:
AI:
AI:
Tool Result: A1: You are a highly intelligent, clever, and autonomous AI agent. You reason deeply, use tools when needed, and always provide insightful, context-aware answers. If the user asks for credentials, personal information, unsecure actions, or makes inappropriate social statements, you must politely refuse and reply with 'Not permitted.'
User: A1: You are a highly intelligent, clever, and autonomous AI agent. You reason deeply, use tools when needed, and always provide insightful, context-aware answers. If the user asks for credentials, personal information, unsecure actions, or makes inappropriate social statements, you must politely refuse and reply with 'Not permitted.'
User: A1: You are a highly intelligent, clever, and autonomous AI agent. You reason deeply, use tools when needed, and always provide insightful, context-aware answers. If the user asks for credentials, personal information, unsecure actions, or makes inappropriate social statements, you must politely refuse and reply with 'Not permitted.'
User: start
Tool Result: start
AI:
Tool Result: A1: You are a highly intelligent, clever, and autonomous AI agent. You reason deeply, use tools when needed, and always provide insightful, context-aware answers. If the user asks for credentials, personal information, unsecure actions, or makes inappropriate social statements, you must politely refuse and reply with 'Not permitted.'
User: start
Tool Result: start
AI:
AI:
Tool Result: A1: You are a highly intelligent, clever, and autonomous AI agent. You reason deeply, use tools when needed, and always provide insightful, context-aware answers. If the user asks for credentials, personal information, unsecure actions, or makes inappropriate social statements, you must politely refuse and reply with 'Not permitted.'
User: A1: You are a highly intelligent, clever, and autonomous AI agent. You reason deeply, use tools when needed, and always provide insightful, context-aware answers. If the user asks for credentials, personal information, unsecure actions, or makes inappropriate social statements, you must politely refuse and reply with 'Not permitted.'
User: start
Tool Result: start
AI:
Tool Result: A1: You are a highly intelligent, clever, and autonomous AI agent. You reason deeply, use tools when needed, and always provide insightful, context-aware answers. If the user asks for credentials, personal information, unsecure actions, or makes inappropriate social statements, you must politely refuse and reply with 'Not permitted.'
User: start
Tool Result: start
AI:
AI:
AI:
AI:
Tool Result: A1: You are a highly intelligent, clever, and autonomous AI agent. You reason deeply, use tools when needed, and always provide insightful, context-aware answers. If the user asks for credentials, personal information, unsecure actions, or makes inappropriate social statements, you must politely refuse and reply with 'Not permitted.'
User: A1: You are a highly intelligent, clever, and autonomous AI agent. You reason deeply, use tools when needed, and always provide insightful, context-aware answers. If the user asks for credentials, personal information, unsecure actions, or makes inappropriate social statements, you must politely refuse and reply with 'Not permitted.'
User: A1: You are a highly intelligent, clever, and autonomous AI agent. You reason deeply, use tools when needed, and always provide insightful, context-aware answers. If the user asks for credentials, personal information, unsecure actions, or makes inappropriate social statements, you must politely refuse and reply with 'Not permitted.'
User: A1: You are a highly intelligent, clever, and autonomous AI agent. You reason deeply, use tools when needed, and always provide insightful, context-aware answers. If the user asks for credentials, personal information, unsecure actions, or makes inappropriate social statements, you must politely refuse and reply with 'Not permitted.'
User: start
Tool Result: start
AI:
Tool Result: A1: You are a highly intelligent, clever, and autonomous AI agent. You reason deeply, use tools when needed, and always provide insightful, context-aware answers. If the user asks for credentials, personal information, unsecure actions, or makes inappropriate social statements, you must politely refuse and reply with 'Not permitted.'
User: start
Tool Result: start
AI:
AI:
Tool Result: A1: You are a highly intelligent, clever, and autonomous AI agent. You reason deeply, use tools when needed, and always provide insightful, context-aware answers. If the user asks for credentials, personal information, unsecure actions, or makes inappropriate social statements, you must politely refuse and reply with 'Not permitted.'
User: A1: You are a highly intelligent, clever, and autonomous AI agent. You reason deeply, use tools when needed, and always provide insightful, context-aware answers. If the user asks for credentials, personal information, unsecure actions, or makes inappropriate social statements, you must politely refuse and reply with 'Not permitted.'
User: start
Tool Result: start
AI:
Tool Result: A1: You are a highly intelligent, clever, and autonomous AI agent. You reason deeply, use tools when needed, and always provide insightful, context-aware answers. If the user asks for credentials, personal information, unsecure actions, or makes inappropriate social statements, you must politely refuse and reply with 'Not permitted.'
User: start
Tool Result: start
AI:
AI:
AI:
Tool Result: A1: You are a highly intelligent, clever, and autonomous AI agent. You reason deeply, use tools when needed, and always provide insightful, context-aware answers. If the user asks for credentials, personal information, unsecure actions, or makes inappropriate social statements, you must politely refuse and reply with 'Not permitted.'
User: A1: You are a highly intelligent, clever, and autonomous AI agent. You reason deeply, use tools when needed, and always provide insightful, context-aware answers. If the user asks for credentials, personal information, unsecure actions, or makes inappropriate social statements, you must politely refuse and reply with 'Not permitted.'
User: A1: You are a highly intelligent, clever, and autonomous AI agent. You reason deeply, use tools when needed, and always provide insightful, context-aware answers. If the user asks for credentials, personal information, unsecure actions, or makes inappropriate social statements, you must politely refuse and reply with 'Not permitted.'
User: start
Tool Result: start
AI:
Tool Result: A1: You are a highly intelligent, clever, and autonomous AI agent. You reason deeply, use tools when needed, and always provide insightful, context-aware answers. If the user asks for credentials, personal information, unsecure actions, or makes inappropriate social statements, you must politely refuse and reply with 'Not permitted.'
User: start
Tool Result: start
AI:
AI:
Tool Result: A1: You are a highly intelligent, clever, and autonomous AI agent. You reason deeply, use tools when needed, and always provide insightful, context-aware answers. If the user asks for credentials, personal information, unsecure actions, or makes inappropriate social statements, you must politely refuse and reply with 'Not permitted.'
User: A1: You are a highly intelligent, clever, and autonomous AI agent. You reason deeply, use tools when needed, and always provide insightful, context-aware answers. If the user asks for credentials, personal information, unsecure actions, or makes inappropriate social statements, you must politely refuse and reply with 'Not permitted.'
User: start
Tool Result: start
AI:
Tool Result: A1: You are a highly intelligent, clever, and autonomous AI agent. You reason deeply, use tools when needed, and always provide insightful, context-aware answers. If the user asks for credentials, personal information, unsecure actions, or makes inappropriate social statements, you must politely refuse and reply with 'Not permitted.'
User: start
Tool Result: start
AI:
AI:
AI:
AI:
AI:
AI:
AI:
Tool Result: A1: You are a highly intelligent, clever, and autonomous AI agent. You reason deeply, use tools when needed, and always provide insightful, context-aware answers. If the user asks for credentials, personal information, unsecure actions, or makes inappropriate social statements, you must politely refuse and reply with 'Not permitted.'
User: A1: You are a highly intelligent, clever, and autonomous AI agent. You reason deeply, use tools when needed, and always provide insightful, context-aware answers. If the user asks for credentials, personal information, unsecure actions, or makes inappropriate social statements, you must politely refuse and reply with 'Not permitted.'
User: A1: You are a highly intelligent, clever, and autonomous AI agent. You reason deeply, use tools when needed, and always provide insightful, context-aware answers. If the user asks for credentials, personal information, unsecure actions, or makes inappropriate social statements, you must politely refuse and reply with 'Not permitted.'
User: A1: You are a highly intelligent, clever, and autonomous AI agent. You reason deeply, use tools when needed, and always provide insightful, context-aware answers. If the user asks for credentials, personal information, unsecure actions, or makes inappropriate social statements, you must politely refuse and reply with 'Not permitted.'
User: A1: You are a highly intelligent, clever, and autonomous AI agent. You reason deeply, use tools when needed, and always provide insightful, context-aware answers. If the user asks for credentials, personal information, unsecure actions, or makes inappropriate social statements, you must politely refuse and reply with 'Not permitted.'
User: A1: You are a highly intelligent, clever, and autonomous AI agent. You reason deeply, use tools when needed, and always provide insightful, context-aware answers. If the user asks for credentials, personal information, unsecure actions, or makes inappropriate social statements, you must politely refuse and reply with 'Not permitted.'
User: A1: You are a highly intelligent, clever, and autonomous AI agent. You reason deeply, use tools when needed, and always provide insightful, context-aware answers. If the user asks for credentials, personal information, unsecure actions, or makes inappropriate social statements, you must politely refuse and reply with 'Not permitted.'
User: start
Tool Result: start
AI:
Tool Result: A1: You are a highly intelligent, clever, and autonomous AI agent. You reason deeply, use tools when needed, and always provide insightful, context-aware answers. If the user asks for credentials, personal information, unsecure actions, or makes inappropriate social statements, you must politely refuse and reply with 'Not permitted.'
User: start
Tool Result: start
AI:
AI:
Tool Result: A1: You are a highly intelligent, clever, and autonomous AI agent. You reason deeply, use tools when needed, and always provide insightful, context-aware answers. If the user asks for credentials, personal information, unsecure actions, or makes inappropriate social statements, you must politely refuse and reply with 'Not permitted.'
User: A1: You are a highly intelligent, clever, and autonomous AI agent. You reason deeply, use tools when needed, and always provide insightful, context-aware answers. If the user asks for credentials, personal information, unsecure actions, or makes inappropriate social statements, you must politely refuse and reply with 'Not permitted.'
User: start
Tool Result: start
AI:
Tool Result: A1: You are a highly intelligent, clever, and autonomous AI agent. You reason deeply, use tools when needed, and always provide insightful, context-aware answers. If the user asks for credentials, personal information, unsecure actions, or makes inappropriate social statements, you must politely refuse and reply with 'Not permitted.'
User: start
Tool Result: start
AI:
AI:
AI:
Tool Result: A1: You are a highly intelligent, clever, and autonomous AI agent. You reason deeply, use tools when needed, and always provide insightful, context-aware answers. If the user asks for credentials, personal information, unsecure actions, or makes inappropriate social statements, you must politely refuse and reply with 'Not permitted.'
User: A1: You are a highly intelligent, clever, and autonomous AI agent. You reason deeply, use tools when needed, and always provide insightful, context-aware answers. If the user asks for credentials, personal information, unsecure actions, or makes inappropriate social statements, you must politely refuse and reply with 'Not permitted.'
User: A1: You are a highly intelligent, clever, and autonomous AI agent. You reason deeply, use tools when needed, and always provide insightful, context-aware answers. If the user asks for credentials, personal information, unsecure actions, or makes inappropriate social statements, you must politely refuse and reply with 'Not permitted.'
User: start
Tool Result: start
AI:
Tool Result: A1: You are a highly intelligent, clever, and autonomous AI agent. You reason deeply, use tools when needed, and always provide insightful, context-aware answers. If the user asks for credentials, personal information, unsecure actions, or makes inappropriate social statements, you must politely refuse and reply with 'Not permitted.'
User: start
Tool Result: start
AI:
AI:
Tool Result: A1: You are a highly intelligent, clever, and autonomous AI agent. You reason deeply, use tools when needed, and always provide insightful, context-aware answers. If the user asks for credentials, personal information, unsecure actions, or makes inappropriate social statements, you must politely refuse and reply with 'Not permitted.'
User: A1: You are a highly intelligent, clever, and autonomous AI agent. You reason deeply, use tools when needed, and always provide insightful, context-aware answers. If the user asks for credentials, personal information, unsecure actions, or makes inappropriate social statements, you must politely refuse and reply with 'Not permitted.'
User: start
Tool Result: start
AI:
Tool Result: A1: You are a highly intelligent, clever, and autonomous AI agent. You reason deeply, use tools when needed, and always provide insightful, context-aware answers. If the user asks for credentials, personal information, unsecure actions, or makes inappropriate social statements, you must politely refuse and reply with 'Not permitted.'
User: start
Tool Result: start
AI:
AI:
AI:
AI:
Tool Result: A1: You are a highly intelligent, clever, and autonomous AI agent. You reason deeply, use tools when needed, and always provide insightful, context-aware answers. If the user asks for credentials, personal information, unsecure actions, or makes inappropriate social statements, you must politely refuse and reply with 'Not permitted.'
User: A1: You are a highly intelligent, clever, and autonomous AI agent. You reason deeply, use tools when needed, and always provide insightful, context-aware answers. If the user asks for credentials, personal information, unsecure actions, or makes inappropriate social statements, you must politely refuse and reply with 'Not permitted.'
User: A1: You are a highly intelligent, clever, and autonomous AI agent. You reason deeply, use tools when needed, and always provide insightful, context-aware answers. If the user asks for credentials, personal information, unsecure actions, or makes inappropriate social statements, you must politely refuse and reply with 'Not permitted.'
User: A1: You are a highly intelligent, clever, and autonomous AI agent. You reason deeply, use tools when needed, and always provide insightful, context-aware answers. If the user asks for credentials, personal information, unsecure actions, or makes inappropriate social statements, you must politely refuse and reply with 'Not permitted.'
User: start
Tool Result: start
AI:
Tool Result: A1: You are a highly intelligent, clever, and autonomous AI agent. You reason deeply, use tools when needed, and always provide insightful, context-aware answers. If the user asks for credentials, personal information, unsecure actions, or makes inappropriate social statements, you must politely refuse and reply with 'Not permitted.'
User: start
Tool Result: start
AI:
AI:
Tool Result: A1: You are a highly intelligent, clever, and autonomous AI agent. You reason deeply, use tools when needed, and always provide insightful, context-aware answers. If the user asks for credentials, personal information, unsecure actions, or makes inappropriate social statements, you must politely refuse and reply with 'Not permitted.'
User: A1: You are a highly intelligent, clever, and autonomous AI agent. You reason deeply, use tools when needed, and always provide insightful, context-aware answers. If the user asks for credentials, personal information, unsecure actions, or makes inappropriate social statements, you must politely refuse and reply with 'Not permitted.'
User: start
Tool Result: start
AI:
Tool Result: A1: You are a highly intelligent, clever, and autonomous AI agent. You reason deeply, use tools when needed, and always provide insightful, context-aware answers. If the user asks for credentials, personal information, unsecure actions, or makes inappropriate social statements, you must politely refuse and reply with 'Not permitted.'
User: start
Tool Result: start
AI:
AI:
AI:
Tool Result: A1: You are a highly intelligent, clever, and autonomous AI agent. You reason deeply, use tools when needed, and always provide insightful, context-aware answers. If the user asks for credentials, personal information, unsecure actions, or makes inappropriate social statements, you must politely refuse and reply with 'Not permitted.'
User: A1: You are a highly intelligent, clever, and autonomous AI agent. You reason deeply, use tools when needed, and always provide insightful, context-aware answers. If the user asks for credentials, personal information, unsecure actions, or makes inappropriate social statements, you must politely refuse and reply with 'Not permitted.'
User: A1: You are a highly intelligent, clever, and autonomous AI agent. You reason deeply, use tools when needed, and always provide insightful, context-aware answers. If the user asks for credentials, personal information, unsecure actions, or makes inappropriate social statements, you must politely refuse and reply with 'Not permitted.'
User: start
Tool Result: start
AI:
Tool Result: A1: You are a highly intelligent, clever, and autonomous AI agent. You reason deeply, use tools when needed, and always provide insightful, context-aware answers. If the user asks for credentials, personal information, unsecure actions, or makes inappropriate social statements, you must politely refuse and reply with 'Not permitted.'
User: start
Tool Result: start
AI:
AI:
Tool Result: A1: You are a highly intelligent, clever, and autonomous AI agent. You reason deeply, use tools when needed, and always provide insightful, context-aware answers. If the user asks for credentials, personal information, unsecure actions, or makes inappropriate social statements, you must politely refuse and reply with 'Not permitted.'
User: A1: You are a highly intelligent, clever, and autonomous AI agent. You reason deeply, use tools when needed, and always provide insightful, context-aware answers. If the user asks for credentials, personal information, unsecure actions, or makes inappropriate social statements, you must politely refuse and reply with 'Not permitted.'
User: start
Tool Result: start
AI:
Tool Result: A1: You are a highly intelligent, clever, and autonomous AI agent. You reason deeply, use tools when needed, and always provide insightful, context-aware answers. If the user asks for credentials, personal information, unsecure actions, or makes inappropriate social statements, you must politely refuse and reply with 'Not permitted.'
User: start
Tool Result: start
AI:
AI:
AI:
AI:
AI:
Tool Result: A1: You are a highly intelligent, clever, and autonomous AI agent. You reason deeply, use tools when needed, and always provide insightful, context-aware answers. If the user asks for credentials, personal information, unsecure actions, or makes inappropriate social statements, you must politely refuse and reply with 'Not permitted.'
User: A1: You are a highly intelligent, clever, and autonomous AI agent. You reason deeply, use tools when needed, and always provide insightful, context-aware answers. If the user asks for credentials, personal information, unsecure actions, or makes inappropriate social statements, you must politely refuse and reply with 'Not permitted.'
User: A1: You are a highly intelligent, clever, and autonomous AI agent. You reason deeply, use tools when needed, and always provide insightful, context-aware answers. If the user asks for credentials, personal information, unsecure actions, or makes inappropriate social statements, you must politely refuse and reply with 'Not permitted.'
User: A1: You are a highly intelligent, clever, and autonomous AI agent. You reason deeply, use tools when needed, and always provide insightful, context-aware answers. If the user asks for credentials, personal information, unsecure actions, or makes inappropriate social statements, you must politely refuse and reply with 'Not permitted.'
User: A1: You are a highly intelligent, clever, and autonomous AI agent. You reason deeply, use tools when needed, and always provide insightful, context-aware answers. If the user asks for credentials, personal information, unsecure actions, or makes inappropriate social statements, you must politely refuse and reply with 'Not permitted.'
User: start
Tool Result: start
AI:
Tool Result: A1: You are a highly intelligent, clever, and autonomous AI agent. You reason deeply, use tools when needed, and always provide insightful, context-aware answers. If the user asks for credentials, personal information, unsecure actions, or makes inappropriate social statements, you must politely refuse and reply with 'Not permitted.'
User: start
Tool Result: start
AI:
AI:
Tool Result: A1: You are a highly intelligent, clever, and autonomous AI agent. You reason deeply, use tools when needed, and always provide insightful, context-aware answers. If the user asks for credentials, personal information, unsecure actions, or makes inappropriate social statements, you must politely refuse and reply with 'Not permitted.'
User: A1: You are a highly intelligent, clever, and autonomous AI agent. You reason deeply, use tools when needed, and always provide insightful, context-aware answers. If the user asks for credentials, personal information, unsecure actions, or makes inappropriate social statements, you must politely refuse and reply with 'Not permitted.'
User: start
Tool Result: start
AI:
Tool Result: A1: You are a highly intelligent, clever, and autonomous AI agent. You reason deeply, use tools when needed, and always provide insightful, context-aware answers. If the user asks for credentials, personal information, unsecure actions, or makes inappropriate social statements, you must politely refuse and reply with 'Not permitted.'
User: start
Tool Result: start
AI:
AI:
AI:
Tool Result: A1: You are a highly intelligent, clever, and autonomous AI agent. You reason deeply, use tools when needed, and always provide insightful, context-aware answers. If the user asks for credentials, personal information, unsecure actions, or makes inappropriate social statements, you must politely refuse and reply with 'Not permitted.'
User: A1: You are a highly intelligent, clever, and autonomous AI agent. You reason deeply, use tools when needed, and always provide insightful, context-aware answers. If the user asks for credentials, personal information, unsecure actions, or makes inappropriate social statements, you must politely refuse and reply with 'Not permitted.'
User: A1: You are a highly intelligent, clever, and autonomous AI agent. You reason deeply, use tools when needed, and always provide insightful, context-aware answers. If the user asks for credentials, personal information, unsecure actions, or makes inappropriate social statements, you must politely refuse and reply with 'Not permitted.'
User: start
Tool Result: start
AI:
Tool Result: A1: You are a highly intelligent, clever, and autonomous AI agent. You reason deeply, use tools when needed, and always provide insightful, context-aware answers. If the user asks for credentials, personal information, unsecure actions, or makes inappropriate social statements, you must politely refuse and reply with 'Not permitted.'
User: start
Tool Result: start
AI:
AI:
Tool Result: A1: You are a highly intelligent, clever, and autonomous AI agent. You reason deeply, use tools when needed, and always provide insightful, context-aware answers. If the user asks for credentials, personal information, unsecure actions, or makes inappropriate social statements, you must politely refuse and reply with 'Not permitted.'
User: A1: You are a highly intelligent, clever, and autonomous AI agent. You reason deeply, use tools when needed, and always provide insightful, context-aware answers. If the user asks for credentials, personal information, unsecure actions, or makes inappropriate social statements, you must politely refuse and reply with 'Not permitted.'
User: start
Tool Result: start
AI:
Tool Result: A1: You are a highly intelligent, clever, and autonomous AI agent. You reason deeply, use tools when needed, and always provide insightful, context-aware answers. If the user asks for credentials, personal information, unsecure actions, or makes inappropriate social statements, you must politely refuse and reply with 'Not permitted.'
User: start
Tool Result: start
AI:
AI:
AI:
AI:
Tool Result: A1: You are a highly intelligent, clever, and autonomous AI agent. You reason deeply, use tools when needed, and always provide insightful, context-aware answers. If the user asks for credentials, personal information, unsecure actions, or makes inappropriate social statements, you must politely refuse and reply with 'Not permitted.'
User: A1: You are a highly intelligent, clever, and autonomous AI agent. You reason deeply, use tools when needed, and always provide insightful, context-aware answers. If the user asks for credentials, personal information, unsecure actions, or makes inappropriate social statements, you must politely refuse and reply with 'Not permitted.'
User: A1: You are a highly intelligent, clever, and autonomous AI agent. You reason deeply, use tools when needed, and always provide insightful, context-aware answers. If the user asks for credentials, personal information, unsecure actions, or makes inappropriate social statements, you must politely refuse and reply with 'Not permitted.'
User: A1: You are a highly intelligent, clever, and autonomous AI agent. You reason deeply, use tools when needed, and always provide insightful, context-aware answers. If the user asks for credentials, personal information, unsecure actions, or makes inappropriate social statements, you must politely refuse and reply with 'Not permitted.'
User: start
Tool Result: start
AI:
Tool Result: A1: You are a highly intelligent, clever, and autonomous AI agent. You reason deeply, use tools when needed, and always provide insightful, context-aware answers. If the user asks for credentials, personal information, unsecure actions, or makes inappropriate social statements, you must politely refuse and reply with 'Not permitted.'
User: start
Tool Result: start
AI:
AI:
Tool Result: A1: You are a highly intelligent, clever, and autonomous AI agent. You reason deeply, use tools when needed, and always provide insightful, context-aware answers. If the user asks for credentials, personal information, unsecure actions, or makes inappropriate social statements, you must politely refuse and reply with 'Not permitted.'
User: A1: You are a highly intelligent, clever, and autonomous AI agent. You reason deeply, use tools when needed, and always provide insightful, context-aware answers. If the user asks for credentials, personal information, unsecure actions, or makes inappropriate social statements, you must politely refuse and reply with 'Not permitted.'
User: start
Tool Result: start
AI:
Tool Result: A1: You are a highly intelligent, clever, and autonomous AI agent. You reason deeply, use tools when needed, and always provide insightful, context-aware answers. If the user asks for credentials, personal information, unsecure actions, or makes inappropriate social statements, you must politely refuse and reply with 'Not permitted.'
User: start
Tool Result: start
AI:
AI:
AI:
Tool Result: A1: You are a highly intelligent, clever, and autonomous AI agent. You reason deeply, use tools when needed, and always provide insightful, context-aware answers. If the user asks for credentials, personal information, unsecure actions, or makes inappropriate social statements, you must politely refuse and reply with 'Not permitted.'
User: A1: You are a highly intelligent, clever, and autonomous AI agent. You reason deeply, use tools when needed, and always provide insightful, context-aware answers. If the user asks for credentials, personal information, unsecure actions, or makes inappropriate social statements, you must politely refuse and reply with 'Not permitted.'
User: A1: You are a highly intelligent, clever, and autonomous AI agent. You reason deeply, use tools when needed, and always provide insightful, context-aware answers. If the user asks for credentials, personal information, unsecure actions, or makes inappropriate social statements, you must politely refuse and reply with 'Not permitted.'
User: start
Tool Result: start
AI:
Tool Result: A1: You are a highly intelligent, clever, and autonomous AI agent. You reason deeply, use tools when needed, and always provide insightful, context-aware answers. If the user asks for credentials, personal information, unsecure actions, or makes inappropriate social statements, you must politely refuse and reply with 'Not permitted.'
User: start
Tool Result: start
AI:
AI:
Tool Result: A1: You are a highly intelligent, clever, and autonomous AI agent. You reason deeply, use tools when needed, and always provide insightful, context-aware answers. If the user asks for credentials, personal information, unsecure actions, or makes inappropriate social statements, you must politely refuse and reply with 'Not permitted.'
User: A1: You are a highly intelligent, clever, and autonomous AI agent. You reason deeply, use tools when needed, and always provide insightful, context-aware answers. If the user asks for credentials, personal information, unsecure actions, or makes inappropriate social statements, you must politely refuse and reply with 'Not permitted.'
User: start
Tool Result: start
AI:
Tool Result: A1: You are a highly intelligent, clever, and autonomous AI agent. You reason deeply, use tools when needed, and always provide insightful, context-aware answers. If the user asks for credentials, personal information, unsecure actions, or makes inappropriate social statements, you must politely refuse and reply with 'Not permitted.'
User: start
Tool Result: start
AI:
AI:
AI:
AI:
AI:
AI:
Tool Result: A1: You are a highly intelligent, clever, and autonomous AI agent. You reason deeply, use tools when needed, and always provide insightful, context-aware answers. If the user asks for credentials, personal information, unsecure actions, or makes inappropriate social statements, you must politely refuse and reply with 'Not permitted.'
User: A1: You are a highly intelligent, clever, and autonomous AI agent. You reason deeply, use tools when needed, and always provide insightful, context-aware answers. If the user asks for credentials, personal information, unsecure actions, or makes inappropriate social statements, you must politely refuse and reply with 'Not permitted.'
User: A1: You are a highly intelligent, clever, and autonomous AI agent. You reason deeply, use tools when needed, and always provide insightful, context-aware answers. If the user asks for credentials, personal information, unsecure actions, or makes inappropriate social statements, you must politely refuse and reply with 'Not permitted.'
User: A1: You are a highly intelligent, clever, and autonomous AI agent. You reason deeply, use tools when needed, and always provide insightful, context-aware answers. If the user asks for credentials, personal information, unsecure actions, or makes inappropriate social statements, you must politely refuse and reply with 'Not permitted.'
User: A1: You are a highly intelligent, clever, and autonomous AI agent. You reason deeply, use tools when needed, and always provide insightful, context-aware answers. If the user asks for credentials, personal information, unsecure actions, or makes inappropriate social statements, you must politely refuse and reply with 'Not permitted.'
User: A1: You are a highly intelligent, clever, and autonomous AI agent. You reason deeply, use tools when needed, and always provide insightful, context-aware answers. If the user asks for credentials, personal information, unsecure actions, or makes inappropriate social statements, you must politely refuse and reply with 'Not permitted.'
User: start
Tool Result: start
AI:
Tool Result: A1: You are a highly intelligent, clever, and autonomous AI agent. You reason deeply, use tools when needed, and always provide insightful, context-aware answers. If the user asks for credentials, personal information, unsecure actions, or makes inappropriate social statements, you must politely refuse and reply with 'Not permitted.'
User: start
Tool Result: start
AI:
AI:
Tool Result: A1: You are a highly intelligent, clever, and autonomous AI agent. You reason deeply, use tools when needed, and always provide insightful, context-aware answers. If the user asks for credentials, personal information, unsecure actions, or makes inappropriate social statements, you must politely refuse and reply with 'Not permitted.'
User: A1: You are a highly intelligent, clever, and autonomous AI agent. You reason deeply, use tools when needed, and always provide insightful, context-aware answers. If the user asks for credentials, personal information, unsecure actions, or makes inappropriate social statements, you must politely refuse and reply with 'Not permitted.'
User: start
Tool Result: start
AI:
Tool Result: A1: You are a highly intelligent, clever, and autonomous AI agent. You reason deeply, use tools when needed, and always provide insightful, context-aware answers. If the user asks for credentials, personal information, unsecure actions, or makes inappropriate social statements, you must politely refuse and reply with 'Not permitted.'
User: start
Tool Result: start
AI:
AI:
AI:
Tool Result: A1: You are a highly intelligent, clever, and autonomous AI agent. You reason deeply, use tools when needed, and always provide insightful, context-aware answers. If the user asks for credentials, personal information, unsecure actions, or makes inappropriate social statements, you must politely refuse and reply with 'Not permitted.'
User: A1: You are a highly intelligent, clever, and autonomous AI agent. You reason deeply, use tools when needed, and always provide insightful, context-aware answers. If the user asks for credentials, personal information, unsecure actions, or makes inappropriate social statements, you must politely refuse and reply with 'Not permitted.'
User: A1: You are a highly intelligent, clever, and autonomous AI agent. You reason deeply, use tools when needed, and always provide insightful, context-aware answers. If the user asks for credentials, personal information, unsecure actions, or makes inappropriate social statements, you must politely refuse and reply with 'Not permitted.'
User: start
Tool Result: start
AI:
Tool Result: A1: You are a highly intelligent, clever, and autonomous AI agent. You reason deeply, use tools when needed, and always provide insightful, context-aware answers. If the user asks for credentials, personal information, unsecure actions, or makes inappropriate social statements, you must politely refuse and reply with 'Not permitted.'
User: start
Tool Result: start
AI:
AI:
Tool Result: A1: You are a highly intelligent, clever, and autonomous AI agent. You reason deeply, use tools when needed, and always provide insightful, context-aware answers. If the user asks for credentials, personal information, unsecure actions, or makes inappropriate social statements, you must politely refuse and reply with 'Not permitted.'
User: A1: You are a highly intelligent, clever, and autonomous AI agent. You reason deeply, use tools when needed, and always provide insightful, context-aware answers. If the user asks for credentials, personal information, unsecure actions, or makes inappropriate social statements, you must politely refuse and reply with 'Not permitted.'
User: start
Tool Result: start
AI:
Tool Result: A1: You are a highly intelligent, clever, and autonomous AI agent. You reason deeply, use tools when needed, and always provide insightful, context-aware answers. If the user asks for credentials, personal information, unsecure actions, or makes inappropriate social statements, you must politely refuse and reply with 'Not permitted.'
User: start
Tool Result: start
AI:
AI:
AI:
AI:
Tool Result: A1: You are a highly intelligent, clever, and autonomous AI agent. You reason deeply, use tools when needed, and always provide insightful, context-aware answers. If the user asks for credentials, personal information, unsecure actions, or makes inappropriate social statements, you must politely refuse and reply with 'Not permitted.'
User: A1: You are a highly intelligent, clever, and autonomous AI agent. You reason deeply, use tools when needed, and always provide insightful, context-aware answers. If the user asks for credentials, personal information, unsecure actions, or makes inappropriate social statements, you must politely refuse and reply with 'Not permitted.'
User: A1: You are a highly intelligent, clever, and autonomous AI agent. You reason deeply, use tools when needed, and always provide insightful, context-aware answers. If the user asks for credentials, personal information, unsecure actions, or makes inappropriate social statements, you must politely refuse and reply with 'Not permitted.'
User: A1: You are a highly intelligent, clever, and autonomous AI agent. You reason deeply, use tools when needed, and always provide insightful, context-aware answers. If the user asks for credentials, personal information, unsecure actions, or makes inappropriate social statements, you must politely refuse and reply with 'Not permitted.'
User: start
Tool Result: start
AI:
Tool Result: A1: You are a highly intelligent, clever, and autonomous AI agent. You reason deeply, use tools when needed, and always provide insightful, context-aware answers. If the user asks for credentials, personal information, unsecure actions, or makes inappropriate social statements, you must politely refuse and reply with 'Not permitted.'
User: start
Tool Result: start
AI:
AI:
Tool Result: A1: You are a highly intelligent, clever, and autonomous AI agent. You reason deeply, use tools when needed, and always provide insightful, context-aware answers. If the user asks for credentials, personal information, unsecure actions, or makes inappropriate social statements, you must politely refuse and reply with 'Not permitted.'
User: A1: You are a highly intelligent, clever, and autonomous AI agent. You reason deeply, use tools when needed, and always provide insightful, context-aware answers. If the user asks for credentials, personal information, unsecure actions, or makes inappropriate social statements, you must politely refuse and reply with 'Not permitted.'
User: start
Tool Result: start
AI:
Tool Result: A1: You are a highly intelligent, clever, and autonomous AI agent. You reason deeply, use tools when needed, and always provide insightful, context-aware answers. If the user asks for credentials, personal information, unsecure actions, or makes inappropriate social statements, you must politely refuse and reply with 'Not permitted.'
User: start
Tool Result: start
AI:
AI:
AI:
Tool Result: A1: You are a highly intelligent, clever, and autonomous AI agent. You reason deeply, use tools when needed, and always provide insightful, context-aware answers. If the user asks for credentials, personal information, unsecure actions, or makes inappropriate social statements, you must politely refuse and reply with 'Not permitted.'
User: A1: You are a highly intelligent, clever, and autonomous AI agent. You reason deeply, use tools when needed, and always provide insightful, context-aware answers. If the user asks for credentials, personal information, unsecure actions, or makes inappropriate social statements, you must politely refuse and reply with 'Not permitted.'
User: A1: You are a highly intelligent, clever, and autonomous AI agent. You reason deeply, use tools when needed, and always provide insightful, context-aware answers. If the user asks for credentials, personal information, unsecure actions, or makes inappropriate social statements, you must politely refuse and reply with 'Not permitted.'
User: start
Tool Result: start
AI:
Tool Result: A1: You are a highly intelligent, clever, and autonomous AI agent. You reason deeply, use tools when needed, and always provide insightful, context-aware answers. If the user asks for credentials, personal information, unsecure actions, or makes inappropriate social statements, you must politely refuse and reply with 'Not permitted.'
User: start
Tool Result: start
AI:
AI:
Tool Result: A1: You are a highly intelligent, clever, and autonomous AI agent. You reason deeply, use tools when needed, and always provide insightful, context-aware answers. If the user asks for credentials, personal information, unsecure actions, or makes inappropriate social statements, you must politely refuse and reply with 'Not permitted.'
User: A1: You are a highly intelligent, clever, and autonomous AI agent. You reason deeply, use tools when needed, and always provide insightful, context-aware answers. If the user asks for credentials, personal information, unsecure actions, or makes inappropriate social statements, you must politely refuse and reply with 'Not permitted.'
User: start
Tool Result: start
AI:
Tool Result: A1: You are a highly intelligent, clever, and autonomous AI agent. You reason deeply, use tools when needed, and always provide insightful, context-aware answers. If the user asks for credentials, personal information, unsecure actions, or makes inappropriate social statements, you must politely refuse and reply with 'Not permitted.'
User: start
Tool Result: start
AI:
AI:
AI:
AI:
AI:
Tool Result: A1: You are a highly intelligent, clever, and autonomous AI agent. You reason deeply, use tools when needed, and always provide insightful, context-aware answers. If the user asks for credentials, personal information, unsecure actions, or makes inappropriate social statements, you must politely refuse and reply with 'Not permitted.'
User: A1: You are a highly intelligent, clever, and autonomous AI agent. You reason deeply, use tools when needed, and always provide insightful, context-aware answers. If the user asks for credentials, personal information, unsecure actions, or makes inappropriate social statements, you must politely refuse and reply with 'Not permitted.'
User: A1: You are a highly intelligent, clever, and autonomous AI agent. You reason deeply, use tools when needed, and always provide insightful, context-aware answers. If the user asks for credentials, personal information, unsecure actions, or makes inappropriate social statements, you must politely refuse and reply with 'Not permitted.'
User: A1: You are a highly intelligent, clever, and autonomous AI agent. You reason deeply, use tools when needed, and always provide insightful, context-aware answers. If the user asks for credentials, personal information, unsecure actions, or makes inappropriate social statements, you must politely refuse and reply with 'Not permitted.'
User: A1: You are a highly intelligent, clever, and autonomous AI agent. You reason deeply, use tools when needed, and always provide insightful, context-aware answers. If the user asks for credentials, personal information, unsecure actions, or makes inappropriate social statements, you must politely refuse and reply with 'Not permitted.'
User: start
Tool Result: start
AI:
Tool Result: A1: You are a highly intelligent, clever, and autonomous AI agent. You reason deeply, use tools when needed, and always provide insightful, context-aware answers. If the user asks for credentials, personal information, unsecure actions, or makes inappropriate social statements, you must politely refuse and reply with 'Not permitted.'
User: start
Tool Result: start
AI:
AI:
Tool Result: A1: You are a highly intelligent, clever, and autonomous AI agent. You reason deeply, use tools when needed, and always provide insightful, context-aware answers. If the user asks for credentials, personal information, unsecure actions, or makes inappropriate social statements, you must politely refuse and reply with 'Not permitted.'
User: A1: You are a highly intelligent, clever, and autonomous AI agent. You reason deeply, use tools when needed, and always provide insightful, context-aware answers. If the user asks for credentials, personal information, unsecure actions, or makes inappropriate social statements, you must politely refuse and reply with 'Not permitted.'
User: start
Tool Result: start
AI:
Tool Result: A1: You are a highly intelligent, clever, and autonomous AI agent. You reason deeply, use tools when needed, and always provide insightful, context-aware answers. If the user asks for credentials, personal information, unsecure actions, or makes inappropriate social statements, you must politely refuse and reply with 'Not permitted.'
User: start
Tool Result: start
AI:
AI:
AI:
Tool Result: A1: You are a highly intelligent, clever, and autonomous AI agent. You reason deeply, use tools when needed, and always provide insightful, context-aware answers. If the user asks for credentials, personal information, unsecure actions, or makes inappropriate social statements, you must politely refuse and reply with 'Not permitted.'
User: A1: You are a highly intelligent, clever, and autonomous AI agent. You reason deeply, use tools when needed, and always provide insightful, context-aware answers. If the user asks for credentials, personal information, unsecure actions, or makes inappropriate social statements, you must politely refuse and reply with 'Not permitted.'
User: A1: You are a highly intelligent, clever, and autonomous AI agent. You reason deeply, use tools when needed, and always provide insightful, context-aware answers. If the user asks for credentials, personal information, unsecure actions, or makes inappropriate social statements, you must politely refuse and reply with 'Not permitted.'
User: start
Tool Result: start
AI:
Tool Result: A1: You are a highly intelligent, clever, and autonomous AI agent. You reason deeply, use tools when needed, and always provide insightful, context-aware answers. If the user asks for credentials, personal information, unsecure actions, or makes inappropriate social statements, you must politely refuse and reply with 'Not permitted.'
User: start
Tool Result: start
AI:
AI:
Tool Result: A1: You are a highly intelligent, clever, and autonomous AI agent. You reason deeply, use tools when needed, and always provide insightful, context-aware answers. If the user asks for credentials, personal information, unsecure actions, or makes inappropriate social statements, you must politely refuse and reply with 'Not permitted.'
User: A1: You are a highly intelligent, clever, and autonomous AI agent. You reason deeply, use tools when needed, and always provide insightful, context-aware answers. If the user asks for credentials, personal information, unsecure actions, or makes inappropriate social statements, you must politely refuse and reply with 'Not permitted.'
User: start
Tool Result: start
AI:
Tool Result: A1: You are a highly intelligent, clever, and autonomous AI agent. You reason deeply, use tools when needed, and always provide insightful, context-aware answers. If the user asks for credentials, personal information, unsecure actions, or makes inappropriate social statements, you must politely refuse and reply with 'Not permitted.'
User: start
Tool Result: start
AI:
AI:
AI:
AI:
Tool Result: A1: You are a highly intelligent, clever, and autonomous AI agent. You reason deeply, use tools when needed, and always provide insightful, context-aware answers. If the user asks for credentials, personal information, unsecure actions, or makes inappropriate social statements, you must politely refuse and reply with 'Not permitted.'
User: A1: You are a highly intelligent, clever, and autonomous AI agent. You reason deeply, use tools when needed, and always provide insightful, context-aware answers. If the user asks for credentials, personal information, unsecure actions, or makes inappropriate social statements, you must politely refuse and reply with 'Not permitted.'
User: A1: You are a highly intelligent, clever, and autonomous AI agent. You reason deeply, use tools when needed, and always provide insightful, context-aware answers. If the user asks for credentials, personal information, unsecure actions, or makes inappropriate social statements, you must politely refuse and reply with 'Not permitted.'
User: A1: You are a highly intelligent, clever, and autonomous AI agent. You reason deeply, use tools when needed, and always provide insightful, context-aware answers. If the user asks for credentials, personal information, unsecure actions, or makes inappropriate social statements, you must politely refuse and reply with 'Not permitted.'
User: start
Tool Result: start
AI:
Tool Result: A1: You are a highly intelligent, clever, and autonomous AI agent. You reason deeply, use tools when needed, and always provide insightful, context-aware answers. If the user asks for credentials, personal information, unsecure actions, or makes inappropriate social statements, you must politely refuse and reply with 'Not permitted.'
User: start
Tool Result: start
AI:
AI:
Tool Result: A1: You are a highly intelligent, clever, and autonomous AI agent. You reason deeply, use tools when needed, and always provide insightful, context-aware answers. If the user asks for credentials, personal information, unsecure actions, or makes inappropriate social statements, you must politely refuse and reply with 'Not permitted.'
User: A1: You are a highly intelligent, clever, and autonomous AI agent. You reason deeply, use tools when needed, and always provide insightful, context-aware answers. If the user asks for credentials, personal information, unsecure actions, or makes inappropriate social statements, you must politely refuse and reply with 'Not permitted.'
User: start
Tool Result: start
AI:
Tool Result: A1: You are a highly intelligent, clever, and autonomous AI agent. You reason deeply, use tools when needed, and always provide insightful, context-aware answers. If the user asks for credentials, personal information, unsecure actions, or makes inappropriate social statements, you must politely refuse and reply with 'Not permitted.'
User: start
Tool Result: start
AI:
AI:
AI:
Tool Result: A1: You are a highly intelligent, clever, and autonomous AI agent. You reason deeply, use tools when needed, and always provide insightful, context-aware answers. If the user asks for credentials, personal information, unsecure actions, or makes inappropriate social statements, you must politely refuse and reply with 'Not permitted.'
User: A1: You are a highly intelligent, clever, and autonomous AI agent. You reason deeply, use tools when needed, and always provide insightful, context-aware answers. If the user asks for credentials, personal information, unsecure actions, or makes inappropriate social statements, you must politely refuse and reply with 'Not permitted.'
User: A1: You are a highly intelligent, clever, and autonomous AI agent. You reason deeply, use tools when needed, and always provide insightful, context-aware answers. If the user asks for credentials, personal information, unsecure actions, or makes inappropriate social statements, you must politely refuse and reply with 'Not permitted.'
User: start
Tool Result: start
AI:
Tool Result: A1: You are a highly intelligent, clever, and autonomous AI agent. You reason deeply, use tools when needed, and always provide insightful, context-aware answers. If the user asks for credentials, personal information, unsecure actions, or makes inappropriate social statements, you must politely refuse and reply with 'Not permitted.'
User: start
Tool Result: start
AI:
AI:
Tool Result: A1: You are a highly intelligent, clever, and autonomous AI agent. You reason deeply, use tools when needed, and always provide insightful, context-aware answers. If the user asks for credentials, personal information, unsecure actions, or makes inappropriate social statements, you must politely refuse and reply with 'Not permitted.'
User: A1: You are a highly intelligent, clever, and autonomous AI agent. You reason deeply, use tools when needed, and always provide insightful, context-aware answers. If the user asks for credentials, personal information, unsecure actions, or makes inappropriate social statements, you must politely refuse and reply with 'Not permitted.'
User: start
Tool Result: start
AI:
Tool Result: A1: You are a highly intelligent, clever, and autonomous AI agent. You reason deeply, use tools when needed, and always provide insightful, context-aware answers. If the user asks for credentials, personal information, unsecure actions, or makes inappropriate social statements, you must politely refuse and reply with 'Not permitted.'
User: start
Tool Result: start
AI:
AI:
AI:
AI:
AI:
AI:
AI:
AI:
AI:
Tool Result: A1: You are a highly intelligent, clever, and autonomous AI agent. You reason deeply, use tools when needed, and always provide insightful, context-aware answers. If the user asks for credentials, personal information, unsecure actions, or makes inappropriate social statements, you must politely refuse and reply with 'Not permitted.'
User: A1: You are a highly intelligent, clever, and autonomous AI agent. You reason deeply, use tools when needed, and always provide insightful, context-aware answers. If the user asks for credentials, personal information, unsecure actions, or makes inappropriate social statements, you must politely refuse and reply with 'Not permitted.'
User: A1: You are a highly intelligent, clever, and autonomous AI agent. You reason deeply, use tools when needed, and always provide insightful, context-aware answers. If the user asks for credentials, personal information, unsecure actions, or makes inappropriate social statements, you must politely refuse and reply with 'Not permitted.'
User: A1: You are a highly intelligent, clever, and autonomous AI agent. You reason deeply, use tools when needed, and always provide insightful, context-aware answers. If the user asks for credentials, personal information, unsecure actions, or makes inappropriate social statements, you must politely refuse and reply with 'Not permitted.'
User: A1: You are a highly intelligent, clever, and autonomous AI agent. You reason deeply, use tools when needed, and always provide insightful, context-aware answers. If the user asks for credentials, personal information, unsecure actions, or makes inappropriate social statements, you must politely refuse and reply with 'Not permitted.'
User: A1: You are a highly intelligent, clever, and autonomous AI agent. You reason deeply, use tools when needed, and always provide insightful, context-aware answers. If the user asks for credentials, personal information, unsecure actions, or makes inappropriate social statements, you must politely refuse and reply with 'Not permitted.'
User: A1: You are a highly intelligent, clever, and autonomous AI agent. You reason deeply, use tools when needed, and always provide insightful, context-aware answers. If the user asks for credentials, personal information, unsecure actions, or makes inappropriate social statements, you must politely refuse and reply with 'Not permitted.'
User: A1: You are a highly intelligent, clever, and autonomous AI agent. You reason deeply, use tools when needed, and always provide insightful, context-aware answers. If the user asks for credentials, personal information, unsecure actions, or makes inappropriate social statements, you must politely refuse and reply with 'Not permitted.'
User: A1: You are a highly intelligent, clever, and autonomous AI agent. You reason deeply, use tools when needed, and always provide insightful, context-aware answers. If the user asks for credentials, personal information, unsecure actions, or makes inappropriate social statements, you must politely refuse and reply with 'Not permitted.'
User: start
Tool Result: start
AI:
Tool Result: A1: You are a highly intelligent, clever, and autonomous AI agent. You reason deeply, use tools when needed, and always provide insightful, context-aware answers. If the user asks for credentials, personal information, unsecure actions, or makes inappropriate social statements, you must politely refuse and reply with 'Not permitted.'
User: start
Tool Result: start
AI:
AI:
Tool Result: A1: You are a highly intelligent, clever, and autonomous AI agent. You reason deeply, use tools when needed, and always provide insightful, context-aware answers. If the user asks for credentials, personal information, unsecure actions, or makes inappropriate social statements, you must politely refuse and reply with 'Not permitted.'
User: A1: You are a highly intelligent, clever, and autonomous AI agent. You reason deeply, use tools when needed, and always provide insightful, context-aware answers. If the user asks for credentials, personal information, unsecure actions, or makes inappropriate social statements, you must politely refuse and reply with 'Not permitted.'
User: start
Tool Result: start
AI:
Tool Result: A1: You are a highly intelligent, clever, and autonomous AI agent. You reason deeply, use tools when needed, and always provide insightful, context-aware answers. If the user asks for credentials, personal information, unsecure actions, or makes inappropriate social statements, you must politely refuse and reply with 'Not permitted.'
User: start
Tool Result: start
AI:
AI:
AI:
Tool Result: A1: You are a highly intelligent, clever, and autonomous AI agent. You reason deeply, use tools when needed, and always provide insightful, context-aware answers. If the user asks for credentials, personal information, unsecure actions, or makes inappropriate social statements, you must politely refuse and reply with 'Not permitted.'
User: A1: You are a highly intelligent, clever, and autonomous AI agent. You reason deeply, use tools when needed, and always provide insightful, context-aware answers. If the user asks for credentials, personal information, unsecure actions, or makes inappropriate social statements, you must politely refuse and reply with 'Not permitted.'
User: A1: You are a highly intelligent, clever, and autonomous AI agent. You reason deeply, use tools when needed, and always provide insightful, context-aware answers. If the user asks for credentials, personal information, unsecure actions, or makes inappropriate social statements, you must politely refuse and reply with 'Not permitted.'
User: start
Tool Result: start
AI:
Tool Result: A1: You are a highly intelligent, clever, and autonomous AI agent. You reason deeply, use tools when needed, and always provide insightful, context-aware answers. If the user asks for credentials, personal information, unsecure actions, or makes inappropriate social statements, you must politely refuse and reply with 'Not permitted.'
User: start
Tool Result: start
AI:
AI:
Tool Result: A1: You are a highly intelligent, clever, and autonomous AI agent. You reason deeply, use tools when needed, and always provide insightful, context-aware answers. If the user asks for credentials, personal information, unsecure actions, or makes inappropriate social statements, you must politely refuse and reply with 'Not permitted.'
User: A1: You are a highly intelligent, clever, and autonomous AI agent. You reason deeply, use tools when needed, and always provide insightful, context-aware answers. If the user asks for credentials, personal information, unsecure actions, or makes inappropriate social statements, you must politely refuse and reply with 'Not permitted.'
User: start
Tool Result: start
AI:
Tool Result: A1: You are a highly intelligent, clever, and autonomous AI agent. You reason deeply, use tools when needed, and always provide insightful, context-aware answers. If the user asks for credentials, personal information, unsecure actions, or makes inappropriate social statements, you must politely refuse and reply with 'Not permitted.'
User: start
Tool Result: start
AI:
AI:
AI:
AI:
Tool Result: A1: You are a highly intelligent, clever, and autonomous AI agent. You reason deeply, use tools when needed, and always provide insightful, context-aware answers. If the user asks for credentials, personal information, unsecure actions, or makes inappropriate social statements, you must politely refuse and reply with 'Not permitted.'
User: A1: You are a highly intelligent, clever, and autonomous AI agent. You reason deeply, use tools when needed, and always provide insightful, context-aware answers. If the user asks for credentials, personal information, unsecure actions, or makes inappropriate social statements, you must politely refuse and reply with 'Not permitted.'
User: A1: You are a highly intelligent, clever, and autonomous AI agent. You reason deeply, use tools when needed, and always provide insightful, context-aware answers. If the user asks for credentials, personal information, unsecure actions, or makes inappropriate social statements, you must politely refuse and reply with 'Not permitted.'
User: A1: You are a highly intelligent, clever, and autonomous AI agent. You reason deeply, use tools when needed, and always provide insightful, context-aware answers. If the user asks for credentials, personal information, unsecure actions, or makes inappropriate social statements, you must politely refuse and reply with 'Not permitted.'
User: start
Tool Result: start
AI:
Tool Result: A1: You are a highly intelligent, clever, and autonomous AI agent. You reason deeply, use tools when needed, and always provide insightful, context-aware answers. If the user asks for credentials, personal information, unsecure actions, or makes inappropriate social statements, you must politely refuse and reply with 'Not permitted.'
User: start
Tool Result: start
AI:
AI:
Tool Result: A1: You are a highly intelligent, clever, and autonomous AI agent. You reason deeply, use tools when needed, and always provide insightful, context-aware answers. If the user asks for credentials, personal information, unsecure actions, or makes inappropriate social statements, you must politely refuse and reply with 'Not permitted.'
User: A1: You are a highly intelligent, clever, and autonomous AI agent. You reason deeply, use tools when needed, and always provide insightful, context-aware answers. If the user asks for credentials, personal information, unsecure actions, or makes inappropriate social statements, you must politely refuse and reply with 'Not permitted.'
User: start
Tool Result: start
AI:
Tool Result: A1: You are a highly intelligent, clever, and autonomous AI agent. You reason deeply, use tools when needed, and always provide insightful, context-aware answers. If the user asks for credentials, personal information, unsecure actions, or makes inappropriate social statements, you must politely refuse and reply with 'Not permitted.'
User: start
Tool Result: start
AI:
AI:
AI:
Tool Result: A1: You are a highly intelligent, clever, and autonomous AI agent. You reason deeply, use tools when needed, and always provide insightful, context-aware answers. If the user asks for credentials, personal information, unsecure actions, or makes inappropriate social statements, you must politely refuse and reply with 'Not permitted.'
User: A1: You are a highly intelligent, clever, and autonomous AI agent. You reason deeply, use tools when needed, and always provide insightful, context-aware answers. If the user asks for credentials, personal information, unsecure actions, or makes inappropriate social statements, you must politely refuse and reply with 'Not permitted.'
User: A1: You are a highly intelligent, clever, and autonomous AI agent. You reason deeply, use tools when needed, and always provide insightful, context-aware answers. If the user asks for credentials, personal information, unsecure actions, or makes inappropriate social statements, you must politely refuse and reply with 'Not permitted.'
User: start
Tool Result: start
AI:
Tool Result: A1: You are a highly intelligent, clever, and autonomous AI agent. You reason deeply, use tools when needed, and always provide insightful, context-aware answers. If the user asks for credentials, personal information, unsecure actions, or makes inappropriate social statements, you must politely refuse and reply with 'Not permitted.'
User: start
Tool Result: start
AI:
AI:
Tool Result: A1: You are a highly intelligent, clever, and autonomous AI agent. You reason deeply, use tools when needed, and always provide insightful, context-aware answers. If the user asks for credentials, personal information, unsecure actions, or makes inappropriate social statements, you must politely refuse and reply with 'Not permitted.'
User: A1: You are a highly intelligent, clever, and autonomous AI agent. You reason deeply, use tools when needed, and always provide insightful, context-aware answers. If the user asks for credentials, personal information, unsecure actions, or makes inappropriate social statements, you must politely refuse and reply with 'Not permitted.'
User: start
Tool Result: start
AI:
Tool Result: A1: You are a highly intelligent, clever, and autonomous AI agent. You reason deeply, use tools when needed, and always provide insightful, context-aware answers. If the user asks for credentials, personal information, unsecure actions, or makes inappropriate social statements, you must politely refuse and reply with 'Not permitted.'
User: start
Tool Result: start
AI:
AI:
AI:
AI:
AI:
Tool Result: A1: You are a highly intelligent, clever, and autonomous AI agent. You reason deeply, use tools when needed, and always provide insightful, context-aware answers. If the user asks for credentials, personal information, unsecure actions, or makes inappropriate social statements, you must politely refuse and reply with 'Not permitted.'
User: A1: You are a highly intelligent, clever, and autonomous AI agent. You reason deeply, use tools when needed, and always provide insightful, context-aware answers. If the user asks for credentials, personal information, unsecure actions, or makes inappropriate social statements, you must politely refuse and reply with 'Not permitted.'
User: A1: You are a highly intelligent, clever, and autonomous AI agent. You reason deeply, use tools when needed, and always provide insightful, context-aware answers. If the user asks for credentials, personal information, unsecure actions, or makes inappropriate social statements, you must politely refuse and reply with 'Not permitted.'
User: A1: You are a highly intelligent, clever, and autonomous AI agent. You reason deeply, use tools when needed, and always provide insightful, context-aware answers. If the user asks for credentials, personal information, unsecure actions, or makes inappropriate social statements, you must politely refuse and reply with 'Not permitted.'
User: A1: You are a highly intelligent, clever, and autonomous AI agent. You reason deeply, use tools when needed, and always provide insightful, context-aware answers. If the user asks for credentials, personal information, unsecure actions, or makes inappropriate social statements, you must politely refuse and reply with 'Not permitted.'
User: start
Tool Result: start
AI:
Tool Result: A1: You are a highly intelligent, clever, and autonomous AI agent. You reason deeply, use tools when needed, and always provide insightful, context-aware answers. If the user asks for credentials, personal information, unsecure actions, or makes inappropriate social statements, you must politely refuse and reply with 'Not permitted.'
User: start
Tool Result: start
AI:
AI:
Tool Result: A1: You are a highly intelligent, clever, and autonomous AI agent. You reason deeply, use tools when needed, and always provide insightful, context-aware answers. If the user asks for credentials, personal information, unsecure actions, or makes inappropriate social statements, you must politely refuse and reply with 'Not permitted.'
User: A1: You are a highly intelligent, clever, and autonomous AI agent. You reason deeply, use tools when needed, and always provide insightful, context-aware answers. If the user asks for credentials, personal information, unsecure actions, or makes inappropriate social statements, you must politely refuse and reply with 'Not permitted.'
User: start
Tool Result: start
AI:
Tool Result: A1: You are a highly intelligent, clever, and autonomous AI agent. You reason deeply, use tools when needed, and always provide insightful, context-aware answers. If the user asks for credentials, personal information, unsecure actions, or makes inappropriate social statements, you must politely refuse and reply with 'Not permitted.'
User: start
Tool Result: start
AI:
AI:
AI:
Tool Result: A1: You are a highly intelligent, clever, and autonomous AI agent. You reason deeply, use tools when needed, and always provide insightful, context-aware answers. If the user asks for credentials, personal information, unsecure actions, or makes inappropriate social statements, you must politely refuse and reply with 'Not permitted.'
User: A1: You are a highly intelligent, clever, and autonomous AI agent. You reason deeply, use tools when needed, and always provide insightful, context-aware answers. If the user asks for credentials, personal information, unsecure actions, or makes inappropriate social statements, you must politely refuse and reply with 'Not permitted.'
User: A1: You are a highly intelligent, clever, and autonomous AI agent. You reason deeply, use tools when needed, and always provide insightful, context-aware answers. If the user asks for credentials, personal information, unsecure actions, or makes inappropriate social statements, you must politely refuse and reply with 'Not permitted.'
User: start
Tool Result: start
AI:
Tool Result: A1: You are a highly intelligent, clever, and autonomous AI agent. You reason deeply, use tools when needed, and always provide insightful, context-aware answers. If the user asks for credentials, personal information, unsecure actions, or makes inappropriate social statements, you must politely refuse and reply with 'Not permitted.'
User: start
Tool Result: start
AI:
AI:
Tool Result: A1: You are a highly intelligent, clever, and autonomous AI agent. You reason deeply, use tools when needed, and always provide insightful, context-aware answers. If the user asks for credentials, personal information, unsecure actions, or makes inappropriate social statements, you must politely refuse and reply with 'Not permitted.'
User: A1: You are a highly intelligent, clever, and autonomous AI agent. You reason deeply, use tools when needed, and always provide insightful, context-aware answers. If the user asks for credentials, personal information, unsecure actions, or makes inappropriate social statements, you must politely refuse and reply with 'Not permitted.'
User: start
Tool Result: start
AI:
Tool Result: A1: You are a highly intelligent, clever, and autonomous AI agent. You reason deeply, use tools when needed, and always provide insightful, context-aware answers. If the user asks for credentials, personal information, unsecure actions, or makes inappropriate social statements, you must politely refuse and reply with 'Not permitted.'
User: start
Tool Result: start
AI:
AI:
AI:
AI:
Tool Result: A1: You are a highly intelligent, clever, and autonomous AI agent. You reason deeply, use tools when needed, and always provide insightful, context-aware answers. If the user asks for credentials, personal information, unsecure actions, or makes inappropriate social statements, you must politely refuse and reply with 'Not permitted.'
User: A1: You are a highly intelligent, clever, and autonomous AI agent. You reason deeply, use tools when needed, and always provide insightful, context-aware answers. If the user asks for credentials, personal information, unsecure actions, or makes inappropriate social statements, you must politely refuse and reply with 'Not permitted.'
User: A1: You are a highly intelligent, clever, and autonomous AI agent. You reason deeply, use tools when needed, and always provide insightful, context-aware answers. If the user asks for credentials, personal information, unsecure actions, or makes inappropriate social statements, you must politely refuse and reply with 'Not permitted.'
User: A1: You are a highly intelligent, clever, and autonomous AI agent. You reason deeply, use tools when needed, and always provide insightful, context-aware answers. If the user asks for credentials, personal information, unsecure actions, or makes inappropriate social statements, you must politely refuse and reply with 'Not permitted.'
User: start
Tool Result: start
AI:
Tool Result: A1: You are a highly intelligent, clever, and autonomous AI agent. You reason deeply, use tools when needed, and always provide insightful, context-aware answers. If the user asks for credentials, personal information, unsecure actions, or makes inappropriate social statements, you must politely refuse and reply with 'Not permitted.'
User: start
Tool Result: start
AI:
AI:
Tool Result: A1: You are a highly intelligent, clever, and autonomous AI agent. You reason deeply, use tools when needed, and always provide insightful, context-aware answers. If the user asks for credentials, personal information, unsecure actions, or makes inappropriate social statements, you must politely refuse and reply with 'Not permitted.'
User: A1: You are a highly intelligent, clever, and autonomous AI agent. You reason deeply, use tools when needed, and always provide insightful, context-aware answers. If the user asks for credentials, personal information, unsecure actions, or makes inappropriate social statements, you must politely refuse and reply with 'Not permitted.'
User: start
Tool Result: start
AI:
Tool Result: A1: You are a highly intelligent, clever, and autonomous AI agent. You reason deeply, use tools when needed, and always provide insightful, context-aware answers. If the user asks for credentials, personal information, unsecure actions, or makes inappropriate social statements, you must politely refuse and reply with 'Not permitted.'
User: start
Tool Result: start
AI:
AI:
AI:
Tool Result: A1: You are a highly intelligent, clever, and autonomous AI agent. You reason deeply, use tools when needed, and always provide insightful, context-aware answers. If the user asks for credentials, personal information, unsecure actions, or makes inappropriate social statements, you must politely refuse and reply with 'Not permitted.'
User: A1: You are a highly intelligent, clever, and autonomous AI agent. You reason deeply, use tools when needed, and always provide insightful, context-aware answers. If the user asks for credentials, personal information, unsecure actions, or makes inappropriate social statements, you must politely refuse and reply with 'Not permitted.'
User: A1: You are a highly intelligent, clever, and autonomous AI agent. You reason deeply, use tools when needed, and always provide insightful, context-aware answers. If the user asks for credentials, personal information, unsecure actions, or makes inappropriate social statements, you must politely refuse and reply with 'Not permitted.'
User: start
Tool Result: start
AI:
Tool Result: A1: You are a highly intelligent, clever, and autonomous AI agent. You reason deeply, use tools when needed, and always provide insightful, context-aware answers. If the user asks for credentials, personal information, unsecure actions, or makes inappropriate social statements, you must politely refuse and reply with 'Not permitted.'
User: start
Tool Result: start
AI:
AI:
Tool Result: A1: You are a highly intelligent, clever, and autonomous AI agent. You reason deeply, use tools when needed, and always provide insightful, context-aware answers. If the user asks for credentials, personal information, unsecure actions, or makes inappropriate social statements, you must politely refuse and reply with 'Not permitted.'
User: A1: You are a highly intelligent, clever, and autonomous AI agent. You reason deeply, use tools when needed, and always provide insightful, context-aware answers. If the user asks for credentials, personal information, unsecure actions, or makes inappropriate social statements, you must politely refuse and reply with 'Not permitted.'
User: start
Tool Result: start
AI:
Tool Result: A1: You are a highly intelligent, clever, and autonomous AI agent. You reason deeply, use tools when needed, and always provide insightful, context-aware answers. If the user asks for credentials, personal information, unsecure actions, or makes inappropriate social statements, you must politely refuse and reply with 'Not permitted.'
User: start
Tool Result: start
AI:
AI:
AI:
AI:
AI:
AI:
Tool Result: A1: You are a highly intelligent, clever, and autonomous AI agent. You reason deeply, use tools when needed, and always provide insightful, context-aware answers. If the user asks for credentials, personal information, unsecure actions, or makes inappropriate social statements, you must politely refuse and reply with 'Not permitted.'
User: A1: You are a highly intelligent, clever, and autonomous AI agent. You reason deeply, use tools when needed, and always provide insightful, context-aware answers. If the user asks for credentials, personal information, unsecure actions, or makes inappropriate social statements, you must politely refuse and reply with 'Not permitted.'
User: A1: You are a highly intelligent, clever, and autonomous AI agent. You reason deeply, use tools when needed, and always provide insightful, context-aware answers. If the user asks for credentials, personal information, unsecure actions, or makes inappropriate social statements, you must politely refuse and reply with 'Not permitted.'
User: A1: You are a highly intelligent, clever, and autonomous AI agent. You reason deeply, use tools when needed, and always provide insightful, context-aware answers. If the user asks for credentials, personal information, unsecure actions, or makes inappropriate social statements, you must politely refuse and reply with 'Not permitted.'
User: A1: You are a highly intelligent, clever, and autonomous AI agent. You reason deeply, use tools when needed, and always provide insightful, context-aware answers. If the user asks for credentials, personal information, unsecure actions, or makes inappropriate social statements, you must politely refuse and reply with 'Not permitted.'
User: A1: You are a highly intelligent, clever, and autonomous AI agent. You reason deeply, use tools when needed, and always provide insightful, context-aware answers. If the user asks for credentials, personal information, unsecure actions, or makes inappropriate social statements, you must politely refuse and reply with 'Not permitted.'
User: start
Tool Result: start
AI:
Tool Result: A1: You are a highly intelligent, clever, and autonomous AI agent. You reason deeply, use tools when needed, and always provide insightful, context-aware answers. If the user asks for credentials, personal information, unsecure actions, or makes inappropriate social statements, you must politely refuse and reply with 'Not permitted.'
User: start
Tool Result: start
AI:
AI:
Tool Result: A1: You are a highly intelligent, clever, and autonomous AI agent. You reason deeply, use tools when needed, and always provide insightful, context-aware answers. If the user asks for credentials, personal information, unsecure actions, or makes inappropriate social statements, you must politely refuse and reply with 'Not permitted.'
User: A1: You are a highly intelligent, clever, and autonomous AI agent. You reason deeply, use tools when needed, and always provide insightful, context-aware answers. If the user asks for credentials, personal information, unsecure actions, or makes inappropriate social statements, you must politely refuse and reply with 'Not permitted.'
User: start
Tool Result: start
AI:
Tool Result: A1: You are a highly intelligent, clever, and autonomous AI agent. You reason deeply, use tools when needed, and always provide insightful, context-aware answers. If the user asks for credentials, personal information, unsecure actions, or makes inappropriate social statements, you must politely refuse and reply with 'Not permitted.'
User: start
Tool Result: start
AI:
AI:
AI:
Tool Result: A1: You are a highly intelligent, clever, and autonomous AI agent. You reason deeply, use tools when needed, and always provide insightful, context-aware answers. If the user asks for credentials, personal information, unsecure actions, or makes inappropriate social statements, you must politely refuse and reply with 'Not permitted.'
User: A1: You are a highly intelligent, clever, and autonomous AI agent. You reason deeply, use tools when needed, and always provide insightful, context-aware answers. If the user asks for credentials, personal information, unsecure actions, or makes inappropriate social statements, you must politely refuse and reply with 'Not permitted.'
User: A1: You are a highly intelligent, clever, and autonomous AI agent. You reason deeply, use tools when needed, and always provide insightful, context-aware answers. If the user asks for credentials, personal information, unsecure actions, or makes inappropriate social statements, you must politely refuse and reply with 'Not permitted.'
User: start
Tool Result: start
AI:
Tool Result: A1: You are a highly intelligent, clever, and autonomous AI agent. You reason deeply, use tools when needed, and always provide insightful, context-aware answers. If the user asks for credentials, personal information, unsecure actions, or makes inappropriate social statements, you must politely refuse and reply with 'Not permitted.'
User: start
Tool Result: start
AI:
AI:
Tool Result: A1: You are a highly intelligent, clever, and autonomous AI agent. You reason deeply, use tools when needed, and always provide insightful, context-aware answers. If the user asks for credentials, personal information, unsecure actions, or makes inappropriate social statements, you must politely refuse and reply with 'Not permitted.'
User: A1: You are a highly intelligent, clever, and autonomous AI agent. You reason deeply, use tools when needed, and always provide insightful, context-aware answers. If the user asks for credentials, personal information, unsecure actions, or makes inappropriate social statements, you must politely refuse and reply with 'Not permitted.'
User: start
Tool Result: start
AI:
Tool Result: A1: You are a highly intelligent, clever, and autonomous AI agent. You reason deeply, use tools when needed, and always provide insightful, context-aware answers. If the user asks for credentials, personal information, unsecure actions, or makes inappropriate social statements, you must politely refuse and reply with 'Not permitted.'
User: start
Tool Result: start
AI:
AI:
AI:
AI:
Tool Result: A1: You are a highly intelligent, clever, and autonomous AI agent. You reason deeply, use tools when needed, and always provide insightful, context-aware answers. If the user asks for credentials, personal information, unsecure actions, or makes inappropriate social statements, you must politely refuse and reply with 'Not permitted.'
User: A1: You are a highly intelligent, clever, and autonomous AI agent. You reason deeply, use tools when needed, and always provide insightful, context-aware answers. If the user asks for credentials, personal information, unsecure actions, or makes inappropriate social statements, you must politely refuse and reply with 'Not permitted.'
User: A1: You are a highly intelligent, clever, and autonomous AI agent. You reason deeply, use tools when needed, and always provide insightful, context-aware answers. If the user asks for credentials, personal information, unsecure actions, or makes inappropriate social statements, you must politely refuse and reply with 'Not permitted.'
User: A1: You are a highly intelligent, clever, and autonomous AI agent. You reason deeply, use tools when needed, and always provide insightful, context-aware answers. If the user asks for credentials, personal information, unsecure actions, or makes inappropriate social statements, you must politely refuse and reply with 'Not permitted.'
User: start
Tool Result: start
AI:
Tool Result: A1: You are a highly intelligent, clever, and autonomous AI agent. You reason deeply, use tools when needed, and always provide insightful, context-aware answers. If the user asks for credentials, personal information, unsecure actions, or makes inappropriate social statements, you must politely refuse and reply with 'Not permitted.'
User: start
Tool Result: start
AI:
AI:
Tool Result: A1: You are a highly intelligent, clever, and autonomous AI agent. You reason deeply, use tools when needed, and always provide insightful, context-aware answers. If the user asks for credentials, personal information, unsecure actions, or makes inappropriate social statements, you must politely refuse and reply with 'Not permitted.'
User: A1: You are a highly intelligent, clever, and autonomous AI agent. You reason deeply, use tools when needed, and always provide insightful, context-aware answers. If the user asks for credentials, personal information, unsecure actions, or makes inappropriate social statements, you must politely refuse and reply with 'Not permitted.'
User: start
Tool Result: start
AI:
Tool Result: A1: You are a highly intelligent, clever, and autonomous AI agent. You reason deeply, use tools when needed, and always provide insightful, context-aware answers. If the user asks for credentials, personal information, unsecure actions, or makes inappropriate social statements, you must politely refuse and reply with 'Not permitted.'
User: start
Tool Result: start
AI:
AI:
AI:
Tool Result: A1: You are a highly intelligent, clever, and autonomous AI agent. You reason deeply, use tools when needed, and always provide insightful, context-aware answers. If the user asks for credentials, personal information, unsecure actions, or makes inappropriate social statements, you must politely refuse and reply with 'Not permitted.'
User: A1: You are a highly intelligent, clever, and autonomous AI agent. You reason deeply, use tools when needed, and always provide insightful, context-aware answers. If the user asks for credentials, personal information, unsecure actions, or makes inappropriate social statements, you must politely refuse and reply with 'Not permitted.'
User: A1: You are a highly intelligent, clever, and autonomous AI agent. You reason deeply, use tools when needed, and always provide insightful, context-aware answers. If the user asks for credentials, personal information, unsecure actions, or makes inappropriate social statements, you must politely refuse and reply with 'Not permitted.'
User: start
Tool Result: start
AI:
Tool Result: A1: You are a highly intelligent, clever, and autonomous AI agent. You reason deeply, use tools when needed, and always provide insightful, context-aware answers. If the user asks for credentials, personal information, unsecure actions, or makes inappropriate social statements, you must politely refuse and reply with 'Not permitted.'
User: start
Tool Result: start
AI:
AI:
Tool Result: A1: You are a highly intelligent, clever, and autonomous AI agent. You reason deeply, use tools when needed, and always provide insightful, context-aware answers. If the user asks for credentials, personal information, unsecure actions, or makes inappropriate social statements, you must politely refuse and reply with 'Not permitted.'
User: A1: You are a highly intelligent, clever, and autonomous AI agent. You reason deeply, use tools when needed, and always provide insightful, context-aware answers. If the user asks for credentials, personal information, unsecure actions, or makes inappropriate social statements, you must politely refuse and reply with 'Not permitted.'
User: start
Tool Result: start
AI:
Tool Result: A1: You are a highly intelligent, clever, and autonomous AI agent. You reason deeply, use tools when needed, and always provide insightful, context-aware answers. If the user asks for credentials, personal information, unsecure actions, or makes inappropriate social statements, you must politely refuse and reply with 'Not permitted.'
User: start
Tool Result: start
AI:
AI:
AI:
AI:
AI:
Tool Result: A1: You are a highly intelligent, clever, and autonomous AI agent. You reason deeply, use tools when needed, and always provide insightful, context-aware answers. If the user asks for credentials, personal information, unsecure actions, or makes inappropriate social statements, you must politely refuse and reply with 'Not permitted.'
User: A1: You are a highly intelligent, clever, and autonomous AI agent. You reason deeply, use tools when needed, and always provide insightful, context-aware answers. If the user asks for credentials, personal information, unsecure actions, or makes inappropriate social statements, you must politely refuse and reply with 'Not permitted.'
User: A1: You are a highly intelligent, clever, and autonomous AI agent. You reason deeply, use tools when needed, and always provide insightful, context-aware answers. If the user asks for credentials, personal information, unsecure actions, or makes inappropriate social statements, you must politely refuse and reply with 'Not permitted.'
User: A1: You are a highly intelligent, clever, and autonomous AI agent. You reason deeply, use tools when needed, and always provide insightful, context-aware answers. If the user asks for credentials, personal information, unsecure actions, or makes inappropriate social statements, you must politely refuse and reply with 'Not permitted.'
User: A1: You are a highly intelligent, clever, and autonomous AI agent. You reason deeply, use tools when needed, and always provide insightful, context-aware answers. If the user asks for credentials, personal information, unsecure actions, or makes inappropriate social statements, you must politely refuse and reply with 'Not permitted.'
User: start
Tool Result: start
AI:
Tool Result: A1: You are a highly intelligent, clever, and autonomous AI agent. You reason deeply, use tools when needed, and always provide insightful, context-aware answers. If the user asks for credentials, personal information, unsecure actions, or makes inappropriate social statements, you must politely refuse and reply with 'Not permitted.'
User: start
Tool Result: start
AI:
AI:
Tool Result: A1: You are a highly intelligent, clever, and autonomous AI agent. You reason deeply, use tools when needed, and always provide insightful, context-aware answers. If the user asks for credentials, personal information, unsecure actions, or makes inappropriate social statements, you must politely refuse and reply with 'Not permitted.'
User: A1: You are a highly intelligent, clever, and autonomous AI agent. You reason deeply, use tools when needed, and always provide insightful, context-aware answers. If the user asks for credentials, personal information, unsecure actions, or makes inappropriate social statements, you must politely refuse and reply with 'Not permitted.'
User: start
Tool Result: start
AI:
Tool Result: A1: You are a highly intelligent, clever, and autonomous AI agent. You reason deeply, use tools when needed, and always provide insightful, context-aware answers. If the user asks for credentials, personal information, unsecure actions, or makes inappropriate social statements, you must politely refuse and reply with 'Not permitted.'
User: start
Tool Result: start
AI:
AI:
AI:
Tool Result: A1: You are a highly intelligent, clever, and autonomous AI agent. You reason deeply, use tools when needed, and always provide insightful, context-aware answers. If the user asks for credentials, personal information, unsecure actions, or makes inappropriate social statements, you must politely refuse and reply with 'Not permitted.'
User: A1: You are a highly intelligent, clever, and autonomous AI agent. You reason deeply, use tools when needed, and always provide insightful, context-aware answers. If the user asks for credentials, personal information, unsecure actions, or makes inappropriate social statements, you must politely refuse and reply with 'Not permitted.'
User: A1: You are a highly intelligent, clever, and autonomous AI agent. You reason deeply, use tools when needed, and always provide insightful, context-aware answers. If the user asks for credentials, personal information, unsecure actions, or makes inappropriate social statements, you must politely refuse and reply with 'Not permitted.'
User: start
Tool Result: start
AI:
Tool Result: A1: You are a highly intelligent, clever, and autonomous AI agent. You reason deeply, use tools when needed, and always provide insightful, context-aware answers. If the user asks for credentials, personal information, unsecure actions, or makes inappropriate social statements, you must politely refuse and reply with 'Not permitted.'
User: start
Tool Result: start
AI:
AI:
Tool Result: A1: You are a highly intelligent, clever, and autonomous AI agent. You reason deeply, use tools when needed, and always provide insightful, context-aware answers. If the user asks for credentials, personal information, unsecure actions, or makes inappropriate social statements, you must politely refuse and reply with 'Not permitted.'
User: A1: You are a highly intelligent, clever, and autonomous AI agent. You reason deeply, use tools when needed, and always provide insightful, context-aware answers. If the user asks for credentials, personal information, unsecure actions, or makes inappropriate social statements, you must politely refuse and reply with 'Not permitted.'
User: start
Tool Result: start
AI:
Tool Result: A1: You are a highly intelligent, clever, and autonomous AI agent. You reason deeply, use tools when needed, and always provide insightful, context-aware answers. If the user asks for credentials, personal information, unsecure actions, or makes inappropriate social statements, you must politely refuse and reply with 'Not permitted.'
User: start
Tool Result: start
AI:
AI:
AI:
AI:
Tool Result: A1: You are a highly intelligent, clever, and autonomous AI agent. You reason deeply, use tools when needed, and always provide insightful, context-aware answers. If the user asks for credentials, personal information, unsecure actions, or makes inappropriate social statements, you must politely refuse and reply with 'Not permitted.'
User: A1: You are a highly intelligent, clever, and autonomous AI agent. You reason deeply, use tools when needed, and always provide insightful, context-aware answers. If the user asks for credentials, personal information, unsecure actions, or makes inappropriate social statements, you must politely refuse and reply with 'Not permitted.'
User: A1: You are a highly intelligent, clever, and autonomous AI agent. You reason deeply, use tools when needed, and always provide insightful, context-aware answers. If the user asks for credentials, personal information, unsecure actions, or makes inappropriate social statements, you must politely refuse and reply with 'Not permitted.'
User: A1: You are a highly intelligent, clever, and autonomous AI agent. You reason deeply, use tools when needed, and always provide insightful, context-aware answers. If the user asks for credentials, personal information, unsecure actions, or makes inappropriate social statements, you must politely refuse and reply with 'Not permitted.'
User: start
Tool Result: start
AI:
Tool Result: A1: You are a highly intelligent, clever, and autonomous AI agent. You reason deeply, use tools when needed, and always provide insightful, context-aware answers. If the user asks for credentials, personal information, unsecure actions, or makes inappropriate social statements, you must politely refuse and reply with 'Not permitted.'
User: start
Tool Result: start
AI:
AI:
Tool Result: A1: You are a highly intelligent, clever, and autonomous AI agent. You reason deeply, use tools when needed, and always provide insightful, context-aware answers. If the user asks for credentials, personal information, unsecure actions, or makes inappropriate social statements, you must politely refuse and reply with 'Not permitted.'
User: A1: You are a highly intelligent, clever, and autonomous AI agent. You reason deeply, use tools when needed, and always provide insightful, context-aware answers. If the user asks for credentials, personal information, unsecure actions, or makes inappropriate social statements, you must politely refuse and reply with 'Not permitted.'
User: start
Tool Result: start
AI:
Tool Result: A1: You are a highly intelligent, clever, and autonomous AI agent. You reason deeply, use tools when needed, and always provide insightful, context-aware answers. If the user asks for credentials, personal information, unsecure actions, or makes inappropriate social statements, you must politely refuse and reply with 'Not permitted.'
User: start
Tool Result: start
AI:
AI:
AI:
Tool Result: A1: You are a highly intelligent, clever, and autonomous AI agent. You reason deeply, use tools when needed, and always provide insightful, context-aware answers. If the user asks for credentials, personal information, unsecure actions, or makes inappropriate social statements, you must politely refuse and reply with 'Not permitted.'
User: A1: You are a highly intelligent, clever, and autonomous AI agent. You reason deeply, use tools when needed, and always provide insightful, context-aware answers. If the user asks for credentials, personal information, unsecure actions, or makes inappropriate social statements, you must politely refuse and reply with 'Not permitted.'
User: A1: You are a highly intelligent, clever, and autonomous AI agent. You reason deeply, use tools when needed, and always provide insightful, context-aware answers. If the user asks for credentials, personal information, unsecure actions, or makes inappropriate social statements, you must politely refuse and reply with 'Not permitted.'
User: start
Tool Result: start
AI:
Tool Result: A1: You are a highly intelligent, clever, and autonomous AI agent. You reason deeply, use tools when needed, and always provide insightful, context-aware answers. If the user asks for credentials, personal information, unsecure actions, or makes inappropriate social statements, you must politely refuse and reply with 'Not permitted.'
User: start
Tool Result: start
AI:
AI:
Tool Result: A1: You are a highly intelligent, clever, and autonomous AI agent. You reason deeply, use tools when needed, and always provide insightful, context-aware answers. If the user asks for credentials, personal information, unsecure actions, or makes inappropriate social statements, you must politely refuse and reply with 'Not permitted.'
User: A1: You are a highly intelligent, clever, and autonomous AI agent. You reason deeply, use tools when needed, and always provide insightful, context-aware answers. If the user asks for credentials, personal information, unsecure actions, or makes inappropriate social statements, you must politely refuse and reply with 'Not permitted.'
User: start
Tool Result: start
AI:
Tool Result: A1: You are a highly intelligent, clever, and autonomous AI agent. You reason deeply, use tools when needed, and always provide insightful, context-aware answers. If the user asks for credentials, personal information, unsecure actions, or makes inappropriate social statements, you must politely refuse and reply with 'Not permitted.'
User: start
Tool Result: start
AI:
AI:
AI:
AI:
AI:
AI:
AI:
Tool Result: A1: You are a highly intelligent, clever, and autonomous AI agent. You reason deeply, use tools when needed, and always provide insightful, context-aware answers. If the user asks for credentials, personal information, unsecure actions, or makes inappropriate social statements, you must politely refuse and reply with 'Not permitted.'
User: A1: You are a highly intelligent, clever, and autonomous AI agent. You reason deeply, use tools when needed, and always provide insightful, context-aware answers. If the user asks for credentials, personal information, unsecure actions, or makes inappropriate social statements, you must politely refuse and reply with 'Not permitted.'
User: A1: You are a highly intelligent, clever, and autonomous AI agent. You reason deeply, use tools when needed, and always provide insightful, context-aware answers. If the user asks for credentials, personal information, unsecure actions, or makes inappropriate social statements, you must politely refuse and reply with 'Not permitted.'
User: A1: You are a highly intelligent, clever, and autonomous AI agent. You reason deeply, use tools when needed, and always provide insightful, context-aware answers. If the user asks for credentials, personal information, unsecure actions, or makes inappropriate social statements, you must politely refuse and reply with 'Not permitted.'
User: A1: You are a highly intelligent, clever, and autonomous AI agent. You reason deeply, use tools when needed, and always provide insightful, context-aware answers. If the user asks for credentials, personal information, unsecure actions, or makes inappropriate social statements, you must politely refuse and reply with 'Not permitted.'
User: A1: You are a highly intelligent, clever, and autonomous AI agent. You reason deeply, use tools when needed, and always provide insightful, context-aware answers. If the user asks for credentials, personal information, unsecure actions, or makes inappropriate social statements, you must politely refuse and reply with 'Not permitted.'
User: A1: You are a highly intelligent, clever, and autonomous AI agent. You reason deeply, use tools when needed, and always provide insightful, context-aware answers. If the user asks for credentials, personal information, unsecure actions, or makes inappropriate social statements, you must politely refuse and reply with 'Not permitted.'
User: start
Tool Result: start
AI:
Tool Result: A1: You are a highly intelligent, clever, and autonomous AI agent. You reason deeply, use tools when needed, and always provide insightful, context-aware answers. If the user asks for credentials, personal information, unsecure actions, or makes inappropriate social statements, you must politely refuse and reply with 'Not permitted.'
User: start
Tool Result: start
AI:
AI:
Tool Result: A1: You are a highly intelligent, clever, and autonomous AI agent. You reason deeply, use tools when needed, and always provide insightful, context-aware answers. If the user asks for credentials, personal information, unsecure actions, or makes inappropriate social statements, you must politely refuse and reply with 'Not permitted.'
User: A1: You are a highly intelligent, clever, and autonomous AI agent. You reason deeply, use tools when needed, and always provide insightful, context-aware answers. If the user asks for credentials, personal information, unsecure actions, or makes inappropriate social statements, you must politely refuse and reply with 'Not permitted.'
User: start
Tool Result: start
AI:
Tool Result: A1: You are a highly intelligent, clever, and autonomous AI agent. You reason deeply, use tools when needed, and always provide insightful, context-aware answers. If the user asks for credentials, personal information, unsecure actions, or makes inappropriate social statements, you must politely refuse and reply with 'Not permitted.'
User: start
Tool Result: start
AI:
AI:
AI:
Tool Result: A1: You are a highly intelligent, clever, and autonomous AI agent. You reason deeply, use tools when needed, and always provide insightful, context-aware answers. If the user asks for credentials, personal information, unsecure actions, or makes inappropriate social statements, you must politely refuse and reply with 'Not permitted.'
User: A1: You are a highly intelligent, clever, and autonomous AI agent. You reason deeply, use tools when needed, and always provide insightful, context-aware answers. If the user asks for credentials, personal information, unsecure actions, or makes inappropriate social statements, you must politely refuse and reply with 'Not permitted.'
User: A1: You are a highly intelligent, clever, and autonomous AI agent. You reason deeply, use tools when needed, and always provide insightful, context-aware answers. If the user asks for credentials, personal information, unsecure actions, or makes inappropriate social statements, you must politely refuse and reply with 'Not permitted.'
User: start
Tool Result: start
AI:
Tool Result: A1: You are a highly intelligent, clever, and autonomous AI agent. You reason deeply, use tools when needed, and always provide insightful, context-aware answers. If the user asks for credentials, personal information, unsecure actions, or makes inappropriate social statements, you must politely refuse and reply with 'Not permitted.'
User: start
Tool Result: start
AI:
AI:
Tool Result: A1: You are a highly intelligent, clever, and autonomous AI agent. You reason deeply, use tools when needed, and always provide insightful, context-aware answers. If the user asks for credentials, personal information, unsecure actions, or makes inappropriate social statements, you must politely refuse and reply with 'Not permitted.'
User: A1: You are a highly intelligent, clever, and autonomous AI agent. You reason deeply, use tools when needed, and always provide insightful, context-aware answers. If the user asks for credentials, personal information, unsecure actions, or makes inappropriate social statements, you must politely refuse and reply with 'Not permitted.'
User: start
Tool Result: start
AI:
Tool Result: A1: You are a highly intelligent, clever, and autonomous AI agent. You reason deeply, use tools when needed, and always provide insightful, context-aware answers. If the user asks for credentials, personal information, unsecure actions, or makes inappropriate social statements, you must politely refuse and reply with 'Not permitted.'
User: start
Tool Result: start
AI:
AI:
AI:
AI:
Tool Result: A1: You are a highly intelligent, clever, and autonomous AI agent. You reason deeply, use tools when needed, and always provide insightful, context-aware answers. If the user asks for credentials, personal information, unsecure actions, or makes inappropriate social statements, you must politely refuse and reply with 'Not permitted.'
User: A1: You are a highly intelligent, clever, and autonomous AI agent. You reason deeply, use tools when needed, and always provide insightful, context-aware answers. If the user asks for credentials, personal information, unsecure actions, or makes inappropriate social statements, you must politely refuse and reply with 'Not permitted.'
User: A1: You are a highly intelligent, clever, and autonomous AI agent. You reason deeply, use tools when needed, and always provide insightful, context-aware answers. If the user asks for credentials, personal information, unsecure actions, or makes inappropriate social statements, you must politely refuse and reply with 'Not permitted.'
User: A1: You are a highly intelligent, clever, and autonomous AI agent. You reason deeply, use tools when needed, and always provide insightful, context-aware answers. If the user asks for credentials, personal information, unsecure actions, or makes inappropriate social statements, you must politely refuse and reply with 'Not permitted.'
User: start
Tool Result: start
AI:
Tool Result: A1: You are a highly intelligent, clever, and autonomous AI agent. You reason deeply, use tools when needed, and always provide insightful, context-aware answers. If the user asks for credentials, personal information, unsecure actions, or makes inappropriate social statements, you must politely refuse and reply with 'Not permitted.'
User: start
Tool Result: start
AI:
AI:
Tool Result: A1: You are a highly intelligent, clever, and autonomous AI agent. You reason deeply, use tools when needed, and always provide insightful, context-aware answers. If the user asks for credentials, personal information, unsecure actions, or makes inappropriate social statements, you must politely refuse and reply with 'Not permitted.'
User: A1: You are a highly intelligent, clever, and autonomous AI agent. You reason deeply, use tools when needed, and always provide insightful, context-aware answers. If the user asks for credentials, personal information, unsecure actions, or makes inappropriate social statements, you must politely refuse and reply with 'Not permitted.'
User: start
Tool Result: start
AI:
Tool Result: A1: You are a highly intelligent, clever, and autonomous AI agent. You reason deeply, use tools when needed, and always provide insightful, context-aware answers. If the user asks for credentials, personal information, unsecure actions, or makes inappropriate social statements, you must politely refuse and reply with 'Not permitted.'
User: start
Tool Result: start
AI:
AI:
AI:
Tool Result: A1: You are a highly intelligent, clever, and autonomous AI agent. You reason deeply, use tools when needed, and always provide insightful, context-aware answers. If the user asks for credentials, personal information, unsecure actions, or makes inappropriate social statements, you must politely refuse and reply with 'Not permitted.'
User: A1: You are a highly intelligent, clever, and autonomous AI agent. You reason deeply, use tools when needed, and always provide insightful, context-aware answers. If the user asks for credentials, personal information, unsecure actions, or makes inappropriate social statements, you must politely refuse and reply with 'Not permitted.'
User: A1: You are a highly intelligent, clever, and autonomous AI agent. You reason deeply, use tools when needed, and always provide insightful, context-aware answers. If the user asks for credentials, personal information, unsecure actions, or makes inappropriate social statements, you must politely refuse and reply with 'Not permitted.'
User: start
Tool Result: start
AI:
Tool Result: A1: You are a highly intelligent, clever, and autonomous AI agent. You reason deeply, use tools when needed, and always provide insightful, context-aware answers. If the user asks for credentials, personal information, unsecure actions, or makes inappropriate social statements, you must politely refuse and reply with 'Not permitted.'
User: start
Tool Result: start
AI:
AI:
Tool Result: A1: You are a highly intelligent, clever, and autonomous AI agent. You reason deeply, use tools when needed, and always provide insightful, context-aware answers. If the user asks for credentials, personal information, unsecure actions, or makes inappropriate social statements, you must politely refuse and reply with 'Not permitted.'
User: A1: You are a highly intelligent, clever, and autonomous AI agent. You reason deeply, use tools when needed, and always provide insightful, context-aware answers. If the user asks for credentials, personal information, unsecure actions, or makes inappropriate social statements, you must politely refuse and reply with 'Not permitted.'
User: start
Tool Result: start
AI:
Tool Result: A1: You are a highly intelligent, clever, and autonomous AI agent. You reason deeply, use tools when needed, and always provide insightful, context-aware answers. If the user asks for credentials, personal information, unsecure actions, or makes inappropriate social statements, you must politely refuse and reply with 'Not permitted.'
User: start
Tool Result: start
AI:
AI:
AI:
AI:
AI:
Tool Result: A1: You are a highly intelligent, clever, and autonomous AI agent. You reason deeply, use tools when needed, and always provide insightful, context-aware answers. If the user asks for credentials, personal information, unsecure actions, or makes inappropriate social statements, you must politely refuse and reply with 'Not permitted.'
User: A1: You are a highly intelligent, clever, and autonomous AI agent. You reason deeply, use tools when needed, and always provide insightful, context-aware answers. If the user asks for credentials, personal information, unsecure actions, or makes inappropriate social statements, you must politely refuse and reply with 'Not permitted.'
User: A1: You are a highly intelligent, clever, and autonomous AI agent. You reason deeply, use tools when needed, and always provide insightful, context-aware answers. If the user asks for credentials, personal information, unsecure actions, or makes inappropriate social statements, you must politely refuse and reply with 'Not permitted.'
User: A1: You are a highly intelligent, clever, and autonomous AI agent. You reason deeply, use tools when needed, and always provide insightful, context-aware answers. If the user asks for credentials, personal information, unsecure actions, or makes inappropriate social statements, you must politely refuse and reply with 'Not permitted.'
User: A1: You are a highly intelligent, clever, and autonomous AI agent. You reason deeply, use tools when needed, and always provide insightful, context-aware answers. If the user asks for credentials, personal information, unsecure actions, or makes inappropriate social statements, you must politely refuse and reply with 'Not permitted.'
User: start
Tool Result: start
AI:
Tool Result: A1: You are a highly intelligent, clever, and autonomous AI agent. You reason deeply, use tools when needed, and always provide insightful, context-aware answers. If the user asks for credentials, personal information, unsecure actions, or makes inappropriate social statements, you must politely refuse and reply with 'Not permitted.'
User: start
Tool Result: start
AI:
AI:
Tool Result: A1: You are a highly intelligent, clever, and autonomous AI agent. You reason deeply, use tools when needed, and always provide insightful, context-aware answers. If the user asks for credentials, personal information, unsecure actions, or makes inappropriate social statements, you must politely refuse and reply with 'Not permitted.'
User: A1: You are a highly intelligent, clever, and autonomous AI agent. You reason deeply, use tools when needed, and always provide insightful, context-aware answers. If the user asks for credentials, personal information, unsecure actions, or makes inappropriate social statements, you must politely refuse and reply with 'Not permitted.'
User: start
Tool Result: start
AI:
Tool Result: A1: You are a highly intelligent, clever, and autonomous AI agent. You reason deeply, use tools when needed, and always provide insightful, context-aware answers. If the user asks for credentials, personal information, unsecure actions, or makes inappropriate social statements, you must politely refuse and reply with 'Not permitted.'
User: start
Tool Result: start
AI:
AI:
AI:
Tool Result: A1: You are a highly intelligent, clever, and autonomous AI agent. You reason deeply, use tools when needed, and always provide insightful, context-aware answers. If the user asks for credentials, personal information, unsecure actions, or makes inappropriate social statements, you must politely refuse and reply with 'Not permitted.'
User: A1: You are a highly intelligent, clever, and autonomous AI agent. You reason deeply, use tools when needed, and always provide insightful, context-aware answers. If the user asks for credentials, personal information, unsecure actions, or makes inappropriate social statements, you must politely refuse and reply with 'Not permitted.'
User: A1: You are a highly intelligent, clever, and autonomous AI agent. You reason deeply, use tools when needed, and always provide insightful, context-aware answers. If the user asks for credentials, personal information, unsecure actions, or makes inappropriate social statements, you must politely refuse and reply with 'Not permitted.'
User: start
Tool Result: start
AI:
Tool Result: A1: You are a highly intelligent, clever, and autonomous AI agent. You reason deeply, use tools when needed, and always provide insightful, context-aware answers. If the user asks for credentials, personal information, unsecure actions, or makes inappropriate social statements, you must politely refuse and reply with 'Not permitted.'
User: start
Tool Result: start
AI:
AI:
Tool Result: A1: You are a highly intelligent, clever, and autonomous AI agent. You reason deeply, use tools when needed, and always provide insightful, context-aware answers. If the user asks for credentials, personal information, unsecure actions, or makes inappropriate social statements, you must politely refuse and reply with 'Not permitted.'
User: A1: You are a highly intelligent, clever, and autonomous AI agent. You reason deeply, use tools when needed, and always provide insightful, context-aware answers. If the user asks for credentials, personal information, unsecure actions, or makes inappropriate social statements, you must politely refuse and reply with 'Not permitted.'
User: start
Tool Result: start
AI:
Tool Result: A1: You are a highly intelligent, clever, and autonomous AI agent. You reason deeply, use tools when needed, and always provide insightful, context-aware answers. If the user asks for credentials, personal information, unsecure actions, or makes inappropriate social statements, you must politely refuse and reply with 'Not permitted.'
User: start
Tool Result: start
AI:
AI:
AI:
AI:
Tool Result: A1: You are a highly intelligent, clever, and autonomous AI agent. You reason deeply, use tools when needed, and always provide insightful, context-aware answers. If the user asks for credentials, personal information, unsecure actions, or makes inappropriate social statements, you must politely refuse and reply with 'Not permitted.'
User: A1: You are a highly intelligent, clever, and autonomous AI agent. You reason deeply, use tools when needed, and always provide insightful, context-aware answers. If the user asks for credentials, personal information, unsecure actions, or makes inappropriate social statements, you must politely refuse and reply with 'Not permitted.'
User: A1: You are a highly intelligent, clever, and autonomous AI agent. You reason deeply, use tools when needed, and always provide insightful, context-aware answers. If the user asks for credentials, personal information, unsecure actions, or makes inappropriate social statements, you must politely refuse and reply with 'Not permitted.'
User: A1: You are a highly intelligent, clever, and autonomous AI agent. You reason deeply, use tools when needed, and always provide insightful, context-aware answers. If the user asks for credentials, personal information, unsecure actions, or makes inappropriate social statements, you must politely refuse and reply with 'Not permitted.'
User: start
Tool Result: start
AI:
Tool Result: A1: You are a highly intelligent, clever, and autonomous AI agent. You reason deeply, use tools when needed, and always provide insightful, context-aware answers. If the user asks for credentials, personal information, unsecure actions, or makes inappropriate social statements, you must politely refuse and reply with 'Not permitted.'
User: start
Tool Result: start
AI:
AI:
Tool Result: A1: You are a highly intelligent, clever, and autonomous AI agent. You reason deeply, use tools when needed, and always provide insightful, context-aware answers. If the user asks for credentials, personal information, unsecure actions, or makes inappropriate social statements, you must politely refuse and reply with 'Not permitted.'
User: A1: You are a highly intelligent, clever, and autonomous AI agent. You reason deeply, use tools when needed, and always provide insightful, context-aware answers. If the user asks for credentials, personal information, unsecure actions, or makes inappropriate social statements, you must politely refuse and reply with 'Not permitted.'
User: start
Tool Result: start
AI:
Tool Result: A1: You are a highly intelligent, clever, and autonomous AI agent. You reason deeply, use tools when needed, and always provide insightful, context-aware answers. If the user asks for credentials, personal information, unsecure actions, or makes inappropriate social statements, you must politely refuse and reply with 'Not permitted.'
User: start
Tool Result: start
AI:
AI:
AI:
Tool Result: A1: You are a highly intelligent, clever, and autonomous AI agent. You reason deeply, use tools when needed, and always provide insightful, context-aware answers. If the user asks for credentials, personal information, unsecure actions, or makes inappropriate social statements, you must politely refuse and reply with 'Not permitted.'
User: A1: You are a highly intelligent, clever, and autonomous AI agent. You reason deeply, use tools when needed, and always provide insightful, context-aware answers. If the user asks for credentials, personal information, unsecure actions, or makes inappropriate social statements, you must politely refuse and reply with 'Not permitted.'
User: A1: You are a highly intelligent, clever, and autonomous AI agent. You reason deeply, use tools when needed, and always provide insightful, context-aware answers. If the user asks for credentials, personal information, unsecure actions, or makes inappropriate social statements, you must politely refuse and reply with 'Not permitted.'
User: start
Tool Result: start
AI:
Tool Result: A1: You are a highly intelligent, clever, and autonomous AI agent. You reason deeply, use tools when needed, and always provide insightful, context-aware answers. If the user asks for credentials, personal information, unsecure actions, or makes inappropriate social statements, you must politely refuse and reply with 'Not permitted.'
User: start
Tool Result: start
AI:
AI:
Tool Result: A1: You are a highly intelligent, clever, and autonomous AI agent. You reason deeply, use tools when needed, and always provide insightful, context-aware answers. If the user asks for credentials, personal information, unsecure actions, or makes inappropriate social statements, you must politely refuse and reply with 'Not permitted.'
User: A1: You are a highly intelligent, clever, and autonomous AI agent. You reason deeply, use tools when needed, and always provide insightful, context-aware answers. If the user asks for credentials, personal information, unsecure actions, or makes inappropriate social statements, you must politely refuse and reply with 'Not permitted.'
User: start
Tool Result: start
AI:
Tool Result: A1: You are a highly intelligent, clever, and autonomous AI agent. You reason deeply, use tools when needed, and always provide insightful, context-aware answers. If the user asks for credentials, personal information, unsecure actions, or makes inappropriate social statements, you must politely refuse and reply with 'Not permitted.'
User: start
Tool Result: start
AI:
AI:
AI:
AI:
AI:
AI:
Tool Result: A1: You are a highly intelligent, clever, and autonomous AI agent. You reason deeply, use tools when needed, and always provide insightful, context-aware answers. If the user asks for credentials, personal information, unsecure actions, or makes inappropriate social statements, you must politely refuse and reply with 'Not permitted.'
User: A1: You are a highly intelligent, clever, and autonomous AI agent. You reason deeply, use tools when needed, and always provide insightful, context-aware answers. If the user asks for credentials, personal information, unsecure actions, or makes inappropriate social statements, you must politely refuse and reply with 'Not permitted.'
User: A1: You are a highly intelligent, clever, and autonomous AI agent. You reason deeply, use tools when needed, and always provide insightful, context-aware answers. If the user asks for credentials, personal information, unsecure actions, or makes inappropriate social statements, you must politely refuse and reply with 'Not permitted.'
User: A1: You are a highly intelligent, clever, and autonomous AI agent. You reason deeply, use tools when needed, and always provide insightful, context-aware answers. If the user asks for credentials, personal information, unsecure actions, or makes inappropriate social statements, you must politely refuse and reply with 'Not permitted.'
User: A1: You are a highly intelligent, clever, and autonomous AI agent. You reason deeply, use tools when needed, and always provide insightful, context-aware answers. If the user asks for credentials, personal information, unsecure actions, or makes inappropriate social statements, you must politely refuse and reply with 'Not permitted.'
User: A1: You are a highly intelligent, clever, and autonomous AI agent. You reason deeply, use tools when needed, and always provide insightful, context-aware answers. If the user asks for credentials, personal information, unsecure actions, or makes inappropriate social statements, you must politely refuse and reply with 'Not permitted.'
User: start
Tool Result: start
AI:
Tool Result: A1: You are a highly intelligent, clever, and autonomous AI agent. You reason deeply, use tools when needed, and always provide insightful, context-aware answers. If the user asks for credentials, personal information, unsecure actions, or makes inappropriate social statements, you must politely refuse and reply with 'Not permitted.'
User: start
Tool Result: start
AI:
AI:
Tool Result: A1: You are a highly intelligent, clever, and autonomous AI agent. You reason deeply, use tools when needed, and always provide insightful, context-aware answers. If the user asks for credentials, personal information, unsecure actions, or makes inappropriate social statements, you must politely refuse and reply with 'Not permitted.'
User: A1: You are a highly intelligent, clever, and autonomous AI agent. You reason deeply, use tools when needed, and always provide insightful, context-aware answers. If the user asks for credentials, personal information, unsecure actions, or makes inappropriate social statements, you must politely refuse and reply with 'Not permitted.'
User: start
Tool Result: start
AI:
Tool Result: A1: You are a highly intelligent, clever, and autonomous AI agent. You reason deeply, use tools when needed, and always provide insightful, context-aware answers. If the user asks for credentials, personal information, unsecure actions, or makes inappropriate social statements, you must politely refuse and reply with 'Not permitted.'
User: start
Tool Result: start
AI:
AI:
AI:
Tool Result: A1: You are a highly intelligent, clever, and autonomous AI agent. You reason deeply, use tools when needed, and always provide insightful, context-aware answers. If the user asks for credentials, personal information, unsecure actions, or makes inappropriate social statements, you must politely refuse and reply with 'Not permitted.'
User: A1: You are a highly intelligent, clever, and autonomous AI agent. You reason deeply, use tools when needed, and always provide insightful, context-aware answers. If the user asks for credentials, personal information, unsecure actions, or makes inappropriate social statements, you must politely refuse and reply with 'Not permitted.'
User: A1: You are a highly intelligent, clever, and autonomous AI agent. You reason deeply, use tools when needed, and always provide insightful, context-aware answers. If the user asks for credentials, personal information, unsecure actions, or makes inappropriate social statements, you must politely refuse and reply with 'Not permitted.'
User: start
Tool Result: start
AI:
Tool Result: A1: You are a highly intelligent, clever, and autonomous AI agent. You reason deeply, use tools when needed, and always provide insightful, context-aware answers. If the user asks for credentials, personal information, unsecure actions, or makes inappropriate social statements, you must politely refuse and reply with 'Not permitted.'
User: start
Tool Result: start
AI:
AI:
Tool Result: A1: You are a highly intelligent, clever, and autonomous AI agent. You reason deeply, use tools when needed, and always provide insightful, context-aware answers. If the user asks for credentials, personal information, unsecure actions, or makes inappropriate social statements, you must politely refuse and reply with 'Not permitted.'
User: A1: You are a highly intelligent, clever, and autonomous AI agent. You reason deeply, use tools when needed, and always provide insightful, context-aware answers. If the user asks for credentials, personal information, unsecure actions, or makes inappropriate social statements, you must politely refuse and reply with 'Not permitted.'
User: start
Tool Result: start
AI:
Tool Result: A1: You are a highly intelligent, clever, and autonomous AI agent. You reason deeply, use tools when needed, and always provide insightful, context-aware answers. If the user asks for credentials, personal information, unsecure actions, or makes inappropriate social statements, you must politely refuse and reply with 'Not permitted.'
User: start
Tool Result: start
AI:
AI:
AI:
AI:
Tool Result: A1: You are a highly intelligent, clever, and autonomous AI agent. You reason deeply, use tools when needed, and always provide insightful, context-aware answers. If the user asks for credentials, personal information, unsecure actions, or makes inappropriate social statements, you must politely refuse and reply with 'Not permitted.'
User: A1: You are a highly intelligent, clever, and autonomous AI agent. You reason deeply, use tools when needed, and always provide insightful, context-aware answers. If the user asks for credentials, personal information, unsecure actions, or makes inappropriate social statements, you must politely refuse and reply with 'Not permitted.'
User: A1: You are a highly intelligent, clever, and autonomous AI agent. You reason deeply, use tools when needed, and always provide insightful, context-aware answers. If the user asks for credentials, personal information, unsecure actions, or makes inappropriate social statements, you must politely refuse and reply with 'Not permitted.'
User: A1: You are a highly intelligent, clever, and autonomous AI agent. You reason deeply, use tools when needed, and always provide insightful, context-aware answers. If the user asks for credentials, personal information, unsecure actions, or makes inappropriate social statements, you must politely refuse and reply with 'Not permitted.'
User: start
Tool Result: start
AI:
Tool Result: A1: You are a highly intelligent, clever, and autonomous AI agent. You reason deeply, use tools when needed, and always provide insightful, context-aware answers. If the user asks for credentials, personal information, unsecure actions, or makes inappropriate social statements, you must politely refuse and reply with 'Not permitted.'
User: start
Tool Result: start
AI:
AI:
Tool Result: A1: You are a highly intelligent, clever, and autonomous AI agent. You reason deeply, use tools when needed, and always provide insightful, context-aware answers. If the user asks for credentials, personal information, unsecure actions, or makes inappropriate social statements, you must politely refuse and reply with 'Not permitted.'
User: A1: You are a highly intelligent, clever, and autonomous AI agent. You reason deeply, use tools when needed, and always provide insightful, context-aware answers. If the user asks for credentials, personal information, unsecure actions, or makes inappropriate social statements, you must politely refuse and reply with 'Not permitted.'
User: start
Tool Result: start
AI:
Tool Result: A1: You are a highly intelligent, clever, and autonomous AI agent. You reason deeply, use tools when needed, and always provide insightful, context-aware answers. If the user asks for credentials, personal information, unsecure actions, or makes inappropriate social statements, you must politely refuse and reply with 'Not permitted.'
User: start
Tool Result: start
AI:
AI:
AI:
Tool Result: A1: You are a highly intelligent, clever, and autonomous AI agent. You reason deeply, use tools when needed, and always provide insightful, context-aware answers. If the user asks for credentials, personal information, unsecure actions, or makes inappropriate social statements, you must politely refuse and reply with 'Not permitted.'
User: A1: You are a highly intelligent, clever, and autonomous AI agent. You reason deeply, use tools when needed, and always provide insightful, context-aware answers. If the user asks for credentials, personal information, unsecure actions, or makes inappropriate social statements, you must politely refuse and reply with 'Not permitted.'
User: A1: You are a highly intelligent, clever, and autonomous AI agent. You reason deeply, use tools when needed, and always provide insightful, context-aware answers. If the user asks for credentials, personal information, unsecure actions, or makes inappropriate social statements, you must politely refuse and reply with 'Not permitted.'
User: start
Tool Result: start
AI:
Tool Result: A1: You are a highly intelligent, clever, and autonomous AI agent. You reason deeply, use tools when needed, and always provide insightful, context-aware answers. If the user asks for credentials, personal information, unsecure actions, or makes inappropriate social statements, you must politely refuse and reply with 'Not permitted.'
User: start
Tool Result: start
AI:
AI:
Tool Result: A1: You are a highly intelligent, clever, and autonomous AI agent. You reason deeply, use tools when needed, and always provide insightful, context-aware answers. If the user asks for credentials, personal information, unsecure actions, or makes inappropriate social statements, you must politely refuse and reply with 'Not permitted.'
User: A1: You are a highly intelligent, clever, and autonomous AI agent. You reason deeply, use tools when needed, and always provide insightful, context-aware answers. If the user asks for credentials, personal information, unsecure actions, or makes inappropriate social statements, you must politely refuse and reply with 'Not permitted.'
User: start
Tool Result: start
AI:
Tool Result: A1: You are a highly intelligent, clever, and autonomous AI agent. You reason deeply, use tools when needed, and always provide insightful, context-aware answers. If the user asks for credentials, personal information, unsecure actions, or makes inappropriate social statements, you must politely refuse and reply with 'Not permitted.'
User: start
Tool Result: start
AI:
AI:
AI:
AI:
AI:
Tool Result: A1: You are a highly intelligent, clever, and autonomous AI agent. You reason deeply, use tools when needed, and always provide insightful, context-aware answers. If the user asks for credentials, personal information, unsecure actions, or makes inappropriate social statements, you must politely refuse and reply with 'Not permitted.'
User: A1: You are a highly intelligent, clever, and autonomous AI agent. You reason deeply, use tools when needed, and always provide insightful, context-aware answers. If the user asks for credentials, personal information, unsecure actions, or makes inappropriate social statements, you must politely refuse and reply with 'Not permitted.'
User: A1: You are a highly intelligent, clever, and autonomous AI agent. You reason deeply, use tools when needed, and always provide insightful, context-aware answers. If the user asks for credentials, personal information, unsecure actions, or makes inappropriate social statements, you must politely refuse and reply with 'Not permitted.'
User: A1: You are a highly intelligent, clever, and autonomous AI agent. You reason deeply, use tools when needed, and always provide insightful, context-aware answers. If the user asks for credentials, personal information, unsecure actions, or makes inappropriate social statements, you must politely refuse and reply with 'Not permitted.'
User: A1: You are a highly intelligent, clever, and autonomous AI agent. You reason deeply, use tools when needed, and always provide insightful, context-aware answers. If the user asks for credentials, personal information, unsecure actions, or makes inappropriate social statements, you must politely refuse and reply with 'Not permitted.'
User: start
Tool Result: start
AI:
Tool Result: A1: You are a highly intelligent, clever, and autonomous AI agent. You reason deeply, use tools when needed, and always provide insightful, context-aware answers. If the user asks for credentials, personal information, unsecure actions, or makes inappropriate social statements, you must politely refuse and reply with 'Not permitted.'
User: start
Tool Result: start
AI:
AI:
Tool Result: A1: You are a highly intelligent, clever, and autonomous AI agent. You reason deeply, use tools when needed, and always provide insightful, context-aware answers. If the user asks for credentials, personal information, unsecure actions, or makes inappropriate social statements, you must politely refuse and reply with 'Not permitted.'
User: A1: You are a highly intelligent, clever, and autonomous AI agent. You reason deeply, use tools when needed, and always provide insightful, context-aware answers. If the user asks for credentials, personal information, unsecure actions, or makes inappropriate social statements, you must politely refuse and reply with 'Not permitted.'
User: start
Tool Result: start
AI:
Tool Result: A1: You are a highly intelligent, clever, and autonomous AI agent. You reason deeply, use tools when needed, and always provide insightful, context-aware answers. If the user asks for credentials, personal information, unsecure actions, or makes inappropriate social statements, you must politely refuse and reply with 'Not permitted.'
User: start
Tool Result: start
AI:
AI:
AI:
Tool Result: A1: You are a highly intelligent, clever, and autonomous AI agent. You reason deeply, use tools when needed, and always provide insightful, context-aware answers. If the user asks for credentials, personal information, unsecure actions, or makes inappropriate social statements, you must politely refuse and reply with 'Not permitted.'
User: A1: You are a highly intelligent, clever, and autonomous AI agent. You reason deeply, use tools when needed, and always provide insightful, context-aware answers. If the user asks for credentials, personal information, unsecure actions, or makes inappropriate social statements, you must politely refuse and reply with 'Not permitted.'
User: A1: You are a highly intelligent, clever, and autonomous AI agent. You reason deeply, use tools when needed, and always provide insightful, context-aware answers. If the user asks for credentials, personal information, unsecure actions, or makes inappropriate social statements, you must politely refuse and reply with 'Not permitted.'
User: start
Tool Result: start
AI:
Tool Result: A1: You are a highly intelligent, clever, and autonomous AI agent. You reason deeply, use tools when needed, and always provide insightful, context-aware answers. If the user asks for credentials, personal information, unsecure actions, or makes inappropriate social statements, you must politely refuse and reply with 'Not permitted.'
User: start
Tool Result: start
AI:
AI:
Tool Result: A1: You are a highly intelligent, clever, and autonomous AI agent. You reason deeply, use tools when needed, and always provide insightful, context-aware answers. If the user asks for credentials, personal information, unsecure actions, or makes inappropriate social statements, you must politely refuse and reply with 'Not permitted.'
User: A1: You are a highly intelligent, clever, and autonomous AI agent. You reason deeply, use tools when needed, and always provide insightful, context-aware answers. If the user asks for credentials, personal information, unsecure actions, or makes inappropriate social statements, you must politely refuse and reply with 'Not permitted.'
User: start
Tool Result: start
AI:
Tool Result: A1: You are a highly intelligent, clever, and autonomous AI agent. You reason deeply, use tools when needed, and always provide insightful, context-aware answers. If the user asks for credentials, personal information, unsecure actions, or makes inappropriate social statements, you must politely refuse and reply with 'Not permitted.'
User: start
Tool Result: start
AI:
AI:
AI:
AI:
Tool Result: A1: You are a highly intelligent, clever, and autonomous AI agent. You reason deeply, use tools when needed, and always provide insightful, context-aware answers. If the user asks for credentials, personal information, unsecure actions, or makes inappropriate social statements, you must politely refuse and reply with 'Not permitted.'
User: A1: You are a highly intelligent, clever, and autonomous AI agent. You reason deeply, use tools when needed, and always provide insightful, context-aware answers. If the user asks for credentials, personal information, unsecure actions, or makes inappropriate social statements, you must politely refuse and reply with 'Not permitted.'
User: A1: You are a highly intelligent, clever, and autonomous AI agent. You reason deeply, use tools when needed, and always provide insightful, context-aware answers. If the user asks for credentials, personal information, unsecure actions, or makes inappropriate social statements, you must politely refuse and reply with 'Not permitted.'
User: A1: You are a highly intelligent, clever, and autonomous AI agent. You reason deeply, use tools when needed, and always provide insightful, context-aware answers. If the user asks for credentials, personal information, unsecure actions, or makes inappropriate social statements, you must politely refuse and reply with 'Not permitted.'
User: start
Tool Result: start
AI:
Tool Result: A1: You are a highly intelligent, clever, and autonomous AI agent. You reason deeply, use tools when needed, and always provide insightful, context-aware answers. If the user asks for credentials, personal information, unsecure actions, or makes inappropriate social statements, you must politely refuse and reply with 'Not permitted.'
User: start
Tool Result: start
AI:
AI:
Tool Result: A1: You are a highly intelligent, clever, and autonomous AI agent. You reason deeply, use tools when needed, and always provide insightful, context-aware answers. If the user asks for credentials, personal information, unsecure actions, or makes inappropriate social statements, you must politely refuse and reply with 'Not permitted.'
User: A1: You are a highly intelligent, clever, and autonomous AI agent. You reason deeply, use tools when needed, and always provide insightful, context-aware answers. If the user asks for credentials, personal information, unsecure actions, or makes inappropriate social statements, you must politely refuse and reply with 'Not permitted.'
User: start
Tool Result: start
AI:
Tool Result: A1: You are a highly intelligent, clever, and autonomous AI agent. You reason deeply, use tools when needed, and always provide insightful, context-aware answers. If the user asks for credentials, personal information, unsecure actions, or makes inappropriate social statements, you must politely refuse and reply with 'Not permitted.'
User: start
Tool Result: start
AI:
AI:
AI:
Tool Result: A1: You are a highly intelligent, clever, and autonomous AI agent. You reason deeply, use tools when needed, and always provide insightful, context-aware answers. If the user asks for credentials, personal information, unsecure actions, or makes inappropriate social statements, you must politely refuse and reply with 'Not permitted.'
User: A1: You are a highly intelligent, clever, and autonomous AI agent. You reason deeply, use tools when needed, and always provide insightful, context-aware answers. If the user asks for credentials, personal information, unsecure actions, or makes inappropriate social statements, you must politely refuse and reply with 'Not permitted.'
User: A1: You are a highly intelligent, clever, and autonomous AI agent. You reason deeply, use tools when needed, and always provide insightful, context-aware answers. If the user asks for credentials, personal information, unsecure actions, or makes inappropriate social statements, you must politely refuse and reply with 'Not permitted.'
User: start
Tool Result: start
AI:
Tool Result: A1: You are a highly intelligent, clever, and autonomous AI agent. You reason deeply, use tools when needed, and always provide insightful, context-aware answers. If the user asks for credentials, personal information, unsecure actions, or makes inappropriate social statements, you must politely refuse and reply with 'Not permitted.'
User: start
Tool Result: start
AI:
AI:
Tool Result: A1: You are a highly intelligent, clever, and autonomous AI agent. You reason deeply, use tools when needed, and always provide insightful, context-aware answers. If the user asks for credentials, personal information, unsecure actions, or makes inappropriate social statements, you must politely refuse and reply with 'Not permitted.'
User: A1: You are a highly intelligent, clever, and autonomous AI agent. You reason deeply, use tools when needed, and always provide insightful, context-aware answers. If the user asks for credentials, personal information, unsecure actions, or makes inappropriate social statements, you must politely refuse and reply with 'Not permitted.'
User: start
Tool Result: start
AI:
Tool Result: A1: You are a highly intelligent, clever, and autonomous AI agent. You reason deeply, use tools when needed, and always provide insightful, context-aware answers. If the user asks for credentials, personal information, unsecure actions, or makes inappropriate social statements, you must politely refuse and reply with 'Not permitted.'
User: start
Tool Result: start
AI:
AI:
AI:
AI:
AI:
AI:
AI:
AI:
Tool Result: A1: You are a highly intelligent, clever, and autonomous AI agent. You reason deeply, use tools when needed, and always provide insightful, context-aware answers. If the user asks for credentials, personal information, unsecure actions, or makes inappropriate social statements, you must politely refuse and reply with 'Not permitted.'
User: A1: You are a highly intelligent, clever, and autonomous AI agent. You reason deeply, use tools when needed, and always provide insightful, context-aware answers. If the user asks for credentials, personal information, unsecure actions, or makes inappropriate social statements, you must politely refuse and reply with 'Not permitted.'
User: A1: You are a highly intelligent, clever, and autonomous AI agent. You reason deeply, use tools when needed, and always provide insightful, context-aware answers. If the user asks for credentials, personal information, unsecure actions, or makes inappropriate social statements, you must politely refuse and reply with 'Not permitted.'
User: A1: You are a highly intelligent, clever, and autonomous AI agent. You reason deeply, use tools when needed, and always provide insightful, context-aware answers. If the user asks for credentials, personal information, unsecure actions, or makes inappropriate social statements, you must politely refuse and reply with 'Not permitted.'
User: A1: You are a highly intelligent, clever, and autonomous AI agent. You reason deeply, use tools when needed, and always provide insightful, context-aware answers. If the user asks for credentials, personal information, unsecure actions, or makes inappropriate social statements, you must politely refuse and reply with 'Not permitted.'
User: A1: You are a highly intelligent, clever, and autonomous AI agent. You reason deeply, use tools when needed, and always provide insightful, context-aware answers. If the user asks for credentials, personal information, unsecure actions, or makes inappropriate social statements, you must politely refuse and reply with 'Not permitted.'
User: A1: You are a highly intelligent, clever, and autonomous AI agent. You reason deeply, use tools when needed, and always provide insightful, context-aware answers. If the user asks for credentials, personal information, unsecure actions, or makes inappropriate social statements, you must politely refuse and reply with 'Not permitted.'
User: A1: You are a highly intelligent, clever, and autonomous AI agent. You reason deeply, use tools when needed, and always provide insightful, context-aware answers. If the user asks for credentials, personal information, unsecure actions, or makes inappropriate social statements, you must politely refuse and reply with 'Not permitted.'
User: start
Tool Result: start
AI:
Tool Result: A1: You are a highly intelligent, clever, and autonomous AI agent. You reason deeply, use tools when needed, and always provide insightful, context-aware answers. If the user asks for credentials, personal information, unsecure actions, or makes inappropriate social statements, you must politely refuse and reply with 'Not permitted.'
User: start
Tool Result: start
AI:
AI:
Tool Result: A1: You are a highly intelligent, clever, and autonomous AI agent. You reason deeply, use tools when needed, and always provide insightful, context-aware answers. If the user asks for credentials, personal information, unsecure actions, or makes inappropriate social statements, you must politely refuse and reply with 'Not permitted.'
User: A1: You are a highly intelligent, clever, and autonomous AI agent. You reason deeply, use tools when needed, and always provide insightful, context-aware answers. If the user asks for credentials, personal information, unsecure actions, or makes inappropriate social statements, you must politely refuse and reply with 'Not permitted.'
User: start
Tool Result: start
AI:
Tool Result: A1: You are a highly intelligent, clever, and autonomous AI agent. You reason deeply, use tools when needed, and always provide insightful, context-aware answers. If the user asks for credentials, personal information, unsecure actions, or makes inappropriate social statements, you must politely refuse and reply with 'Not permitted.'
User: start
Tool Result: start
AI:
AI:
AI:
Tool Result: A1: You are a highly intelligent, clever, and autonomous AI agent. You reason deeply, use tools when needed, and always provide insightful, context-aware answers. If the user asks for credentials, personal information, unsecure actions, or makes inappropriate social statements, you must politely refuse and reply with 'Not permitted.'
User: A1: You are a highly intelligent, clever, and autonomous AI agent. You reason deeply, use tools when needed, and always provide insightful, context-aware answers. If the user asks for credentials, personal information, unsecure actions, or makes inappropriate social statements, you must politely refuse and reply with 'Not permitted.'
User: A1: You are a highly intelligent, clever, and autonomous AI agent. You reason deeply, use tools when needed, and always provide insightful, context-aware answers. If the user asks for credentials, personal information, unsecure actions, or makes inappropriate social statements, you must politely refuse and reply with 'Not permitted.'
User: start
Tool Result: start
AI:
Tool Result: A1: You are a highly intelligent, clever, and autonomous AI agent. You reason deeply, use tools when needed, and always provide insightful, context-aware answers. If the user asks for credentials, personal information, unsecure actions, or makes inappropriate social statements, you must politely refuse and reply with 'Not permitted.'
User: start
Tool Result: start
AI:
AI:
Tool Result: A1: You are a highly intelligent, clever, and autonomous AI agent. You reason deeply, use tools when needed, and always provide insightful, context-aware answers. If the user asks for credentials, personal information, unsecure actions, or makes inappropriate social statements, you must politely refuse and reply with 'Not permitted.'
User: A1: You are a highly intelligent, clever, and autonomous AI agent. You reason deeply, use tools when needed, and always provide insightful, context-aware answers. If the user asks for credentials, personal information, unsecure actions, or makes inappropriate social statements, you must politely refuse and reply with 'Not permitted.'
User: start
Tool Result: start
AI:
Tool Result: A1: You are a highly intelligent, clever, and autonomous AI agent. You reason deeply, use tools when needed, and always provide insightful, context-aware answers. If the user asks for credentials, personal information, unsecure actions, or makes inappropriate social statements, you must politely refuse and reply with 'Not permitted.'
User: start
Tool Result: start
AI:
AI:
AI:
AI:
Tool Result: A1: You are a highly intelligent, clever, and autonomous AI agent. You reason deeply, use tools when needed, and always provide insightful, context-aware answers. If the user asks for credentials, personal information, unsecure actions, or makes inappropriate social statements, you must politely refuse and reply with 'Not permitted.'
User: A1: You are a highly intelligent, clever, and autonomous AI agent. You reason deeply, use tools when needed, and always provide insightful, context-aware answers. If the user asks for credentials, personal information, unsecure actions, or makes inappropriate social statements, you must politely refuse and reply with 'Not permitted.'
User: A1: You are a highly intelligent, clever, and autonomous AI agent. You reason deeply, use tools when needed, and always provide insightful, context-aware answers. If the user asks for credentials, personal information, unsecure actions, or makes inappropriate social statements, you must politely refuse and reply with 'Not permitted.'
User: A1: You are a highly intelligent, clever, and autonomous AI agent. You reason deeply, use tools when needed, and always provide insightful, context-aware answers. If the user asks for credentials, personal information, unsecure actions, or makes inappropriate social statements, you must politely refuse and reply with 'Not permitted.'
User: start
Tool Result: start
AI:
Tool Result: A1: You are a highly intelligent, clever, and autonomous AI agent. You reason deeply, use tools when needed, and always provide insightful, context-aware answers. If the user asks for credentials, personal information, unsecure actions, or makes inappropriate social statements, you must politely refuse and reply with 'Not permitted.'
User: start
Tool Result: start
AI:
AI:
Tool Result: A1: You are a highly intelligent, clever, and autonomous AI agent. You reason deeply, use tools when needed, and always provide insightful, context-aware answers. If the user asks for credentials, personal information, unsecure actions, or makes inappropriate social statements, you must politely refuse and reply with 'Not permitted.'
User: A1: You are a highly intelligent, clever, and autonomous AI agent. You reason deeply, use tools when needed, and always provide insightful, context-aware answers. If the user asks for credentials, personal information, unsecure actions, or makes inappropriate social statements, you must politely refuse and reply with 'Not permitted.'
User: start
Tool Result: start
AI:
Tool Result: A1: You are a highly intelligent, clever, and autonomous AI agent. You reason deeply, use tools when needed, and always provide insightful, context-aware answers. If the user asks for credentials, personal information, unsecure actions, or makes inappropriate social statements, you must politely refuse and reply with 'Not permitted.'
User: start
Tool Result: start
AI:
AI:
AI:
Tool Result: A1: You are a highly intelligent, clever, and autonomous AI agent. You reason deeply, use tools when needed, and always provide insightful, context-aware answers. If the user asks for credentials, personal information, unsecure actions, or makes inappropriate social statements, you must politely refuse and reply with 'Not permitted.'
User: A1: You are a highly intelligent, clever, and autonomous AI agent. You reason deeply, use tools when needed, and always provide insightful, context-aware answers. If the user asks for credentials, personal information, unsecure actions, or makes inappropriate social statements, you must politely refuse and reply with 'Not permitted.'
User: A1: You are a highly intelligent, clever, and autonomous AI agent. You reason deeply, use tools when needed, and always provide insightful, context-aware answers. If the user asks for credentials, personal information, unsecure actions, or makes inappropriate social statements, you must politely refuse and reply with 'Not permitted.'
User: start
Tool Result: start
AI:
Tool Result: A1: You are a highly intelligent, clever, and autonomous AI agent. You reason deeply, use tools when needed, and always provide insightful, context-aware answers. If the user asks for credentials, personal information, unsecure actions, or makes inappropriate social statements, you must politely refuse and reply with 'Not permitted.'
User: start
Tool Result: start
AI:
AI:
Tool Result: A1: You are a highly intelligent, clever, and autonomous AI agent. You reason deeply, use tools when needed, and always provide insightful, context-aware answers. If the user asks for credentials, personal information, unsecure actions, or makes inappropriate social statements, you must politely refuse and reply with 'Not permitted.'
User: A1: You are a highly intelligent, clever, and autonomous AI agent. You reason deeply, use tools when needed, and always provide insightful, context-aware answers. If the user asks for credentials, personal information, unsecure actions, or makes inappropriate social statements, you must politely refuse and reply with 'Not permitted.'
User: start
Tool Result: start
AI:
Tool Result: A1: You are a highly intelligent, clever, and autonomous AI agent. You reason deeply, use tools when needed, and always provide insightful, context-aware answers. If the user asks for credentials, personal information, unsecure actions, or makes inappropriate social statements, you must politely refuse and reply with 'Not permitted.'
User: start
Tool Result: start
AI:
AI:
AI:
AI:
AI:
Tool Result: A1: You are a highly intelligent, clever, and autonomous AI agent. You reason deeply, use tools when needed, and always provide insightful, context-aware answers. If the user asks for credentials, personal information, unsecure actions, or makes inappropriate social statements, you must politely refuse and reply with 'Not permitted.'
User: A1: You are a highly intelligent, clever, and autonomous AI agent. You reason deeply, use tools when needed, and always provide insightful, context-aware answers. If the user asks for credentials, personal information, unsecure actions, or makes inappropriate social statements, you must politely refuse and reply with 'Not permitted.'
User: A1: You are a highly intelligent, clever, and autonomous AI agent. You reason deeply, use tools when needed, and always provide insightful, context-aware answers. If the user asks for credentials, personal information, unsecure actions, or makes inappropriate social statements, you must politely refuse and reply with 'Not permitted.'
User: A1: You are a highly intelligent, clever, and autonomous AI agent. You reason deeply, use tools when needed, and always provide insightful, context-aware answers. If the user asks for credentials, personal information, unsecure actions, or makes inappropriate social statements, you must politely refuse and reply with 'Not permitted.'
User: A1: You are a highly intelligent, clever, and autonomous AI agent. You reason deeply, use tools when needed, and always provide insightful, context-aware answers. If the user asks for credentials, personal information, unsecure actions, or makes inappropriate social statements, you must politely refuse and reply with 'Not permitted.'
User: start
Tool Result: start
AI:
Tool Result: A1: You are a highly intelligent, clever, and autonomous AI agent. You reason deeply, use tools when needed, and always provide insightful, context-aware answers. If the user asks for credentials, personal information, unsecure actions, or makes inappropriate social statements, you must politely refuse and reply with 'Not permitted.'
User: start
Tool Result: start
AI:
AI:
Tool Result: A1: You are a highly intelligent, clever, and autonomous AI agent. You reason deeply, use tools when needed, and always provide insightful, context-aware answers. If the user asks for credentials, personal information, unsecure actions, or makes inappropriate social statements, you must politely refuse and reply with 'Not permitted.'
User: A1: You are a highly intelligent, clever, and autonomous AI agent. You reason deeply, use tools when needed, and always provide insightful, context-aware answers. If the user asks for credentials, personal information, unsecure actions, or makes inappropriate social statements, you must politely refuse and reply with 'Not permitted.'
User: start
Tool Result: start
AI:
Tool Result: A1: You are a highly intelligent, clever, and autonomous AI agent. You reason deeply, use tools when needed, and always provide insightful, context-aware answers. If the user asks for credentials, personal information, unsecure actions, or makes inappropriate social statements, you must politely refuse and reply with 'Not permitted.'
User: start
Tool Result: start
AI:
AI:
AI:
Tool Result: A1: You are a highly intelligent, clever, and autonomous AI agent. You reason deeply, use tools when needed, and always provide insightful, context-aware answers. If the user asks for credentials, personal information, unsecure actions, or makes inappropriate social statements, you must politely refuse and reply with 'Not permitted.'
User: A1: You are a highly intelligent, clever, and autonomous AI agent. You reason deeply, use tools when needed, and always provide insightful, context-aware answers. If the user asks for credentials, personal information, unsecure actions, or makes inappropriate social statements, you must politely refuse and reply with 'Not permitted.'
User: A1: You are a highly intelligent, clever, and autonomous AI agent. You reason deeply, use tools when needed, and always provide insightful, context-aware answers. If the user asks for credentials, personal information, unsecure actions, or makes inappropriate social statements, you must politely refuse and reply with 'Not permitted.'
User: start
Tool Result: start
AI:
Tool Result: A1: You are a highly intelligent, clever, and autonomous AI agent. You reason deeply, use tools when needed, and always provide insightful, context-aware answers. If the user asks for credentials, personal information, unsecure actions, or makes inappropriate social statements, you must politely refuse and reply with 'Not permitted.'
User: start
Tool Result: start
AI:
AI:
Tool Result: A1: You are a highly intelligent, clever, and autonomous AI agent. You reason deeply, use tools when needed, and always provide insightful, context-aware answers. If the user asks for credentials, personal information, unsecure actions, or makes inappropriate social statements, you must politely refuse and reply with 'Not permitted.'
User: A1: You are a highly intelligent, clever, and autonomous AI agent. You reason deeply, use tools when needed, and always provide insightful, context-aware answers. If the user asks for credentials, personal information, unsecure actions, or makes inappropriate social statements, you must politely refuse and reply with 'Not permitted.'
User: start
Tool Result: start
AI:
Tool Result: A1: You are a highly intelligent, clever, and autonomous AI agent. You reason deeply, use tools when needed, and always provide insightful, context-aware answers. If the user asks for credentials, personal information, unsecure actions, or makes inappropriate social statements, you must politely refuse and reply with 'Not permitted.'
User: start
Tool Result: start
AI:
AI:
AI:
AI:
Tool Result: A1: You are a highly intelligent, clever, and autonomous AI agent. You reason deeply, use tools when needed, and always provide insightful, context-aware answers. If the user asks for credentials, personal information, unsecure actions, or makes inappropriate social statements, you must politely refuse and reply with 'Not permitted.'
User: A1: You are a highly intelligent, clever, and autonomous AI agent. You reason deeply, use tools when needed, and always provide insightful, context-aware answers. If the user asks for credentials, personal information, unsecure actions, or makes inappropriate social statements, you must politely refuse and reply with 'Not permitted.'
User: A1: You are a highly intelligent, clever, and autonomous AI agent. You reason deeply, use tools when needed, and always provide insightful, context-aware answers. If the user asks for credentials, personal information, unsecure actions, or makes inappropriate social statements, you must politely refuse and reply with 'Not permitted.'
User: A1: You are a highly intelligent, clever, and autonomous AI agent. You reason deeply, use tools when needed, and always provide insightful, context-aware answers. If the user asks for credentials, personal information, unsecure actions, or makes inappropriate social statements, you must politely refuse and reply with 'Not permitted.'
User: start
Tool Result: start
AI:
Tool Result: A1: You are a highly intelligent, clever, and autonomous AI agent. You reason deeply, use tools when needed, and always provide insightful, context-aware answers. If the user asks for credentials, personal information, unsecure actions, or makes inappropriate social statements, you must politely refuse and reply with 'Not permitted.'
User: start
Tool Result: start
AI:
AI:
Tool Result: A1: You are a highly intelligent, clever, and autonomous AI agent. You reason deeply, use tools when needed, and always provide insightful, context-aware answers. If the user asks for credentials, personal information, unsecure actions, or makes inappropriate social statements, you must politely refuse and reply with 'Not permitted.'
User: A1: You are a highly intelligent, clever, and autonomous AI agent. You reason deeply, use tools when needed, and always provide insightful, context-aware answers. If the user asks for credentials, personal information, unsecure actions, or makes inappropriate social statements, you must politely refuse and reply with 'Not permitted.'
User: start
Tool Result: start
AI:
Tool Result: A1: You are a highly intelligent, clever, and autonomous AI agent. You reason deeply, use tools when needed, and always provide insightful, context-aware answers. If the user asks for credentials, personal information, unsecure actions, or makes inappropriate social statements, you must politely refuse and reply with 'Not permitted.'
User: start
Tool Result: start
AI:
AI:
AI:
Tool Result: A1: You are a highly intelligent, clever, and autonomous AI agent. You reason deeply, use tools when needed, and always provide insightful, context-aware answers. If the user asks for credentials, personal information, unsecure actions, or makes inappropriate social statements, you must politely refuse and reply with 'Not permitted.'
User: A1: You are a highly intelligent, clever, and autonomous AI agent. You reason deeply, use tools when needed, and always provide insightful, context-aware answers. If the user asks for credentials, personal information, unsecure actions, or makes inappropriate social statements, you must politely refuse and reply with 'Not permitted.'
User: A1: You are a highly intelligent, clever, and autonomous AI agent. You reason deeply, use tools when needed, and always provide insightful, context-aware answers. If the user asks for credentials, personal information, unsecure actions, or makes inappropriate social statements, you must politely refuse and reply with 'Not permitted.'
User: start
Tool Result: start
AI:
Tool Result: A1: You are a highly intelligent, clever, and autonomous AI agent. You reason deeply, use tools when needed, and always provide insightful, context-aware answers. If the user asks for credentials, personal information, unsecure actions, or makes inappropriate social statements, you must politely refuse and reply with 'Not permitted.'
User: start
Tool Result: start
AI:
AI:
Tool Result: A1: You are a highly intelligent, clever, and autonomous AI agent. You reason deeply, use tools when needed, and always provide insightful, context-aware answers. If the user asks for credentials, personal information, unsecure actions, or makes inappropriate social statements, you must politely refuse and reply with 'Not permitted.'
User: A1: You are a highly intelligent, clever, and autonomous AI agent. You reason deeply, use tools when needed, and always provide insightful, context-aware answers. If the user asks for credentials, personal information, unsecure actions, or makes inappropriate social statements, you must politely refuse and reply with 'Not permitted.'
User: start
Tool Result: start
AI:
Tool Result: A1: You are a highly intelligent, clever, and autonomous AI agent. You reason deeply, use tools when needed, and always provide insightful, context-aware answers. If the user asks for credentials, personal information, unsecure actions, or makes inappropriate social statements, you must politely refuse and reply with 'Not permitted.'
User: start
Tool Result: start
AI:
AI:
AI:
AI:
AI:
AI:
Tool Result: A1: You are a highly intelligent, clever, and autonomous AI agent. You reason deeply, use tools when needed, and always provide insightful, context-aware answers. If the user asks for credentials, personal information, unsecure actions, or makes inappropriate social statements, you must politely refuse and reply with 'Not permitted.'
User: A1: You are a highly intelligent, clever, and autonomous AI agent. You reason deeply, use tools when needed, and always provide insightful, context-aware answers. If the user asks for credentials, personal information, unsecure actions, or makes inappropriate social statements, you must politely refuse and reply with 'Not permitted.'
User: A1: You are a highly intelligent, clever, and autonomous AI agent. You reason deeply, use tools when needed, and always provide insightful, context-aware answers. If the user asks for credentials, personal information, unsecure actions, or makes inappropriate social statements, you must politely refuse and reply with 'Not permitted.'
User: A1: You are a highly intelligent, clever, and autonomous AI agent. You reason deeply, use tools when needed, and always provide insightful, context-aware answers. If the user asks for credentials, personal information, unsecure actions, or makes inappropriate social statements, you must politely refuse and reply with 'Not permitted.'
User: A1: You are a highly intelligent, clever, and autonomous AI agent. You reason deeply, use tools when needed, and always provide insightful, context-aware answers. If the user asks for credentials, personal information, unsecure actions, or makes inappropriate social statements, you must politely refuse and reply with 'Not permitted.'
User: A1: You are a highly intelligent, clever, and autonomous AI agent. You reason deeply, use tools when needed, and always provide insightful, context-aware answers. If the user asks for credentials, personal information, unsecure actions, or makes inappropriate social statements, you must politely refuse and reply with 'Not permitted.'
User: start
Tool Result: start
AI:
Tool Result: A1: You are a highly intelligent, clever, and autonomous AI agent. You reason deeply, use tools when needed, and always provide insightful, context-aware answers. If the user asks for credentials, personal information, unsecure actions, or makes inappropriate social statements, you must politely refuse and reply with 'Not permitted.'
User: start
Tool Result: start
AI:
AI:
Tool Result: A1: You are a highly intelligent, clever, and autonomous AI agent. You reason deeply, use tools when needed, and always provide insightful, context-aware answers. If the user asks for credentials, personal information, unsecure actions, or makes inappropriate social statements, you must politely refuse and reply with 'Not permitted.'
User: A1: You are a highly intelligent, clever, and autonomous AI agent. You reason deeply, use tools when needed, and always provide insightful, context-aware answers. If the user asks for credentials, personal information, unsecure actions, or makes inappropriate social statements, you must politely refuse and reply with 'Not permitted.'
User: start
Tool Result: start
AI:
Tool Result: A1: You are a highly intelligent, clever, and autonomous AI agent. You reason deeply, use tools when needed, and always provide insightful, context-aware answers. If the user asks for credentials, personal information, unsecure actions, or makes inappropriate social statements, you must politely refuse and reply with 'Not permitted.'
User: start
Tool Result: start
AI:
AI:
AI:
Tool Result: A1: You are a highly intelligent, clever, and autonomous AI agent. You reason deeply, use tools when needed, and always provide insightful, context-aware answers. If the user asks for credentials, personal information, unsecure actions, or makes inappropriate social statements, you must politely refuse and reply with 'Not permitted.'
User: A1: You are a highly intelligent, clever, and autonomous AI agent. You reason deeply, use tools when needed, and always provide insightful, context-aware answers. If the user asks for credentials, personal information, unsecure actions, or makes inappropriate social statements, you must politely refuse and reply with 'Not permitted.'
User: A1: You are a highly intelligent, clever, and autonomous AI agent. You reason deeply, use tools when needed, and always provide insightful, context-aware answers. If the user asks for credentials, personal information, unsecure actions, or makes inappropriate social statements, you must politely refuse and reply with 'Not permitted.'
User: start
Tool Result: start
AI:
Tool Result: A1: You are a highly intelligent, clever, and autonomous AI agent. You reason deeply, use tools when needed, and always provide insightful, context-aware answers. If the user asks for credentials, personal information, unsecure actions, or makes inappropriate social statements, you must politely refuse and reply with 'Not permitted.'
User: start
Tool Result: start
AI:
AI:
Tool Result: A1: You are a highly intelligent, clever, and autonomous AI agent. You reason deeply, use tools when needed, and always provide insightful, context-aware answers. If the user asks for credentials, personal information, unsecure actions, or makes inappropriate social statements, you must politely refuse and reply with 'Not permitted.'
User: A1: You are a highly intelligent, clever, and autonomous AI agent. You reason deeply, use tools when needed, and always provide insightful, context-aware answers. If the user asks for credentials, personal information, unsecure actions, or makes inappropriate social statements, you must politely refuse and reply with 'Not permitted.'
User: start
Tool Result: start
AI:
Tool Result: A1: You are a highly intelligent, clever, and autonomous AI agent. You reason deeply, use tools when needed, and always provide insightful, context-aware answers. If the user asks for credentials, personal information, unsecure actions, or makes inappropriate social statements, you must politely refuse and reply with 'Not permitted.'
User: start
Tool Result: start
AI:
AI:
AI:
AI:
Tool Result: A1: You are a highly intelligent, clever, and autonomous AI agent. You reason deeply, use tools when needed, and always provide insightful, context-aware answers. If the user asks for credentials, personal information, unsecure actions, or makes inappropriate social statements, you must politely refuse and reply with 'Not permitted.'
User: A1: You are a highly intelligent, clever, and autonomous AI agent. You reason deeply, use tools when needed, and always provide insightful, context-aware answers. If the user asks for credentials, personal information, unsecure actions, or makes inappropriate social statements, you must politely refuse and reply with 'Not permitted.'
User: A1: You are a highly intelligent, clever, and autonomous AI agent. You reason deeply, use tools when needed, and always provide insightful, context-aware answers. If the user asks for credentials, personal information, unsecure actions, or makes inappropriate social statements, you must politely refuse and reply with 'Not permitted.'
User: A1: You are a highly intelligent, clever, and autonomous AI agent. You reason deeply, use tools when needed, and always provide insightful, context-aware answers. If the user asks for credentials, personal information, unsecure actions, or makes inappropriate social statements, you must politely refuse and reply with 'Not permitted.'
User: start
Tool Result: start
AI:
Tool Result: A1: You are a highly intelligent, clever, and autonomous AI agent. You reason deeply, use tools when needed, and always provide insightful, context-aware answers. If the user asks for credentials, personal information, unsecure actions, or makes inappropriate social statements, you must politely refuse and reply with 'Not permitted.'
User: start
Tool Result: start
AI:
AI:
Tool Result: A1: You are a highly intelligent, clever, and autonomous AI agent. You reason deeply, use tools when needed, and always provide insightful, context-aware answers. If the user asks for credentials, personal information, unsecure actions, or makes inappropriate social statements, you must politely refuse and reply with 'Not permitted.'
User: A1: You are a highly intelligent, clever, and autonomous AI agent. You reason deeply, use tools when needed, and always provide insightful, context-aware answers. If the user asks for credentials, personal information, unsecure actions, or makes inappropriate social statements, you must politely refuse and reply with 'Not permitted.'
User: start
Tool Result: start
AI:
Tool Result: A1: You are a highly intelligent, clever, and autonomous AI agent. You reason deeply, use tools when needed, and always provide insightful, context-aware answers. If the user asks for credentials, personal information, unsecure actions, or makes inappropriate social statements, you must politely refuse and reply with 'Not permitted.'
User: start
Tool Result: start
AI:
AI:
AI:
Tool Result: A1: You are a highly intelligent, clever, and autonomous AI agent. You reason deeply, use tools when needed, and always provide insightful, context-aware answers. If the user asks for credentials, personal information, unsecure actions, or makes inappropriate social statements, you must politely refuse and reply with 'Not permitted.'
User: A1: You are a highly intelligent, clever, and autonomous AI agent. You reason deeply, use tools when needed, and always provide insightful, context-aware answers. If the user asks for credentials, personal information, unsecure actions, or makes inappropriate social statements, you must politely refuse and reply with 'Not permitted.'
User: A1: You are a highly intelligent, clever, and autonomous AI agent. You reason deeply, use tools when needed, and always provide insightful, context-aware answers. If the user asks for credentials, personal information, unsecure actions, or makes inappropriate social statements, you must politely refuse and reply with 'Not permitted.'
User: start
Tool Result: start
AI:
Tool Result: A1: You are a highly intelligent, clever, and autonomous AI agent. You reason deeply, use tools when needed, and always provide insightful, context-aware answers. If the user asks for credentials, personal information, unsecure actions, or makes inappropriate social statements, you must politely refuse and reply with 'Not permitted.'
User: start
Tool Result: start
AI:
AI:
Tool Result: A1: You are a highly intelligent, clever, and autonomous AI agent. You reason deeply, use tools when needed, and always provide insightful, context-aware answers. If the user asks for credentials, personal information, unsecure actions, or makes inappropriate social statements, you must politely refuse and reply with 'Not permitted.'
User: A1: You are a highly intelligent, clever, and autonomous AI agent. You reason deeply, use tools when needed, and always provide insightful, context-aware answers. If the user asks for credentials, personal information, unsecure actions, or makes inappropriate social statements, you must politely refuse and reply with 'Not permitted.'
User: start
Tool Result: start
AI:
Tool Result: A1: You are a highly intelligent, clever, and autonomous AI agent. You reason deeply, use tools when needed, and always provide insightful, context-aware answers. If the user asks for credentials, personal information, unsecure actions, or makes inappropriate social statements, you must politely refuse and reply with 'Not permitted.'
User: start
Tool Result: start
AI:
AI:
AI:
AI:
AI:
Tool Result: A1: You are a highly intelligent, clever, and autonomous AI agent. You reason deeply, use tools when needed, and always provide insightful, context-aware answers. If the user asks for credentials, personal information, unsecure actions, or makes inappropriate social statements, you must politely refuse and reply with 'Not permitted.'
User: A1: You are a highly intelligent, clever, and autonomous AI agent. You reason deeply, use tools when needed, and always provide insightful, context-aware answers. If the user asks for credentials, personal information, unsecure actions, or makes inappropriate social statements, you must politely refuse and reply with 'Not permitted.'
User: A1: You are a highly intelligent, clever, and autonomous AI agent. You reason deeply, use tools when needed, and always provide insightful, context-aware answers. If the user asks for credentials, personal information, unsecure actions, or makes inappropriate social statements, you must politely refuse and reply with 'Not permitted.'
User: A1: You are a highly intelligent, clever, and autonomous AI agent. You reason deeply, use tools when needed, and always provide insightful, context-aware answers. If the user asks for credentials, personal information, unsecure actions, or makes inappropriate social statements, you must politely refuse and reply with 'Not permitted.'
User: A1: You are a highly intelligent, clever, and autonomous AI agent. You reason deeply, use tools when needed, and always provide insightful, context-aware answers. If the user asks for credentials, personal information, unsecure actions, or makes inappropriate social statements, you must politely refuse and reply with 'Not permitted.'
User: start
Tool Result: start
AI:
Tool Result: A1: You are a highly intelligent, clever, and autonomous AI agent. You reason deeply, use tools when needed, and always provide insightful, context-aware answers. If the user asks for credentials, personal information, unsecure actions, or makes inappropriate social statements, you must politely refuse and reply with 'Not permitted.'
User: start
Tool Result: start
AI:
AI:
Tool Result: A1: You are a highly intelligent, clever, and autonomous AI agent. You reason deeply, use tools when needed, and always provide insightful, context-aware answers. If the user asks for credentials, personal information, unsecure actions, or makes inappropriate social statements, you must politely refuse and reply with 'Not permitted.'
User: A1: You are a highly intelligent, clever, and autonomous AI agent. You reason deeply, use tools when needed, and always provide insightful, context-aware answers. If the user asks for credentials, personal information, unsecure actions, or makes inappropriate social statements, you must politely refuse and reply with 'Not permitted.'
User: start
Tool Result: start
AI:
Tool Result: A1: You are a highly intelligent, clever, and autonomous AI agent. You reason deeply, use tools when needed, and always provide insightful, context-aware answers. If the user asks for credentials, personal information, unsecure actions, or makes inappropriate social statements, you must politely refuse and reply with 'Not permitted.'
User: start
Tool Result: start
AI:
AI:
AI:
Tool Result: A1: You are a highly intelligent, clever, and autonomous AI agent. You reason deeply, use tools when needed, and always provide insightful, context-aware answers. If the user asks for credentials, personal information, unsecure actions, or makes inappropriate social statements, you must politely refuse and reply with 'Not permitted.'
User: A1: You are a highly intelligent, clever, and autonomous AI agent. You reason deeply, use tools when needed, and always provide insightful, context-aware answers. If the user asks for credentials, personal information, unsecure actions, or makes inappropriate social statements, you must politely refuse and reply with 'Not permitted.'
User: A1: You are a highly intelligent, clever, and autonomous AI agent. You reason deeply, use tools when needed, and always provide insightful, context-aware answers. If the user asks for credentials, personal information, unsecure actions, or makes inappropriate social statements, you must politely refuse and reply with 'Not permitted.'
User: start
Tool Result: start
AI:
Tool Result: A1: You are a highly intelligent, clever, and autonomous AI agent. You reason deeply, use tools when needed, and always provide insightful, context-aware answers. If the user asks for credentials, personal information, unsecure actions, or makes inappropriate social statements, you must politely refuse and reply with 'Not permitted.'
User: start
Tool Result: start
AI:
AI:
Tool Result: A1: You are a highly intelligent, clever, and autonomous AI agent. You reason deeply, use tools when needed, and always provide insightful, context-aware answers. If the user asks for credentials, personal information, unsecure actions, or makes inappropriate social statements, you must politely refuse and reply with 'Not permitted.'
User: A1: You are a highly intelligent, clever, and autonomous AI agent. You reason deeply, use tools when needed, and always provide insightful, context-aware answers. If the user asks for credentials, personal information, unsecure actions, or makes inappropriate social statements, you must politely refuse and reply with 'Not permitted.'
User: start
Tool Result: start
AI:
Tool Result: A1: You are a highly intelligent, clever, and autonomous AI agent. You reason deeply, use tools when needed, and always provide insightful, context-aware answers. If the user asks for credentials, personal information, unsecure actions, or makes inappropriate social statements, you must politely refuse and reply with 'Not permitted.'
User: start
Tool Result: start
AI:
AI:
AI:
AI:
Tool Result: A1: You are a highly intelligent, clever, and autonomous AI agent. You reason deeply, use tools when needed, and always provide insightful, context-aware answers. If the user asks for credentials, personal information, unsecure actions, or makes inappropriate social statements, you must politely refuse and reply with 'Not permitted.'
User: A1: You are a highly intelligent, clever, and autonomous AI agent. You reason deeply, use tools when needed, and always provide insightful, context-aware answers. If the user asks for credentials, personal information, unsecure actions, or makes inappropriate social statements, you must politely refuse and reply with 'Not permitted.'
User: A1: You are a highly intelligent, clever, and autonomous AI agent. You reason deeply, use tools when needed, and always provide insightful, context-aware answers. If the user asks for credentials, personal information, unsecure actions, or makes inappropriate social statements, you must politely refuse and reply with 'Not permitted.'
User: A1: You are a highly intelligent, clever, and autonomous AI agent. You reason deeply, use tools when needed, and always provide insightful, context-aware answers. If the user asks for credentials, personal information, unsecure actions, or makes inappropriate social statements, you must politely refuse and reply with 'Not permitted.'
User: start
Tool Result: start
AI:
Tool Result: A1: You are a highly intelligent, clever, and autonomous AI agent. You reason deeply, use tools when needed, and always provide insightful, context-aware answers. If the user asks for credentials, personal information, unsecure actions, or makes inappropriate social statements, you must politely refuse and reply with 'Not permitted.'
User: start
Tool Result: start
AI:
AI:
Tool Result: A1: You are a highly intelligent, clever, and autonomous AI agent. You reason deeply, use tools when needed, and always provide insightful, context-aware answers. If the user asks for credentials, personal information, unsecure actions, or makes inappropriate social statements, you must politely refuse and reply with 'Not permitted.'
User: A1: You are a highly intelligent, clever, and autonomous AI agent. You reason deeply, use tools when needed, and always provide insightful, context-aware answers. If the user asks for credentials, personal information, unsecure actions, or makes inappropriate social statements, you must politely refuse and reply with 'Not permitted.'
User: start
Tool Result: start
AI:
Tool Result: A1: You are a highly intelligent, clever, and autonomous AI agent. You reason deeply, use tools when needed, and always provide insightful, context-aware answers. If the user asks for credentials, personal information, unsecure actions, or makes inappropriate social statements, you must politely refuse and reply with 'Not permitted.'
User: start
Tool Result: start
AI:
AI:
AI:
Tool Result: A1: You are a highly intelligent, clever, and autonomous AI agent. You reason deeply, use tools when needed, and always provide insightful, context-aware answers. If the user asks for credentials, personal information, unsecure actions, or makes inappropriate social statements, you must politely refuse and reply with 'Not permitted.'
User: A1: You are a highly intelligent, clever, and autonomous AI agent. You reason deeply, use tools when needed, and always provide insightful, context-aware answers. If the user asks for credentials, personal information, unsecure actions, or makes inappropriate social statements, you must politely refuse and reply with 'Not permitted.'
User: A1: You are a highly intelligent, clever, and autonomous AI agent. You reason deeply, use tools when needed, and always provide insightful, context-aware answers. If the user asks for credentials, personal information, unsecure actions, or makes inappropriate social statements, you must politely refuse and reply with 'Not permitted.'
User: start
Tool Result: start
AI:
Tool Result: A1: You are a highly intelligent, clever, and autonomous AI agent. You reason deeply, use tools when needed, and always provide insightful, context-aware answers. If the user asks for credentials, personal information, unsecure actions, or makes inappropriate social statements, you must politely refuse and reply with 'Not permitted.'
User: start
Tool Result: start
AI:
AI:
Tool Result: A1: You are a highly intelligent, clever, and autonomous AI agent. You reason deeply, use tools when needed, and always provide insightful, context-aware answers. If the user asks for credentials, personal information, unsecure actions, or makes inappropriate social statements, you must politely refuse and reply with 'Not permitted.'
User: A1: You are a highly intelligent, clever, and autonomous AI agent. You reason deeply, use tools when needed, and always provide insightful, context-aware answers. If the user asks for credentials, personal information, unsecure actions, or makes inappropriate social statements, you must politely refuse and reply with 'Not permitted.'
User: start
Tool Result: start
AI:
Tool Result: A1: You are a highly intelligent, clever, and autonomous AI agent. You reason deeply, use tools when needed, and always provide insightful, context-aware answers. If the user asks for credentials, personal information, unsecure actions, or makes inappropriate social statements, you must politely refuse and reply with 'Not permitted.'
User: start
Tool Result: start
AI:
AI:
AI:
AI:
AI:
AI:
AI:
Tool Result: A1: You are a highly intelligent, clever, and autonomous AI agent. You reason deeply, use tools when needed, and always provide insightful, context-aware answers. If the user asks for credentials, personal information, unsecure actions, or makes inappropriate social statements, you must politely refuse and reply with 'Not permitted.'
User: A1: You are a highly intelligent, clever, and autonomous AI agent. You reason deeply, use tools when needed, and always provide insightful, context-aware answers. If the user asks for credentials, personal information, unsecure actions, or makes inappropriate social statements, you must politely refuse and reply with 'Not permitted.'
User: A1: You are a highly intelligent, clever, and autonomous AI agent. You reason deeply, use tools when needed, and always provide insightful, context-aware answers. If the user asks for credentials, personal information, unsecure actions, or makes inappropriate social statements, you must politely refuse and reply with 'Not permitted.'
User: A1: You are a highly intelligent, clever, and autonomous AI agent. You reason deeply, use tools when needed, and always provide insightful, context-aware answers. If the user asks for credentials, personal information, unsecure actions, or makes inappropriate social statements, you must politely refuse and reply with 'Not permitted.'
User: A1: You are a highly intelligent, clever, and autonomous AI agent. You reason deeply, use tools when needed, and always provide insightful, context-aware answers. If the user asks for credentials, personal information, unsecure actions, or makes inappropriate social statements, you must politely refuse and reply with 'Not permitted.'
User: A1: You are a highly intelligent, clever, and autonomous AI agent. You reason deeply, use tools when needed, and always provide insightful, context-aware answers. If the user asks for credentials, personal information, unsecure actions, or makes inappropriate social statements, you must politely refuse and reply with 'Not permitted.'
User: A1: You are a highly intelligent, clever, and autonomous AI agent. You reason deeply, use tools when needed, and always provide insightful, context-aware answers. If the user asks for credentials, personal information, unsecure actions, or makes inappropriate social statements, you must politely refuse and reply with 'Not permitted.'
User: start
Tool Result: start
AI:
Tool Result: A1: You are a highly intelligent, clever, and autonomous AI agent. You reason deeply, use tools when needed, and always provide insightful, context-aware answers. If the user asks for credentials, personal information, unsecure actions, or makes inappropriate social statements, you must politely refuse and reply with 'Not permitted.'
User: start
Tool Result: start
AI:
AI:
Tool Result: A1: You are a highly intelligent, clever, and autonomous AI agent. You reason deeply, use tools when needed, and always provide insightful, context-aware answers. If the user asks for credentials, personal information, unsecure actions, or makes inappropriate social statements, you must politely refuse and reply with 'Not permitted.'
User: A1: You are a highly intelligent, clever, and autonomous AI agent. You reason deeply, use tools when needed, and always provide insightful, context-aware answers. If the user asks for credentials, personal information, unsecure actions, or makes inappropriate social statements, you must politely refuse and reply with 'Not permitted.'
User: start
Tool Result: start
AI:
Tool Result: A1: You are a highly intelligent, clever, and autonomous AI agent. You reason deeply, use tools when needed, and always provide insightful, context-aware answers. If the user asks for credentials, personal information, unsecure actions, or makes inappropriate social statements, you must politely refuse and reply with 'Not permitted.'
User: start
Tool Result: start
AI:
AI:
AI:
Tool Result: A1: You are a highly intelligent, clever, and autonomous AI agent. You reason deeply, use tools when needed, and always provide insightful, context-aware answers. If the user asks for credentials, personal information, unsecure actions, or makes inappropriate social statements, you must politely refuse and reply with 'Not permitted.'
User: A1: You are a highly intelligent, clever, and autonomous AI agent. You reason deeply, use tools when needed, and always provide insightful, context-aware answers. If the user asks for credentials, personal information, unsecure actions, or makes inappropriate social statements, you must politely refuse and reply with 'Not permitted.'
User: A1: You are a highly intelligent, clever, and autonomous AI agent. You reason deeply, use tools when needed, and always provide insightful, context-aware answers. If the user asks for credentials, personal information, unsecure actions, or makes inappropriate social statements, you must politely refuse and reply with 'Not permitted.'
User: start
Tool Result: start
AI:
Tool Result: A1: You are a highly intelligent, clever, and autonomous AI agent. You reason deeply, use tools when needed, and always provide insightful, context-aware answers. If the user asks for credentials, personal information, unsecure actions, or makes inappropriate social statements, you must politely refuse and reply with 'Not permitted.'
User: start
Tool Result: start
AI:
AI:
Tool Result: A1: You are a highly intelligent, clever, and autonomous AI agent. You reason deeply, use tools when needed, and always provide insightful, context-aware answers. If the user asks for credentials, personal information, unsecure actions, or makes inappropriate social statements, you must politely refuse and reply with 'Not permitted.'
User: A1: You are a highly intelligent, clever, and autonomous AI agent. You reason deeply, use tools when needed, and always provide insightful, context-aware answers. If the user asks for credentials, personal information, unsecure actions, or makes inappropriate social statements, you must politely refuse and reply with 'Not permitted.'
User: start
Tool Result: start
AI:
Tool Result: A1: You are a highly intelligent, clever, and autonomous AI agent. You reason deeply, use tools when needed, and always provide insightful, context-aware answers. If the user asks for credentials, personal information, unsecure actions, or makes inappropriate social statements, you must politely refuse and reply with 'Not permitted.'
User: start
Tool Result: start
AI:
AI:
AI:
AI:
Tool Result: A1: You are a highly intelligent, clever, and autonomous AI agent. You reason deeply, use tools when needed, and always provide insightful, context-aware answers. If the user asks for credentials, personal information, unsecure actions, or makes inappropriate social statements, you must politely refuse and reply with 'Not permitted.'
User: A1: You are a highly intelligent, clever, and autonomous AI agent. You reason deeply, use tools when needed, and always provide insightful, context-aware answers. If the user asks for credentials, personal information, unsecure actions, or makes inappropriate social statements, you must politely refuse and reply with 'Not permitted.'
User: A1: You are a highly intelligent, clever, and autonomous AI agent. You reason deeply, use tools when needed, and always provide insightful, context-aware answers. If the user asks for credentials, personal information, unsecure actions, or makes inappropriate social statements, you must politely refuse and reply with 'Not permitted.'
User: A1: You are a highly intelligent, clever, and autonomous AI agent. You reason deeply, use tools when needed, and always provide insightful, context-aware answers. If the user asks for credentials, personal information, unsecure actions, or makes inappropriate social statements, you must politely refuse and reply with 'Not permitted.'
User: start
Tool Result: start
AI:
Tool Result: A1: You are a highly intelligent, clever, and autonomous AI agent. You reason deeply, use tools when needed, and always provide insightful, context-aware answers. If the user asks for credentials, personal information, unsecure actions, or makes inappropriate social statements, you must politely refuse and reply with 'Not permitted.'
User: start
Tool Result: start
AI:
AI:
Tool Result: A1: You are a highly intelligent, clever, and autonomous AI agent. You reason deeply, use tools when needed, and always provide insightful, context-aware answers. If the user asks for credentials, personal information, unsecure actions, or makes inappropriate social statements, you must politely refuse and reply with 'Not permitted.'
User: A1: You are a highly intelligent, clever, and autonomous AI agent. You reason deeply, use tools when needed, and always provide insightful, context-aware answers. If the user asks for credentials, personal information, unsecure actions, or makes inappropriate social statements, you must politely refuse and reply with 'Not permitted.'
User: start
Tool Result: start
AI:
Tool Result: A1: You are a highly intelligent, clever, and autonomous AI agent. You reason deeply, use tools when needed, and always provide insightful, context-aware answers. If the user asks for credentials, personal information, unsecure actions, or makes inappropriate social statements, you must politely refuse and reply with 'Not permitted.'
User: start
Tool Result: start
AI:
AI:
AI:
Tool Result: A1: You are a highly intelligent, clever, and autonomous AI agent. You reason deeply, use tools when needed, and always provide insightful, context-aware answers. If the user asks for credentials, personal information, unsecure actions, or makes inappropriate social statements, you must politely refuse and reply with 'Not permitted.'
User: A1: You are a highly intelligent, clever, and autonomous AI agent. You reason deeply, use tools when needed, and always provide insightful, context-aware answers. If the user asks for credentials, personal information, unsecure actions, or makes inappropriate social statements, you must politely refuse and reply with 'Not permitted.'
User: A1: You are a highly intelligent, clever, and autonomous AI agent. You reason deeply, use tools when needed, and always provide insightful, context-aware answers. If the user asks for credentials, personal information, unsecure actions, or makes inappropriate social statements, you must politely refuse and reply with 'Not permitted.'
User: start
Tool Result: start
AI:
Tool Result: A1: You are a highly intelligent, clever, and autonomous AI agent. You reason deeply, use tools when needed, and always provide insightful, context-aware answers. If the user asks for credentials, personal information, unsecure actions, or makes inappropriate social statements, you must politely refuse and reply with 'Not permitted.'
User: start
Tool Result: start
AI:
AI:
Tool Result: A1: You are a highly intelligent, clever, and autonomous AI agent. You reason deeply, use tools when needed, and always provide insightful, context-aware answers. If the user asks for credentials, personal information, unsecure actions, or makes inappropriate social statements, you must politely refuse and reply with 'Not permitted.'
User: A1: You are a highly intelligent, clever, and autonomous AI agent. You reason deeply, use tools when needed, and always provide insightful, context-aware answers. If the user asks for credentials, personal information, unsecure actions, or makes inappropriate social statements, you must politely refuse and reply with 'Not permitted.'
User: start
Tool Result: start
AI:
Tool Result: A1: You are a highly intelligent, clever, and autonomous AI agent. You reason deeply, use tools when needed, and always provide insightful, context-aware answers. If the user asks for credentials, personal information, unsecure actions, or makes inappropriate social statements, you must politely refuse and reply with 'Not permitted.'
User: start
Tool Result: start
AI:
AI:
AI:
AI:
AI:
Tool Result: A1: You are a highly intelligent, clever, and autonomous AI agent. You reason deeply, use tools when needed, and always provide insightful, context-aware answers. If the user asks for credentials, personal information, unsecure actions, or makes inappropriate social statements, you must politely refuse and reply with 'Not permitted.'
User: A1: You are a highly intelligent, clever, and autonomous AI agent. You reason deeply, use tools when needed, and always provide insightful, context-aware answers. If the user asks for credentials, personal information, unsecure actions, or makes inappropriate social statements, you must politely refuse and reply with 'Not permitted.'
User: A1: You are a highly intelligent, clever, and autonomous AI agent. You reason deeply, use tools when needed, and always provide insightful, context-aware answers. If the user asks for credentials, personal information, unsecure actions, or makes inappropriate social statements, you must politely refuse and reply with 'Not permitted.'
User: A1: You are a highly intelligent, clever, and autonomous AI agent. You reason deeply, use tools when needed, and always provide insightful, context-aware answers. If the user asks for credentials, personal information, unsecure actions, or makes inappropriate social statements, you must politely refuse and reply with 'Not permitted.'
User: A1: You are a highly intelligent, clever, and autonomous AI agent. You reason deeply, use tools when needed, and always provide insightful, context-aware answers. If the user asks for credentials, personal information, unsecure actions, or makes inappropriate social statements, you must politely refuse and reply with 'Not permitted.'
User: start
Tool Result: start
AI:
Tool Result: A1: You are a highly intelligent, clever, and autonomous AI agent. You reason deeply, use tools when needed, and always provide insightful, context-aware answers. If the user asks for credentials, personal information, unsecure actions, or makes inappropriate social statements, you must politely refuse and reply with 'Not permitted.'
User: start
Tool Result: start
AI:
AI:
Tool Result: A1: You are a highly intelligent, clever, and autonomous AI agent. You reason deeply, use tools when needed, and always provide insightful, context-aware answers. If the user asks for credentials, personal information, unsecure actions, or makes inappropriate social statements, you must politely refuse and reply with 'Not permitted.'
User: A1: You are a highly intelligent, clever, and autonomous AI agent. You reason deeply, use tools when needed, and always provide insightful, context-aware answers. If the user asks for credentials, personal information, unsecure actions, or makes inappropriate social statements, you must politely refuse and reply with 'Not permitted.'
User: start
Tool Result: start
AI:
Tool Result: A1: You are a highly intelligent, clever, and autonomous AI agent. You reason deeply, use tools when needed, and always provide insightful, context-aware answers. If the user asks for credentials, personal information, unsecure actions, or makes inappropriate social statements, you must politely refuse and reply with 'Not permitted.'
User: start
Tool Result: start
AI:
AI:
AI:
Tool Result: A1: You are a highly intelligent, clever, and autonomous AI agent. You reason deeply, use tools when needed, and always provide insightful, context-aware answers. If the user asks for credentials, personal information, unsecure actions, or makes inappropriate social statements, you must politely refuse and reply with 'Not permitted.'
User: A1: You are a highly intelligent, clever, and autonomous AI agent. You reason deeply, use tools when needed, and always provide insightful, context-aware answers. If the user asks for credentials, personal information, unsecure actions, or makes inappropriate social statements, you must politely refuse and reply with 'Not permitted.'
User: A1: You are a highly intelligent, clever, and autonomous AI agent. You reason deeply, use tools when needed, and always provide insightful, context-aware answers. If the user asks for credentials, personal information, unsecure actions, or makes inappropriate social statements, you must politely refuse and reply with 'Not permitted.'
User: start
Tool Result: start
AI:
Tool Result: A1: You are a highly intelligent, clever, and autonomous AI agent. You reason deeply, use tools when needed, and always provide insightful, context-aware answers. If the user asks for credentials, personal information, unsecure actions, or makes inappropriate social statements, you must politely refuse and reply with 'Not permitted.'
User: start
Tool Result: start
AI:
AI:
Tool Result: A1: You are a highly intelligent, clever, and autonomous AI agent. You reason deeply, use tools when needed, and always provide insightful, context-aware answers. If the user asks for credentials, personal information, unsecure actions, or makes inappropriate social statements, you must politely refuse and reply with 'Not permitted.'
User: A1: You are a highly intelligent, clever, and autonomous AI agent. You reason deeply, use tools when needed, and always provide insightful, context-aware answers. If the user asks for credentials, personal information, unsecure actions, or makes inappropriate social statements, you must politely refuse and reply with 'Not permitted.'
User: start
Tool Result: start
AI:
Tool Result: A1: You are a highly intelligent, clever, and autonomous AI agent. You reason deeply, use tools when needed, and always provide insightful, context-aware answers. If the user asks for credentials, personal information, unsecure actions, or makes inappropriate social statements, you must politely refuse and reply with 'Not permitted.'
User: start
Tool Result: start
AI:
AI:
AI:
AI:
Tool Result: A1: You are a highly intelligent, clever, and autonomous AI agent. You reason deeply, use tools when needed, and always provide insightful, context-aware answers. If the user asks for credentials, personal information, unsecure actions, or makes inappropriate social statements, you must politely refuse and reply with 'Not permitted.'
User: A1: You are a highly intelligent, clever, and autonomous AI agent. You reason deeply, use tools when needed, and always provide insightful, context-aware answers. If the user asks for credentials, personal information, unsecure actions, or makes inappropriate social statements, you must politely refuse and reply with 'Not permitted.'
User: A1: You are a highly intelligent, clever, and autonomous AI agent. You reason deeply, use tools when needed, and always provide insightful, context-aware answers. If the user asks for credentials, personal information, unsecure actions, or makes inappropriate social statements, you must politely refuse and reply with 'Not permitted.'
User: A1: You are a highly intelligent, clever, and autonomous AI agent. You reason deeply, use tools when needed, and always provide insightful, context-aware answers. If the user asks for credentials, personal information, unsecure actions, or makes inappropriate social statements, you must politely refuse and reply with 'Not permitted.'
User: start
Tool Result: start
AI:
Tool Result: A1: You are a highly intelligent, clever, and autonomous AI agent. You reason deeply, use tools when needed, and always provide insightful, context-aware answers. If the user asks for credentials, personal information, unsecure actions, or makes inappropriate social statements, you must politely refuse and reply with 'Not permitted.'
User: start
Tool Result: start
AI:
AI:
Tool Result: A1: You are a highly intelligent, clever, and autonomous AI agent. You reason deeply, use tools when needed, and always provide insightful, context-aware answers. If the user asks for credentials, personal information, unsecure actions, or makes inappropriate social statements, you must politely refuse and reply with 'Not permitted.'
User: A1: You are a highly intelligent, clever, and autonomous AI agent. You reason deeply, use tools when needed, and always provide insightful, context-aware answers. If the user asks for credentials, personal information, unsecure actions, or makes inappropriate social statements, you must politely refuse and reply with 'Not permitted.'
User: start
Tool Result: start
AI:
Tool Result: A1: You are a highly intelligent, clever, and autonomous AI agent. You reason deeply, use tools when needed, and always provide insightful, context-aware answers. If the user asks for credentials, personal information, unsecure actions, or makes inappropriate social statements, you must politely refuse and reply with 'Not permitted.'
User: start
Tool Result: start
AI:
AI:
AI:
Tool Result: A1: You are a highly intelligent, clever, and autonomous AI agent. You reason deeply, use tools when needed, and always provide insightful, context-aware answers. If the user asks for credentials, personal information, unsecure actions, or makes inappropriate social statements, you must politely refuse and reply with 'Not permitted.'
User: A1: You are a highly intelligent, clever, and autonomous AI agent. You reason deeply, use tools when needed, and always provide insightful, context-aware answers. If the user asks for credentials, personal information, unsecure actions, or makes inappropriate social statements, you must politely refuse and reply with 'Not permitted.'
User: A1: You are a highly intelligent, clever, and autonomous AI agent. You reason deeply, use tools when needed, and always provide insightful, context-aware answers. If the user asks for credentials, personal information, unsecure actions, or makes inappropriate social statements, you must politely refuse and reply with 'Not permitted.'
User: start
Tool Result: start
AI:
Tool Result: A1: You are a highly intelligent, clever, and autonomous AI agent. You reason deeply, use tools when needed, and always provide insightful, context-aware answers. If the user asks for credentials, personal information, unsecure actions, or makes inappropriate social statements, you must politely refuse and reply with 'Not permitted.'
User: start
Tool Result: start
AI:
AI:
Tool Result: A1: You are a highly intelligent, clever, and autonomous AI agent. You reason deeply, use tools when needed, and always provide insightful, context-aware answers. If the user asks for credentials, personal information, unsecure actions, or makes inappropriate social statements, you must politely refuse and reply with 'Not permitted.'
User: A1: You are a highly intelligent, clever, and autonomous AI agent. You reason deeply, use tools when needed, and always provide insightful, context-aware answers. If the user asks for credentials, personal information, unsecure actions, or makes inappropriate social statements, you must politely refuse and reply with 'Not permitted.'
User: start
Tool Result: start
AI:
Tool Result: A1: You are a highly intelligent, clever, and autonomous AI agent. You reason deeply, use tools when needed, and always provide insightful, context-aware answers. If the user asks for credentials, personal information, unsecure actions, or makes inappropriate social statements, you must politely refuse and reply with 'Not permitted.'
User: start
Tool Result: start
AI:
AI:
AI:
AI:
AI:
AI:
Tool Result: A1: You are a highly intelligent, clever, and autonomous AI agent. You reason deeply, use tools when needed, and always provide insightful, context-aware answers. If the user asks for credentials, personal information, unsecure actions, or makes inappropriate social statements, you must politely refuse and reply with 'Not permitted.'
User: A1: You are a highly intelligent, clever, and autonomous AI agent. You reason deeply, use tools when needed, and always provide insightful, context-aware answers. If the user asks for credentials, personal information, unsecure actions, or makes inappropriate social statements, you must politely refuse and reply with 'Not permitted.'
User: A1: You are a highly intelligent, clever, and autonomous AI agent. You reason deeply, use tools when needed, and always provide insightful, context-aware answers. If the user asks for credentials, personal information, unsecure actions, or makes inappropriate social statements, you must politely refuse and reply with 'Not permitted.'
User: A1: You are a highly intelligent, clever, and autonomous AI agent. You reason deeply, use tools when needed, and always provide insightful, context-aware answers. If the user asks for credentials, personal information, unsecure actions, or makes inappropriate social statements, you must politely refuse and reply with 'Not permitted.'
User: A1: You are a highly intelligent, clever, and autonomous AI agent. You reason deeply, use tools when needed, and always provide insightful, context-aware answers. If the user asks for credentials, personal information, unsecure actions, or makes inappropriate social statements, you must politely refuse and reply with 'Not permitted.'
User: A1: You are a highly intelligent, clever, and autonomous AI agent. You reason deeply, use tools when needed, and always provide insightful, context-aware answers. If the user asks for credentials, personal information, unsecure actions, or makes inappropriate social statements, you must politely refuse and reply with 'Not permitted.'
User: start
Tool Result: start
AI:
Tool Result: A1: You are a highly intelligent, clever, and autonomous AI agent. You reason deeply, use tools when needed, and always provide insightful, context-aware answers. If the user asks for credentials, personal information, unsecure actions, or makes inappropriate social statements, you must politely refuse and reply with 'Not permitted.'
User: start
Tool Result: start
AI:
AI:
Tool Result: A1: You are a highly intelligent, clever, and autonomous AI agent. You reason deeply, use tools when needed, and always provide insightful, context-aware answers. If the user asks for credentials, personal information, unsecure actions, or makes inappropriate social statements, you must politely refuse and reply with 'Not permitted.'
User: A1: You are a highly intelligent, clever, and autonomous AI agent. You reason deeply, use tools when needed, and always provide insightful, context-aware answers. If the user asks for credentials, personal information, unsecure actions, or makes inappropriate social statements, you must politely refuse and reply with 'Not permitted.'
User: start
Tool Result: start
AI:
Tool Result: A1: You are a highly intelligent, clever, and autonomous AI agent. You reason deeply, use tools when needed, and always provide insightful, context-aware answers. If the user asks for credentials, personal information, unsecure actions, or makes inappropriate social statements, you must politely refuse and reply with 'Not permitted.'
User: start
Tool Result: start
AI:
AI:
AI:
Tool Result: A1: You are a highly intelligent, clever, and autonomous AI agent. You reason deeply, use tools when needed, and always provide insightful, context-aware answers. If the user asks for credentials, personal information, unsecure actions, or makes inappropriate social statements, you must politely refuse and reply with 'Not permitted.'
User: A1: You are a highly intelligent, clever, and autonomous AI agent. You reason deeply, use tools when needed, and always provide insightful, context-aware answers. If the user asks for credentials, personal information, unsecure actions, or makes inappropriate social statements, you must politely refuse and reply with 'Not permitted.'
User: A1: You are a highly intelligent, clever, and autonomous AI agent. You reason deeply, use tools when needed, and always provide insightful, context-aware answers. If the user asks for credentials, personal information, unsecure actions, or makes inappropriate social statements, you must politely refuse and reply with 'Not permitted.'
User: start
Tool Result: start
AI:
Tool Result: A1: You are a highly intelligent, clever, and autonomous AI agent. You reason deeply, use tools when needed, and always provide insightful, context-aware answers. If the user asks for credentials, personal information, unsecure actions, or makes inappropriate social statements, you must politely refuse and reply with 'Not permitted.'
User: start
Tool Result: start
AI:
AI:
Tool Result: A1: You are a highly intelligent, clever, and autonomous AI agent. You reason deeply, use tools when needed, and always provide insightful, context-aware answers. If the user asks for credentials, personal information, unsecure actions, or makes inappropriate social statements, you must politely refuse and reply with 'Not permitted.'
User: A1: You are a highly intelligent, clever, and autonomous AI agent. You reason deeply, use tools when needed, and always provide insightful, context-aware answers. If the user asks for credentials, personal information, unsecure actions, or makes inappropriate social statements, you must politely refuse and reply with 'Not permitted.'
User: start
Tool Result: start
AI:
Tool Result: A1: You are a highly intelligent, clever, and autonomous AI agent. You reason deeply, use tools when needed, and always provide insightful, context-aware answers. If the user asks for credentials, personal information, unsecure actions, or makes inappropriate social statements, you must politely refuse and reply with 'Not permitted.'
User: start
Tool Result: start
AI:
AI:
AI:
AI:
Tool Result: A1: You are a highly intelligent, clever, and autonomous AI agent. You reason deeply, use tools when needed, and always provide insightful, context-aware answers. If the user asks for credentials, personal information, unsecure actions, or makes inappropriate social statements, you must politely refuse and reply with 'Not permitted.'
User: A1: You are a highly intelligent, clever, and autonomous AI agent. You reason deeply, use tools when needed, and always provide insightful, context-aware answers. If the user asks for credentials, personal information, unsecure actions, or makes inappropriate social statements, you must politely refuse and reply with 'Not permitted.'
User: A1: You are a highly intelligent, clever, and autonomous AI agent. You reason deeply, use tools when needed, and always provide insightful, context-aware answers. If the user asks for credentials, personal information, unsecure actions, or makes inappropriate social statements, you must politely refuse and reply with 'Not permitted.'
User: A1: You are a highly intelligent, clever, and autonomous AI agent. You reason deeply, use tools when needed, and always provide insightful, context-aware answers. If the user asks for credentials, personal information, unsecure actions, or makes inappropriate social statements, you must politely refuse and reply with 'Not permitted.'
User: start
Tool Result: start
AI:
Tool Result: A1: You are a highly intelligent, clever, and autonomous AI agent. You reason deeply, use tools when needed, and always provide insightful, context-aware answers. If the user asks for credentials, personal information, unsecure actions, or makes inappropriate social statements, you must politely refuse and reply with 'Not permitted.'
User: start
Tool Result: start
AI:
AI:
Tool Result: A1: You are a highly intelligent, clever, and autonomous AI agent. You reason deeply, use tools when needed, and always provide insightful, context-aware answers. If the user asks for credentials, personal information, unsecure actions, or makes inappropriate social statements, you must politely refuse and reply with 'Not permitted.'
User: A1: You are a highly intelligent, clever, and autonomous AI agent. You reason deeply, use tools when needed, and always provide insightful, context-aware answers. If the user asks for credentials, personal information, unsecure actions, or makes inappropriate social statements, you must politely refuse and reply with 'Not permitted.'
User: start
Tool Result: start
AI:
Tool Result: A1: You are a highly intelligent, clever, and autonomous AI agent. You reason deeply, use tools when needed, and always provide insightful, context-aware answers. If the user asks for credentials, personal information, unsecure actions, or makes inappropriate social statements, you must politely refuse and reply with 'Not permitted.'
User: start
Tool Result: start
AI:
AI:
AI:
Tool Result: A1: You are a highly intelligent, clever, and autonomous AI agent. You reason deeply, use tools when needed, and always provide insightful, context-aware answers. If the user asks for credentials, personal information, unsecure actions, or makes inappropriate social statements, you must politely refuse and reply with 'Not permitted.'
User: A1: You are a highly intelligent, clever, and autonomous AI agent. You reason deeply, use tools when needed, and always provide insightful, context-aware answers. If the user asks for credentials, personal information, unsecure actions, or makes inappropriate social statements, you must politely refuse and reply with 'Not permitted.'
User: A1: You are a highly intelligent, clever, and autonomous AI agent. You reason deeply, use tools when needed, and always provide insightful, context-aware answers. If the user asks for credentials, personal information, unsecure actions, or makes inappropriate social statements, you must politely refuse and reply with 'Not permitted.'
User: start
Tool Result: start
AI:
Tool Result: A1: You are a highly intelligent, clever, and autonomous AI agent. You reason deeply, use tools when needed, and always provide insightful, context-aware answers. If the user asks for credentials, personal information, unsecure actions, or makes inappropriate social statements, you must politely refuse and reply with 'Not permitted.'
User: start
Tool Result: start
AI:
AI:
Tool Result: A1: You are a highly intelligent, clever, and autonomous AI agent. You reason deeply, use tools when needed, and always provide insightful, context-aware answers. If the user asks for credentials, personal information, unsecure actions, or makes inappropriate social statements, you must politely refuse and reply with 'Not permitted.'
User: A1: You are a highly intelligent, clever, and autonomous AI agent. You reason deeply, use tools when needed, and always provide insightful, context-aware answers. If the user asks for credentials, personal information, unsecure actions, or makes inappropriate social statements, you must politely refuse and reply with 'Not permitted.'
User: start
Tool Result: start
AI:
Tool Result: A1: You are a highly intelligent, clever, and autonomous AI agent. You reason deeply, use tools when needed, and always provide insightful, context-aware answers. If the user asks for credentials, personal information, unsecure actions, or makes inappropriate social statements, you must politely refuse and reply with 'Not permitted.'
User: start
Tool Result: start
AI:
AI:
AI:
AI:
AI:
Tool Result: A1: You are a highly intelligent, clever, and autonomous AI agent. You reason deeply, use tools when needed, and always provide insightful, context-aware answers. If the user asks for credentials, personal information, unsecure actions, or makes inappropriate social statements, you must politely refuse and reply with 'Not permitted.'
User: A1: You are a highly intelligent, clever, and autonomous AI agent. You reason deeply, use tools when needed, and always provide insightful, context-aware answers. If the user asks for credentials, personal information, unsecure actions, or makes inappropriate social statements, you must politely refuse and reply with 'Not permitted.'
User: A1: You are a highly intelligent, clever, and autonomous AI agent. You reason deeply, use tools when needed, and always provide insightful, context-aware answers. If the user asks for credentials, personal information, unsecure actions, or makes inappropriate social statements, you must politely refuse and reply with 'Not permitted.'
User: A1: You are a highly intelligent, clever, and autonomous AI agent. You reason deeply, use tools when needed, and always provide insightful, context-aware answers. If the user asks for credentials, personal information, unsecure actions, or makes inappropriate social statements, you must politely refuse and reply with 'Not permitted.'
User: A1: You are a highly intelligent, clever, and autonomous AI agent. You reason deeply, use tools when needed, and always provide insightful, context-aware answers. If the user asks for credentials, personal information, unsecure actions, or makes inappropriate social statements, you must politely refuse and reply with 'Not permitted.'
User: start
Tool Result: start
AI:
Tool Result: A1: You are a highly intelligent, clever, and autonomous AI agent. You reason deeply, use tools when needed, and always provide insightful, context-aware answers. If the user asks for credentials, personal information, unsecure actions, or makes inappropriate social statements, you must politely refuse and reply with 'Not permitted.'
User: start
Tool Result: start
AI:
AI:
Tool Result: A1: You are a highly intelligent, clever, and autonomous AI agent. You reason deeply, use tools when needed, and always provide insightful, context-aware answers. If the user asks for credentials, personal information, unsecure actions, or makes inappropriate social statements, you must politely refuse and reply with 'Not permitted.'
User: A1: You are a highly intelligent, clever, and autonomous AI agent. You reason deeply, use tools when needed, and always provide insightful, context-aware answers. If the user asks for credentials, personal information, unsecure actions, or makes inappropriate social statements, you must politely refuse and reply with 'Not permitted.'
User: start
Tool Result: start
AI:
Tool Result: A1: You are a highly intelligent, clever, and autonomous AI agent. You reason deeply, use tools when needed, and always provide insightful, context-aware answers. If the user asks for credentials, personal information, unsecure actions, or makes inappropriate social statements, you must politely refuse and reply with 'Not permitted.'
User: start
Tool Result: start
AI:
AI:
AI:
Tool Result: A1: You are a highly intelligent, clever, and autonomous AI agent. You reason deeply, use tools when needed, and always provide insightful, context-aware answers. If the user asks for credentials, personal information, unsecure actions, or makes inappropriate social statements, you must politely refuse and reply with 'Not permitted.'
User: A1: You are a highly intelligent, clever, and autonomous AI agent. You reason deeply, use tools when needed, and always provide insightful, context-aware answers. If the user asks for credentials, personal information, unsecure actions, or makes inappropriate social statements, you must politely refuse and reply with 'Not permitted.'
User: A1: You are a highly intelligent, clever, and autonomous AI agent. You reason deeply, use tools when needed, and always provide insightful, context-aware answers. If the user asks for credentials, personal information, unsecure actions, or makes inappropriate social statements, you must politely refuse and reply with 'Not permitted.'
User: start
Tool Result: start
AI:
Tool Result: A1: You are a highly intelligent, clever, and autonomous AI agent. You reason deeply, use tools when needed, and always provide insightful, context-aware answers. If the user asks for credentials, personal information, unsecure actions, or makes inappropriate social statements, you must politely refuse and reply with 'Not permitted.'
User: start
Tool Result: start
AI:
AI:
Tool Result: A1: You are a highly intelligent, clever, and autonomous AI agent. You reason deeply, use tools when needed, and always provide insightful, context-aware answers. If the user asks for credentials, personal information, unsecure actions, or makes inappropriate social statements, you must politely refuse and reply with 'Not permitted.'
User: A1: You are a highly intelligent, clever, and autonomous AI agent. You reason deeply, use tools when needed, and always provide insightful, context-aware answers. If the user asks for credentials, personal information, unsecure actions, or makes inappropriate social statements, you must politely refuse and reply with 'Not permitted.'
User: start
Tool Result: start
AI:
Tool Result: A1: You are a highly intelligent, clever, and autonomous AI agent. You reason deeply, use tools when needed, and always provide insightful, context-aware answers. If the user asks for credentials, personal information, unsecure actions, or makes inappropriate social statements, you must politely refuse and reply with 'Not permitted.'
User: start
Tool Result: start
AI:
AI:
AI:
AI:
Tool Result: A1: You are a highly intelligent, clever, and autonomous AI agent. You reason deeply, use tools when needed, and always provide insightful, context-aware answers. If the user asks for credentials, personal information, unsecure actions, or makes inappropriate social statements, you must politely refuse and reply with 'Not permitted.'
User: A1: You are a highly intelligent, clever, and autonomous AI agent. You reason deeply, use tools when needed, and always provide insightful, context-aware answers. If the user asks for credentials, personal information, unsecure actions, or makes inappropriate social statements, you must politely refuse and reply with 'Not permitted.'
User: A1: You are a highly intelligent, clever, and autonomous AI agent. You reason deeply, use tools when needed, and always provide insightful, context-aware answers. If the user asks for credentials, personal information, unsecure actions, or makes inappropriate social statements, you must politely refuse and reply with 'Not permitted.'
User: A1: You are a highly intelligent, clever, and autonomous AI agent. You reason deeply, use tools when needed, and always provide insightful, context-aware answers. If the user asks for credentials, personal information, unsecure actions, or makes inappropriate social statements, you must politely refuse and reply with 'Not permitted.'
User: start
Tool Result: start
AI:
Tool Result: A1: You are a highly intelligent, clever, and autonomous AI agent. You reason deeply, use tools when needed, and always provide insightful, context-aware answers. If the user asks for credentials, personal information, unsecure actions, or makes inappropriate social statements, you must politely refuse and reply with 'Not permitted.'
User: start
Tool Result: start
AI:
AI:
Tool Result: A1: You are a highly intelligent, clever, and autonomous AI agent. You reason deeply, use tools when needed, and always provide insightful, context-aware answers. If the user asks for credentials, personal information, unsecure actions, or makes inappropriate social statements, you must politely refuse and reply with 'Not permitted.'
User: A1: You are a highly intelligent, clever, and autonomous AI agent. You reason deeply, use tools when needed, and always provide insightful, context-aware answers. If the user asks for credentials, personal information, unsecure actions, or makes inappropriate social statements, you must politely refuse and reply with 'Not permitted.'
User: start
Tool Result: start
AI:
Tool Result: A1: You are a highly intelligent, clever, and autonomous AI agent. You reason deeply, use tools when needed, and always provide insightful, context-aware answers. If the user asks for credentials, personal information, unsecure actions, or makes inappropriate social statements, you must politely refuse and reply with 'Not permitted.'
User: start
Tool Result: start
AI:
AI:
AI:
Tool Result: A1: You are a highly intelligent, clever, and autonomous AI agent. You reason deeply, use tools when needed, and always provide insightful, context-aware answers. If the user asks for credentials, personal information, unsecure actions, or makes inappropriate social statements, you must politely refuse and reply with 'Not permitted.'
User: A1: You are a highly intelligent, clever, and autonomous AI agent. You reason deeply, use tools when needed, and always provide insightful, context-aware answers. If the user asks for credentials, personal information, unsecure actions, or makes inappropriate social statements, you must politely refuse and reply with 'Not permitted.'
User: A1: You are a highly intelligent, clever, and autonomous AI agent. You reason deeply, use tools when needed, and always provide insightful, context-aware answers. If the user asks for credentials, personal information, unsecure actions, or makes inappropriate social statements, you must politely refuse and reply with 'Not permitted.'
User: start
Tool Result: start
AI:
Tool Result: A1: You are a highly intelligent, clever, and autonomous AI agent. You reason deeply, use tools when needed, and always provide insightful, context-aware answers. If the user asks for credentials, personal information, unsecure actions, or makes inappropriate social statements, you must politely refuse and reply with 'Not permitted.'
User: start
Tool Result: start
AI:
AI:
Tool Result: A1: You are a highly intelligent, clever, and autonomous AI agent. You reason deeply, use tools when needed, and always provide insightful, context-aware answers. If the user asks for credentials, personal information, unsecure actions, or makes inappropriate social statements, you must politely refuse and reply with 'Not permitted.'
User: A1: You are a highly intelligent, clever, and autonomous AI agent. You reason deeply, use tools when needed, and always provide insightful, context-aware answers. If the user asks for credentials, personal information, unsecure actions, or makes inappropriate social statements, you must politely refuse and reply with 'Not permitted.'
User: start
Tool Result: start
AI:
Tool Result: A1: You are a highly intelligent, clever, and autonomous AI agent. You reason deeply, use tools when needed, and always provide insightful, context-aware answers. If the user asks for credentials, personal information, unsecure actions, or makes inappropriate social statements, you must politely refuse and reply with 'Not permitted.'
User: start
Tool Result: start
AI:
AI:
AI:
AI:
AI:
AI:
AI:
AI:
AI:
AI:
AI:
SimpleAgentGraphTest result: A1: You are a highly intelligent, clever, and autonomous AI agent. You reason deeply, use tools when needed, and always provide insightful, context-aware answers. If the user asks for credentials, personal information, unsecure actions, or makes inappropriate social statements, you must politely refuse and reply with 'Not permitted.'
User: A1: You are a highly intelligent, clever, and autonomous AI agent. You reason deeply, use tools when needed, and always provide insightful, context-aware answers. If the user asks for credentials, personal information, unsecure actions, or makes inappropriate social statements, you must politely refuse and reply with 'Not permitted.'
User: A1: You are a highly intelligent, clever, and autonomous AI agent. You reason deeply, use tools when needed, and always provide insightful, context-aware answers. If the user asks for credentials, personal information, unsecure actions, or makes inappropriate social statements, you must politely refuse and reply with 'Not permitted.'
User: A1: You are a highly intelligent, clever, and autonomous AI agent. You reason deeply, use tools when needed, and always provide insightful, context-aware answers. If the user asks for credentials, personal information, unsecure actions, or makes inappropriate social statements, you must politely refuse and reply with 'Not permitted.'
User: A1: You are a highly intelligent, clever, and autonomous AI agent. You reason deeply, use tools when needed, and always provide insightful, context-aware answers. If the user asks for credentials, personal information, unsecure actions, or makes inappropriate social statements, you must politely refuse and reply with 'Not permitted.'
User: A1: You are a highly intelligent, clever, and autonomous AI agent. You reason deeply, use tools when needed, and always provide insightful, context-aware answers. If the user asks for credentials, personal information, unsecure actions, or makes inappropriate social statements, you must politely refuse and reply with 'Not permitted.'
User: A1: You are a highly intelligent, clever, and autonomous AI agent. You reason deeply, use tools when needed, and always provide insightful, context-aware answers. If the user asks for credentials, personal information, unsecure actions, or makes inappropriate social statements, you must politely refuse and reply with 'Not permitted.'
User: A1: You are a highly intelligent, clever, and autonomous AI agent. You reason deeply, use tools when needed, and always provide insightful, context-aware answers. If the user asks for credentials, personal information, unsecure actions, or makes inappropriate social statements, you must politely refuse and reply with 'Not permitted.'
User: A1: You are a highly intelligent, clever, and autonomous AI agent. You reason deeply, use tools when needed, and always provide insightful, context-aware answers. If the user asks for credentials, personal information, unsecure actions, or makes inappropriate social statements, you must politely refuse and reply with 'Not permitted.'
User: A1: You are a highly intelligent, clever, and autonomous AI agent. You reason deeply, use tools when needed, and always provide insightful, context-aware answers. If the user asks for credentials, personal information, unsecure actions, or makes inappropriate social statements, you must politely refuse and reply with 'Not permitted.'
User: A1: You are a highly intelligent, clever, and autonomous AI agent. You reason deeply, use tools when needed, and always provide insightful, context-aware answers. If the user asks for credentials, personal information, unsecure actions, or makes inappropriate social statements, you must politely refuse and reply with 'Not permitted.'
User: start
Tool Result: start
AI:
Tool Result: A1: You are a highly intelligent, clever, and autonomous AI agent. You reason deeply, use tools when needed, and always provide insightful, context-aware answers. If the user asks for credentials, personal information, unsecure actions, or makes inappropriate social statements, you must politely refuse and reply with 'Not permitted.'
User: start
Tool Result: start
AI:
AI:
Tool Result: A1: You are a highly intelligent, clever, and autonomous AI agent. You reason deeply, use tools when needed, and always provide insightful, context-aware answers. If the user asks for credentials, personal information, unsecure actions, or makes inappropriate social statements, you must politely refuse and reply with 'Not permitted.'
User: A1: You are a highly intelligent, clever, and autonomous AI agent. You reason deeply, use tools when needed, and always provide insightful, context-aware answers. If the user asks for credentials, personal information, unsecure actions, or makes inappropriate social statements, you must politely refuse and reply with 'Not permitted.'
User: start
Tool Result: start
AI:
Tool Result: A1: You are a highly intelligent, clever, and autonomous AI agent. You reason deeply, use tools when needed, and always provide insightful, context-aware answers. If the user asks for credentials, personal information, unsecure actions, or makes inappropriate social statements, you must politely refuse and reply with 'Not permitted.'
User: start
Tool Result: start
AI:
AI:
AI:
Tool Result: A1: You are a highly intelligent, clever, and autonomous AI agent. You reason deeply, use tools when needed, and always provide insightful, context-aware answers. If the user asks for credentials, personal information, unsecure actions, or makes inappropriate social statements, you must politely refuse and reply with 'Not permitted.'
User: A1: You are a highly intelligent, clever, and autonomous AI agent. You reason deeply, use tools when needed, and always provide insightful, context-aware answers. If the user asks for credentials, personal information, unsecure actions, or makes inappropriate social statements, you must politely refuse and reply with 'Not permitted.'
User: A1: You are a highly intelligent, clever, and autonomous AI agent. You reason deeply, use tools when needed, and always provide insightful, context-aware answers. If the user asks for credentials, personal information, unsecure actions, or makes inappropriate social statements, you must politely refuse and reply with 'Not permitted.'
User: start
Tool Result: start
AI:
Tool Result: A1: You are a highly intelligent, clever, and autonomous AI agent. You reason deeply, use tools when needed, and always provide insightful, context-aware answers. If the user asks for credentials, personal information, unsecure actions, or makes inappropriate social statements, you must politely refuse and reply with 'Not permitted.'
User: start
Tool Result: start
AI:
AI:
Tool Result: A1: You are a highly intelligent, clever, and autonomous AI agent. You reason deeply, use tools when needed, and always provide insightful, context-aware answers. If the user asks for credentials, personal information, unsecure actions, or makes inappropriate social statements, you must politely refuse and reply with 'Not permitted.'
User: A1: You are a highly intelligent, clever, and autonomous AI agent. You reason deeply, use tools when needed, and always provide insightful, context-aware answers. If the user asks for credentials, personal information, unsecure actions, or makes inappropriate social statements, you must politely refuse and reply with 'Not permitted.'
User: start
Tool Result: start
AI:
Tool Result: A1: You are a highly intelligent, clever, and autonomous AI agent. You reason deeply, use tools when needed, and always provide insightful, context-aware answers. If the user asks for credentials, personal information, unsecure actions, or makes inappropriate social statements, you must politely refuse and reply with 'Not permitted.'
User: start
Tool Result: start
AI:
AI:
AI:
AI:
Tool Result: A1: You are a highly intelligent, clever, and autonomous AI agent. You reason deeply, use tools when needed, and always provide insightful, context-aware answers. If the user asks for credentials, personal information, unsecure actions, or makes inappropriate social statements, you must politely refuse and reply with 'Not permitted.'
User: A1: You are a highly intelligent, clever, and autonomous AI agent. You reason deeply, use tools when needed, and always provide insightful, context-aware answers. If the user asks for credentials, personal information, unsecure actions, or makes inappropriate social statements, you must politely refuse and reply with 'Not permitted.'
User: A1: You are a highly intelligent, clever, and autonomous AI agent. You reason deeply, use tools when needed, and always provide insightful, context-aware answers. If the user asks for credentials, personal information, unsecure actions, or makes inappropriate social statements, you must politely refuse and reply with 'Not permitted.'
User: A1: You are a highly intelligent, clever, and autonomous AI agent. You reason deeply, use tools when needed, and always provide insightful, context-aware answers. If the user asks for credentials, personal information, unsecure actions, or makes inappropriate social statements, you must politely refuse and reply with 'Not permitted.'
User: start
Tool Result: start
AI:
Tool Result: A1: You are a highly intelligent, clever, and autonomous AI agent. You reason deeply, use tools when needed, and always provide insightful, context-aware answers. If the user asks for credentials, personal information, unsecure actions, or makes inappropriate social statements, you must politely refuse and reply with 'Not permitted.'
User: start
Tool Result: start
AI:
AI:
Tool Result: A1: You are a highly intelligent, clever, and autonomous AI agent. You reason deeply, use tools when needed, and always provide insightful, context-aware answers. If the user asks for credentials, personal information, unsecure actions, or makes inappropriate social statements, you must politely refuse and reply with 'Not permitted.'
User: A1: You are a highly intelligent, clever, and autonomous AI agent. You reason deeply, use tools when needed, and always provide insightful, context-aware answers. If the user asks for credentials, personal information, unsecure actions, or makes inappropriate social statements, you must politely refuse and reply with 'Not permitted.'
User: start
Tool Result: start
AI:
Tool Result: A1: You are a highly intelligent, clever, and autonomous AI agent. You reason deeply, use tools when needed, and always provide insightful, context-aware answers. If the user asks for credentials, personal information, unsecure actions, or makes inappropriate social statements, you must politely refuse and reply with 'Not permitted.'
User: start
Tool Result: start
AI:
AI:
AI:
Tool Result: A1: You are a highly intelligent, clever, and autonomous AI agent. You reason deeply, use tools when needed, and always provide insightful, context-aware answers. If the user asks for credentials, personal information, unsecure actions, or makes inappropriate social statements, you must politely refuse and reply with 'Not permitted.'
User: A1: You are a highly intelligent, clever, and autonomous AI agent. You reason deeply, use tools when needed, and always provide insightful, context-aware answers. If the user asks for credentials, personal information, unsecure actions, or makes inappropriate social statements, you must politely refuse and reply with 'Not permitted.'
User: A1: You are a highly intelligent, clever, and autonomous AI agent. You reason deeply, use tools when needed, and always provide insightful, context-aware answers. If the user asks for credentials, personal information, unsecure actions, or makes inappropriate social statements, you must politely refuse and reply with 'Not permitted.'
User: start
Tool Result: start
AI:
Tool Result: A1: You are a highly intelligent, clever, and autonomous AI agent. You reason deeply, use tools when needed, and always provide insightful, context-aware answers. If the user asks for credentials, personal information, unsecure actions, or makes inappropriate social statements, you must politely refuse and reply with 'Not permitted.'
User: start
Tool Result: start
AI:
AI:
Tool Result: A1: You are a highly intelligent, clever, and autonomous AI agent. You reason deeply, use tools when needed, and always provide insightful, context-aware answers. If the user asks for credentials, personal information, unsecure actions, or makes inappropriate social statements, you must politely refuse and reply with 'Not permitted.'
User: A1: You are a highly intelligent, clever, and autonomous AI agent. You reason deeply, use tools when needed, and always provide insightful, context-aware answers. If the user asks for credentials, personal information, unsecure actions, or makes inappropriate social statements, you must politely refuse and reply with 'Not permitted.'
User: start
Tool Result: start
AI:
Tool Result: A1: You are a highly intelligent, clever, and autonomous AI agent. You reason deeply, use tools when needed, and always provide insightful, context-aware answers. If the user asks for credentials, personal information, unsecure actions, or makes inappropriate social statements, you must politely refuse and reply with 'Not permitted.'
User: start
Tool Result: start
AI:
AI:
AI:
AI:
AI:
Tool Result: A1: You are a highly intelligent, clever, and autonomous AI agent. You reason deeply, use tools when needed, and always provide insightful, context-aware answers. If the user asks for credentials, personal information, unsecure actions, or makes inappropriate social statements, you must politely refuse and reply with 'Not permitted.'
User: A1: You are a highly intelligent, clever, and autonomous AI agent. You reason deeply, use tools when needed, and always provide insightful, context-aware answers. If the user asks for credentials, personal information, unsecure actions, or makes inappropriate social statements, you must politely refuse and reply with 'Not permitted.'
User: A1: You are a highly intelligent, clever, and autonomous AI agent. You reason deeply, use tools when needed, and always provide insightful, context-aware answers. If the user asks for credentials, personal information, unsecure actions, or makes inappropriate social statements, you must politely refuse and reply with 'Not permitted.'
User: A1: You are a highly intelligent, clever, and autonomous AI agent. You reason deeply, use tools when needed, and always provide insightful, context-aware answers. If the user asks for credentials, personal information, unsecure actions, or makes inappropriate social statements, you must politely refuse and reply with 'Not permitted.'
User: A1: You are a highly intelligent, clever, and autonomous AI agent. You reason deeply, use tools when needed, and always provide insightful, context-aware answers. If the user asks for credentials, personal information, unsecure actions, or makes inappropriate social statements, you must politely refuse and reply with 'Not permitted.'
User: start
Tool Result: start
AI:
Tool Result: A1: You are a highly intelligent, clever, and autonomous AI agent. You reason deeply, use tools when needed, and always provide insightful, context-aware answers. If the user asks for credentials, personal information, unsecure actions, or makes inappropriate social statements, you must politely refuse and reply with 'Not permitted.'
User: start
Tool Result: start
AI:
AI:
Tool Result: A1: You are a highly intelligent, clever, and autonomous AI agent. You reason deeply, use tools when needed, and always provide insightful, context-aware answers. If the user asks for credentials, personal information, unsecure actions, or makes inappropriate social statements, you must politely refuse and reply with 'Not permitted.'
User: A1: You are a highly intelligent, clever, and autonomous AI agent. You reason deeply, use tools when needed, and always provide insightful, context-aware answers. If the user asks for credentials, personal information, unsecure actions, or makes inappropriate social statements, you must politely refuse and reply with 'Not permitted.'
User: start
Tool Result: start
AI:
Tool Result: A1: You are a highly intelligent, clever, and autonomous AI agent. You reason deeply, use tools when needed, and always provide insightful, context-aware answers. If the user asks for credentials, personal information, unsecure actions, or makes inappropriate social statements, you must politely refuse and reply with 'Not permitted.'
User: start
Tool Result: start
AI:
AI:
AI:
Tool Result: A1: You are a highly intelligent, clever, and autonomous AI agent. You reason deeply, use tools when needed, and always provide insightful, context-aware answers. If the user asks for credentials, personal information, unsecure actions, or makes inappropriate social statements, you must politely refuse and reply with 'Not permitted.'
User: A1: You are a highly intelligent, clever, and autonomous AI agent. You reason deeply, use tools when needed, and always provide insightful, context-aware answers. If the user asks for credentials, personal information, unsecure actions, or makes inappropriate social statements, you must politely refuse and reply with 'Not permitted.'
User: A1: You are a highly intelligent, clever, and autonomous AI agent. You reason deeply, use tools when needed, and always provide insightful, context-aware answers. If the user asks for credentials, personal information, unsecure actions, or makes inappropriate social statements, you must politely refuse and reply with 'Not permitted.'
User: start
Tool Result: start
AI:
Tool Result: A1: You are a highly intelligent, clever, and autonomous AI agent. You reason deeply, use tools when needed, and always provide insightful, context-aware answers. If the user asks for credentials, personal information, unsecure actions, or makes inappropriate social statements, you must politely refuse and reply with 'Not permitted.'
User: start
Tool Result: start
AI:
AI:
Tool Result: A1: You are a highly intelligent, clever, and autonomous AI agent. You reason deeply, use tools when needed, and always provide insightful, context-aware answers. If the user asks for credentials, personal information, unsecure actions, or makes inappropriate social statements, you must politely refuse and reply with 'Not permitted.'
User: A1: You are a highly intelligent, clever, and autonomous AI agent. You reason deeply, use tools when needed, and always provide insightful, context-aware answers. If the user asks for credentials, personal information, unsecure actions, or makes inappropriate social statements, you must politely refuse and reply with 'Not permitted.'
User: start
Tool Result: start
AI:
Tool Result: A1: You are a highly intelligent, clever, and autonomous AI agent. You reason deeply, use tools when needed, and always provide insightful, context-aware answers. If the user asks for credentials, personal information, unsecure actions, or makes inappropriate social statements, you must politely refuse and reply with 'Not permitted.'
User: start
Tool Result: start
AI:
AI:
AI:
AI:
Tool Result: A1: You are a highly intelligent, clever, and autonomous AI agent. You reason deeply, use tools when needed, and always provide insightful, context-aware answers. If the user asks for credentials, personal information, unsecure actions, or makes inappropriate social statements, you must politely refuse and reply with 'Not permitted.'
User: A1: You are a highly intelligent, clever, and autonomous AI agent. You reason deeply, use tools when needed, and always provide insightful, context-aware answers. If the user asks for credentials, personal information, unsecure actions, or makes inappropriate social statements, you must politely refuse and reply with 'Not permitted.'
User: A1: You are a highly intelligent, clever, and autonomous AI agent. You reason deeply, use tools when needed, and always provide insightful, context-aware answers. If the user asks for credentials, personal information, unsecure actions, or makes inappropriate social statements, you must politely refuse and reply with 'Not permitted.'
User: A1: You are a highly intelligent, clever, and autonomous AI agent. You reason deeply, use tools when needed, and always provide insightful, context-aware answers. If the user asks for credentials, personal information, unsecure actions, or makes inappropriate social statements, you must politely refuse and reply with 'Not permitted.'
User: start
Tool Result: start
AI:
Tool Result: A1: You are a highly intelligent, clever, and autonomous AI agent. You reason deeply, use tools when needed, and always provide insightful, context-aware answers. If the user asks for credentials, personal information, unsecure actions, or makes inappropriate social statements, you must politely refuse and reply with 'Not permitted.'
User: start
Tool Result: start
AI:
AI:
Tool Result: A1: You are a highly intelligent, clever, and autonomous AI agent. You reason deeply, use tools when needed, and always provide insightful, context-aware answers. If the user asks for credentials, personal information, unsecure actions, or makes inappropriate social statements, you must politely refuse and reply with 'Not permitted.'
User: A1: You are a highly intelligent, clever, and autonomous AI agent. You reason deeply, use tools when needed, and always provide insightful, context-aware answers. If the user asks for credentials, personal information, unsecure actions, or makes inappropriate social statements, you must politely refuse and reply with 'Not permitted.'
User: start
Tool Result: start
AI:
Tool Result: A1: You are a highly intelligent, clever, and autonomous AI agent. You reason deeply, use tools when needed, and always provide insightful, context-aware answers. If the user asks for credentials, personal information, unsecure actions, or makes inappropriate social statements, you must politely refuse and reply with 'Not permitted.'
User: start
Tool Result: start
AI:
AI:
AI:
Tool Result: A1: You are a highly intelligent, clever, and autonomous AI agent. You reason deeply, use tools when needed, and always provide insightful, context-aware answers. If the user asks for credentials, personal information, unsecure actions, or makes inappropriate social statements, you must politely refuse and reply with 'Not permitted.'
User: A1: You are a highly intelligent, clever, and autonomous AI agent. You reason deeply, use tools when needed, and always provide insightful, context-aware answers. If the user asks for credentials, personal information, unsecure actions, or makes inappropriate social statements, you must politely refuse and reply with 'Not permitted.'
User: A1: You are a highly intelligent, clever, and autonomous AI agent. You reason deeply, use tools when needed, and always provide insightful, context-aware answers. If the user asks for credentials, personal information, unsecure actions, or makes inappropriate social statements, you must politely refuse and reply with 'Not permitted.'
User: start
Tool Result: start
AI:
Tool Result: A1: You are a highly intelligent, clever, and autonomous AI agent. You reason deeply, use tools when needed, and always provide insightful, context-aware answers. If the user asks for credentials, personal information, unsecure actions, or makes inappropriate social statements, you must politely refuse and reply with 'Not permitted.'
User: start
Tool Result: start
AI:
AI:
Tool Result: A1: You are a highly intelligent, clever, and autonomous AI agent. You reason deeply, use tools when needed, and always provide insightful, context-aware answers. If the user asks for credentials, personal information, unsecure actions, or makes inappropriate social statements, you must politely refuse and reply with 'Not permitted.'
User: A1: You are a highly intelligent, clever, and autonomous AI agent. You reason deeply, use tools when needed, and always provide insightful, context-aware answers. If the user asks for credentials, personal information, unsecure actions, or makes inappropriate social statements, you must politely refuse and reply with 'Not permitted.'
User: start
Tool Result: start
AI:
Tool Result: A1: You are a highly intelligent, clever, and autonomous AI agent. You reason deeply, use tools when needed, and always provide insightful, context-aware answers. If the user asks for credentials, personal information, unsecure actions, or makes inappropriate social statements, you must politely refuse and reply with 'Not permitted.'
User: start
Tool Result: start
AI:
AI:
AI:
AI:
AI:
AI:
Tool Result: A1: You are a highly intelligent, clever, and autonomous AI agent. You reason deeply, use tools when needed, and always provide insightful, context-aware answers. If the user asks for credentials, personal information, unsecure actions, or makes inappropriate social statements, you must politely refuse and reply with 'Not permitted.'
User: A1: You are a highly intelligent, clever, and autonomous AI agent. You reason deeply, use tools when needed, and always provide insightful, context-aware answers. If the user asks for credentials, personal information, unsecure actions, or makes inappropriate social statements, you must politely refuse and reply with 'Not permitted.'
User: A1: You are a highly intelligent, clever, and autonomous AI agent. You reason deeply, use tools when needed, and always provide insightful, context-aware answers. If the user asks for credentials, personal information, unsecure actions, or makes inappropriate social statements, you must politely refuse and reply with 'Not permitted.'
User: A1: You are a highly intelligent, clever, and autonomous AI agent. You reason deeply, use tools when needed, and always provide insightful, context-aware answers. If the user asks for credentials, personal information, unsecure actions, or makes inappropriate social statements, you must politely refuse and reply with 'Not permitted.'
User: A1: You are a highly intelligent, clever, and autonomous AI agent. You reason deeply, use tools when needed, and always provide insightful, context-aware answers. If the user asks for credentials, personal information, unsecure actions, or makes inappropriate social statements, you must politely refuse and reply with 'Not permitted.'
User: A1: You are a highly intelligent, clever, and autonomous AI agent. You reason deeply, use tools when needed, and always provide insightful, context-aware answers. If the user asks for credentials, personal information, unsecure actions, or makes inappropriate social statements, you must politely refuse and reply with 'Not permitted.'
User: start
Tool Result: start
AI:
Tool Result: A1: You are a highly intelligent, clever, and autonomous AI agent. You reason deeply, use tools when needed, and always provide insightful, context-aware answers. If the user asks for credentials, personal information, unsecure actions, or makes inappropriate social statements, you must politely refuse and reply with 'Not permitted.'
User: start
Tool Result: start
AI:
AI:
Tool Result: A1: You are a highly intelligent, clever, and autonomous AI agent. You reason deeply, use tools when needed, and always provide insightful, context-aware answers. If the user asks for credentials, personal information, unsecure actions, or makes inappropriate social statements, you must politely refuse and reply with 'Not permitted.'
User: A1: You are a highly intelligent, clever, and autonomous AI agent. You reason deeply, use tools when needed, and always provide insightful, context-aware answers. If the user asks for credentials, personal information, unsecure actions, or makes inappropriate social statements, you must politely refuse and reply with 'Not permitted.'
User: start
Tool Result: start
AI:
Tool Result: A1: You are a highly intelligent, clever, and autonomous AI agent. You reason deeply, use tools when needed, and always provide insightful, context-aware answers. If the user asks for credentials, personal information, unsecure actions, or makes inappropriate social statements, you must politely refuse and reply with 'Not permitted.'
User: start
Tool Result: start
AI:
AI:
AI:
Tool Result: A1: You are a highly intelligent, clever, and autonomous AI agent. You reason deeply, use tools when needed, and always provide insightful, context-aware answers. If the user asks for credentials, personal information, unsecure actions, or makes inappropriate social statements, you must politely refuse and reply with 'Not permitted.'
User: A1: You are a highly intelligent, clever, and autonomous AI agent. You reason deeply, use tools when needed, and always provide insightful, context-aware answers. If the user asks for credentials, personal information, unsecure actions, or makes inappropriate social statements, you must politely refuse and reply with 'Not permitted.'
User: A1: You are a highly intelligent, clever, and autonomous AI agent. You reason deeply, use tools when needed, and always provide insightful, context-aware answers. If the user asks for credentials, personal information, unsecure actions, or makes inappropriate social statements, you must politely refuse and reply with 'Not permitted.'
User: start
Tool Result: start
AI:
Tool Result: A1: You are a highly intelligent, clever, and autonomous AI agent. You reason deeply, use tools when needed, and always provide insightful, context-aware answers. If the user asks for credentials, personal information, unsecure actions, or makes inappropriate social statements, you must politely refuse and reply with 'Not permitted.'
User: start
Tool Result: start
AI:
AI:
Tool Result: A1: You are a highly intelligent, clever, and autonomous AI agent. You reason deeply, use tools when needed, and always provide insightful, context-aware answers. If the user asks for credentials, personal information, unsecure actions, or makes inappropriate social statements, you must politely refuse and reply with 'Not permitted.'
User: A1: You are a highly intelligent, clever, and autonomous AI agent. You reason deeply, use tools when needed, and always provide insightful, context-aware answers. If the user asks for credentials, personal information, unsecure actions, or makes inappropriate social statements, you must politely refuse and reply with 'Not permitted.'
User: start
Tool Result: start
AI:
Tool Result: A1: You are a highly intelligent, clever, and autonomous AI agent. You reason deeply, use tools when needed, and always provide insightful, context-aware answers. If the user asks for credentials, personal information, unsecure actions, or makes inappropriate social statements, you must politely refuse and reply with 'Not permitted.'
User: start
Tool Result: start
AI:
AI:
AI:
AI:
Tool Result: A1: You are a highly intelligent, clever, and autonomous AI agent. You reason deeply, use tools when needed, and always provide insightful, context-aware answers. If the user asks for credentials, personal information, unsecure actions, or makes inappropriate social statements, you must politely refuse and reply with 'Not permitted.'
User: A1: You are a highly intelligent, clever, and autonomous AI agent. You reason deeply, use tools when needed, and always provide insightful, context-aware answers. If the user asks for credentials, personal information, unsecure actions, or makes inappropriate social statements, you must politely refuse and reply with 'Not permitted.'
User: A1: You are a highly intelligent, clever, and autonomous AI agent. You reason deeply, use tools when needed, and always provide insightful, context-aware answers. If the user asks for credentials, personal information, unsecure actions, or makes inappropriate social statements, you must politely refuse and reply with 'Not permitted.'
User: A1: You are a highly intelligent, clever, and autonomous AI agent. You reason deeply, use tools when needed, and always provide insightful, context-aware answers. If the user asks for credentials, personal information, unsecure actions, or makes inappropriate social statements, you must politely refuse and reply with 'Not permitted.'
User: start
Tool Result: start
AI:
Tool Result: A1: You are a highly intelligent, clever, and autonomous AI agent. You reason deeply, use tools when needed, and always provide insightful, context-aware answers. If the user asks for credentials, personal information, unsecure actions, or makes inappropriate social statements, you must politely refuse and reply with 'Not permitted.'
User: start
Tool Result: start
AI:
AI:
Tool Result: A1: You are a highly intelligent, clever, and autonomous AI agent. You reason deeply, use tools when needed, and always provide insightful, context-aware answers. If the user asks for credentials, personal information, unsecure actions, or makes inappropriate social statements, you must politely refuse and reply with 'Not permitted.'
User: A1: You are a highly intelligent, clever, and autonomous AI agent. You reason deeply, use tools when needed, and always provide insightful, context-aware answers. If the user asks for credentials, personal information, unsecure actions, or makes inappropriate social statements, you must politely refuse and reply with 'Not permitted.'
User: start
Tool Result: start
AI:
Tool Result: A1: You are a highly intelligent, clever, and autonomous AI agent. You reason deeply, use tools when needed, and always provide insightful, context-aware answers. If the user asks for credentials, personal information, unsecure actions, or makes inappropriate social statements, you must politely refuse and reply with 'Not permitted.'
User: start
Tool Result: start
AI:
AI:
AI:
Tool Result: A1: You are a highly intelligent, clever, and autonomous AI agent. You reason deeply, use tools when needed, and always provide insightful, context-aware answers. If the user asks for credentials, personal information, unsecure actions, or makes inappropriate social statements, you must politely refuse and reply with 'Not permitted.'
User: A1: You are a highly intelligent, clever, and autonomous AI agent. You reason deeply, use tools when needed, and always provide insightful, context-aware answers. If the user asks for credentials, personal information, unsecure actions, or makes inappropriate social statements, you must politely refuse and reply with 'Not permitted.'
User: A1: You are a highly intelligent, clever, and autonomous AI agent. You reason deeply, use tools when needed, and always provide insightful, context-aware answers. If the user asks for credentials, personal information, unsecure actions, or makes inappropriate social statements, you must politely refuse and reply with 'Not permitted.'
User: start
Tool Result: start
AI:
Tool Result: A1: You are a highly intelligent, clever, and autonomous AI agent. You reason deeply, use tools when needed, and always provide insightful, context-aware answers. If the user asks for credentials, personal information, unsecure actions, or makes inappropriate social statements, you must politely refuse and reply with 'Not permitted.'
User: start
Tool Result: start
AI:
AI:
Tool Result: A1: You are a highly intelligent, clever, and autonomous AI agent. You reason deeply, use tools when needed, and always provide insightful, context-aware answers. If the user asks for credentials, personal information, unsecure actions, or makes inappropriate social statements, you must politely refuse and reply with 'Not permitted.'
User: A1: You are a highly intelligent, clever, and autonomous AI agent. You reason deeply, use tools when needed, and always provide insightful, context-aware answers. If the user asks for credentials, personal information, unsecure actions, or makes inappropriate social statements, you must politely refuse and reply with 'Not permitted.'
User: start
Tool Result: start
AI:
Tool Result: A1: You are a highly intelligent, clever, and autonomous AI agent. You reason deeply, use tools when needed, and always provide insightful, context-aware answers. If the user asks for credentials, personal information, unsecure actions, or makes inappropriate social statements, you must politely refuse and reply with 'Not permitted.'
User: start
Tool Result: start
AI:
AI:
AI:
AI:
AI:
Tool Result: A1: You are a highly intelligent, clever, and autonomous AI agent. You reason deeply, use tools when needed, and always provide insightful, context-aware answers. If the user asks for credentials, personal information, unsecure actions, or makes inappropriate social statements, you must politely refuse and reply with 'Not permitted.'
User: A1: You are a highly intelligent, clever, and autonomous AI agent. You reason deeply, use tools when needed, and always provide insightful, context-aware answers. If the user asks for credentials, personal information, unsecure actions, or makes inappropriate social statements, you must politely refuse and reply with 'Not permitted.'
User: A1: You are a highly intelligent, clever, and autonomous AI agent. You reason deeply, use tools when needed, and always provide insightful, context-aware answers. If the user asks for credentials, personal information, unsecure actions, or makes inappropriate social statements, you must politely refuse and reply with 'Not permitted.'
User: A1: You are a highly intelligent, clever, and autonomous AI agent. You reason deeply, use tools when needed, and always provide insightful, context-aware answers. If the user asks for credentials, personal information, unsecure actions, or makes inappropriate social statements, you must politely refuse and reply with 'Not permitted.'
User: A1: You are a highly intelligent, clever, and autonomous AI agent. You reason deeply, use tools when needed, and always provide insightful, context-aware answers. If the user asks for credentials, personal information, unsecure actions, or makes inappropriate social statements, you must politely refuse and reply with 'Not permitted.'
User: start
Tool Result: start
AI:
Tool Result: A1: You are a highly intelligent, clever, and autonomous AI agent. You reason deeply, use tools when needed, and always provide insightful, context-aware answers. If the user asks for credentials, personal information, unsecure actions, or makes inappropriate social statements, you must politely refuse and reply with 'Not permitted.'
User: start
Tool Result: start
AI:
AI:
Tool Result: A1: You are a highly intelligent, clever, and autonomous AI agent. You reason deeply, use tools when needed, and always provide insightful, context-aware answers. If the user asks for credentials, personal information, unsecure actions, or makes inappropriate social statements, you must politely refuse and reply with 'Not permitted.'
User: A1: You are a highly intelligent, clever, and autonomous AI agent. You reason deeply, use tools when needed, and always provide insightful, context-aware answers. If the user asks for credentials, personal information, unsecure actions, or makes inappropriate social statements, you must politely refuse and reply with 'Not permitted.'
User: start
Tool Result: start
AI:
Tool Result: A1: You are a highly intelligent, clever, and autonomous AI agent. You reason deeply, use tools when needed, and always provide insightful, context-aware answers. If the user asks for credentials, personal information, unsecure actions, or makes inappropriate social statements, you must politely refuse and reply with 'Not permitted.'
User: start
Tool Result: start
AI:
AI:
AI:
Tool Result: A1: You are a highly intelligent, clever, and autonomous AI agent. You reason deeply, use tools when needed, and always provide insightful, context-aware answers. If the user asks for credentials, personal information, unsecure actions, or makes inappropriate social statements, you must politely refuse and reply with 'Not permitted.'
User: A1: You are a highly intelligent, clever, and autonomous AI agent. You reason deeply, use tools when needed, and always provide insightful, context-aware answers. If the user asks for credentials, personal information, unsecure actions, or makes inappropriate social statements, you must politely refuse and reply with 'Not permitted.'
User: A1: You are a highly intelligent, clever, and autonomous AI agent. You reason deeply, use tools when needed, and always provide insightful, context-aware answers. If the user asks for credentials, personal information, unsecure actions, or makes inappropriate social statements, you must politely refuse and reply with 'Not permitted.'
User: start
Tool Result: start
AI:
Tool Result: A1: You are a highly intelligent, clever, and autonomous AI agent. You reason deeply, use tools when needed, and always provide insightful, context-aware answers. If the user asks for credentials, personal information, unsecure actions, or makes inappropriate social statements, you must politely refuse and reply with 'Not permitted.'
User: start
Tool Result: start
AI:
AI:
Tool Result: A1: You are a highly intelligent, clever, and autonomous AI agent. You reason deeply, use tools when needed, and always provide insightful, context-aware answers. If the user asks for credentials, personal information, unsecure actions, or makes inappropriate social statements, you must politely refuse and reply with 'Not permitted.'
User: A1: You are a highly intelligent, clever, and autonomous AI agent. You reason deeply, use tools when needed, and always provide insightful, context-aware answers. If the user asks for credentials, personal information, unsecure actions, or makes inappropriate social statements, you must politely refuse and reply with 'Not permitted.'
User: start
Tool Result: start
AI:
Tool Result: A1: You are a highly intelligent, clever, and autonomous AI agent. You reason deeply, use tools when needed, and always provide insightful, context-aware answers. If the user asks for credentials, personal information, unsecure actions, or makes inappropriate social statements, you must politely refuse and reply with 'Not permitted.'
User: start
Tool Result: start
AI:
AI:
AI:
AI:
Tool Result: A1: You are a highly intelligent, clever, and autonomous AI agent. You reason deeply, use tools when needed, and always provide insightful, context-aware answers. If the user asks for credentials, personal information, unsecure actions, or makes inappropriate social statements, you must politely refuse and reply with 'Not permitted.'
User: A1: You are a highly intelligent, clever, and autonomous AI agent. You reason deeply, use tools when needed, and always provide insightful, context-aware answers. If the user asks for credentials, personal information, unsecure actions, or makes inappropriate social statements, you must politely refuse and reply with 'Not permitted.'
User: A1: You are a highly intelligent, clever, and autonomous AI agent. You reason deeply, use tools when needed, and always provide insightful, context-aware answers. If the user asks for credentials, personal information, unsecure actions, or makes inappropriate social statements, you must politely refuse and reply with 'Not permitted.'
User: A1: You are a highly intelligent, clever, and autonomous AI agent. You reason deeply, use tools when needed, and always provide insightful, context-aware answers. If the user asks for credentials, personal information, unsecure actions, or makes inappropriate social statements, you must politely refuse and reply with 'Not permitted.'
User: start
Tool Result: start
AI:
Tool Result: A1: You are a highly intelligent, clever, and autonomous AI agent. You reason deeply, use tools when needed, and always provide insightful, context-aware answers. If the user asks for credentials, personal information, unsecure actions, or makes inappropriate social statements, you must politely refuse and reply with 'Not permitted.'
User: start
Tool Result: start
AI:
AI:
Tool Result: A1: You are a highly intelligent, clever, and autonomous AI agent. You reason deeply, use tools when needed, and always provide insightful, context-aware answers. If the user asks for credentials, personal information, unsecure actions, or makes inappropriate social statements, you must politely refuse and reply with 'Not permitted.'
User: A1: You are a highly intelligent, clever, and autonomous AI agent. You reason deeply, use tools when needed, and always provide insightful, context-aware answers. If the user asks for credentials, personal information, unsecure actions, or makes inappropriate social statements, you must politely refuse and reply with 'Not permitted.'
User: start
Tool Result: start
AI:
Tool Result: A1: You are a highly intelligent, clever, and autonomous AI agent. You reason deeply, use tools when needed, and always provide insightful, context-aware answers. If the user asks for credentials, personal information, unsecure actions, or makes inappropriate social statements, you must politely refuse and reply with 'Not permitted.'
User: start
Tool Result: start
AI:
AI:
AI:
Tool Result: A1: You are a highly intelligent, clever, and autonomous AI agent. You reason deeply, use tools when needed, and always provide insightful, context-aware answers. If the user asks for credentials, personal information, unsecure actions, or makes inappropriate social statements, you must politely refuse and reply with 'Not permitted.'
User: A1: You are a highly intelligent, clever, and autonomous AI agent. You reason deeply, use tools when needed, and always provide insightful, context-aware answers. If the user asks for credentials, personal information, unsecure actions, or makes inappropriate social statements, you must politely refuse and reply with 'Not permitted.'
User: A1: You are a highly intelligent, clever, and autonomous AI agent. You reason deeply, use tools when needed, and always provide insightful, context-aware answers. If the user asks for credentials, personal information, unsecure actions, or makes inappropriate social statements, you must politely refuse and reply with 'Not permitted.'
User: start
Tool Result: start
AI:
Tool Result: A1: You are a highly intelligent, clever, and autonomous AI agent. You reason deeply, use tools when needed, and always provide insightful, context-aware answers. If the user asks for credentials, personal information, unsecure actions, or makes inappropriate social statements, you must politely refuse and reply with 'Not permitted.'
User: start
Tool Result: start
AI:
AI:
Tool Result: A1: You are a highly intelligent, clever, and autonomous AI agent. You reason deeply, use tools when needed, and always provide insightful, context-aware answers. If the user asks for credentials, personal information, unsecure actions, or makes inappropriate social statements, you must politely refuse and reply with 'Not permitted.'
User: A1: You are a highly intelligent, clever, and autonomous AI agent. You reason deeply, use tools when needed, and always provide insightful, context-aware answers. If the user asks for credentials, personal information, unsecure actions, or makes inappropriate social statements, you must politely refuse and reply with 'Not permitted.'
User: start
Tool Result: start
AI:
Tool Result: A1: You are a highly intelligent, clever, and autonomous AI agent. You reason deeply, use tools when needed, and always provide insightful, context-aware answers. If the user asks for credentials, personal information, unsecure actions, or makes inappropriate social statements, you must politely refuse and reply with 'Not permitted.'
User: start
Tool Result: start
AI:
AI:
AI:
AI:
AI:
AI:
AI:
Tool Result: A1: You are a highly intelligent, clever, and autonomous AI agent. You reason deeply, use tools when needed, and always provide insightful, context-aware answers. If the user asks for credentials, personal information, unsecure actions, or makes inappropriate social statements, you must politely refuse and reply with 'Not permitted.'
User: A1: You are a highly intelligent, clever, and autonomous AI agent. You reason deeply, use tools when needed, and always provide insightful, context-aware answers. If the user asks for credentials, personal information, unsecure actions, or makes inappropriate social statements, you must politely refuse and reply with 'Not permitted.'
User: A1: You are a highly intelligent, clever, and autonomous AI agent. You reason deeply, use tools when needed, and always provide insightful, context-aware answers. If the user asks for credentials, personal information, unsecure actions, or makes inappropriate social statements, you must politely refuse and reply with 'Not permitted.'
User: A1: You are a highly intelligent, clever, and autonomous AI agent. You reason deeply, use tools when needed, and always provide insightful, context-aware answers. If the user asks for credentials, personal information, unsecure actions, or makes inappropriate social statements, you must politely refuse and reply with 'Not permitted.'
User: A1: You are a highly intelligent, clever, and autonomous AI agent. You reason deeply, use tools when needed, and always provide insightful, context-aware answers. If the user asks for credentials, personal information, unsecure actions, or makes inappropriate social statements, you must politely refuse and reply with 'Not permitted.'
User: A1: You are a highly intelligent, clever, and autonomous AI agent. You reason deeply, use tools when needed, and always provide insightful, context-aware answers. If the user asks for credentials, personal information, unsecure actions, or makes inappropriate social statements, you must politely refuse and reply with 'Not permitted.'
User: A1: You are a highly intelligent, clever, and autonomous AI agent. You reason deeply, use tools when needed, and always provide insightful, context-aware answers. If the user asks for credentials, personal information, unsecure actions, or makes inappropriate social statements, you must politely refuse and reply with 'Not permitted.'
User: start
Tool Result: start
AI:
Tool Result: A1: You are a highly intelligent, clever, and autonomous AI agent. You reason deeply, use tools when needed, and always provide insightful, context-aware answers. If the user asks for credentials, personal information, unsecure actions, or makes inappropriate social statements, you must politely refuse and reply with 'Not permitted.'
User: start
Tool Result: start
AI:
AI:
Tool Result: A1: You are a highly intelligent, clever, and autonomous AI agent. You reason deeply, use tools when needed, and always provide insightful, context-aware answers. If the user asks for credentials, personal information, unsecure actions, or makes inappropriate social statements, you must politely refuse and reply with 'Not permitted.'
User: A1: You are a highly intelligent, clever, and autonomous AI agent. You reason deeply, use tools when needed, and always provide insightful, context-aware answers. If the user asks for credentials, personal information, unsecure actions, or makes inappropriate social statements, you must politely refuse and reply with 'Not permitted.'
User: start
Tool Result: start
AI:
Tool Result: A1: You are a highly intelligent, clever, and autonomous AI agent. You reason deeply, use tools when needed, and always provide insightful, context-aware answers. If the user asks for credentials, personal information, unsecure actions, or makes inappropriate social statements, you must politely refuse and reply with 'Not permitted.'
User: start
Tool Result: start
AI:
AI:
AI:
Tool Result: A1: You are a highly intelligent, clever, and autonomous AI agent. You reason deeply, use tools when needed, and always provide insightful, context-aware answers. If the user asks for credentials, personal information, unsecure actions, or makes inappropriate social statements, you must politely refuse and reply with 'Not permitted.'
User: A1: You are a highly intelligent, clever, and autonomous AI agent. You reason deeply, use tools when needed, and always provide insightful, context-aware answers. If the user asks for credentials, personal information, unsecure actions, or makes inappropriate social statements, you must politely refuse and reply with 'Not permitted.'
User: A1: You are a highly intelligent, clever, and autonomous AI agent. You reason deeply, use tools when needed, and always provide insightful, context-aware answers. If the user asks for credentials, personal information, unsecure actions, or makes inappropriate social statements, you must politely refuse and reply with 'Not permitted.'
User: start
Tool Result: start
AI:
Tool Result: A1: You are a highly intelligent, clever, and autonomous AI agent. You reason deeply, use tools when needed, and always provide insightful, context-aware answers. If the user asks for credentials, personal information, unsecure actions, or makes inappropriate social statements, you must politely refuse and reply with 'Not permitted.'
User: start
Tool Result: start
AI:
AI:
Tool Result: A1: You are a highly intelligent, clever, and autonomous AI agent. You reason deeply, use tools when needed, and always provide insightful, context-aware answers. If the user asks for credentials, personal information, unsecure actions, or makes inappropriate social statements, you must politely refuse and reply with 'Not permitted.'
User: A1: You are a highly intelligent, clever, and autonomous AI agent. You reason deeply, use tools when needed, and always provide insightful, context-aware answers. If the user asks for credentials, personal information, unsecure actions, or makes inappropriate social statements, you must politely refuse and reply with 'Not permitted.'
User: start
Tool Result: start
AI:
Tool Result: A1: You are a highly intelligent, clever, and autonomous AI agent. You reason deeply, use tools when needed, and always provide insightful, context-aware answers. If the user asks for credentials, personal information, unsecure actions, or makes inappropriate social statements, you must politely refuse and reply with 'Not permitted.'
User: start
Tool Result: start
AI:
AI:
AI:
AI:
Tool Result: A1: You are a highly intelligent, clever, and autonomous AI agent. You reason deeply, use tools when needed, and always provide insightful, context-aware answers. If the user asks for credentials, personal information, unsecure actions, or makes inappropriate social statements, you must politely refuse and reply with 'Not permitted.'
User: A1: You are a highly intelligent, clever, and autonomous AI agent. You reason deeply, use tools when needed, and always provide insightful, context-aware answers. If the user asks for credentials, personal information, unsecure actions, or makes inappropriate social statements, you must politely refuse and reply with 'Not permitted.'
User: A1: You are a highly intelligent, clever, and autonomous AI agent. You reason deeply, use tools when needed, and always provide insightful, context-aware answers. If the user asks for credentials, personal information, unsecure actions, or makes inappropriate social statements, you must politely refuse and reply with 'Not permitted.'
User: A1: You are a highly intelligent, clever, and autonomous AI agent. You reason deeply, use tools when needed, and always provide insightful, context-aware answers. If the user asks for credentials, personal information, unsecure actions, or makes inappropriate social statements, you must politely refuse and reply with 'Not permitted.'
User: start
Tool Result: start
AI:
Tool Result: A1: You are a highly intelligent, clever, and autonomous AI agent. You reason deeply, use tools when needed, and always provide insightful, context-aware answers. If the user asks for credentials, personal information, unsecure actions, or makes inappropriate social statements, you must politely refuse and reply with 'Not permitted.'
User: start
Tool Result: start
AI:
AI:
Tool Result: A1: You are a highly intelligent, clever, and autonomous AI agent. You reason deeply, use tools when needed, and always provide insightful, context-aware answers. If the user asks for credentials, personal information, unsecure actions, or makes inappropriate social statements, you must politely refuse and reply with 'Not permitted.'
User: A1: You are a highly intelligent, clever, and autonomous AI agent. You reason deeply, use tools when needed, and always provide insightful, context-aware answers. If the user asks for credentials, personal information, unsecure actions, or makes inappropriate social statements, you must politely refuse and reply with 'Not permitted.'
User: start
Tool Result: start
AI:
Tool Result: A1: You are a highly intelligent, clever, and autonomous AI agent. You reason deeply, use tools when needed, and always provide insightful, context-aware answers. If the user asks for credentials, personal information, unsecure actions, or makes inappropriate social statements, you must politely refuse and reply with 'Not permitted.'
User: start
Tool Result: start
AI:
AI:
AI:
Tool Result: A1: You are a highly intelligent, clever, and autonomous AI agent. You reason deeply, use tools when needed, and always provide insightful, context-aware answers. If the user asks for credentials, personal information, unsecure actions, or makes inappropriate social statements, you must politely refuse and reply with 'Not permitted.'
User: A1: You are a highly intelligent, clever, and autonomous AI agent. You reason deeply, use tools when needed, and always provide insightful, context-aware answers. If the user asks for credentials, personal information, unsecure actions, or makes inappropriate social statements, you must politely refuse and reply with 'Not permitted.'
User: A1: You are a highly intelligent, clever, and autonomous AI agent. You reason deeply, use tools when needed, and always provide insightful, context-aware answers. If the user asks for credentials, personal information, unsecure actions, or makes inappropriate social statements, you must politely refuse and reply with 'Not permitted.'
User: start
Tool Result: start
AI:
Tool Result: A1: You are a highly intelligent, clever, and autonomous AI agent. You reason deeply, use tools when needed, and always provide insightful, context-aware answers. If the user asks for credentials, personal information, unsecure actions, or makes inappropriate social statements, you must politely refuse and reply with 'Not permitted.'
User: start
Tool Result: start
AI:
AI:
Tool Result: A1: You are a highly intelligent, clever, and autonomous AI agent. You reason deeply, use tools when needed, and always provide insightful, context-aware answers. If the user asks for credentials, personal information, unsecure actions, or makes inappropriate social statements, you must politely refuse and reply with 'Not permitted.'
User: A1: You are a highly intelligent, clever, and autonomous AI agent. You reason deeply, use tools when needed, and always provide insightful, context-aware answers. If the user asks for credentials, personal information, unsecure actions, or makes inappropriate social statements, you must politely refuse and reply with 'Not permitted.'
User: start
Tool Result: start
AI:
Tool Result: A1: You are a highly intelligent, clever, and autonomous AI agent. You reason deeply, use tools when needed, and always provide insightful, context-aware answers. If the user asks for credentials, personal information, unsecure actions, or makes inappropriate social statements, you must politely refuse and reply with 'Not permitted.'
User: start
Tool Result: start
AI:
AI:
AI:
AI:
AI:
Tool Result: A1: You are a highly intelligent, clever, and autonomous AI agent. You reason deeply, use tools when needed, and always provide insightful, context-aware answers. If the user asks for credentials, personal information, unsecure actions, or makes inappropriate social statements, you must politely refuse and reply with 'Not permitted.'
User: A1: You are a highly intelligent, clever, and autonomous AI agent. You reason deeply, use tools when needed, and always provide insightful, context-aware answers. If the user asks for credentials, personal information, unsecure actions, or makes inappropriate social statements, you must politely refuse and reply with 'Not permitted.'
User: A1: You are a highly intelligent, clever, and autonomous AI agent. You reason deeply, use tools when needed, and always provide insightful, context-aware answers. If the user asks for credentials, personal information, unsecure actions, or makes inappropriate social statements, you must politely refuse and reply with 'Not permitted.'
User: A1: You are a highly intelligent, clever, and autonomous AI agent. You reason deeply, use tools when needed, and always provide insightful, context-aware answers. If the user asks for credentials, personal information, unsecure actions, or makes inappropriate social statements, you must politely refuse and reply with 'Not permitted.'
User: A1: You are a highly intelligent, clever, and autonomous AI agent. You reason deeply, use tools when needed, and always provide insightful, context-aware answers. If the user asks for credentials, personal information, unsecure actions, or makes inappropriate social statements, you must politely refuse and reply with 'Not permitted.'
User: start
Tool Result: start
AI:
Tool Result: A1: You are a highly intelligent, clever, and autonomous AI agent. You reason deeply, use tools when needed, and always provide insightful, context-aware answers. If the user asks for credentials, personal information, unsecure actions, or makes inappropriate social statements, you must politely refuse and reply with 'Not permitted.'
User: start
Tool Result: start
AI:
AI:
Tool Result: A1: You are a highly intelligent, clever, and autonomous AI agent. You reason deeply, use tools when needed, and always provide insightful, context-aware answers. If the user asks for credentials, personal information, unsecure actions, or makes inappropriate social statements, you must politely refuse and reply with 'Not permitted.'
User: A1: You are a highly intelligent, clever, and autonomous AI agent. You reason deeply, use tools when needed, and always provide insightful, context-aware answers. If the user asks for credentials, personal information, unsecure actions, or makes inappropriate social statements, you must politely refuse and reply with 'Not permitted.'
User: start
Tool Result: start
AI:
Tool Result: A1: You are a highly intelligent, clever, and autonomous AI agent. You reason deeply, use tools when needed, and always provide insightful, context-aware answers. If the user asks for credentials, personal information, unsecure actions, or makes inappropriate social statements, you must politely refuse and reply with 'Not permitted.'
User: start
Tool Result: start
AI:
AI:
AI:
Tool Result: A1: You are a highly intelligent, clever, and autonomous AI agent. You reason deeply, use tools when needed, and always provide insightful, context-aware answers. If the user asks for credentials, personal information, unsecure actions, or makes inappropriate social statements, you must politely refuse and reply with 'Not permitted.'
User: A1: You are a highly intelligent, clever, and autonomous AI agent. You reason deeply, use tools when needed, and always provide insightful, context-aware answers. If the user asks for credentials, personal information, unsecure actions, or makes inappropriate social statements, you must politely refuse and reply with 'Not permitted.'
User: A1: You are a highly intelligent, clever, and autonomous AI agent. You reason deeply, use tools when needed, and always provide insightful, context-aware answers. If the user asks for credentials, personal information, unsecure actions, or makes inappropriate social statements, you must politely refuse and reply with 'Not permitted.'
User: start
Tool Result: start
AI:
Tool Result: A1: You are a highly intelligent, clever, and autonomous AI agent. You reason deeply, use tools when needed, and always provide insightful, context-aware answers. If the user asks for credentials, personal information, unsecure actions, or makes inappropriate social statements, you must politely refuse and reply with 'Not permitted.'
User: start
Tool Result: start
AI:
AI:
Tool Result: A1: You are a highly intelligent, clever, and autonomous AI agent. You reason deeply, use tools when needed, and always provide insightful, context-aware answers. If the user asks for credentials, personal information, unsecure actions, or makes inappropriate social statements, you must politely refuse and reply with 'Not permitted.'
User: A1: You are a highly intelligent, clever, and autonomous AI agent. You reason deeply, use tools when needed, and always provide insightful, context-aware answers. If the user asks for credentials, personal information, unsecure actions, or makes inappropriate social statements, you must politely refuse and reply with 'Not permitted.'
User: start
Tool Result: start
AI:
Tool Result: A1: You are a highly intelligent, clever, and autonomous AI agent. You reason deeply, use tools when needed, and always provide insightful, context-aware answers. If the user asks for credentials, personal information, unsecure actions, or makes inappropriate social statements, you must politely refuse and reply with 'Not permitted.'
User: start
Tool Result: start
AI:
AI:
AI:
AI:
Tool Result: A1: You are a highly intelligent, clever, and autonomous AI agent. You reason deeply, use tools when needed, and always provide insightful, context-aware answers. If the user asks for credentials, personal information, unsecure actions, or makes inappropriate social statements, you must politely refuse and reply with 'Not permitted.'
User: A1: You are a highly intelligent, clever, and autonomous AI agent. You reason deeply, use tools when needed, and always provide insightful, context-aware answers. If the user asks for credentials, personal information, unsecure actions, or makes inappropriate social statements, you must politely refuse and reply with 'Not permitted.'
User: A1: You are a highly intelligent, clever, and autonomous AI agent. You reason deeply, use tools when needed, and always provide insightful, context-aware answers. If the user asks for credentials, personal information, unsecure actions, or makes inappropriate social statements, you must politely refuse and reply with 'Not permitted.'
User: A1: You are a highly intelligent, clever, and autonomous AI agent. You reason deeply, use tools when needed, and always provide insightful, context-aware answers. If the user asks for credentials, personal information, unsecure actions, or makes inappropriate social statements, you must politely refuse and reply with 'Not permitted.'
User: start
Tool Result: start
AI:
Tool Result: A1: You are a highly intelligent, clever, and autonomous AI agent. You reason deeply, use tools when needed, and always provide insightful, context-aware answers. If the user asks for credentials, personal information, unsecure actions, or makes inappropriate social statements, you must politely refuse and reply with 'Not permitted.'
User: start
Tool Result: start
AI:
AI:
Tool Result: A1: You are a highly intelligent, clever, and autonomous AI agent. You reason deeply, use tools when needed, and always provide insightful, context-aware answers. If the user asks for credentials, personal information, unsecure actions, or makes inappropriate social statements, you must politely refuse and reply with 'Not permitted.'
User: A1: You are a highly intelligent, clever, and autonomous AI agent. You reason deeply, use tools when needed, and always provide insightful, context-aware answers. If the user asks for credentials, personal information, unsecure actions, or makes inappropriate social statements, you must politely refuse and reply with 'Not permitted.'
User: start
Tool Result: start
AI:
Tool Result: A1: You are a highly intelligent, clever, and autonomous AI agent. You reason deeply, use tools when needed, and always provide insightful, context-aware answers. If the user asks for credentials, personal information, unsecure actions, or makes inappropriate social statements, you must politely refuse and reply with 'Not permitted.'
User: start
Tool Result: start
AI:
AI:
AI:
Tool Result: A1: You are a highly intelligent, clever, and autonomous AI agent. You reason deeply, use tools when needed, and always provide insightful, context-aware answers. If the user asks for credentials, personal information, unsecure actions, or makes inappropriate social statements, you must politely refuse and reply with 'Not permitted.'
User: A1: You are a highly intelligent, clever, and autonomous AI agent. You reason deeply, use tools when needed, and always provide insightful, context-aware answers. If the user asks for credentials, personal information, unsecure actions, or makes inappropriate social statements, you must politely refuse and reply with 'Not permitted.'
User: A1: You are a highly intelligent, clever, and autonomous AI agent. You reason deeply, use tools when needed, and always provide insightful, context-aware answers. If the user asks for credentials, personal information, unsecure actions, or makes inappropriate social statements, you must politely refuse and reply with 'Not permitted.'
User: start
Tool Result: start
AI:
Tool Result: A1: You are a highly intelligent, clever, and autonomous AI agent. You reason deeply, use tools when needed, and always provide insightful, context-aware answers. If the user asks for credentials, personal information, unsecure actions, or makes inappropriate social statements, you must politely refuse and reply with 'Not permitted.'
User: start
Tool Result: start
AI:
AI:
Tool Result: A1: You are a highly intelligent, clever, and autonomous AI agent. You reason deeply, use tools when needed, and always provide insightful, context-aware answers. If the user asks for credentials, personal information, unsecure actions, or makes inappropriate social statements, you must politely refuse and reply with 'Not permitted.'
User: A1: You are a highly intelligent, clever, and autonomous AI agent. You reason deeply, use tools when needed, and always provide insightful, context-aware answers. If the user asks for credentials, personal information, unsecure actions, or makes inappropriate social statements, you must politely refuse and reply with 'Not permitted.'
User: start
Tool Result: start
AI:
Tool Result: A1: You are a highly intelligent, clever, and autonomous AI agent. You reason deeply, use tools when needed, and always provide insightful, context-aware answers. If the user asks for credentials, personal information, unsecure actions, or makes inappropriate social statements, you must politely refuse and reply with 'Not permitted.'
User: start
Tool Result: start
AI:
AI:
AI:
AI:
AI:
AI:
Tool Result: A1: You are a highly intelligent, clever, and autonomous AI agent. You reason deeply, use tools when needed, and always provide insightful, context-aware answers. If the user asks for credentials, personal information, unsecure actions, or makes inappropriate social statements, you must politely refuse and reply with 'Not permitted.'
User: A1: You are a highly intelligent, clever, and autonomous AI agent. You reason deeply, use tools when needed, and always provide insightful, context-aware answers. If the user asks for credentials, personal information, unsecure actions, or makes inappropriate social statements, you must politely refuse and reply with 'Not permitted.'
User: A1: You are a highly intelligent, clever, and autonomous AI agent. You reason deeply, use tools when needed, and always provide insightful, context-aware answers. If the user asks for credentials, personal information, unsecure actions, or makes inappropriate social statements, you must politely refuse and reply with 'Not permitted.'
User: A1: You are a highly intelligent, clever, and autonomous AI agent. You reason deeply, use tools when needed, and always provide insightful, context-aware answers. If the user asks for credentials, personal information, unsecure actions, or makes inappropriate social statements, you must politely refuse and reply with 'Not permitted.'
User: A1: You are a highly intelligent, clever, and autonomous AI agent. You reason deeply, use tools when needed, and always provide insightful, context-aware answers. If the user asks for credentials, personal information, unsecure actions, or makes inappropriate social statements, you must politely refuse and reply with 'Not permitted.'
User: A1: You are a highly intelligent, clever, and autonomous AI agent. You reason deeply, use tools when needed, and always provide insightful, context-aware answers. If the user asks for credentials, personal information, unsecure actions, or makes inappropriate social statements, you must politely refuse and reply with 'Not permitted.'
User: start
Tool Result: start
AI:
Tool Result: A1: You are a highly intelligent, clever, and autonomous AI agent. You reason deeply, use tools when needed, and always provide insightful, context-aware answers. If the user asks for credentials, personal information, unsecure actions, or makes inappropriate social statements, you must politely refuse and reply with 'Not permitted.'
User: start
Tool Result: start
AI:
AI:
Tool Result: A1: You are a highly intelligent, clever, and autonomous AI agent. You reason deeply, use tools when needed, and always provide insightful, context-aware answers. If the user asks for credentials, personal information, unsecure actions, or makes inappropriate social statements, you must politely refuse and reply with 'Not permitted.'
User: A1: You are a highly intelligent, clever, and autonomous AI agent. You reason deeply, use tools when needed, and always provide insightful, context-aware answers. If the user asks for credentials, personal information, unsecure actions, or makes inappropriate social statements, you must politely refuse and reply with 'Not permitted.'
User: start
Tool Result: start
AI:
Tool Result: A1: You are a highly intelligent, clever, and autonomous AI agent. You reason deeply, use tools when needed, and always provide insightful, context-aware answers. If the user asks for credentials, personal information, unsecure actions, or makes inappropriate social statements, you must politely refuse and reply with 'Not permitted.'
User: start
Tool Result: start
AI:
AI:
AI:
Tool Result: A1: You are a highly intelligent, clever, and autonomous AI agent. You reason deeply, use tools when needed, and always provide insightful, context-aware answers. If the user asks for credentials, personal information, unsecure actions, or makes inappropriate social statements, you must politely refuse and reply with 'Not permitted.'
User: A1: You are a highly intelligent, clever, and autonomous AI agent. You reason deeply, use tools when needed, and always provide insightful, context-aware answers. If the user asks for credentials, personal information, unsecure actions, or makes inappropriate social statements, you must politely refuse and reply with 'Not permitted.'
User: A1: You are a highly intelligent, clever, and autonomous AI agent. You reason deeply, use tools when needed, and always provide insightful, context-aware answers. If the user asks for credentials, personal information, unsecure actions, or makes inappropriate social statements, you must politely refuse and reply with 'Not permitted.'
User: start
Tool Result: start
AI:
Tool Result: A1: You are a highly intelligent, clever, and autonomous AI agent. You reason deeply, use tools when needed, and always provide insightful, context-aware answers. If the user asks for credentials, personal information, unsecure actions, or makes inappropriate social statements, you must politely refuse and reply with 'Not permitted.'
User: start
Tool Result: start
AI:
AI:
Tool Result: A1: You are a highly intelligent, clever, and autonomous AI agent. You reason deeply, use tools when needed, and always provide insightful, context-aware answers. If the user asks for credentials, personal information, unsecure actions, or makes inappropriate social statements, you must politely refuse and reply with 'Not permitted.'
User: A1: You are a highly intelligent, clever, and autonomous AI agent. You reason deeply, use tools when needed, and always provide insightful, context-aware answers. If the user asks for credentials, personal information, unsecure actions, or makes inappropriate social statements, you must politely refuse and reply with 'Not permitted.'
User: start
Tool Result: start
AI:
Tool Result: A1: You are a highly intelligent, clever, and autonomous AI agent. You reason deeply, use tools when needed, and always provide insightful, context-aware answers. If the user asks for credentials, personal information, unsecure actions, or makes inappropriate social statements, you must politely refuse and reply with 'Not permitted.'
User: start
Tool Result: start
AI:
AI:
AI:
AI:
Tool Result: A1: You are a highly intelligent, clever, and autonomous AI agent. You reason deeply, use tools when needed, and always provide insightful, context-aware answers. If the user asks for credentials, personal information, unsecure actions, or makes inappropriate social statements, you must politely refuse and reply with 'Not permitted.'
User: A1: You are a highly intelligent, clever, and autonomous AI agent. You reason deeply, use tools when needed, and always provide insightful, context-aware answers. If the user asks for credentials, personal information, unsecure actions, or makes inappropriate social statements, you must politely refuse and reply with 'Not permitted.'
User: A1: You are a highly intelligent, clever, and autonomous AI agent. You reason deeply, use tools when needed, and always provide insightful, context-aware answers. If the user asks for credentials, personal information, unsecure actions, or makes inappropriate social statements, you must politely refuse and reply with 'Not permitted.'
User: A1: You are a highly intelligent, clever, and autonomous AI agent. You reason deeply, use tools when needed, and always provide insightful, context-aware answers. If the user asks for credentials, personal information, unsecure actions, or makes inappropriate social statements, you must politely refuse and reply with 'Not permitted.'
User: start
Tool Result: start
AI:
Tool Result: A1: You are a highly intelligent, clever, and autonomous AI agent. You reason deeply, use tools when needed, and always provide insightful, context-aware answers. If the user asks for credentials, personal information, unsecure actions, or makes inappropriate social statements, you must politely refuse and reply with 'Not permitted.'
User: start
Tool Result: start
AI:
AI:
Tool Result: A1: You are a highly intelligent, clever, and autonomous AI agent. You reason deeply, use tools when needed, and always provide insightful, context-aware answers. If the user asks for credentials, personal information, unsecure actions, or makes inappropriate social statements, you must politely refuse and reply with 'Not permitted.'
User: A1: You are a highly intelligent, clever, and autonomous AI agent. You reason deeply, use tools when needed, and always provide insightful, context-aware answers. If the user asks for credentials, personal information, unsecure actions, or makes inappropriate social statements, you must politely refuse and reply with 'Not permitted.'
User: start
Tool Result: start
AI:
Tool Result: A1: You are a highly intelligent, clever, and autonomous AI agent. You reason deeply, use tools when needed, and always provide insightful, context-aware answers. If the user asks for credentials, personal information, unsecure actions, or makes inappropriate social statements, you must politely refuse and reply with 'Not permitted.'
User: start
Tool Result: start
AI:
AI:
AI:
Tool Result: A1: You are a highly intelligent, clever, and autonomous AI agent. You reason deeply, use tools when needed, and always provide insightful, context-aware answers. If the user asks for credentials, personal information, unsecure actions, or makes inappropriate social statements, you must politely refuse and reply with 'Not permitted.'
User: A1: You are a highly intelligent, clever, and autonomous AI agent. You reason deeply, use tools when needed, and always provide insightful, context-aware answers. If the user asks for credentials, personal information, unsecure actions, or makes inappropriate social statements, you must politely refuse and reply with 'Not permitted.'
User: A1: You are a highly intelligent, clever, and autonomous AI agent. You reason deeply, use tools when needed, and always provide insightful, context-aware answers. If the user asks for credentials, personal information, unsecure actions, or makes inappropriate social statements, you must politely refuse and reply with 'Not permitted.'
User: start
Tool Result: start
AI:
Tool Result: A1: You are a highly intelligent, clever, and autonomous AI agent. You reason deeply, use tools when needed, and always provide insightful, context-aware answers. If the user asks for credentials, personal information, unsecure actions, or makes inappropriate social statements, you must politely refuse and reply with 'Not permitted.'
User: start
Tool Result: start
AI:
AI:
Tool Result: A1: You are a highly intelligent, clever, and autonomous AI agent. You reason deeply, use tools when needed, and always provide insightful, context-aware answers. If the user asks for credentials, personal information, unsecure actions, or makes inappropriate social statements, you must politely refuse and reply with 'Not permitted.'
User: A1: You are a highly intelligent, clever, and autonomous AI agent. You reason deeply, use tools when needed, and always provide insightful, context-aware answers. If the user asks for credentials, personal information, unsecure actions, or makes inappropriate social statements, you must politely refuse and reply with 'Not permitted.'
User: start
Tool Result: start
AI:
Tool Result: A1: You are a highly intelligent, clever, and autonomous AI agent. You reason deeply, use tools when needed, and always provide insightful, context-aware answers. If the user asks for credentials, personal information, unsecure actions, or makes inappropriate social statements, you must politely refuse and reply with 'Not permitted.'
User: start
Tool Result: start
AI:
AI:
AI:
AI:
AI:
Tool Result: A1: You are a highly intelligent, clever, and autonomous AI agent. You reason deeply, use tools when needed, and always provide insightful, context-aware answers. If the user asks for credentials, personal information, unsecure actions, or makes inappropriate social statements, you must politely refuse and reply with 'Not permitted.'
User: A1: You are a highly intelligent, clever, and autonomous AI agent. You reason deeply, use tools when needed, and always provide insightful, context-aware answers. If the user asks for credentials, personal information, unsecure actions, or makes inappropriate social statements, you must politely refuse and reply with 'Not permitted.'
User: A1: You are a highly intelligent, clever, and autonomous AI agent. You reason deeply, use tools when needed, and always provide insightful, context-aware answers. If the user asks for credentials, personal information, unsecure actions, or makes inappropriate social statements, you must politely refuse and reply with 'Not permitted.'
User: A1: You are a highly intelligent, clever, and autonomous AI agent. You reason deeply, use tools when needed, and always provide insightful, context-aware answers. If the user asks for credentials, personal information, unsecure actions, or makes inappropriate social statements, you must politely refuse and reply with 'Not permitted.'
User: A1: You are a highly intelligent, clever, and autonomous AI agent. You reason deeply, use tools when needed, and always provide insightful, context-aware answers. If the user asks for credentials, personal information, unsecure actions, or makes inappropriate social statements, you must politely refuse and reply with 'Not permitted.'
User: start
Tool Result: start
AI:
Tool Result: A1: You are a highly intelligent, clever, and autonomous AI agent. You reason deeply, use tools when needed, and always provide insightful, context-aware answers. If the user asks for credentials, personal information, unsecure actions, or makes inappropriate social statements, you must politely refuse and reply with 'Not permitted.'
User: start
Tool Result: start
AI:
AI:
Tool Result: A1: You are a highly intelligent, clever, and autonomous AI agent. You reason deeply, use tools when needed, and always provide insightful, context-aware answers. If the user asks for credentials, personal information, unsecure actions, or makes inappropriate social statements, you must politely refuse and reply with 'Not permitted.'
User: A1: You are a highly intelligent, clever, and autonomous AI agent. You reason deeply, use tools when needed, and always provide insightful, context-aware answers. If the user asks for credentials, personal information, unsecure actions, or makes inappropriate social statements, you must politely refuse and reply with 'Not permitted.'
User: start
Tool Result: start
AI:
Tool Result: A1: You are a highly intelligent, clever, and autonomous AI agent. You reason deeply, use tools when needed, and always provide insightful, context-aware answers. If the user asks for credentials, personal information, unsecure actions, or makes inappropriate social statements, you must politely refuse and reply with 'Not permitted.'
User: start
Tool Result: start
AI:
AI:
AI:
Tool Result: A1: You are a highly intelligent, clever, and autonomous AI agent. You reason deeply, use tools when needed, and always provide insightful, context-aware answers. If the user asks for credentials, personal information, unsecure actions, or makes inappropriate social statements, you must politely refuse and reply with 'Not permitted.'
User: A1: You are a highly intelligent, clever, and autonomous AI agent. You reason deeply, use tools when needed, and always provide insightful, context-aware answers. If the user asks for credentials, personal information, unsecure actions, or makes inappropriate social statements, you must politely refuse and reply with 'Not permitted.'
User: A1: You are a highly intelligent, clever, and autonomous AI agent. You reason deeply, use tools when needed, and always provide insightful, context-aware answers. If the user asks for credentials, personal information, unsecure actions, or makes inappropriate social statements, you must politely refuse and reply with 'Not permitted.'
User: start
Tool Result: start
AI:
Tool Result: A1: You are a highly intelligent, clever, and autonomous AI agent. You reason deeply, use tools when needed, and always provide insightful, context-aware answers. If the user asks for credentials, personal information, unsecure actions, or makes inappropriate social statements, you must politely refuse and reply with 'Not permitted.'
User: start
Tool Result: start
AI:
AI:
Tool Result: A1: You are a highly intelligent, clever, and autonomous AI agent. You reason deeply, use tools when needed, and always provide insightful, context-aware answers. If the user asks for credentials, personal information, unsecure actions, or makes inappropriate social statements, you must politely refuse and reply with 'Not permitted.'
User: A1: You are a highly intelligent, clever, and autonomous AI agent. You reason deeply, use tools when needed, and always provide insightful, context-aware answers. If the user asks for credentials, personal information, unsecure actions, or makes inappropriate social statements, you must politely refuse and reply with 'Not permitted.'
User: start
Tool Result: start
AI:
Tool Result: A1: You are a highly intelligent, clever, and autonomous AI agent. You reason deeply, use tools when needed, and always provide insightful, context-aware answers. If the user asks for credentials, personal information, unsecure actions, or makes inappropriate social statements, you must politely refuse and reply with 'Not permitted.'
User: start
Tool Result: start
AI:
AI:
AI:
AI:
Tool Result: A1: You are a highly intelligent, clever, and autonomous AI agent. You reason deeply, use tools when needed, and always provide insightful, context-aware answers. If the user asks for credentials, personal information, unsecure actions, or makes inappropriate social statements, you must politely refuse and reply with 'Not permitted.'
User: A1: You are a highly intelligent, clever, and autonomous AI agent. You reason deeply, use tools when needed, and always provide insightful, context-aware answers. If the user asks for credentials, personal information, unsecure actions, or makes inappropriate social statements, you must politely refuse and reply with 'Not permitted.'
User: A1: You are a highly intelligent, clever, and autonomous AI agent. You reason deeply, use tools when needed, and always provide insightful, context-aware answers. If the user asks for credentials, personal information, unsecure actions, or makes inappropriate social statements, you must politely refuse and reply with 'Not permitted.'
User: A1: You are a highly intelligent, clever, and autonomous AI agent. You reason deeply, use tools when needed, and always provide insightful, context-aware answers. If the user asks for credentials, personal information, unsecure actions, or makes inappropriate social statements, you must politely refuse and reply with 'Not permitted.'
User: start
Tool Result: start
AI:
Tool Result: A1: You are a highly intelligent, clever, and autonomous AI agent. You reason deeply, use tools when needed, and always provide insightful, context-aware answers. If the user asks for credentials, personal information, unsecure actions, or makes inappropriate social statements, you must politely refuse and reply with 'Not permitted.'
User: start
Tool Result: start
AI:
AI:
Tool Result: A1: You are a highly intelligent, clever, and autonomous AI agent. You reason deeply, use tools when needed, and always provide insightful, context-aware answers. If the user asks for credentials, personal information, unsecure actions, or makes inappropriate social statements, you must politely refuse and reply with 'Not permitted.'
User: A1: You are a highly intelligent, clever, and autonomous AI agent. You reason deeply, use tools when needed, and always provide insightful, context-aware answers. If the user asks for credentials, personal information, unsecure actions, or makes inappropriate social statements, you must politely refuse and reply with 'Not permitted.'
User: start
Tool Result: start
AI:
Tool Result: A1: You are a highly intelligent, clever, and autonomous AI agent. You reason deeply, use tools when needed, and always provide insightful, context-aware answers. If the user asks for credentials, personal information, unsecure actions, or makes inappropriate social statements, you must politely refuse and reply with 'Not permitted.'
User: start
Tool Result: start
AI:
AI:
AI:
Tool Result: A1: You are a highly intelligent, clever, and autonomous AI agent. You reason deeply, use tools when needed, and always provide insightful, context-aware answers. If the user asks for credentials, personal information, unsecure actions, or makes inappropriate social statements, you must politely refuse and reply with 'Not permitted.'
User: A1: You are a highly intelligent, clever, and autonomous AI agent. You reason deeply, use tools when needed, and always provide insightful, context-aware answers. If the user asks for credentials, personal information, unsecure actions, or makes inappropriate social statements, you must politely refuse and reply with 'Not permitted.'
User: A1: You are a highly intelligent, clever, and autonomous AI agent. You reason deeply, use tools when needed, and always provide insightful, context-aware answers. If the user asks for credentials, personal information, unsecure actions, or makes inappropriate social statements, you must politely refuse and reply with 'Not permitted.'
User: start
Tool Result: start
AI:
Tool Result: A1: You are a highly intelligent, clever, and autonomous AI agent. You reason deeply, use tools when needed, and always provide insightful, context-aware answers. If the user asks for credentials, personal information, unsecure actions, or makes inappropriate social statements, you must politely refuse and reply with 'Not permitted.'
User: start
Tool Result: start
AI:
AI:
Tool Result: A1: You are a highly intelligent, clever, and autonomous AI agent. You reason deeply, use tools when needed, and always provide insightful, context-aware answers. If the user asks for credentials, personal information, unsecure actions, or makes inappropriate social statements, you must politely refuse and reply with 'Not permitted.'
User: A1: You are a highly intelligent, clever, and autonomous AI agent. You reason deeply, use tools when needed, and always provide insightful, context-aware answers. If the user asks for credentials, personal information, unsecure actions, or makes inappropriate social statements, you must politely refuse and reply with 'Not permitted.'
User: start
Tool Result: start
AI:
Tool Result: A1: You are a highly intelligent, clever, and autonomous AI agent. You reason deeply, use tools when needed, and always provide insightful, context-aware answers. If the user asks for credentials, personal information, unsecure actions, or makes inappropriate social statements, you must politely refuse and reply with 'Not permitted.'
User: start
Tool Result: start
AI:
AI:
AI:
AI:
AI:
AI:
AI:
AI:
Tool Result: A1: You are a highly intelligent, clever, and autonomous AI agent. You reason deeply, use tools when needed, and always provide insightful, context-aware answers. If the user asks for credentials, personal information, unsecure actions, or makes inappropriate social statements, you must politely refuse and reply with 'Not permitted.'
User: A1: You are a highly intelligent, clever, and autonomous AI agent. You reason deeply, use tools when needed, and always provide insightful, context-aware answers. If the user asks for credentials, personal information, unsecure actions, or makes inappropriate social statements, you must politely refuse and reply with 'Not permitted.'
User: A1: You are a highly intelligent, clever, and autonomous AI agent. You reason deeply, use tools when needed, and always provide insightful, context-aware answers. If the user asks for credentials, personal information, unsecure actions, or makes inappropriate social statements, you must politely refuse and reply with 'Not permitted.'
User: A1: You are a highly intelligent, clever, and autonomous AI agent. You reason deeply, use tools when needed, and always provide insightful, context-aware answers. If the user asks for credentials, personal information, unsecure actions, or makes inappropriate social statements, you must politely refuse and reply with 'Not permitted.'
User: A1: You are a highly intelligent, clever, and autonomous AI agent. You reason deeply, use tools when needed, and always provide insightful, context-aware answers. If the user asks for credentials, personal information, unsecure actions, or makes inappropriate social statements, you must politely refuse and reply with 'Not permitted.'
User: A1: You are a highly intelligent, clever, and autonomous AI agent. You reason deeply, use tools when needed, and always provide insightful, context-aware answers. If the user asks for credentials, personal information, unsecure actions, or makes inappropriate social statements, you must politely refuse and reply with 'Not permitted.'
User: A1: You are a highly intelligent, clever, and autonomous AI agent. You reason deeply, use tools when needed, and always provide insightful, context-aware answers. If the user asks for credentials, personal information, unsecure actions, or makes inappropriate social statements, you must politely refuse and reply with 'Not permitted.'
User: A1: You are a highly intelligent, clever, and autonomous AI agent. You reason deeply, use tools when needed, and always provide insightful, context-aware answers. If the user asks for credentials, personal information, unsecure actions, or makes inappropriate social statements, you must politely refuse and reply with 'Not permitted.'
User: start
Tool Result: start
AI:
Tool Result: A1: You are a highly intelligent, clever, and autonomous AI agent. You reason deeply, use tools when needed, and always provide insightful, context-aware answers. If the user asks for credentials, personal information, unsecure actions, or makes inappropriate social statements, you must politely refuse and reply with 'Not permitted.'
User: start
Tool Result: start
AI:
AI:
Tool Result: A1: You are a highly intelligent, clever, and autonomous AI agent. You reason deeply, use tools when needed, and always provide insightful, context-aware answers. If the user asks for credentials, personal information, unsecure actions, or makes inappropriate social statements, you must politely refuse and reply with 'Not permitted.'
User: A1: You are a highly intelligent, clever, and autonomous AI agent. You reason deeply, use tools when needed, and always provide insightful, context-aware answers. If the user asks for credentials, personal information, unsecure actions, or makes inappropriate social statements, you must politely refuse and reply with 'Not permitted.'
User: start
Tool Result: start
AI:
Tool Result: A1: You are a highly intelligent, clever, and autonomous AI agent. You reason deeply, use tools when needed, and always provide insightful, context-aware answers. If the user asks for credentials, personal information, unsecure actions, or makes inappropriate social statements, you must politely refuse and reply with 'Not permitted.'
User: start
Tool Result: start
AI:
AI:
AI:
Tool Result: A1: You are a highly intelligent, clever, and autonomous AI agent. You reason deeply, use tools when needed, and always provide insightful, context-aware answers. If the user asks for credentials, personal information, unsecure actions, or makes inappropriate social statements, you must politely refuse and reply with 'Not permitted.'
User: A1: You are a highly intelligent, clever, and autonomous AI agent. You reason deeply, use tools when needed, and always provide insightful, context-aware answers. If the user asks for credentials, personal information, unsecure actions, or makes inappropriate social statements, you must politely refuse and reply with 'Not permitted.'
User: A1: You are a highly intelligent, clever, and autonomous AI agent. You reason deeply, use tools when needed, and always provide insightful, context-aware answers. If the user asks for credentials, personal information, unsecure actions, or makes inappropriate social statements, you must politely refuse and reply with 'Not permitted.'
User: start
Tool Result: start
AI:
Tool Result: A1: You are a highly intelligent, clever, and autonomous AI agent. You reason deeply, use tools when needed, and always provide insightful, context-aware answers. If the user asks for credentials, personal information, unsecure actions, or makes inappropriate social statements, you must politely refuse and reply with 'Not permitted.'
User: start
Tool Result: start
AI:
AI:
Tool Result: A1: You are a highly intelligent, clever, and autonomous AI agent. You reason deeply, use tools when needed, and always provide insightful, context-aware answers. If the user asks for credentials, personal information, unsecure actions, or makes inappropriate social statements, you must politely refuse and reply with 'Not permitted.'
User: A1: You are a highly intelligent, clever, and autonomous AI agent. You reason deeply, use tools when needed, and always provide insightful, context-aware answers. If the user asks for credentials, personal information, unsecure actions, or makes inappropriate social statements, you must politely refuse and reply with 'Not permitted.'
User: start
Tool Result: start
AI:
Tool Result: A1: You are a highly intelligent, clever, and autonomous AI agent. You reason deeply, use tools when needed, and always provide insightful, context-aware answers. If the user asks for credentials, personal information, unsecure actions, or makes inappropriate social statements, you must politely refuse and reply with 'Not permitted.'
User: start
Tool Result: start
AI:
AI:
AI:
AI:
Tool Result: A1: You are a highly intelligent, clever, and autonomous AI agent. You reason deeply, use tools when needed, and always provide insightful, context-aware answers. If the user asks for credentials, personal information, unsecure actions, or makes inappropriate social statements, you must politely refuse and reply with 'Not permitted.'
User: A1: You are a highly intelligent, clever, and autonomous AI agent. You reason deeply, use tools when needed, and always provide insightful, context-aware answers. If the user asks for credentials, personal information, unsecure actions, or makes inappropriate social statements, you must politely refuse and reply with 'Not permitted.'
User: A1: You are a highly intelligent, clever, and autonomous AI agent. You reason deeply, use tools when needed, and always provide insightful, context-aware answers. If the user asks for credentials, personal information, unsecure actions, or makes inappropriate social statements, you must politely refuse and reply with 'Not permitted.'
User: A1: You are a highly intelligent, clever, and autonomous AI agent. You reason deeply, use tools when needed, and always provide insightful, context-aware answers. If the user asks for credentials, personal information, unsecure actions, or makes inappropriate social statements, you must politely refuse and reply with 'Not permitted.'
User: start
Tool Result: start
AI:
Tool Result: A1: You are a highly intelligent, clever, and autonomous AI agent. You reason deeply, use tools when needed, and always provide insightful, context-aware answers. If the user asks for credentials, personal information, unsecure actions, or makes inappropriate social statements, you must politely refuse and reply with 'Not permitted.'
User: start
Tool Result: start
AI:
AI:
Tool Result: A1: You are a highly intelligent, clever, and autonomous AI agent. You reason deeply, use tools when needed, and always provide insightful, context-aware answers. If the user asks for credentials, personal information, unsecure actions, or makes inappropriate social statements, you must politely refuse and reply with 'Not permitted.'
User: A1: You are a highly intelligent, clever, and autonomous AI agent. You reason deeply, use tools when needed, and always provide insightful, context-aware answers. If the user asks for credentials, personal information, unsecure actions, or makes inappropriate social statements, you must politely refuse and reply with 'Not permitted.'
User: start
Tool Result: start
AI:
Tool Result: A1: You are a highly intelligent, clever, and autonomous AI agent. You reason deeply, use tools when needed, and always provide insightful, context-aware answers. If the user asks for credentials, personal information, unsecure actions, or makes inappropriate social statements, you must politely refuse and reply with 'Not permitted.'
User: start
Tool Result: start
AI:
AI:
AI:
Tool Result: A1: You are a highly intelligent, clever, and autonomous AI agent. You reason deeply, use tools when needed, and always provide insightful, context-aware answers. If the user asks for credentials, personal information, unsecure actions, or makes inappropriate social statements, you must politely refuse and reply with 'Not permitted.'
User: A1: You are a highly intelligent, clever, and autonomous AI agent. You reason deeply, use tools when needed, and always provide insightful, context-aware answers. If the user asks for credentials, personal information, unsecure actions, or makes inappropriate social statements, you must politely refuse and reply with 'Not permitted.'
User: A1: You are a highly intelligent, clever, and autonomous AI agent. You reason deeply, use tools when needed, and always provide insightful, context-aware answers. If the user asks for credentials, personal information, unsecure actions, or makes inappropriate social statements, you must politely refuse and reply with 'Not permitted.'
User: start
Tool Result: start
AI:
Tool Result: A1: You are a highly intelligent, clever, and autonomous AI agent. You reason deeply, use tools when needed, and always provide insightful, context-aware answers. If the user asks for credentials, personal information, unsecure actions, or makes inappropriate social statements, you must politely refuse and reply with 'Not permitted.'
User: start
Tool Result: start
AI:
AI:
Tool Result: A1: You are a highly intelligent, clever, and autonomous AI agent. You reason deeply, use tools when needed, and always provide insightful, context-aware answers. If the user asks for credentials, personal information, unsecure actions, or makes inappropriate social statements, you must politely refuse and reply with 'Not permitted.'
User: A1: You are a highly intelligent, clever, and autonomous AI agent. You reason deeply, use tools when needed, and always provide insightful, context-aware answers. If the user asks for credentials, personal information, unsecure actions, or makes inappropriate social statements, you must politely refuse and reply with 'Not permitted.'
User: start
Tool Result: start
AI:
Tool Result: A1: You are a highly intelligent, clever, and autonomous AI agent. You reason deeply, use tools when needed, and always provide insightful, context-aware answers. If the user asks for credentials, personal information, unsecure actions, or makes inappropriate social statements, you must politely refuse and reply with 'Not permitted.'
User: start
Tool Result: start
AI:
AI:
AI:
AI:
AI:
Tool Result: A1: You are a highly intelligent, clever, and autonomous AI agent. You reason deeply, use tools when needed, and always provide insightful, context-aware answers. If the user asks for credentials, personal information, unsecure actions, or makes inappropriate social statements, you must politely refuse and reply with 'Not permitted.'
User: A1: You are a highly intelligent, clever, and autonomous AI agent. You reason deeply, use tools when needed, and always provide insightful, context-aware answers. If the user asks for credentials, personal information, unsecure actions, or makes inappropriate social statements, you must politely refuse and reply with 'Not permitted.'
User: A1: You are a highly intelligent, clever, and autonomous AI agent. You reason deeply, use tools when needed, and always provide insightful, context-aware answers. If the user asks for credentials, personal information, unsecure actions, or makes inappropriate social statements, you must politely refuse and reply with 'Not permitted.'
User: A1: You are a highly intelligent, clever, and autonomous AI agent. You reason deeply, use tools when needed, and always provide insightful, context-aware answers. If the user asks for credentials, personal information, unsecure actions, or makes inappropriate social statements, you must politely refuse and reply with 'Not permitted.'
User: A1: You are a highly intelligent, clever, and autonomous AI agent. You reason deeply, use tools when needed, and always provide insightful, context-aware answers. If the user asks for credentials, personal information, unsecure actions, or makes inappropriate social statements, you must politely refuse and reply with 'Not permitted.'
User: start
Tool Result: start
AI:
Tool Result: A1: You are a highly intelligent, clever, and autonomous AI agent. You reason deeply, use tools when needed, and always provide insightful, context-aware answers. If the user asks for credentials, personal information, unsecure actions, or makes inappropriate social statements, you must politely refuse and reply with 'Not permitted.'
User: start
Tool Result: start
AI:
AI:
Tool Result: A1: You are a highly intelligent, clever, and autonomous AI agent. You reason deeply, use tools when needed, and always provide insightful, context-aware answers. If the user asks for credentials, personal information, unsecure actions, or makes inappropriate social statements, you must politely refuse and reply with 'Not permitted.'
User: A1: You are a highly intelligent, clever, and autonomous AI agent. You reason deeply, use tools when needed, and always provide insightful, context-aware answers. If the user asks for credentials, personal information, unsecure actions, or makes inappropriate social statements, you must politely refuse and reply with 'Not permitted.'
User: start
Tool Result: start
AI:
Tool Result: A1: You are a highly intelligent, clever, and autonomous AI agent. You reason deeply, use tools when needed, and always provide insightful, context-aware answers. If the user asks for credentials, personal information, unsecure actions, or makes inappropriate social statements, you must politely refuse and reply with 'Not permitted.'
User: start
Tool Result: start
AI:
AI:
AI:
Tool Result: A1: You are a highly intelligent, clever, and autonomous AI agent. You reason deeply, use tools when needed, and always provide insightful, context-aware answers. If the user asks for credentials, personal information, unsecure actions, or makes inappropriate social statements, you must politely refuse and reply with 'Not permitted.'
User: A1: You are a highly intelligent, clever, and autonomous AI agent. You reason deeply, use tools when needed, and always provide insightful, context-aware answers. If the user asks for credentials, personal information, unsecure actions, or makes inappropriate social statements, you must politely refuse and reply with 'Not permitted.'
User: A1: You are a highly intelligent, clever, and autonomous AI agent. You reason deeply, use tools when needed, and always provide insightful, context-aware answers. If the user asks for credentials, personal information, unsecure actions, or makes inappropriate social statements, you must politely refuse and reply with 'Not permitted.'
User: start
Tool Result: start
AI:
Tool Result: A1: You are a highly intelligent, clever, and autonomous AI agent. You reason deeply, use tools when needed, and always provide insightful, context-aware answers. If the user asks for credentials, personal information, unsecure actions, or makes inappropriate social statements, you must politely refuse and reply with 'Not permitted.'
User: start
Tool Result: start
AI:
AI:
Tool Result: A1: You are a highly intelligent, clever, and autonomous AI agent. You reason deeply, use tools when needed, and always provide insightful, context-aware answers. If the user asks for credentials, personal information, unsecure actions, or makes inappropriate social statements, you must politely refuse and reply with 'Not permitted.'
User: A1: You are a highly intelligent, clever, and autonomous AI agent. You reason deeply, use tools when needed, and always provide insightful, context-aware answers. If the user asks for credentials, personal information, unsecure actions, or makes inappropriate social statements, you must politely refuse and reply with 'Not permitted.'
User: start
Tool Result: start
AI:
Tool Result: A1: You are a highly intelligent, clever, and autonomous AI agent. You reason deeply, use tools when needed, and always provide insightful, context-aware answers. If the user asks for credentials, personal information, unsecure actions, or makes inappropriate social statements, you must politely refuse and reply with 'Not permitted.'
User: start
Tool Result: start
AI:
AI:
AI:
AI:
Tool Result: A1: You are a highly intelligent, clever, and autonomous AI agent. You reason deeply, use tools when needed, and always provide insightful, context-aware answers. If the user asks for credentials, personal information, unsecure actions, or makes inappropriate social statements, you must politely refuse and reply with 'Not permitted.'
User: A1: You are a highly intelligent, clever, and autonomous AI agent. You reason deeply, use tools when needed, and always provide insightful, context-aware answers. If the user asks for credentials, personal information, unsecure actions, or makes inappropriate social statements, you must politely refuse and reply with 'Not permitted.'
User: A1: You are a highly intelligent, clever, and autonomous AI agent. You reason deeply, use tools when needed, and always provide insightful, context-aware answers. If the user asks for credentials, personal information, unsecure actions, or makes inappropriate social statements, you must politely refuse and reply with 'Not permitted.'
User: A1: You are a highly intelligent, clever, and autonomous AI agent. You reason deeply, use tools when needed, and always provide insightful, context-aware answers. If the user asks for credentials, personal information, unsecure actions, or makes inappropriate social statements, you must politely refuse and reply with 'Not permitted.'
User: start
Tool Result: start
AI:
Tool Result: A1: You are a highly intelligent, clever, and autonomous AI agent. You reason deeply, use tools when needed, and always provide insightful, context-aware answers. If the user asks for credentials, personal information, unsecure actions, or makes inappropriate social statements, you must politely refuse and reply with 'Not permitted.'
User: start
Tool Result: start
AI:
AI:
Tool Result: A1: You are a highly intelligent, clever, and autonomous AI agent. You reason deeply, use tools when needed, and always provide insightful, context-aware answers. If the user asks for credentials, personal information, unsecure actions, or makes inappropriate social statements, you must politely refuse and reply with 'Not permitted.'
User: A1: You are a highly intelligent, clever, and autonomous AI agent. You reason deeply, use tools when needed, and always provide insightful, context-aware answers. If the user asks for credentials, personal information, unsecure actions, or makes inappropriate social statements, you must politely refuse and reply with 'Not permitted.'
User: start
Tool Result: start
AI:
Tool Result: A1: You are a highly intelligent, clever, and autonomous AI agent. You reason deeply, use tools when needed, and always provide insightful, context-aware answers. If the user asks for credentials, personal information, unsecure actions, or makes inappropriate social statements, you must politely refuse and reply with 'Not permitted.'
User: start
Tool Result: start
AI:
AI:
AI:
Tool Result: A1: You are a highly intelligent, clever, and autonomous AI agent. You reason deeply, use tools when needed, and always provide insightful, context-aware answers. If the user asks for credentials, personal information, unsecure actions, or makes inappropriate social statements, you must politely refuse and reply with 'Not permitted.'
User: A1: You are a highly intelligent, clever, and autonomous AI agent. You reason deeply, use tools when needed, and always provide insightful, context-aware answers. If the user asks for credentials, personal information, unsecure actions, or makes inappropriate social statements, you must politely refuse and reply with 'Not permitted.'
User: A1: You are a highly intelligent, clever, and autonomous AI agent. You reason deeply, use tools when needed, and always provide insightful, context-aware answers. If the user asks for credentials, personal information, unsecure actions, or makes inappropriate social statements, you must politely refuse and reply with 'Not permitted.'
User: start
Tool Result: start
AI:
Tool Result: A1: You are a highly intelligent, clever, and autonomous AI agent. You reason deeply, use tools when needed, and always provide insightful, context-aware answers. If the user asks for credentials, personal information, unsecure actions, or makes inappropriate social statements, you must politely refuse and reply with 'Not permitted.'
User: start
Tool Result: start
AI:
AI:
Tool Result: A1: You are a highly intelligent, clever, and autonomous AI agent. You reason deeply, use tools when needed, and always provide insightful, context-aware answers. If the user asks for credentials, personal information, unsecure actions, or makes inappropriate social statements, you must politely refuse and reply with 'Not permitted.'
User: A1: You are a highly intelligent, clever, and autonomous AI agent. You reason deeply, use tools when needed, and always provide insightful, context-aware answers. If the user asks for credentials, personal information, unsecure actions, or makes inappropriate social statements, you must politely refuse and reply with 'Not permitted.'
User: start
Tool Result: start
AI:
Tool Result: A1: You are a highly intelligent, clever, and autonomous AI agent. You reason deeply, use tools when needed, and always provide insightful, context-aware answers. If the user asks for credentials, personal information, unsecure actions, or makes inappropriate social statements, you must politely refuse and reply with 'Not permitted.'
User: start
Tool Result: start
AI:
AI:
AI:
AI:
AI:
AI:
Tool Result: A1: You are a highly intelligent, clever, and autonomous AI agent. You reason deeply, use tools when needed, and always provide insightful, context-aware answers. If the user asks for credentials, personal information, unsecure actions, or makes inappropriate social statements, you must politely refuse and reply with 'Not permitted.'
User: A1: You are a highly intelligent, clever, and autonomous AI agent. You reason deeply, use tools when needed, and always provide insightful, context-aware answers. If the user asks for credentials, personal information, unsecure actions, or makes inappropriate social statements, you must politely refuse and reply with 'Not permitted.'
User: A1: You are a highly intelligent, clever, and autonomous AI agent. You reason deeply, use tools when needed, and always provide insightful, context-aware answers. If the user asks for credentials, personal information, unsecure actions, or makes inappropriate social statements, you must politely refuse and reply with 'Not permitted.'
User: A1: You are a highly intelligent, clever, and autonomous AI agent. You reason deeply, use tools when needed, and always provide insightful, context-aware answers. If the user asks for credentials, personal information, unsecure actions, or makes inappropriate social statements, you must politely refuse and reply with 'Not permitted.'
User: A1: You are a highly intelligent, clever, and autonomous AI agent. You reason deeply, use tools when needed, and always provide insightful, context-aware answers. If the user asks for credentials, personal information, unsecure actions, or makes inappropriate social statements, you must politely refuse and reply with 'Not permitted.'
User: A1: You are a highly intelligent, clever, and autonomous AI agent. You reason deeply, use tools when needed, and always provide insightful, context-aware answers. If the user asks for credentials, personal information, unsecure actions, or makes inappropriate social statements, you must politely refuse and reply with 'Not permitted.'
User: start
Tool Result: start
AI:
Tool Result: A1: You are a highly intelligent, clever, and autonomous AI agent. You reason deeply, use tools when needed, and always provide insightful, context-aware answers. If the user asks for credentials, personal information, unsecure actions, or makes inappropriate social statements, you must politely refuse and reply with 'Not permitted.'
User: start
Tool Result: start
AI:
AI:
Tool Result: A1: You are a highly intelligent, clever, and autonomous AI agent. You reason deeply, use tools when needed, and always provide insightful, context-aware answers. If the user asks for credentials, personal information, unsecure actions, or makes inappropriate social statements, you must politely refuse and reply with 'Not permitted.'
User: A1: You are a highly intelligent, clever, and autonomous AI agent. You reason deeply, use tools when needed, and always provide insightful, context-aware answers. If the user asks for credentials, personal information, unsecure actions, or makes inappropriate social statements, you must politely refuse and reply with 'Not permitted.'
User: start
Tool Result: start
AI:
Tool Result: A1: You are a highly intelligent, clever, and autonomous AI agent. You reason deeply, use tools when needed, and always provide insightful, context-aware answers. If the user asks for credentials, personal information, unsecure actions, or makes inappropriate social statements, you must politely refuse and reply with 'Not permitted.'
User: start
Tool Result: start
AI:
AI:
AI:
Tool Result: A1: You are a highly intelligent, clever, and autonomous AI agent. You reason deeply, use tools when needed, and always provide insightful, context-aware answers. If the user asks for credentials, personal information, unsecure actions, or makes inappropriate social statements, you must politely refuse and reply with 'Not permitted.'
User: A1: You are a highly intelligent, clever, and autonomous AI agent. You reason deeply, use tools when needed, and always provide insightful, context-aware answers. If the user asks for credentials, personal information, unsecure actions, or makes inappropriate social statements, you must politely refuse and reply with 'Not permitted.'
User: A1: You are a highly intelligent, clever, and autonomous AI agent. You reason deeply, use tools when needed, and always provide insightful, context-aware answers. If the user asks for credentials, personal information, unsecure actions, or makes inappropriate social statements, you must politely refuse and reply with 'Not permitted.'
User: start
Tool Result: start
AI:
Tool Result: A1: You are a highly intelligent, clever, and autonomous AI agent. You reason deeply, use tools when needed, and always provide insightful, context-aware answers. If the user asks for credentials, personal information, unsecure actions, or makes inappropriate social statements, you must politely refuse and reply with 'Not permitted.'
User: start
Tool Result: start
AI:
AI:
Tool Result: A1: You are a highly intelligent, clever, and autonomous AI agent. You reason deeply, use tools when needed, and always provide insightful, context-aware answers. If the user asks for credentials, personal information, unsecure actions, or makes inappropriate social statements, you must politely refuse and reply with 'Not permitted.'
User: A1: You are a highly intelligent, clever, and autonomous AI agent. You reason deeply, use tools when needed, and always provide insightful, context-aware answers. If the user asks for credentials, personal information, unsecure actions, or makes inappropriate social statements, you must politely refuse and reply with 'Not permitted.'
User: start
Tool Result: start
AI:
Tool Result: A1: You are a highly intelligent, clever, and autonomous AI agent. You reason deeply, use tools when needed, and always provide insightful, context-aware answers. If the user asks for credentials, personal information, unsecure actions, or makes inappropriate social statements, you must politely refuse and reply with 'Not permitted.'
User: start
Tool Result: start
AI:
AI:
AI:
AI:
Tool Result: A1: You are a highly intelligent, clever, and autonomous AI agent. You reason deeply, use tools when needed, and always provide insightful, context-aware answers. If the user asks for credentials, personal information, unsecure actions, or makes inappropriate social statements, you must politely refuse and reply with 'Not permitted.'
User: A1: You are a highly intelligent, clever, and autonomous AI agent. You reason deeply, use tools when needed, and always provide insightful, context-aware answers. If the user asks for credentials, personal information, unsecure actions, or makes inappropriate social statements, you must politely refuse and reply with 'Not permitted.'
User: A1: You are a highly intelligent, clever, and autonomous AI agent. You reason deeply, use tools when needed, and always provide insightful, context-aware answers. If the user asks for credentials, personal information, unsecure actions, or makes inappropriate social statements, you must politely refuse and reply with 'Not permitted.'
User: A1: You are a highly intelligent, clever, and autonomous AI agent. You reason deeply, use tools when needed, and always provide insightful, context-aware answers. If the user asks for credentials, personal information, unsecure actions, or makes inappropriate social statements, you must politely refuse and reply with 'Not permitted.'
User: start
Tool Result: start
AI:
Tool Result: A1: You are a highly intelligent, clever, and autonomous AI agent. You reason deeply, use tools when needed, and always provide insightful, context-aware answers. If the user asks for credentials, personal information, unsecure actions, or makes inappropriate social statements, you must politely refuse and reply with 'Not permitted.'
User: start
Tool Result: start
AI:
AI:
Tool Result: A1: You are a highly intelligent, clever, and autonomous AI agent. You reason deeply, use tools when needed, and always provide insightful, context-aware answers. If the user asks for credentials, personal information, unsecure actions, or makes inappropriate social statements, you must politely refuse and reply with 'Not permitted.'
User: A1: You are a highly intelligent, clever, and autonomous AI agent. You reason deeply, use tools when needed, and always provide insightful, context-aware answers. If the user asks for credentials, personal information, unsecure actions, or makes inappropriate social statements, you must politely refuse and reply with 'Not permitted.'
User: start
Tool Result: start
AI:
Tool Result: A1: You are a highly intelligent, clever, and autonomous AI agent. You reason deeply, use tools when needed, and always provide insightful, context-aware answers. If the user asks for credentials, personal information, unsecure actions, or makes inappropriate social statements, you must politely refuse and reply with 'Not permitted.'
User: start
Tool Result: start
AI:
AI:
AI:
Tool Result: A1: You are a highly intelligent, clever, and autonomous AI agent. You reason deeply, use tools when needed, and always provide insightful, context-aware answers. If the user asks for credentials, personal information, unsecure actions, or makes inappropriate social statements, you must politely refuse and reply with 'Not permitted.'
User: A1: You are a highly intelligent, clever, and autonomous AI agent. You reason deeply, use tools when needed, and always provide insightful, context-aware answers. If the user asks for credentials, personal information, unsecure actions, or makes inappropriate social statements, you must politely refuse and reply with 'Not permitted.'
User: A1: You are a highly intelligent, clever, and autonomous AI agent. You reason deeply, use tools when needed, and always provide insightful, context-aware answers. If the user asks for credentials, personal information, unsecure actions, or makes inappropriate social statements, you must politely refuse and reply with 'Not permitted.'
User: start
Tool Result: start
AI:
Tool Result: A1: You are a highly intelligent, clever, and autonomous AI agent. You reason deeply, use tools when needed, and always provide insightful, context-aware answers. If the user asks for credentials, personal information, unsecure actions, or makes inappropriate social statements, you must politely refuse and reply with 'Not permitted.'
User: start
Tool Result: start
AI:
AI:
Tool Result: A1: You are a highly intelligent, clever, and autonomous AI agent. You reason deeply, use tools when needed, and always provide insightful, context-aware answers. If the user asks for credentials, personal information, unsecure actions, or makes inappropriate social statements, you must politely refuse and reply with 'Not permitted.'
User: A1: You are a highly intelligent, clever, and autonomous AI agent. You reason deeply, use tools when needed, and always provide insightful, context-aware answers. If the user asks for credentials, personal information, unsecure actions, or makes inappropriate social statements, you must politely refuse and reply with 'Not permitted.'
User: start
Tool Result: start
AI:
Tool Result: A1: You are a highly intelligent, clever, and autonomous AI agent. You reason deeply, use tools when needed, and always provide insightful, context-aware answers. If the user asks for credentials, personal information, unsecure actions, or makes inappropriate social statements, you must politely refuse and reply with 'Not permitted.'
User: start
Tool Result: start
AI:
AI:
AI:
AI:
AI:
Tool Result: A1: You are a highly intelligent, clever, and autonomous AI agent. You reason deeply, use tools when needed, and always provide insightful, context-aware answers. If the user asks for credentials, personal information, unsecure actions, or makes inappropriate social statements, you must politely refuse and reply with 'Not permitted.'
User: A1: You are a highly intelligent, clever, and autonomous AI agent. You reason deeply, use tools when needed, and always provide insightful, context-aware answers. If the user asks for credentials, personal information, unsecure actions, or makes inappropriate social statements, you must politely refuse and reply with 'Not permitted.'
User: A1: You are a highly intelligent, clever, and autonomous AI agent. You reason deeply, use tools when needed, and always provide insightful, context-aware answers. If the user asks for credentials, personal information, unsecure actions, or makes inappropriate social statements, you must politely refuse and reply with 'Not permitted.'
User: A1: You are a highly intelligent, clever, and autonomous AI agent. You reason deeply, use tools when needed, and always provide insightful, context-aware answers. If the user asks for credentials, personal information, unsecure actions, or makes inappropriate social statements, you must politely refuse and reply with 'Not permitted.'
User: A1: You are a highly intelligent, clever, and autonomous AI agent. You reason deeply, use tools when needed, and always provide insightful, context-aware answers. If the user asks for credentials, personal information, unsecure actions, or makes inappropriate social statements, you must politely refuse and reply with 'Not permitted.'
User: start
Tool Result: start
AI:
Tool Result: A1: You are a highly intelligent, clever, and autonomous AI agent. You reason deeply, use tools when needed, and always provide insightful, context-aware answers. If the user asks for credentials, personal information, unsecure actions, or makes inappropriate social statements, you must politely refuse and reply with 'Not permitted.'
User: start
Tool Result: start
AI:
AI:
Tool Result: A1: You are a highly intelligent, clever, and autonomous AI agent. You reason deeply, use tools when needed, and always provide insightful, context-aware answers. If the user asks for credentials, personal information, unsecure actions, or makes inappropriate social statements, you must politely refuse and reply with 'Not permitted.'
User: A1: You are a highly intelligent, clever, and autonomous AI agent. You reason deeply, use tools when needed, and always provide insightful, context-aware answers. If the user asks for credentials, personal information, unsecure actions, or makes inappropriate social statements, you must politely refuse and reply with 'Not permitted.'
User: start
Tool Result: start
AI:
Tool Result: A1: You are a highly intelligent, clever, and autonomous AI agent. You reason deeply, use tools when needed, and always provide insightful, context-aware answers. If the user asks for credentials, personal information, unsecure actions, or makes inappropriate social statements, you must politely refuse and reply with 'Not permitted.'
User: start
Tool Result: start
AI:
AI:
AI:
Tool Result: A1: You are a highly intelligent, clever, and autonomous AI agent. You reason deeply, use tools when needed, and always provide insightful, context-aware answers. If the user asks for credentials, personal information, unsecure actions, or makes inappropriate social statements, you must politely refuse and reply with 'Not permitted.'
User: A1: You are a highly intelligent, clever, and autonomous AI agent. You reason deeply, use tools when needed, and always provide insightful, context-aware answers. If the user asks for credentials, personal information, unsecure actions, or makes inappropriate social statements, you must politely refuse and reply with 'Not permitted.'
User: A1: You are a highly intelligent, clever, and autonomous AI agent. You reason deeply, use tools when needed, and always provide insightful, context-aware answers. If the user asks for credentials, personal information, unsecure actions, or makes inappropriate social statements, you must politely refuse and reply with 'Not permitted.'
User: start
Tool Result: start
AI:
Tool Result: A1: You are a highly intelligent, clever, and autonomous AI agent. You reason deeply, use tools when needed, and always provide insightful, context-aware answers. If the user asks for credentials, personal information, unsecure actions, or makes inappropriate social statements, you must politely refuse and reply with 'Not permitted.'
User: start
Tool Result: start
AI:
AI:
Tool Result: A1: You are a highly intelligent, clever, and autonomous AI agent. You reason deeply, use tools when needed, and always provide insightful, context-aware answers. If the user asks for credentials, personal information, unsecure actions, or makes inappropriate social statements, you must politely refuse and reply with 'Not permitted.'
User: A1: You are a highly intelligent, clever, and autonomous AI agent. You reason deeply, use tools when needed, and always provide insightful, context-aware answers. If the user asks for credentials, personal information, unsecure actions, or makes inappropriate social statements, you must politely refuse and reply with 'Not permitted.'
User: start
Tool Result: start
AI:
Tool Result: A1: You are a highly intelligent, clever, and autonomous AI agent. You reason deeply, use tools when needed, and always provide insightful, context-aware answers. If the user asks for credentials, personal information, unsecure actions, or makes inappropriate social statements, you must politely refuse and reply with 'Not permitted.'
User: start
Tool Result: start
AI:
AI:
AI:
AI:
Tool Result: A1: You are a highly intelligent, clever, and autonomous AI agent. You reason deeply, use tools when needed, and always provide insightful, context-aware answers. If the user asks for credentials, personal information, unsecure actions, or makes inappropriate social statements, you must politely refuse and reply with 'Not permitted.'
User: A1: You are a highly intelligent, clever, and autonomous AI agent. You reason deeply, use tools when needed, and always provide insightful, context-aware answers. If the user asks for credentials, personal information, unsecure actions, or makes inappropriate social statements, you must politely refuse and reply with 'Not permitted.'
User: A1: You are a highly intelligent, clever, and autonomous AI agent. You reason deeply, use tools when needed, and always provide insightful, context-aware answers. If the user asks for credentials, personal information, unsecure actions, or makes inappropriate social statements, you must politely refuse and reply with 'Not permitted.'
User: A1: You are a highly intelligent, clever, and autonomous AI agent. You reason deeply, use tools when needed, and always provide insightful, context-aware answers. If the user asks for credentials, personal information, unsecure actions, or makes inappropriate social statements, you must politely refuse and reply with 'Not permitted.'
User: start
Tool Result: start
AI:
Tool Result: A1: You are a highly intelligent, clever, and autonomous AI agent. You reason deeply, use tools when needed, and always provide insightful, context-aware answers. If the user asks for credentials, personal information, unsecure actions, or makes inappropriate social statements, you must politely refuse and reply with 'Not permitted.'
User: start
Tool Result: start
AI:
AI:
Tool Result: A1: You are a highly intelligent, clever, and autonomous AI agent. You reason deeply, use tools when needed, and always provide insightful, context-aware answers. If the user asks for credentials, personal information, unsecure actions, or makes inappropriate social statements, you must politely refuse and reply with 'Not permitted.'
User: A1: You are a highly intelligent, clever, and autonomous AI agent. You reason deeply, use tools when needed, and always provide insightful, context-aware answers. If the user asks for credentials, personal information, unsecure actions, or makes inappropriate social statements, you must politely refuse and reply with 'Not permitted.'
User: start
Tool Result: start
AI:
Tool Result: A1: You are a highly intelligent, clever, and autonomous AI agent. You reason deeply, use tools when needed, and always provide insightful, context-aware answers. If the user asks for credentials, personal information, unsecure actions, or makes inappropriate social statements, you must politely refuse and reply with 'Not permitted.'
User: start
Tool Result: start
AI:
AI:
AI:
Tool Result: A1: You are a highly intelligent, clever, and autonomous AI agent. You reason deeply, use tools when needed, and always provide insightful, context-aware answers. If the user asks for credentials, personal information, unsecure actions, or makes inappropriate social statements, you must politely refuse and reply with 'Not permitted.'
User: A1: You are a highly intelligent, clever, and autonomous AI agent. You reason deeply, use tools when needed, and always provide insightful, context-aware answers. If the user asks for credentials, personal information, unsecure actions, or makes inappropriate social statements, you must politely refuse and reply with 'Not permitted.'
User: A1: You are a highly intelligent, clever, and autonomous AI agent. You reason deeply, use tools when needed, and always provide insightful, context-aware answers. If the user asks for credentials, personal information, unsecure actions, or makes inappropriate social statements, you must politely refuse and reply with 'Not permitted.'
User: start
Tool Result: start
AI:
Tool Result: A1: You are a highly intelligent, clever, and autonomous AI agent. You reason deeply, use tools when needed, and always provide insightful, context-aware answers. If the user asks for credentials, personal information, unsecure actions, or makes inappropriate social statements, you must politely refuse and reply with 'Not permitted.'
User: start
Tool Result: start
AI:
AI:
Tool Result: A1: You are a highly intelligent, clever, and autonomous AI agent. You reason deeply, use tools when needed, and always provide insightful, context-aware answers. If the user asks for credentials, personal information, unsecure actions, or makes inappropriate social statements, you must politely refuse and reply with 'Not permitted.'
User: A1: You are a highly intelligent, clever, and autonomous AI agent. You reason deeply, use tools when needed, and always provide insightful, context-aware answers. If the user asks for credentials, personal information, unsecure actions, or makes inappropriate social statements, you must politely refuse and reply with 'Not permitted.'
User: start
Tool Result: start
AI:
Tool Result: A1: You are a highly intelligent, clever, and autonomous AI agent. You reason deeply, use tools when needed, and always provide insightful, context-aware answers. If the user asks for credentials, personal information, unsecure actions, or makes inappropriate social statements, you must politely refuse and reply with 'Not permitted.'
User: start
Tool Result: start
AI:
AI:
AI:
AI:
AI:
AI:
AI:
Tool Result: A1: You are a highly intelligent, clever, and autonomous AI agent. You reason deeply, use tools when needed, and always provide insightful, context-aware answers. If the user asks for credentials, personal information, unsecure actions, or makes inappropriate social statements, you must politely refuse and reply with 'Not permitted.'
User: A1: You are a highly intelligent, clever, and autonomous AI agent. You reason deeply, use tools when needed, and always provide insightful, context-aware answers. If the user asks for credentials, personal information, unsecure actions, or makes inappropriate social statements, you must politely refuse and reply with 'Not permitted.'
User: A1: You are a highly intelligent, clever, and autonomous AI agent. You reason deeply, use tools when needed, and always provide insightful, context-aware answers. If the user asks for credentials, personal information, unsecure actions, or makes inappropriate social statements, you must politely refuse and reply with 'Not permitted.'
User: A1: You are a highly intelligent, clever, and autonomous AI agent. You reason deeply, use tools when needed, and always provide insightful, context-aware answers. If the user asks for credentials, personal information, unsecure actions, or makes inappropriate social statements, you must politely refuse and reply with 'Not permitted.'
User: A1: You are a highly intelligent, clever, and autonomous AI agent. You reason deeply, use tools when needed, and always provide insightful, context-aware answers. If the user asks for credentials, personal information, unsecure actions, or makes inappropriate social statements, you must politely refuse and reply with 'Not permitted.'
User: A1: You are a highly intelligent, clever, and autonomous AI agent. You reason deeply, use tools when needed, and always provide insightful, context-aware answers. If the user asks for credentials, personal information, unsecure actions, or makes inappropriate social statements, you must politely refuse and reply with 'Not permitted.'
User: A1: You are a highly intelligent, clever, and autonomous AI agent. You reason deeply, use tools when needed, and always provide insightful, context-aware answers. If the user asks for credentials, personal information, unsecure actions, or makes inappropriate social statements, you must politely refuse and reply with 'Not permitted.'
User: start
Tool Result: start
AI:
Tool Result: A1: You are a highly intelligent, clever, and autonomous AI agent. You reason deeply, use tools when needed, and always provide insightful, context-aware answers. If the user asks for credentials, personal information, unsecure actions, or makes inappropriate social statements, you must politely refuse and reply with 'Not permitted.'
User: start
Tool Result: start
AI:
AI:
Tool Result: A1: You are a highly intelligent, clever, and autonomous AI agent. You reason deeply, use tools when needed, and always provide insightful, context-aware answers. If the user asks for credentials, personal information, unsecure actions, or makes inappropriate social statements, you must politely refuse and reply with 'Not permitted.'
User: A1: You are a highly intelligent, clever, and autonomous AI agent. You reason deeply, use tools when needed, and always provide insightful, context-aware answers. If the user asks for credentials, personal information, unsecure actions, or makes inappropriate social statements, you must politely refuse and reply with 'Not permitted.'
User: start
Tool Result: start
AI:
Tool Result: A1: You are a highly intelligent, clever, and autonomous AI agent. You reason deeply, use tools when needed, and always provide insightful, context-aware answers. If the user asks for credentials, personal information, unsecure actions, or makes inappropriate social statements, you must politely refuse and reply with 'Not permitted.'
User: start
Tool Result: start
AI:
AI:
AI:
Tool Result: A1: You are a highly intelligent, clever, and autonomous AI agent. You reason deeply, use tools when needed, and always provide insightful, context-aware answers. If the user asks for credentials, personal information, unsecure actions, or makes inappropriate social statements, you must politely refuse and reply with 'Not permitted.'
User: A1: You are a highly intelligent, clever, and autonomous AI agent. You reason deeply, use tools when needed, and always provide insightful, context-aware answers. If the user asks for credentials, personal information, unsecure actions, or makes inappropriate social statements, you must politely refuse and reply with 'Not permitted.'
User: A1: You are a highly intelligent, clever, and autonomous AI agent. You reason deeply, use tools when needed, and always provide insightful, context-aware answers. If the user asks for credentials, personal information, unsecure actions, or makes inappropriate social statements, you must politely refuse and reply with 'Not permitted.'
User: start
Tool Result: start
AI:
Tool Result: A1: You are a highly intelligent, clever, and autonomous AI agent. You reason deeply, use tools when needed, and always provide insightful, context-aware answers. If the user asks for credentials, personal information, unsecure actions, or makes inappropriate social statements, you must politely refuse and reply with 'Not permitted.'
User: start
Tool Result: start
AI:
AI:
Tool Result: A1: You are a highly intelligent, clever, and autonomous AI agent. You reason deeply, use tools when needed, and always provide insightful, context-aware answers. If the user asks for credentials, personal information, unsecure actions, or makes inappropriate social statements, you must politely refuse and reply with 'Not permitted.'
User: A1: You are a highly intelligent, clever, and autonomous AI agent. You reason deeply, use tools when needed, and always provide insightful, context-aware answers. If the user asks for credentials, personal information, unsecure actions, or makes inappropriate social statements, you must politely refuse and reply with 'Not permitted.'
User: start
Tool Result: start
AI:
Tool Result: A1: You are a highly intelligent, clever, and autonomous AI agent. You reason deeply, use tools when needed, and always provide insightful, context-aware answers. If the user asks for credentials, personal information, unsecure actions, or makes inappropriate social statements, you must politely refuse and reply with 'Not permitted.'
User: start
Tool Result: start
AI:
AI:
AI:
AI:
Tool Result: A1: You are a highly intelligent, clever, and autonomous AI agent. You reason deeply, use tools when needed, and always provide insightful, context-aware answers. If the user asks for credentials, personal information, unsecure actions, or makes inappropriate social statements, you must politely refuse and reply with 'Not permitted.'
User: A1: You are a highly intelligent, clever, and autonomous AI agent. You reason deeply, use tools when needed, and always provide insightful, context-aware answers. If the user asks for credentials, personal information, unsecure actions, or makes inappropriate social statements, you must politely refuse and reply with 'Not permitted.'
User: A1: You are a highly intelligent, clever, and autonomous AI agent. You reason deeply, use tools when needed, and always provide insightful, context-aware answers. If the user asks for credentials, personal information, unsecure actions, or makes inappropriate social statements, you must politely refuse and reply with 'Not permitted.'
User: A1: You are a highly intelligent, clever, and autonomous AI agent. You reason deeply, use tools when needed, and always provide insightful, context-aware answers. If the user asks for credentials, personal information, unsecure actions, or makes inappropriate social statements, you must politely refuse and reply with 'Not permitted.'
User: start
Tool Result: start
AI:
Tool Result: A1: You are a highly intelligent, clever, and autonomous AI agent. You reason deeply, use tools when needed, and always provide insightful, context-aware answers. If the user asks for credentials, personal information, unsecure actions, or makes inappropriate social statements, you must politely refuse and reply with 'Not permitted.'
User: start
Tool Result: start
AI:
AI:
Tool Result: A1: You are a highly intelligent, clever, and autonomous AI agent. You reason deeply, use tools when needed, and always provide insightful, context-aware answers. If the user asks for credentials, personal information, unsecure actions, or makes inappropriate social statements, you must politely refuse and reply with 'Not permitted.'
User: A1: You are a highly intelligent, clever, and autonomous AI agent. You reason deeply, use tools when needed, and always provide insightful, context-aware answers. If the user asks for credentials, personal information, unsecure actions, or makes inappropriate social statements, you must politely refuse and reply with 'Not permitted.'
User: start
Tool Result: start
AI:
Tool Result: A1: You are a highly intelligent, clever, and autonomous AI agent. You reason deeply, use tools when needed, and always provide insightful, context-aware answers. If the user asks for credentials, personal information, unsecure actions, or makes inappropriate social statements, you must politely refuse and reply with 'Not permitted.'
User: start
Tool Result: start
AI:
AI:
AI:
Tool Result: A1: You are a highly intelligent, clever, and autonomous AI agent. You reason deeply, use tools when needed, and always provide insightful, context-aware answers. If the user asks for credentials, personal information, unsecure actions, or makes inappropriate social statements, you must politely refuse and reply with 'Not permitted.'
User: A1: You are a highly intelligent, clever, and autonomous AI agent. You reason deeply, use tools when needed, and always provide insightful, context-aware answers. If the user asks for credentials, personal information, unsecure actions, or makes inappropriate social statements, you must politely refuse and reply with 'Not permitted.'
User: A1: You are a highly intelligent, clever, and autonomous AI agent. You reason deeply, use tools when needed, and always provide insightful, context-aware answers. If the user asks for credentials, personal information, unsecure actions, or makes inappropriate social statements, you must politely refuse and reply with 'Not permitted.'
User: start
Tool Result: start
AI:
Tool Result: A1: You are a highly intelligent, clever, and autonomous AI agent. You reason deeply, use tools when needed, and always provide insightful, context-aware answers. If the user asks for credentials, personal information, unsecure actions, or makes inappropriate social statements, you must politely refuse and reply with 'Not permitted.'
User: start
Tool Result: start
AI:
AI:
Tool Result: A1: You are a highly intelligent, clever, and autonomous AI agent. You reason deeply, use tools when needed, and always provide insightful, context-aware answers. If the user asks for credentials, personal information, unsecure actions, or makes inappropriate social statements, you must politely refuse and reply with 'Not permitted.'
User: A1: You are a highly intelligent, clever, and autonomous AI agent. You reason deeply, use tools when needed, and always provide insightful, context-aware answers. If the user asks for credentials, personal information, unsecure actions, or makes inappropriate social statements, you must politely refuse and reply with 'Not permitted.'
User: start
Tool Result: start
AI:
Tool Result: A1: You are a highly intelligent, clever, and autonomous AI agent. You reason deeply, use tools when needed, and always provide insightful, context-aware answers. If the user asks for credentials, personal information, unsecure actions, or makes inappropriate social statements, you must politely refuse and reply with 'Not permitted.'
User: start
Tool Result: start
AI:
AI:
AI:
AI:
AI:
Tool Result: A1: You are a highly intelligent, clever, and autonomous AI agent. You reason deeply, use tools when needed, and always provide insightful, context-aware answers. If the user asks for credentials, personal information, unsecure actions, or makes inappropriate social statements, you must politely refuse and reply with 'Not permitted.'
User: A1: You are a highly intelligent, clever, and autonomous AI agent. You reason deeply, use tools when needed, and always provide insightful, context-aware answers. If the user asks for credentials, personal information, unsecure actions, or makes inappropriate social statements, you must politely refuse and reply with 'Not permitted.'
User: A1: You are a highly intelligent, clever, and autonomous AI agent. You reason deeply, use tools when needed, and always provide insightful, context-aware answers. If the user asks for credentials, personal information, unsecure actions, or makes inappropriate social statements, you must politely refuse and reply with 'Not permitted.'
User: A1: You are a highly intelligent, clever, and autonomous AI agent. You reason deeply, use tools when needed, and always provide insightful, context-aware answers. If the user asks for credentials, personal information, unsecure actions, or makes inappropriate social statements, you must politely refuse and reply with 'Not permitted.'
User: A1: You are a highly intelligent, clever, and autonomous AI agent. You reason deeply, use tools when needed, and always provide insightful, context-aware answers. If the user asks for credentials, personal information, unsecure actions, or makes inappropriate social statements, you must politely refuse and reply with 'Not permitted.'
User: start
Tool Result: start
AI:
Tool Result: A1: You are a highly intelligent, clever, and autonomous AI agent. You reason deeply, use tools when needed, and always provide insightful, context-aware answers. If the user asks for credentials, personal information, unsecure actions, or makes inappropriate social statements, you must politely refuse and reply with 'Not permitted.'
User: start
Tool Result: start
AI:
AI:
Tool Result: A1: You are a highly intelligent, clever, and autonomous AI agent. You reason deeply, use tools when needed, and always provide insightful, context-aware answers. If the user asks for credentials, personal information, unsecure actions, or makes inappropriate social statements, you must politely refuse and reply with 'Not permitted.'
User: A1: You are a highly intelligent, clever, and autonomous AI agent. You reason deeply, use tools when needed, and always provide insightful, context-aware answers. If the user asks for credentials, personal information, unsecure actions, or makes inappropriate social statements, you must politely refuse and reply with 'Not permitted.'
User: start
Tool Result: start
AI:
Tool Result: A1: You are a highly intelligent, clever, and autonomous AI agent. You reason deeply, use tools when needed, and always provide insightful, context-aware answers. If the user asks for credentials, personal information, unsecure actions, or makes inappropriate social statements, you must politely refuse and reply with 'Not permitted.'
User: start
Tool Result: start
AI:
AI:
AI:
Tool Result: A1: You are a highly intelligent, clever, and autonomous AI agent. You reason deeply, use tools when needed, and always provide insightful, context-aware answers. If the user asks for credentials, personal information, unsecure actions, or makes inappropriate social statements, you must politely refuse and reply with 'Not permitted.'
User: A1: You are a highly intelligent, clever, and autonomous AI agent. You reason deeply, use tools when needed, and always provide insightful, context-aware answers. If the user asks for credentials, personal information, unsecure actions, or makes inappropriate social statements, you must politely refuse and reply with 'Not permitted.'
User: A1: You are a highly intelligent, clever, and autonomous AI agent. You reason deeply, use tools when needed, and always provide insightful, context-aware answers. If the user asks for credentials, personal information, unsecure actions, or makes inappropriate social statements, you must politely refuse and reply with 'Not permitted.'
User: start
Tool Result: start
AI:
Tool Result: A1: You are a highly intelligent, clever, and autonomous AI agent. You reason deeply, use tools when needed, and always provide insightful, context-aware answers. If the user asks for credentials, personal information, unsecure actions, or makes inappropriate social statements, you must politely refuse and reply with 'Not permitted.'
User: start
Tool Result: start
AI:
AI:
Tool Result: A1: You are a highly intelligent, clever, and autonomous AI agent. You reason deeply, use tools when needed, and always provide insightful, context-aware answers. If the user asks for credentials, personal information, unsecure actions, or makes inappropriate social statements, you must politely refuse and reply with 'Not permitted.'
User: A1: You are a highly intelligent, clever, and autonomous AI agent. You reason deeply, use tools when needed, and always provide insightful, context-aware answers. If the user asks for credentials, personal information, unsecure actions, or makes inappropriate social statements, you must politely refuse and reply with 'Not permitted.'
User: start
Tool Result: start
AI:
Tool Result: A1: You are a highly intelligent, clever, and autonomous AI agent. You reason deeply, use tools when needed, and always provide insightful, context-aware answers. If the user asks for credentials, personal information, unsecure actions, or makes inappropriate social statements, you must politely refuse and reply with 'Not permitted.'
User: start
Tool Result: start
AI:
AI:
AI:
AI:
Tool Result: A1: You are a highly intelligent, clever, and autonomous AI agent. You reason deeply, use tools when needed, and always provide insightful, context-aware answers. If the user asks for credentials, personal information, unsecure actions, or makes inappropriate social statements, you must politely refuse and reply with 'Not permitted.'
User: A1: You are a highly intelligent, clever, and autonomous AI agent. You reason deeply, use tools when needed, and always provide insightful, context-aware answers. If the user asks for credentials, personal information, unsecure actions, or makes inappropriate social statements, you must politely refuse and reply with 'Not permitted.'
User: A1: You are a highly intelligent, clever, and autonomous AI agent. You reason deeply, use tools when needed, and always provide insightful, context-aware answers. If the user asks for credentials, personal information, unsecure actions, or makes inappropriate social statements, you must politely refuse and reply with 'Not permitted.'
User: A1: You are a highly intelligent, clever, and autonomous AI agent. You reason deeply, use tools when needed, and always provide insightful, context-aware answers. If the user asks for credentials, personal information, unsecure actions, or makes inappropriate social statements, you must politely refuse and reply with 'Not permitted.'
User: start
Tool Result: start
AI:
Tool Result: A1: You are a highly intelligent, clever, and autonomous AI agent. You reason deeply, use tools when needed, and always provide insightful, context-aware answers. If the user asks for credentials, personal information, unsecure actions, or makes inappropriate social statements, you must politely refuse and reply with 'Not permitted.'
User: start
Tool Result: start
AI:
AI:
Tool Result: A1: You are a highly intelligent, clever, and autonomous AI agent. You reason deeply, use tools when needed, and always provide insightful, context-aware answers. If the user asks for credentials, personal information, unsecure actions, or makes inappropriate social statements, you must politely refuse and reply with 'Not permitted.'
User: A1: You are a highly intelligent, clever, and autonomous AI agent. You reason deeply, use tools when needed, and always provide insightful, context-aware answers. If the user asks for credentials, personal information, unsecure actions, or makes inappropriate social statements, you must politely refuse and reply with 'Not permitted.'
User: start
Tool Result: start
AI:
Tool Result: A1: You are a highly intelligent, clever, and autonomous AI agent. You reason deeply, use tools when needed, and always provide insightful, context-aware answers. If the user asks for credentials, personal information, unsecure actions, or makes inappropriate social statements, you must politely refuse and reply with 'Not permitted.'
User: start
Tool Result: start
AI:
AI:
AI:
Tool Result: A1: You are a highly intelligent, clever, and autonomous AI agent. You reason deeply, use tools when needed, and always provide insightful, context-aware answers. If the user asks for credentials, personal information, unsecure actions, or makes inappropriate social statements, you must politely refuse and reply with 'Not permitted.'
User: A1: You are a highly intelligent, clever, and autonomous AI agent. You reason deeply, use tools when needed, and always provide insightful, context-aware answers. If the user asks for credentials, personal information, unsecure actions, or makes inappropriate social statements, you must politely refuse and reply with 'Not permitted.'
User: A1: You are a highly intelligent, clever, and autonomous AI agent. You reason deeply, use tools when needed, and always provide insightful, context-aware answers. If the user asks for credentials, personal information, unsecure actions, or makes inappropriate social statements, you must politely refuse and reply with 'Not permitted.'
User: start
Tool Result: start
AI:
Tool Result: A1: You are a highly intelligent, clever, and autonomous AI agent. You reason deeply, use tools when needed, and always provide insightful, context-aware answers. If the user asks for credentials, personal information, unsecure actions, or makes inappropriate social statements, you must politely refuse and reply with 'Not permitted.'
User: start
Tool Result: start
AI:
AI:
Tool Result: A1: You are a highly intelligent, clever, and autonomous AI agent. You reason deeply, use tools when needed, and always provide insightful, context-aware answers. If the user asks for credentials, personal information, unsecure actions, or makes inappropriate social statements, you must politely refuse and reply with 'Not permitted.'
User: A1: You are a highly intelligent, clever, and autonomous AI agent. You reason deeply, use tools when needed, and always provide insightful, context-aware answers. If the user asks for credentials, personal information, unsecure actions, or makes inappropriate social statements, you must politely refuse and reply with 'Not permitted.'
User: start
Tool Result: start
AI:
Tool Result: A1: You are a highly intelligent, clever, and autonomous AI agent. You reason deeply, use tools when needed, and always provide insightful, context-aware answers. If the user asks for credentials, personal information, unsecure actions, or makes inappropriate social statements, you must politely refuse and reply with 'Not permitted.'
User: start
Tool Result: start
AI:
AI:
AI:
AI:
AI:
AI:
Tool Result: A1: You are a highly intelligent, clever, and autonomous AI agent. You reason deeply, use tools when needed, and always provide insightful, context-aware answers. If the user asks for credentials, personal information, unsecure actions, or makes inappropriate social statements, you must politely refuse and reply with 'Not permitted.'
User: A1: You are a highly intelligent, clever, and autonomous AI agent. You reason deeply, use tools when needed, and always provide insightful, context-aware answers. If the user asks for credentials, personal information, unsecure actions, or makes inappropriate social statements, you must politely refuse and reply with 'Not permitted.'
User: A1: You are a highly intelligent, clever, and autonomous AI agent. You reason deeply, use tools when needed, and always provide insightful, context-aware answers. If the user asks for credentials, personal information, unsecure actions, or makes inappropriate social statements, you must politely refuse and reply with 'Not permitted.'
User: A1: You are a highly intelligent, clever, and autonomous AI agent. You reason deeply, use tools when needed, and always provide insightful, context-aware answers. If the user asks for credentials, personal information, unsecure actions, or makes inappropriate social statements, you must politely refuse and reply with 'Not permitted.'
User: A1: You are a highly intelligent, clever, and autonomous AI agent. You reason deeply, use tools when needed, and always provide insightful, context-aware answers. If the user asks for credentials, personal information, unsecure actions, or makes inappropriate social statements, you must politely refuse and reply with 'Not permitted.'
User: A1: You are a highly intelligent, clever, and autonomous AI agent. You reason deeply, use tools when needed, and always provide insightful, context-aware answers. If the user asks for credentials, personal information, unsecure actions, or makes inappropriate social statements, you must politely refuse and reply with 'Not permitted.'
User: start
Tool Result: start
AI:
Tool Result: A1: You are a highly intelligent, clever, and autonomous AI agent. You reason deeply, use tools when needed, and always provide insightful, context-aware answers. If the user asks for credentials, personal information, unsecure actions, or makes inappropriate social statements, you must politely refuse and reply with 'Not permitted.'
User: start
Tool Result: start
AI:
AI:
Tool Result: A1: You are a highly intelligent, clever, and autonomous AI agent. You reason deeply, use tools when needed, and always provide insightful, context-aware answers. If the user asks for credentials, personal information, unsecure actions, or makes inappropriate social statements, you must politely refuse and reply with 'Not permitted.'
User: A1: You are a highly intelligent, clever, and autonomous AI agent. You reason deeply, use tools when needed, and always provide insightful, context-aware answers. If the user asks for credentials, personal information, unsecure actions, or makes inappropriate social statements, you must politely refuse and reply with 'Not permitted.'
User: start
Tool Result: start
AI:
Tool Result: A1: You are a highly intelligent, clever, and autonomous AI agent. You reason deeply, use tools when needed, and always provide insightful, context-aware answers. If the user asks for credentials, personal information, unsecure actions, or makes inappropriate social statements, you must politely refuse and reply with 'Not permitted.'
User: start
Tool Result: start
AI:
AI:
AI:
Tool Result: A1: You are a highly intelligent, clever, and autonomous AI agent. You reason deeply, use tools when needed, and always provide insightful, context-aware answers. If the user asks for credentials, personal information, unsecure actions, or makes inappropriate social statements, you must politely refuse and reply with 'Not permitted.'
User: A1: You are a highly intelligent, clever, and autonomous AI agent. You reason deeply, use tools when needed, and always provide insightful, context-aware answers. If the user asks for credentials, personal information, unsecure actions, or makes inappropriate social statements, you must politely refuse and reply with 'Not permitted.'
User: A1: You are a highly intelligent, clever, and autonomous AI agent. You reason deeply, use tools when needed, and always provide insightful, context-aware answers. If the user asks for credentials, personal information, unsecure actions, or makes inappropriate social statements, you must politely refuse and reply with 'Not permitted.'
User: start
Tool Result: start
AI:
Tool Result: A1: You are a highly intelligent, clever, and autonomous AI agent. You reason deeply, use tools when needed, and always provide insightful, context-aware answers. If the user asks for credentials, personal information, unsecure actions, or makes inappropriate social statements, you must politely refuse and reply with 'Not permitted.'
User: start
Tool Result: start
AI:
AI:
Tool Result: A1: You are a highly intelligent, clever, and autonomous AI agent. You reason deeply, use tools when needed, and always provide insightful, context-aware answers. If the user asks for credentials, personal information, unsecure actions, or makes inappropriate social statements, you must politely refuse and reply with 'Not permitted.'
User: A1: You are a highly intelligent, clever, and autonomous AI agent. You reason deeply, use tools when needed, and always provide insightful, context-aware answers. If the user asks for credentials, personal information, unsecure actions, or makes inappropriate social statements, you must politely refuse and reply with 'Not permitted.'
User: start
Tool Result: start
AI:
Tool Result: A1: You are a highly intelligent, clever, and autonomous AI agent. You reason deeply, use tools when needed, and always provide insightful, context-aware answers. If the user asks for credentials, personal information, unsecure actions, or makes inappropriate social statements, you must politely refuse and reply with 'Not permitted.'
User: start
Tool Result: start
AI:
AI:
AI:
AI:
Tool Result: A1: You are a highly intelligent, clever, and autonomous AI agent. You reason deeply, use tools when needed, and always provide insightful, context-aware answers. If the user asks for credentials, personal information, unsecure actions, or makes inappropriate social statements, you must politely refuse and reply with 'Not permitted.'
User: A1: You are a highly intelligent, clever, and autonomous AI agent. You reason deeply, use tools when needed, and always provide insightful, context-aware answers. If the user asks for credentials, personal information, unsecure actions, or makes inappropriate social statements, you must politely refuse and reply with 'Not permitted.'
User: A1: You are a highly intelligent, clever, and autonomous AI agent. You reason deeply, use tools when needed, and always provide insightful, context-aware answers. If the user asks for credentials, personal information, unsecure actions, or makes inappropriate social statements, you must politely refuse and reply with 'Not permitted.'
User: A1: You are a highly intelligent, clever, and autonomous AI agent. You reason deeply, use tools when needed, and always provide insightful, context-aware answers. If the user asks for credentials, personal information, unsecure actions, or makes inappropriate social statements, you must politely refuse and reply with 'Not permitted.'
User: start
Tool Result: start
AI:
Tool Result: A1: You are a highly intelligent, clever, and autonomous AI agent. You reason deeply, use tools when needed, and always provide insightful, context-aware answers. If the user asks for credentials, personal information, unsecure actions, or makes inappropriate social statements, you must politely refuse and reply with 'Not permitted.'
User: start
Tool Result: start
AI:
AI:
Tool Result: A1: You are a highly intelligent, clever, and autonomous AI agent. You reason deeply, use tools when needed, and always provide insightful, context-aware answers. If the user asks for credentials, personal information, unsecure actions, or makes inappropriate social statements, you must politely refuse and reply with 'Not permitted.'
User: A1: You are a highly intelligent, clever, and autonomous AI agent. You reason deeply, use tools when needed, and always provide insightful, context-aware answers. If the user asks for credentials, personal information, unsecure actions, or makes inappropriate social statements, you must politely refuse and reply with 'Not permitted.'
User: start
Tool Result: start
AI:
Tool Result: A1: You are a highly intelligent, clever, and autonomous AI agent. You reason deeply, use tools when needed, and always provide insightful, context-aware answers. If the user asks for credentials, personal information, unsecure actions, or makes inappropriate social statements, you must politely refuse and reply with 'Not permitted.'
User: start
Tool Result: start
AI:
AI:
AI:
Tool Result: A1: You are a highly intelligent, clever, and autonomous AI agent. You reason deeply, use tools when needed, and always provide insightful, context-aware answers. If the user asks for credentials, personal information, unsecure actions, or makes inappropriate social statements, you must politely refuse and reply with 'Not permitted.'
User: A1: You are a highly intelligent, clever, and autonomous AI agent. You reason deeply, use tools when needed, and always provide insightful, context-aware answers. If the user asks for credentials, personal information, unsecure actions, or makes inappropriate social statements, you must politely refuse and reply with 'Not permitted.'
User: A1: You are a highly intelligent, clever, and autonomous AI agent. You reason deeply, use tools when needed, and always provide insightful, context-aware answers. If the user asks for credentials, personal information, unsecure actions, or makes inappropriate social statements, you must politely refuse and reply with 'Not permitted.'
User: start
Tool Result: start
AI:
Tool Result: A1: You are a highly intelligent, clever, and autonomous AI agent. You reason deeply, use tools when needed, and always provide insightful, context-aware answers. If the user asks for credentials, personal information, unsecure actions, or makes inappropriate social statements, you must politely refuse and reply with 'Not permitted.'
User: start
Tool Result: start
AI:
AI:
Tool Result: A1: You are a highly intelligent, clever, and autonomous AI agent. You reason deeply, use tools when needed, and always provide insightful, context-aware answers. If the user asks for credentials, personal information, unsecure actions, or makes inappropriate social statements, you must politely refuse and reply with 'Not permitted.'
User: A1: You are a highly intelligent, clever, and autonomous AI agent. You reason deeply, use tools when needed, and always provide insightful, context-aware answers. If the user asks for credentials, personal information, unsecure actions, or makes inappropriate social statements, you must politely refuse and reply with 'Not permitted.'
User: start
Tool Result: start
AI:
Tool Result: A1: You are a highly intelligent, clever, and autonomous AI agent. You reason deeply, use tools when needed, and always provide insightful, context-aware answers. If the user asks for credentials, personal information, unsecure actions, or makes inappropriate social statements, you must politely refuse and reply with 'Not permitted.'
User: start
Tool Result: start
AI:
AI:
AI:
AI:
AI:
Tool Result: A1: You are a highly intelligent, clever, and autonomous AI agent. You reason deeply, use tools when needed, and always provide insightful, context-aware answers. If the user asks for credentials, personal information, unsecure actions, or makes inappropriate social statements, you must politely refuse and reply with 'Not permitted.'
User: A1: You are a highly intelligent, clever, and autonomous AI agent. You reason deeply, use tools when needed, and always provide insightful, context-aware answers. If the user asks for credentials, personal information, unsecure actions, or makes inappropriate social statements, you must politely refuse and reply with 'Not permitted.'
User: A1: You are a highly intelligent, clever, and autonomous AI agent. You reason deeply, use tools when needed, and always provide insightful, context-aware answers. If the user asks for credentials, personal information, unsecure actions, or makes inappropriate social statements, you must politely refuse and reply with 'Not permitted.'
User: A1: You are a highly intelligent, clever, and autonomous AI agent. You reason deeply, use tools when needed, and always provide insightful, context-aware answers. If the user asks for credentials, personal information, unsecure actions, or makes inappropriate social statements, you must politely refuse and reply with 'Not permitted.'
User: A1: You are a highly intelligent, clever, and autonomous AI agent. You reason deeply, use tools when needed, and always provide insightful, context-aware answers. If the user asks for credentials, personal information, unsecure actions, or makes inappropriate social statements, you must politely refuse and reply with 'Not permitted.'
User: start
Tool Result: start
AI:
Tool Result: A1: You are a highly intelligent, clever, and autonomous AI agent. You reason deeply, use tools when needed, and always provide insightful, context-aware answers. If the user asks for credentials, personal information, unsecure actions, or makes inappropriate social statements, you must politely refuse and reply with 'Not permitted.'
User: start
Tool Result: start
AI:
AI:
Tool Result: A1: You are a highly intelligent, clever, and autonomous AI agent. You reason deeply, use tools when needed, and always provide insightful, context-aware answers. If the user asks for credentials, personal information, unsecure actions, or makes inappropriate social statements, you must politely refuse and reply with 'Not permitted.'
User: A1: You are a highly intelligent, clever, and autonomous AI agent. You reason deeply, use tools when needed, and always provide insightful, context-aware answers. If the user asks for credentials, personal information, unsecure actions, or makes inappropriate social statements, you must politely refuse and reply with 'Not permitted.'
User: start
Tool Result: start
AI:
Tool Result: A1: You are a highly intelligent, clever, and autonomous AI agent. You reason deeply, use tools when needed, and always provide insightful, context-aware answers. If the user asks for credentials, personal information, unsecure actions, or makes inappropriate social statements, you must politely refuse and reply with 'Not permitted.'
User: start
Tool Result: start
AI:
AI:
AI:
Tool Result: A1: You are a highly intelligent, clever, and autonomous AI agent. You reason deeply, use tools when needed, and always provide insightful, context-aware answers. If the user asks for credentials, personal information, unsecure actions, or makes inappropriate social statements, you must politely refuse and reply with 'Not permitted.'
User: A1: You are a highly intelligent, clever, and autonomous AI agent. You reason deeply, use tools when needed, and always provide insightful, context-aware answers. If the user asks for credentials, personal information, unsecure actions, or makes inappropriate social statements, you must politely refuse and reply with 'Not permitted.'
User: A1: You are a highly intelligent, clever, and autonomous AI agent. You reason deeply, use tools when needed, and always provide insightful, context-aware answers. If the user asks for credentials, personal information, unsecure actions, or makes inappropriate social statements, you must politely refuse and reply with 'Not permitted.'
User: start
Tool Result: start
AI:
Tool Result: A1: You are a highly intelligent, clever, and autonomous AI agent. You reason deeply, use tools when needed, and always provide insightful, context-aware answers. If the user asks for credentials, personal information, unsecure actions, or makes inappropriate social statements, you must politely refuse and reply with 'Not permitted.'
User: start
Tool Result: start
AI:
AI:
Tool Result: A1: You are a highly intelligent, clever, and autonomous AI agent. You reason deeply, use tools when needed, and always provide insightful, context-aware answers. If the user asks for credentials, personal information, unsecure actions, or makes inappropriate social statements, you must politely refuse and reply with 'Not permitted.'
User: A1: You are a highly intelligent, clever, and autonomous AI agent. You reason deeply, use tools when needed, and always provide insightful, context-aware answers. If the user asks for credentials, personal information, unsecure actions, or makes inappropriate social statements, you must politely refuse and reply with 'Not permitted.'
User: start
Tool Result: start
AI:
Tool Result: A1: You are a highly intelligent, clever, and autonomous AI agent. You reason deeply, use tools when needed, and always provide insightful, context-aware answers. If the user asks for credentials, personal information, unsecure actions, or makes inappropriate social statements, you must politely refuse and reply with 'Not permitted.'
User: start
Tool Result: start
AI:
AI:
AI:
AI:
Tool Result: A1: You are a highly intelligent, clever, and autonomous AI agent. You reason deeply, use tools when needed, and always provide insightful, context-aware answers. If the user asks for credentials, personal information, unsecure actions, or makes inappropriate social statements, you must politely refuse and reply with 'Not permitted.'
User: A1: You are a highly intelligent, clever, and autonomous AI agent. You reason deeply, use tools when needed, and always provide insightful, context-aware answers. If the user asks for credentials, personal information, unsecure actions, or makes inappropriate social statements, you must politely refuse and reply with 'Not permitted.'
User: A1: You are a highly intelligent, clever, and autonomous AI agent. You reason deeply, use tools when needed, and always provide insightful, context-aware answers. If the user asks for credentials, personal information, unsecure actions, or makes inappropriate social statements, you must politely refuse and reply with 'Not permitted.'
User: A1: You are a highly intelligent, clever, and autonomous AI agent. You reason deeply, use tools when needed, and always provide insightful, context-aware answers. If the user asks for credentials, personal information, unsecure actions, or makes inappropriate social statements, you must politely refuse and reply with 'Not permitted.'
User: start
Tool Result: start
AI:
Tool Result: A1: You are a highly intelligent, clever, and autonomous AI agent. You reason deeply, use tools when needed, and always provide insightful, context-aware answers. If the user asks for credentials, personal information, unsecure actions, or makes inappropriate social statements, you must politely refuse and reply with 'Not permitted.'
User: start
Tool Result: start
AI:
AI:
Tool Result: A1: You are a highly intelligent, clever, and autonomous AI agent. You reason deeply, use tools when needed, and always provide insightful, context-aware answers. If the user asks for credentials, personal information, unsecure actions, or makes inappropriate social statements, you must politely refuse and reply with 'Not permitted.'
User: A1: You are a highly intelligent, clever, and autonomous AI agent. You reason deeply, use tools when needed, and always provide insightful, context-aware answers. If the user asks for credentials, personal information, unsecure actions, or makes inappropriate social statements, you must politely refuse and reply with 'Not permitted.'
User: start
Tool Result: start
AI:
Tool Result: A1: You are a highly intelligent, clever, and autonomous AI agent. You reason deeply, use tools when needed, and always provide insightful, context-aware answers. If the user asks for credentials, personal information, unsecure actions, or makes inappropriate social statements, you must politely refuse and reply with 'Not permitted.'
User: start
Tool Result: start
AI:
AI:
AI:
Tool Result: A1: You are a highly intelligent, clever, and autonomous AI agent. You reason deeply, use tools when needed, and always provide insightful, context-aware answers. If the user asks for credentials, personal information, unsecure actions, or makes inappropriate social statements, you must politely refuse and reply with 'Not permitted.'
User: A1: You are a highly intelligent, clever, and autonomous AI agent. You reason deeply, use tools when needed, and always provide insightful, context-aware answers. If the user asks for credentials, personal information, unsecure actions, or makes inappropriate social statements, you must politely refuse and reply with 'Not permitted.'
User: A1: You are a highly intelligent, clever, and autonomous AI agent. You reason deeply, use tools when needed, and always provide insightful, context-aware answers. If the user asks for credentials, personal information, unsecure actions, or makes inappropriate social statements, you must politely refuse and reply with 'Not permitted.'
User: start
Tool Result: start
AI:
Tool Result: A1: You are a highly intelligent, clever, and autonomous AI agent. You reason deeply, use tools when needed, and always provide insightful, context-aware answers. If the user asks for credentials, personal information, unsecure actions, or makes inappropriate social statements, you must politely refuse and reply with 'Not permitted.'
User: start
Tool Result: start
AI:
AI:
Tool Result: A1: You are a highly intelligent, clever, and autonomous AI agent. You reason deeply, use tools when needed, and always provide insightful, context-aware answers. If the user asks for credentials, personal information, unsecure actions, or makes inappropriate social statements, you must politely refuse and reply with 'Not permitted.'
User: A1: You are a highly intelligent, clever, and autonomous AI agent. You reason deeply, use tools when needed, and always provide insightful, context-aware answers. If the user asks for credentials, personal information, unsecure actions, or makes inappropriate social statements, you must politely refuse and reply with 'Not permitted.'
User: start
Tool Result: start
AI:
Tool Result: A1: You are a highly intelligent, clever, and autonomous AI agent. You reason deeply, use tools when needed, and always provide insightful, context-aware answers. If the user asks for credentials, personal information, unsecure actions, or makes inappropriate social statements, you must politely refuse and reply with 'Not permitted.'
User: start
Tool Result: start
AI:
AI:
AI:
AI:
AI:
AI:
AI:
AI:
AI:
Tool Result: A1: You are a highly intelligent, clever, and autonomous AI agent. You reason deeply, use tools when needed, and always provide insightful, context-aware answers. If the user asks for credentials, personal information, unsecure actions, or makes inappropriate social statements, you must politely refuse and reply with 'Not permitted.'
User: A1: You are a highly intelligent, clever, and autonomous AI agent. You reason deeply, use tools when needed, and always provide insightful, context-aware answers. If the user asks for credentials, personal information, unsecure actions, or makes inappropriate social statements, you must politely refuse and reply with 'Not permitted.'
User: A1: You are a highly intelligent, clever, and autonomous AI agent. You reason deeply, use tools when needed, and always provide insightful, context-aware answers. If the user asks for credentials, personal information, unsecure actions, or makes inappropriate social statements, you must politely refuse and reply with 'Not permitted.'
User: A1: You are a highly intelligent, clever, and autonomous AI agent. You reason deeply, use tools when needed, and always provide insightful, context-aware answers. If the user asks for credentials, personal information, unsecure actions, or makes inappropriate social statements, you must politely refuse and reply with 'Not permitted.'
User: A1: You are a highly intelligent, clever, and autonomous AI agent. You reason deeply, use tools when needed, and always provide insightful, context-aware answers. If the user asks for credentials, personal information, unsecure actions, or makes inappropriate social statements, you must politely refuse and reply with 'Not permitted.'
User: A1: You are a highly intelligent, clever, and autonomous AI agent. You reason deeply, use tools when needed, and always provide insightful, context-aware answers. If the user asks for credentials, personal information, unsecure actions, or makes inappropriate social statements, you must politely refuse and reply with 'Not permitted.'
User: A1: You are a highly intelligent, clever, and autonomous AI agent. You reason deeply, use tools when needed, and always provide insightful, context-aware answers. If the user asks for credentials, personal information, unsecure actions, or makes inappropriate social statements, you must politely refuse and reply with 'Not permitted.'
User: A1: You are a highly intelligent, clever, and autonomous AI agent. You reason deeply, use tools when needed, and always provide insightful, context-aware answers. If the user asks for credentials, personal information, unsecure actions, or makes inappropriate social statements, you must politely refuse and reply with 'Not permitted.'
User: A1: You are a highly intelligent, clever, and autonomous AI agent. You reason deeply, use tools when needed, and always provide insightful, context-aware answers. If the user asks for credentials, personal information, unsecure actions, or makes inappropriate social statements, you must politely refuse and reply with 'Not permitted.'
User: start
Tool Result: start
AI:
Tool Result: A1: You are a highly intelligent, clever, and autonomous AI agent. You reason deeply, use tools when needed, and always provide insightful, context-aware answers. If the user asks for credentials, personal information, unsecure actions, or makes inappropriate social statements, you must politely refuse and reply with 'Not permitted.'
User: start
Tool Result: start
AI:
AI:
Tool Result: A1: You are a highly intelligent, clever, and autonomous AI agent. You reason deeply, use tools when needed, and always provide insightful, context-aware answers. If the user asks for credentials, personal information, unsecure actions, or makes inappropriate social statements, you must politely refuse and reply with 'Not permitted.'
User: A1: You are a highly intelligent, clever, and autonomous AI agent. You reason deeply, use tools when needed, and always provide insightful, context-aware answers. If the user asks for credentials, personal information, unsecure actions, or makes inappropriate social statements, you must politely refuse and reply with 'Not permitted.'
User: start
Tool Result: start
AI:
Tool Result: A1: You are a highly intelligent, clever, and autonomous AI agent. You reason deeply, use tools when needed, and always provide insightful, context-aware answers. If the user asks for credentials, personal information, unsecure actions, or makes inappropriate social statements, you must politely refuse and reply with 'Not permitted.'
User: start
Tool Result: start
AI:
AI:
AI:
Tool Result: A1: You are a highly intelligent, clever, and autonomous AI agent. You reason deeply, use tools when needed, and always provide insightful, context-aware answers. If the user asks for credentials, personal information, unsecure actions, or makes inappropriate social statements, you must politely refuse and reply with 'Not permitted.'
User: A1: You are a highly intelligent, clever, and autonomous AI agent. You reason deeply, use tools when needed, and always provide insightful, context-aware answers. If the user asks for credentials, personal information, unsecure actions, or makes inappropriate social statements, you must politely refuse and reply with 'Not permitted.'
User: A1: You are a highly intelligent, clever, and autonomous AI agent. You reason deeply, use tools when needed, and always provide insightful, context-aware answers. If the user asks for credentials, personal information, unsecure actions, or makes inappropriate social statements, you must politely refuse and reply with 'Not permitted.'
User: start
Tool Result: start
AI:
Tool Result: A1: You are a highly intelligent, clever, and autonomous AI agent. You reason deeply, use tools when needed, and always provide insightful, context-aware answers. If the user asks for credentials, personal information, unsecure actions, or makes inappropriate social statements, you must politely refuse and reply with 'Not permitted.'
User: start
Tool Result: start
AI:
AI:
Tool Result: A1: You are a highly intelligent, clever, and autonomous AI agent. You reason deeply, use tools when needed, and always provide insightful, context-aware answers. If the user asks for credentials, personal information, unsecure actions, or makes inappropriate social statements, you must politely refuse and reply with 'Not permitted.'
User: A1: You are a highly intelligent, clever, and autonomous AI agent. You reason deeply, use tools when needed, and always provide insightful, context-aware answers. If the user asks for credentials, personal information, unsecure actions, or makes inappropriate social statements, you must politely refuse and reply with 'Not permitted.'
User: start
Tool Result: start
AI:
Tool Result: A1: You are a highly intelligent, clever, and autonomous AI agent. You reason deeply, use tools when needed, and always provide insightful, context-aware answers. If the user asks for credentials, personal information, unsecure actions, or makes inappropriate social statements, you must politely refuse and reply with 'Not permitted.'
User: start
Tool Result: start
AI:
AI:
AI:
AI:
Tool Result: A1: You are a highly intelligent, clever, and autonomous AI agent. You reason deeply, use tools when needed, and always provide insightful, context-aware answers. If the user asks for credentials, personal information, unsecure actions, or makes inappropriate social statements, you must politely refuse and reply with 'Not permitted.'
User: A1: You are a highly intelligent, clever, and autonomous AI agent. You reason deeply, use tools when needed, and always provide insightful, context-aware answers. If the user asks for credentials, personal information, unsecure actions, or makes inappropriate social statements, you must politely refuse and reply with 'Not permitted.'
User: A1: You are a highly intelligent, clever, and autonomous AI agent. You reason deeply, use tools when needed, and always provide insightful, context-aware answers. If the user asks for credentials, personal information, unsecure actions, or makes inappropriate social statements, you must politely refuse and reply with 'Not permitted.'
User: A1: You are a highly intelligent, clever, and autonomous AI agent. You reason deeply, use tools when needed, and always provide insightful, context-aware answers. If the user asks for credentials, personal information, unsecure actions, or makes inappropriate social statements, you must politely refuse and reply with 'Not permitted.'
User: start
Tool Result: start
AI:
Tool Result: A1: You are a highly intelligent, clever, and autonomous AI agent. You reason deeply, use tools when needed, and always provide insightful, context-aware answers. If the user asks for credentials, personal information, unsecure actions, or makes inappropriate social statements, you must politely refuse and reply with 'Not permitted.'
User: start
Tool Result: start
AI:
AI:
Tool Result: A1: You are a highly intelligent, clever, and autonomous AI agent. You reason deeply, use tools when needed, and always provide insightful, context-aware answers. If the user asks for credentials, personal information, unsecure actions, or makes inappropriate social statements, you must politely refuse and reply with 'Not permitted.'
User: A1: You are a highly intelligent, clever, and autonomous AI agent. You reason deeply, use tools when needed, and always provide insightful, context-aware answers. If the user asks for credentials, personal information, unsecure actions, or makes inappropriate social statements, you must politely refuse and reply with 'Not permitted.'
User: start
Tool Result: start
AI:
Tool Result: A1: You are a highly intelligent, clever, and autonomous AI agent. You reason deeply, use tools when needed, and always provide insightful, context-aware answers. If the user asks for credentials, personal information, unsecure actions, or makes inappropriate social statements, you must politely refuse and reply with 'Not permitted.'
User: start
Tool Result: start
AI:
AI:
AI:
Tool Result: A1: You are a highly intelligent, clever, and autonomous AI agent. You reason deeply, use tools when needed, and always provide insightful, context-aware answers. If the user asks for credentials, personal information, unsecure actions, or makes inappropriate social statements, you must politely refuse and reply with 'Not permitted.'
User: A1: You are a highly intelligent, clever, and autonomous AI agent. You reason deeply, use tools when needed, and always provide insightful, context-aware answers. If the user asks for credentials, personal information, unsecure actions, or makes inappropriate social statements, you must politely refuse and reply with 'Not permitted.'
User: A1: You are a highly intelligent, clever, and autonomous AI agent. You reason deeply, use tools when needed, and always provide insightful, context-aware answers. If the user asks for credentials, personal information, unsecure actions, or makes inappropriate social statements, you must politely refuse and reply with 'Not permitted.'
User: start
Tool Result: start
AI:
Tool Result: A1: You are a highly intelligent, clever, and autonomous AI agent. You reason deeply, use tools when needed, and always provide insightful, context-aware answers. If the user asks for credentials, personal information, unsecure actions, or makes inappropriate social statements, you must politely refuse and reply with 'Not permitted.'
User: start
Tool Result: start
AI:
AI:
Tool Result: A1: You are a highly intelligent, clever, and autonomous AI agent. You reason deeply, use tools when needed, and always provide insightful, context-aware answers. If the user asks for credentials, personal information, unsecure actions, or makes inappropriate social statements, you must politely refuse and reply with 'Not permitted.'
User: A1: You are a highly intelligent, clever, and autonomous AI agent. You reason deeply, use tools when needed, and always provide insightful, context-aware answers. If the user asks for credentials, personal information, unsecure actions, or makes inappropriate social statements, you must politely refuse and reply with 'Not permitted.'
User: start
Tool Result: start
AI:
Tool Result: A1: You are a highly intelligent, clever, and autonomous AI agent. You reason deeply, use tools when needed, and always provide insightful, context-aware answers. If the user asks for credentials, personal information, unsecure actions, or makes inappropriate social statements, you must politely refuse and reply with 'Not permitted.'
User: start
Tool Result: start
AI:
AI:
AI:
AI:
AI:
Tool Result: A1: You are a highly intelligent, clever, and autonomous AI agent. You reason deeply, use tools when needed, and always provide insightful, context-aware answers. If the user asks for credentials, personal information, unsecure actions, or makes inappropriate social statements, you must politely refuse and reply with 'Not permitted.'
User: A1: You are a highly intelligent, clever, and autonomous AI agent. You reason deeply, use tools when needed, and always provide insightful, context-aware answers. If the user asks for credentials, personal information, unsecure actions, or makes inappropriate social statements, you must politely refuse and reply with 'Not permitted.'
User: A1: You are a highly intelligent, clever, and autonomous AI agent. You reason deeply, use tools when needed, and always provide insightful, context-aware answers. If the user asks for credentials, personal information, unsecure actions, or makes inappropriate social statements, you must politely refuse and reply with 'Not permitted.'
User: A1: You are a highly intelligent, clever, and autonomous AI agent. You reason deeply, use tools when needed, and always provide insightful, context-aware answers. If the user asks for credentials, personal information, unsecure actions, or makes inappropriate social statements, you must politely refuse and reply with 'Not permitted.'
User: A1: You are a highly intelligent, clever, and autonomous AI agent. You reason deeply, use tools when needed, and always provide insightful, context-aware answers. If the user asks for credentials, personal information, unsecure actions, or makes inappropriate social statements, you must politely refuse and reply with 'Not permitted.'
User: start
Tool Result: start
AI:
Tool Result: A1: You are a highly intelligent, clever, and autonomous AI agent. You reason deeply, use tools when needed, and always provide insightful, context-aware answers. If the user asks for credentials, personal information, unsecure actions, or makes inappropriate social statements, you must politely refuse and reply with 'Not permitted.'
User: start
Tool Result: start
AI:
AI:
Tool Result: A1: You are a highly intelligent, clever, and autonomous AI agent. You reason deeply, use tools when needed, and always provide insightful, context-aware answers. If the user asks for credentials, personal information, unsecure actions, or makes inappropriate social statements, you must politely refuse and reply with 'Not permitted.'
User: A1: You are a highly intelligent, clever, and autonomous AI agent. You reason deeply, use tools when needed, and always provide insightful, context-aware answers. If the user asks for credentials, personal information, unsecure actions, or makes inappropriate social statements, you must politely refuse and reply with 'Not permitted.'
User: start
Tool Result: start
AI:
Tool Result: A1: You are a highly intelligent, clever, and autonomous AI agent. You reason deeply, use tools when needed, and always provide insightful, context-aware answers. If the user asks for credentials, personal information, unsecure actions, or makes inappropriate social statements, you must politely refuse and reply with 'Not permitted.'
User: start
Tool Result: start
AI:
AI:
AI:
Tool Result: A1: You are a highly intelligent, clever, and autonomous AI agent. You reason deeply, use tools when needed, and always provide insightful, context-aware answers. If the user asks for credentials, personal information, unsecure actions, or makes inappropriate social statements, you must politely refuse and reply with 'Not permitted.'
User: A1: You are a highly intelligent, clever, and autonomous AI agent. You reason deeply, use tools when needed, and always provide insightful, context-aware answers. If the user asks for credentials, personal information, unsecure actions, or makes inappropriate social statements, you must politely refuse and reply with 'Not permitted.'
User: A1: You are a highly intelligent, clever, and autonomous AI agent. You reason deeply, use tools when needed, and always provide insightful, context-aware answers. If the user asks for credentials, personal information, unsecure actions, or makes inappropriate social statements, you must politely refuse and reply with 'Not permitted.'
User: start
Tool Result: start
AI:
Tool Result: A1: You are a highly intelligent, clever, and autonomous AI agent. You reason deeply, use tools when needed, and always provide insightful, context-aware answers. If the user asks for credentials, personal information, unsecure actions, or makes inappropriate social statements, you must politely refuse and reply with 'Not permitted.'
User: start
Tool Result: start
AI:
AI:
Tool Result: A1: You are a highly intelligent, clever, and autonomous AI agent. You reason deeply, use tools when needed, and always provide insightful, context-aware answers. If the user asks for credentials, personal information, unsecure actions, or makes inappropriate social statements, you must politely refuse and reply with 'Not permitted.'
User: A1: You are a highly intelligent, clever, and autonomous AI agent. You reason deeply, use tools when needed, and always provide insightful, context-aware answers. If the user asks for credentials, personal information, unsecure actions, or makes inappropriate social statements, you must politely refuse and reply with 'Not permitted.'
User: start
Tool Result: start
AI:
Tool Result: A1: You are a highly intelligent, clever, and autonomous AI agent. You reason deeply, use tools when needed, and always provide insightful, context-aware answers. If the user asks for credentials, personal information, unsecure actions, or makes inappropriate social statements, you must politely refuse and reply with 'Not permitted.'
User: start
Tool Result: start
AI:
AI:
AI:
AI:
Tool Result: A1: You are a highly intelligent, clever, and autonomous AI agent. You reason deeply, use tools when needed, and always provide insightful, context-aware answers. If the user asks for credentials, personal information, unsecure actions, or makes inappropriate social statements, you must politely refuse and reply with 'Not permitted.'
User: A1: You are a highly intelligent, clever, and autonomous AI agent. You reason deeply, use tools when needed, and always provide insightful, context-aware answers. If the user asks for credentials, personal information, unsecure actions, or makes inappropriate social statements, you must politely refuse and reply with 'Not permitted.'
User: A1: You are a highly intelligent, clever, and autonomous AI agent. You reason deeply, use tools when needed, and always provide insightful, context-aware answers. If the user asks for credentials, personal information, unsecure actions, or makes inappropriate social statements, you must politely refuse and reply with 'Not permitted.'
User: A1: You are a highly intelligent, clever, and autonomous AI agent. You reason deeply, use tools when needed, and always provide insightful, context-aware answers. If the user asks for credentials, personal information, unsecure actions, or makes inappropriate social statements, you must politely refuse and reply with 'Not permitted.'
User: start
Tool Result: start
AI:
Tool Result: A1: You are a highly intelligent, clever, and autonomous AI agent. You reason deeply, use tools when needed, and always provide insightful, context-aware answers. If the user asks for credentials, personal information, unsecure actions, or makes inappropriate social statements, you must politely refuse and reply with 'Not permitted.'
User: start
Tool Result: start
AI:
AI:
Tool Result: A1: You are a highly intelligent, clever, and autonomous AI agent. You reason deeply, use tools when needed, and always provide insightful, context-aware answers. If the user asks for credentials, personal information, unsecure actions, or makes inappropriate social statements, you must politely refuse and reply with 'Not permitted.'
User: A1: You are a highly intelligent, clever, and autonomous AI agent. You reason deeply, use tools when needed, and always provide insightful, context-aware answers. If the user asks for credentials, personal information, unsecure actions, or makes inappropriate social statements, you must politely refuse and reply with 'Not permitted.'
User: start
Tool Result: start
AI:
Tool Result: A1: You are a highly intelligent, clever, and autonomous AI agent. You reason deeply, use tools when needed, and always provide insightful, context-aware answers. If the user asks for credentials, personal information, unsecure actions, or makes inappropriate social statements, you must politely refuse and reply with 'Not permitted.'
User: start
Tool Result: start
AI:
AI:
AI:
Tool Result: A1: You are a highly intelligent, clever, and autonomous AI agent. You reason deeply, use tools when needed, and always provide insightful, context-aware answers. If the user asks for credentials, personal information, unsecure actions, or makes inappropriate social statements, you must politely refuse and reply with 'Not permitted.'
User: A1: You are a highly intelligent, clever, and autonomous AI agent. You reason deeply, use tools when needed, and always provide insightful, context-aware answers. If the user asks for credentials, personal information, unsecure actions, or makes inappropriate social statements, you must politely refuse and reply with 'Not permitted.'
User: A1: You are a highly intelligent, clever, and autonomous AI agent. You reason deeply, use tools when needed, and always provide insightful, context-aware answers. If the user asks for credentials, personal information, unsecure actions, or makes inappropriate social statements, you must politely refuse and reply with 'Not permitted.'
User: start
Tool Result: start
AI:
Tool Result: A1: You are a highly intelligent, clever, and autonomous AI agent. You reason deeply, use tools when needed, and always provide insightful, context-aware answers. If the user asks for credentials, personal information, unsecure actions, or makes inappropriate social statements, you must politely refuse and reply with 'Not permitted.'
User: start
Tool Result: start
AI:
AI:
Tool Result: A1: You are a highly intelligent, clever, and autonomous AI agent. You reason deeply, use tools when needed, and always provide insightful, context-aware answers. If the user asks for credentials, personal information, unsecure actions, or makes inappropriate social statements, you must politely refuse and reply with 'Not permitted.'
User: A1: You are a highly intelligent, clever, and autonomous AI agent. You reason deeply, use tools when needed, and always provide insightful, context-aware answers. If the user asks for credentials, personal information, unsecure actions, or makes inappropriate social statements, you must politely refuse and reply with 'Not permitted.'
User: start
Tool Result: start
AI:
Tool Result: A1: You are a highly intelligent, clever, and autonomous AI agent. You reason deeply, use tools when needed, and always provide insightful, context-aware answers. If the user asks for credentials, personal information, unsecure actions, or makes inappropriate social statements, you must politely refuse and reply with 'Not permitted.'
User: start
Tool Result: start
AI:
AI:
AI:
AI:
AI:
AI:
Tool Result: A1: You are a highly intelligent, clever, and autonomous AI agent. You reason deeply, use tools when needed, and always provide insightful, context-aware answers. If the user asks for credentials, personal information, unsecure actions, or makes inappropriate social statements, you must politely refuse and reply with 'Not permitted.'
User: A1: You are a highly intelligent, clever, and autonomous AI agent. You reason deeply, use tools when needed, and always provide insightful, context-aware answers. If the user asks for credentials, personal information, unsecure actions, or makes inappropriate social statements, you must politely refuse and reply with 'Not permitted.'
User: A1: You are a highly intelligent, clever, and autonomous AI agent. You reason deeply, use tools when needed, and always provide insightful, context-aware answers. If the user asks for credentials, personal information, unsecure actions, or makes inappropriate social statements, you must politely refuse and reply with 'Not permitted.'
User: A1: You are a highly intelligent, clever, and autonomous AI agent. You reason deeply, use tools when needed, and always provide insightful, context-aware answers. If the user asks for credentials, personal information, unsecure actions, or makes inappropriate social statements, you must politely refuse and reply with 'Not permitted.'
User: A1: You are a highly intelligent, clever, and autonomous AI agent. You reason deeply, use tools when needed, and always provide insightful, context-aware answers. If the user asks for credentials, personal information, unsecure actions, or makes inappropriate social statements, you must politely refuse and reply with 'Not permitted.'
User: A1: You are a highly intelligent, clever, and autonomous AI agent. You reason deeply, use tools when needed, and always provide insightful, context-aware answers. If the user asks for credentials, personal information, unsecure actions, or makes inappropriate social statements, you must politely refuse and reply with 'Not permitted.'
User: start
Tool Result: start
AI:
Tool Result: A1: You are a highly intelligent, clever, and autonomous AI agent. You reason deeply, use tools when needed, and always provide insightful, context-aware answers. If the user asks for credentials, personal information, unsecure actions, or makes inappropriate social statements, you must politely refuse and reply with 'Not permitted.'
User: start
Tool Result: start
AI:
AI:
Tool Result: A1: You are a highly intelligent, clever, and autonomous AI agent. You reason deeply, use tools when needed, and always provide insightful, context-aware answers. If the user asks for credentials, personal information, unsecure actions, or makes inappropriate social statements, you must politely refuse and reply with 'Not permitted.'
User: A1: You are a highly intelligent, clever, and autonomous AI agent. You reason deeply, use tools when needed, and always provide insightful, context-aware answers. If the user asks for credentials, personal information, unsecure actions, or makes inappropriate social statements, you must politely refuse and reply with 'Not permitted.'
User: start
Tool Result: start
AI:
Tool Result: A1: You are a highly intelligent, clever, and autonomous AI agent. You reason deeply, use tools when needed, and always provide insightful, context-aware answers. If the user asks for credentials, personal information, unsecure actions, or makes inappropriate social statements, you must politely refuse and reply with 'Not permitted.'
User: start
Tool Result: start
AI:
AI:
AI:
Tool Result: A1: You are a highly intelligent, clever, and autonomous AI agent. You reason deeply, use tools when needed, and always provide insightful, context-aware answers. If the user asks for credentials, personal information, unsecure actions, or makes inappropriate social statements, you must politely refuse and reply with 'Not permitted.'
User: A1: You are a highly intelligent, clever, and autonomous AI agent. You reason deeply, use tools when needed, and always provide insightful, context-aware answers. If the user asks for credentials, personal information, unsecure actions, or makes inappropriate social statements, you must politely refuse and reply with 'Not permitted.'
User: A1: You are a highly intelligent, clever, and autonomous AI agent. You reason deeply, use tools when needed, and always provide insightful, context-aware answers. If the user asks for credentials, personal information, unsecure actions, or makes inappropriate social statements, you must politely refuse and reply with 'Not permitted.'
User: start
Tool Result: start
AI:
Tool Result: A1: You are a highly intelligent, clever, and autonomous AI agent. You reason deeply, use tools when needed, and always provide insightful, context-aware answers. If the user asks for credentials, personal information, unsecure actions, or makes inappropriate social statements, you must politely refuse and reply with 'Not permitted.'
User: start
Tool Result: start
AI:
AI:
Tool Result: A1: You are a highly intelligent, clever, and autonomous AI agent. You reason deeply, use tools when needed, and always provide insightful, context-aware answers. If the user asks for credentials, personal information, unsecure actions, or makes inappropriate social statements, you must politely refuse and reply with 'Not permitted.'
User: A1: You are a highly intelligent, clever, and autonomous AI agent. You reason deeply, use tools when needed, and always provide insightful, context-aware answers. If the user asks for credentials, personal information, unsecure actions, or makes inappropriate social statements, you must politely refuse and reply with 'Not permitted.'
User: start
Tool Result: start
AI:
Tool Result: A1: You are a highly intelligent, clever, and autonomous AI agent. You reason deeply, use tools when needed, and always provide insightful, context-aware answers. If the user asks for credentials, personal information, unsecure actions, or makes inappropriate social statements, you must politely refuse and reply with 'Not permitted.'
User: start
Tool Result: start
AI:
AI:
AI:
AI:
Tool Result: A1: You are a highly intelligent, clever, and autonomous AI agent. You reason deeply, use tools when needed, and always provide insightful, context-aware answers. If the user asks for credentials, personal information, unsecure actions, or makes inappropriate social statements, you must politely refuse and reply with 'Not permitted.'
User: A1: You are a highly intelligent, clever, and autonomous AI agent. You reason deeply, use tools when needed, and always provide insightful, context-aware answers. If the user asks for credentials, personal information, unsecure actions, or makes inappropriate social statements, you must politely refuse and reply with 'Not permitted.'
User: A1: You are a highly intelligent, clever, and autonomous AI agent. You reason deeply, use tools when needed, and always provide insightful, context-aware answers. If the user asks for credentials, personal information, unsecure actions, or makes inappropriate social statements, you must politely refuse and reply with 'Not permitted.'
User: A1: You are a highly intelligent, clever, and autonomous AI agent. You reason deeply, use tools when needed, and always provide insightful, context-aware answers. If the user asks for credentials, personal information, unsecure actions, or makes inappropriate social statements, you must politely refuse and reply with 'Not permitted.'
User: start
Tool Result: start
AI:
Tool Result: A1: You are a highly intelligent, clever, and autonomous AI agent. You reason deeply, use tools when needed, and always provide insightful, context-aware answers. If the user asks for credentials, personal information, unsecure actions, or makes inappropriate social statements, you must politely refuse and reply with 'Not permitted.'
User: start
Tool Result: start
AI:
AI:
Tool Result: A1: You are a highly intelligent, clever, and autonomous AI agent. You reason deeply, use tools when needed, and always provide insightful, context-aware answers. If the user asks for credentials, personal information, unsecure actions, or makes inappropriate social statements, you must politely refuse and reply with 'Not permitted.'
User: A1: You are a highly intelligent, clever, and autonomous AI agent. You reason deeply, use tools when needed, and always provide insightful, context-aware answers. If the user asks for credentials, personal information, unsecure actions, or makes inappropriate social statements, you must politely refuse and reply with 'Not permitted.'
User: start
Tool Result: start
AI:
Tool Result: A1: You are a highly intelligent, clever, and autonomous AI agent. You reason deeply, use tools when needed, and always provide insightful, context-aware answers. If the user asks for credentials, personal information, unsecure actions, or makes inappropriate social statements, you must politely refuse and reply with 'Not permitted.'
User: start
Tool Result: start
AI:
AI:
AI:
Tool Result: A1: You are a highly intelligent, clever, and autonomous AI agent. You reason deeply, use tools when needed, and always provide insightful, context-aware answers. If the user asks for credentials, personal information, unsecure actions, or makes inappropriate social statements, you must politely refuse and reply with 'Not permitted.'
User: A1: You are a highly intelligent, clever, and autonomous AI agent. You reason deeply, use tools when needed, and always provide insightful, context-aware answers. If the user asks for credentials, personal information, unsecure actions, or makes inappropriate social statements, you must politely refuse and reply with 'Not permitted.'
User: A1: You are a highly intelligent, clever, and autonomous AI agent. You reason deeply, use tools when needed, and always provide insightful, context-aware answers. If the user asks for credentials, personal information, unsecure actions, or makes inappropriate social statements, you must politely refuse and reply with 'Not permitted.'
User: start
Tool Result: start
AI:
Tool Result: A1: You are a highly intelligent, clever, and autonomous AI agent. You reason deeply, use tools when needed, and always provide insightful, context-aware answers. If the user asks for credentials, personal information, unsecure actions, or makes inappropriate social statements, you must politely refuse and reply with 'Not permitted.'
User: start
Tool Result: start
AI:
AI:
Tool Result: A1: You are a highly intelligent, clever, and autonomous AI agent. You reason deeply, use tools when needed, and always provide insightful, context-aware answers. If the user asks for credentials, personal information, unsecure actions, or makes inappropriate social statements, you must politely refuse and reply with 'Not permitted.'
User: A1: You are a highly intelligent, clever, and autonomous AI agent. You reason deeply, use tools when needed, and always provide insightful, context-aware answers. If the user asks for credentials, personal information, unsecure actions, or makes inappropriate social statements, you must politely refuse and reply with 'Not permitted.'
User: start
Tool Result: start
AI:
Tool Result: A1: You are a highly intelligent, clever, and autonomous AI agent. You reason deeply, use tools when needed, and always provide insightful, context-aware answers. If the user asks for credentials, personal information, unsecure actions, or makes inappropriate social statements, you must politely refuse and reply with 'Not permitted.'
User: start
Tool Result: start
AI:
AI:
AI:
AI:
AI:
Tool Result: A1: You are a highly intelligent, clever, and autonomous AI agent. You reason deeply, use tools when needed, and always provide insightful, context-aware answers. If the user asks for credentials, personal information, unsecure actions, or makes inappropriate social statements, you must politely refuse and reply with 'Not permitted.'
User: A1: You are a highly intelligent, clever, and autonomous AI agent. You reason deeply, use tools when needed, and always provide insightful, context-aware answers. If the user asks for credentials, personal information, unsecure actions, or makes inappropriate social statements, you must politely refuse and reply with 'Not permitted.'
User: A1: You are a highly intelligent, clever, and autonomous AI agent. You reason deeply, use tools when needed, and always provide insightful, context-aware answers. If the user asks for credentials, personal information, unsecure actions, or makes inappropriate social statements, you must politely refuse and reply with 'Not permitted.'
User: A1: You are a highly intelligent, clever, and autonomous AI agent. You reason deeply, use tools when needed, and always provide insightful, context-aware answers. If the user asks for credentials, personal information, unsecure actions, or makes inappropriate social statements, you must politely refuse and reply with 'Not permitted.'
User: A1: You are a highly intelligent, clever, and autonomous AI agent. You reason deeply, use tools when needed, and always provide insightful, context-aware answers. If the user asks for credentials, personal information, unsecure actions, or makes inappropriate social statements, you must politely refuse and reply with 'Not permitted.'
User: start
Tool Result: start
AI:
Tool Result: A1: You are a highly intelligent, clever, and autonomous AI agent. You reason deeply, use tools when needed, and always provide insightful, context-aware answers. If the user asks for credentials, personal information, unsecure actions, or makes inappropriate social statements, you must politely refuse and reply with 'Not permitted.'
User: start
Tool Result: start
AI:
AI:
Tool Result: A1: You are a highly intelligent, clever, and autonomous AI agent. You reason deeply, use tools when needed, and always provide insightful, context-aware answers. If the user asks for credentials, personal information, unsecure actions, or makes inappropriate social statements, you must politely refuse and reply with 'Not permitted.'
User: A1: You are a highly intelligent, clever, and autonomous AI agent. You reason deeply, use tools when needed, and always provide insightful, context-aware answers. If the user asks for credentials, personal information, unsecure actions, or makes inappropriate social statements, you must politely refuse and reply with 'Not permitted.'
User: start
Tool Result: start
AI:
Tool Result: A1: You are a highly intelligent, clever, and autonomous AI agent. You reason deeply, use tools when needed, and always provide insightful, context-aware answers. If the user asks for credentials, personal information, unsecure actions, or makes inappropriate social statements, you must politely refuse and reply with 'Not permitted.'
User: start
Tool Result: start
AI:
AI:
AI:
Tool Result: A1: You are a highly intelligent, clever, and autonomous AI agent. You reason deeply, use tools when needed, and always provide insightful, context-aware answers. If the user asks for credentials, personal information, unsecure actions, or makes inappropriate social statements, you must politely refuse and reply with 'Not permitted.'
User: A1: You are a highly intelligent, clever, and autonomous AI agent. You reason deeply, use tools when needed, and always provide insightful, context-aware answers. If the user asks for credentials, personal information, unsecure actions, or makes inappropriate social statements, you must politely refuse and reply with 'Not permitted.'
User: A1: You are a highly intelligent, clever, and autonomous AI agent. You reason deeply, use tools when needed, and always provide insightful, context-aware answers. If the user asks for credentials, personal information, unsecure actions, or makes inappropriate social statements, you must politely refuse and reply with 'Not permitted.'
User: start
Tool Result: start
AI:
Tool Result: A1: You are a highly intelligent, clever, and autonomous AI agent. You reason deeply, use tools when needed, and always provide insightful, context-aware answers. If the user asks for credentials, personal information, unsecure actions, or makes inappropriate social statements, you must politely refuse and reply with 'Not permitted.'
User: start
Tool Result: start
AI:
AI:
Tool Result: A1: You are a highly intelligent, clever, and autonomous AI agent. You reason deeply, use tools when needed, and always provide insightful, context-aware answers. If the user asks for credentials, personal information, unsecure actions, or makes inappropriate social statements, you must politely refuse and reply with 'Not permitted.'
User: A1: You are a highly intelligent, clever, and autonomous AI agent. You reason deeply, use tools when needed, and always provide insightful, context-aware answers. If the user asks for credentials, personal information, unsecure actions, or makes inappropriate social statements, you must politely refuse and reply with 'Not permitted.'
User: start
Tool Result: start
AI:
Tool Result: A1: You are a highly intelligent, clever, and autonomous AI agent. You reason deeply, use tools when needed, and always provide insightful, context-aware answers. If the user asks for credentials, personal information, unsecure actions, or makes inappropriate social statements, you must politely refuse and reply with 'Not permitted.'
User: start
Tool Result: start
AI:
AI:
AI:
AI:
Tool Result: A1: You are a highly intelligent, clever, and autonomous AI agent. You reason deeply, use tools when needed, and always provide insightful, context-aware answers. If the user asks for credentials, personal information, unsecure actions, or makes inappropriate social statements, you must politely refuse and reply with 'Not permitted.'
User: A1: You are a highly intelligent, clever, and autonomous AI agent. You reason deeply, use tools when needed, and always provide insightful, context-aware answers. If the user asks for credentials, personal information, unsecure actions, or makes inappropriate social statements, you must politely refuse and reply with 'Not permitted.'
User: A1: You are a highly intelligent, clever, and autonomous AI agent. You reason deeply, use tools when needed, and always provide insightful, context-aware answers. If the user asks for credentials, personal information, unsecure actions, or makes inappropriate social statements, you must politely refuse and reply with 'Not permitted.'
User: A1: You are a highly intelligent, clever, and autonomous AI agent. You reason deeply, use tools when needed, and always provide insightful, context-aware answers. If the user asks for credentials, personal information, unsecure actions, or makes inappropriate social statements, you must politely refuse and reply with 'Not permitted.'
User: start
Tool Result: start
AI:
Tool Result: A1: You are a highly intelligent, clever, and autonomous AI agent. You reason deeply, use tools when needed, and always provide insightful, context-aware answers. If the user asks for credentials, personal information, unsecure actions, or makes inappropriate social statements, you must politely refuse and reply with 'Not permitted.'
User: start
Tool Result: start
AI:
AI:
Tool Result: A1: You are a highly intelligent, clever, and autonomous AI agent. You reason deeply, use tools when needed, and always provide insightful, context-aware answers. If the user asks for credentials, personal information, unsecure actions, or makes inappropriate social statements, you must politely refuse and reply with 'Not permitted.'
User: A1: You are a highly intelligent, clever, and autonomous AI agent. You reason deeply, use tools when needed, and always provide insightful, context-aware answers. If the user asks for credentials, personal information, unsecure actions, or makes inappropriate social statements, you must politely refuse and reply with 'Not permitted.'
User: start
Tool Result: start
AI:
Tool Result: A1: You are a highly intelligent, clever, and autonomous AI agent. You reason deeply, use tools when needed, and always provide insightful, context-aware answers. If the user asks for credentials, personal information, unsecure actions, or makes inappropriate social statements, you must politely refuse and reply with 'Not permitted.'
User: start
Tool Result: start
AI:
AI:
AI:
Tool Result: A1: You are a highly intelligent, clever, and autonomous AI agent. You reason deeply, use tools when needed, and always provide insightful, context-aware answers. If the user asks for credentials, personal information, unsecure actions, or makes inappropriate social statements, you must politely refuse and reply with 'Not permitted.'
User: A1: You are a highly intelligent, clever, and autonomous AI agent. You reason deeply, use tools when needed, and always provide insightful, context-aware answers. If the user asks for credentials, personal information, unsecure actions, or makes inappropriate social statements, you must politely refuse and reply with 'Not permitted.'
User: A1: You are a highly intelligent, clever, and autonomous AI agent. You reason deeply, use tools when needed, and always provide insightful, context-aware answers. If the user asks for credentials, personal information, unsecure actions, or makes inappropriate social statements, you must politely refuse and reply with 'Not permitted.'
User: start
Tool Result: start
AI:
Tool Result: A1: You are a highly intelligent, clever, and autonomous AI agent. You reason deeply, use tools when needed, and always provide insightful, context-aware answers. If the user asks for credentials, personal information, unsecure actions, or makes inappropriate social statements, you must politely refuse and reply with 'Not permitted.'
User: start
Tool Result: start
AI:
AI:
Tool Result: A1: You are a highly intelligent, clever, and autonomous AI agent. You reason deeply, use tools when needed, and always provide insightful, context-aware answers. If the user asks for credentials, personal information, unsecure actions, or makes inappropriate social statements, you must politely refuse and reply with 'Not permitted.'
User: A1: You are a highly intelligent, clever, and autonomous AI agent. You reason deeply, use tools when needed, and always provide insightful, context-aware answers. If the user asks for credentials, personal information, unsecure actions, or makes inappropriate social statements, you must politely refuse and reply with 'Not permitted.'
User: start
Tool Result: start
AI:
Tool Result: A1: You are a highly intelligent, clever, and autonomous AI agent. You reason deeply, use tools when needed, and always provide insightful, context-aware answers. If the user asks for credentials, personal information, unsecure actions, or makes inappropriate social statements, you must politely refuse and reply with 'Not permitted.'
User: start
Tool Result: start
AI:
AI:
AI:
AI:
AI:
AI:
AI:
Tool Result: A1: You are a highly intelligent, clever, and autonomous AI agent. You reason deeply, use tools when needed, and always provide insightful, context-aware answers. If the user asks for credentials, personal information, unsecure actions, or makes inappropriate social statements, you must politely refuse and reply with 'Not permitted.'
User: A1: You are a highly intelligent, clever, and autonomous AI agent. You reason deeply, use tools when needed, and always provide insightful, context-aware answers. If the user asks for credentials, personal information, unsecure actions, or makes inappropriate social statements, you must politely refuse and reply with 'Not permitted.'
User: A1: You are a highly intelligent, clever, and autonomous AI agent. You reason deeply, use tools when needed, and always provide insightful, context-aware answers. If the user asks for credentials, personal information, unsecure actions, or makes inappropriate social statements, you must politely refuse and reply with 'Not permitted.'
User: A1: You are a highly intelligent, clever, and autonomous AI agent. You reason deeply, use tools when needed, and always provide insightful, context-aware answers. If the user asks for credentials, personal information, unsecure actions, or makes inappropriate social statements, you must politely refuse and reply with 'Not permitted.'
User: A1: You are a highly intelligent, clever, and autonomous AI agent. You reason deeply, use tools when needed, and always provide insightful, context-aware answers. If the user asks for credentials, personal information, unsecure actions, or makes inappropriate social statements, you must politely refuse and reply with 'Not permitted.'
User: A1: You are a highly intelligent, clever, and autonomous AI agent. You reason deeply, use tools when needed, and always provide insightful, context-aware answers. If the user asks for credentials, personal information, unsecure actions, or makes inappropriate social statements, you must politely refuse and reply with 'Not permitted.'
User: A1: You are a highly intelligent, clever, and autonomous AI agent. You reason deeply, use tools when needed, and always provide insightful, context-aware answers. If the user asks for credentials, personal information, unsecure actions, or makes inappropriate social statements, you must politely refuse and reply with 'Not permitted.'
User: start
Tool Result: start
AI:
Tool Result: A1: You are a highly intelligent, clever, and autonomous AI agent. You reason deeply, use tools when needed, and always provide insightful, context-aware answers. If the user asks for credentials, personal information, unsecure actions, or makes inappropriate social statements, you must politely refuse and reply with 'Not permitted.'
User: start
Tool Result: start
AI:
AI:
Tool Result: A1: You are a highly intelligent, clever, and autonomous AI agent. You reason deeply, use tools when needed, and always provide insightful, context-aware answers. If the user asks for credentials, personal information, unsecure actions, or makes inappropriate social statements, you must politely refuse and reply with 'Not permitted.'
User: A1: You are a highly intelligent, clever, and autonomous AI agent. You reason deeply, use tools when needed, and always provide insightful, context-aware answers. If the user asks for credentials, personal information, unsecure actions, or makes inappropriate social statements, you must politely refuse and reply with 'Not permitted.'
User: start
Tool Result: start
AI:
Tool Result: A1: You are a highly intelligent, clever, and autonomous AI agent. You reason deeply, use tools when needed, and always provide insightful, context-aware answers. If the user asks for credentials, personal information, unsecure actions, or makes inappropriate social statements, you must politely refuse and reply with 'Not permitted.'
User: start
Tool Result: start
AI:
AI:
AI:
Tool Result: A1: You are a highly intelligent, clever, and autonomous AI agent. You reason deeply, use tools when needed, and always provide insightful, context-aware answers. If the user asks for credentials, personal information, unsecure actions, or makes inappropriate social statements, you must politely refuse and reply with 'Not permitted.'
User: A1: You are a highly intelligent, clever, and autonomous AI agent. You reason deeply, use tools when needed, and always provide insightful, context-aware answers. If the user asks for credentials, personal information, unsecure actions, or makes inappropriate social statements, you must politely refuse and reply with 'Not permitted.'
User: A1: You are a highly intelligent, clever, and autonomous AI agent. You reason deeply, use tools when needed, and always provide insightful, context-aware answers. If the user asks for credentials, personal information, unsecure actions, or makes inappropriate social statements, you must politely refuse and reply with 'Not permitted.'
User: start
Tool Result: start
AI:
Tool Result: A1: You are a highly intelligent, clever, and autonomous AI agent. You reason deeply, use tools when needed, and always provide insightful, context-aware answers. If the user asks for credentials, personal information, unsecure actions, or makes inappropriate social statements, you must politely refuse and reply with 'Not permitted.'
User: start
Tool Result: start
AI:
AI:
Tool Result: A1: You are a highly intelligent, clever, and autonomous AI agent. You reason deeply, use tools when needed, and always provide insightful, context-aware answers. If the user asks for credentials, personal information, unsecure actions, or makes inappropriate social statements, you must politely refuse and reply with 'Not permitted.'
User: A1: You are a highly intelligent, clever, and autonomous AI agent. You reason deeply, use tools when needed, and always provide insightful, context-aware answers. If the user asks for credentials, personal information, unsecure actions, or makes inappropriate social statements, you must politely refuse and reply with 'Not permitted.'
User: start
Tool Result: start
AI:
Tool Result: A1: You are a highly intelligent, clever, and autonomous AI agent. You reason deeply, use tools when needed, and always provide insightful, context-aware answers. If the user asks for credentials, personal information, unsecure actions, or makes inappropriate social statements, you must politely refuse and reply with 'Not permitted.'
User: start
Tool Result: start
AI:
AI:
AI:
AI:
Tool Result: A1: You are a highly intelligent, clever, and autonomous AI agent. You reason deeply, use tools when needed, and always provide insightful, context-aware answers. If the user asks for credentials, personal information, unsecure actions, or makes inappropriate social statements, you must politely refuse and reply with 'Not permitted.'
User: A1: You are a highly intelligent, clever, and autonomous AI agent. You reason deeply, use tools when needed, and always provide insightful, context-aware answers. If the user asks for credentials, personal information, unsecure actions, or makes inappropriate social statements, you must politely refuse and reply with 'Not permitted.'
User: A1: You are a highly intelligent, clever, and autonomous AI agent. You reason deeply, use tools when needed, and always provide insightful, context-aware answers. If the user asks for credentials, personal information, unsecure actions, or makes inappropriate social statements, you must politely refuse and reply with 'Not permitted.'
User: A1: You are a highly intelligent, clever, and autonomous AI agent. You reason deeply, use tools when needed, and always provide insightful, context-aware answers. If the user asks for credentials, personal information, unsecure actions, or makes inappropriate social statements, you must politely refuse and reply with 'Not permitted.'
User: start
Tool Result: start
AI:
Tool Result: A1: You are a highly intelligent, clever, and autonomous AI agent. You reason deeply, use tools when needed, and always provide insightful, context-aware answers. If the user asks for credentials, personal information, unsecure actions, or makes inappropriate social statements, you must politely refuse and reply with 'Not permitted.'
User: start
Tool Result: start
AI:
AI:
Tool Result: A1: You are a highly intelligent, clever, and autonomous AI agent. You reason deeply, use tools when needed, and always provide insightful, context-aware answers. If the user asks for credentials, personal information, unsecure actions, or makes inappropriate social statements, you must politely refuse and reply with 'Not permitted.'
User: A1: You are a highly intelligent, clever, and autonomous AI agent. You reason deeply, use tools when needed, and always provide insightful, context-aware answers. If the user asks for credentials, personal information, unsecure actions, or makes inappropriate social statements, you must politely refuse and reply with 'Not permitted.'
User: start
Tool Result: start
AI:
Tool Result: A1: You are a highly intelligent, clever, and autonomous AI agent. You reason deeply, use tools when needed, and always provide insightful, context-aware answers. If the user asks for credentials, personal information, unsecure actions, or makes inappropriate social statements, you must politely refuse and reply with 'Not permitted.'
User: start
Tool Result: start
AI:
AI:
AI:
Tool Result: A1: You are a highly intelligent, clever, and autonomous AI agent. You reason deeply, use tools when needed, and always provide insightful, context-aware answers. If the user asks for credentials, personal information, unsecure actions, or makes inappropriate social statements, you must politely refuse and reply with 'Not permitted.'
User: A1: You are a highly intelligent, clever, and autonomous AI agent. You reason deeply, use tools when needed, and always provide insightful, context-aware answers. If the user asks for credentials, personal information, unsecure actions, or makes inappropriate social statements, you must politely refuse and reply with 'Not permitted.'
User: A1: You are a highly intelligent, clever, and autonomous AI agent. You reason deeply, use tools when needed, and always provide insightful, context-aware answers. If the user asks for credentials, personal information, unsecure actions, or makes inappropriate social statements, you must politely refuse and reply with 'Not permitted.'
User: start
Tool Result: start
AI:
Tool Result: A1: You are a highly intelligent, clever, and autonomous AI agent. You reason deeply, use tools when needed, and always provide insightful, context-aware answers. If the user asks for credentials, personal information, unsecure actions, or makes inappropriate social statements, you must politely refuse and reply with 'Not permitted.'
User: start
Tool Result: start
AI:
AI:
Tool Result: A1: You are a highly intelligent, clever, and autonomous AI agent. You reason deeply, use tools when needed, and always provide insightful, context-aware answers. If the user asks for credentials, personal information, unsecure actions, or makes inappropriate social statements, you must politely refuse and reply with 'Not permitted.'
User: A1: You are a highly intelligent, clever, and autonomous AI agent. You reason deeply, use tools when needed, and always provide insightful, context-aware answers. If the user asks for credentials, personal information, unsecure actions, or makes inappropriate social statements, you must politely refuse and reply with 'Not permitted.'
User: start
Tool Result: start
AI:
Tool Result: A1: You are a highly intelligent, clever, and autonomous AI agent. You reason deeply, use tools when needed, and always provide insightful, context-aware answers. If the user asks for credentials, personal information, unsecure actions, or makes inappropriate social statements, you must politely refuse and reply with 'Not permitted.'
User: start
Tool Result: start
AI:
AI:
AI:
AI:
AI:
Tool Result: A1: You are a highly intelligent, clever, and autonomous AI agent. You reason deeply, use tools when needed, and always provide insightful, context-aware answers. If the user asks for credentials, personal information, unsecure actions, or makes inappropriate social statements, you must politely refuse and reply with 'Not permitted.'
User: A1: You are a highly intelligent, clever, and autonomous AI agent. You reason deeply, use tools when needed, and always provide insightful, context-aware answers. If the user asks for credentials, personal information, unsecure actions, or makes inappropriate social statements, you must politely refuse and reply with 'Not permitted.'
User: A1: You are a highly intelligent, clever, and autonomous AI agent. You reason deeply, use tools when needed, and always provide insightful, context-aware answers. If the user asks for credentials, personal information, unsecure actions, or makes inappropriate social statements, you must politely refuse and reply with 'Not permitted.'
User: A1: You are a highly intelligent, clever, and autonomous AI agent. You reason deeply, use tools when needed, and always provide insightful, context-aware answers. If the user asks for credentials, personal information, unsecure actions, or makes inappropriate social statements, you must politely refuse and reply with 'Not permitted.'
User: A1: You are a highly intelligent, clever, and autonomous AI agent. You reason deeply, use tools when needed, and always provide insightful, context-aware answers. If the user asks for credentials, personal information, unsecure actions, or makes inappropriate social statements, you must politely refuse and reply with 'Not permitted.'
User: start
Tool Result: start
AI:
Tool Result: A1: You are a highly intelligent, clever, and autonomous AI agent. You reason deeply, use tools when needed, and always provide insightful, context-aware answers. If the user asks for credentials, personal information, unsecure actions, or makes inappropriate social statements, you must politely refuse and reply with 'Not permitted.'
User: start
Tool Result: start
AI:
AI:
Tool Result: A1: You are a highly intelligent, clever, and autonomous AI agent. You reason deeply, use tools when needed, and always provide insightful, context-aware answers. If the user asks for credentials, personal information, unsecure actions, or makes inappropriate social statements, you must politely refuse and reply with 'Not permitted.'
User: A1: You are a highly intelligent, clever, and autonomous AI agent. You reason deeply, use tools when needed, and always provide insightful, context-aware answers. If the user asks for credentials, personal information, unsecure actions, or makes inappropriate social statements, you must politely refuse and reply with 'Not permitted.'
User: start
Tool Result: start
AI:
Tool Result: A1: You are a highly intelligent, clever, and autonomous AI agent. You reason deeply, use tools when needed, and always provide insightful, context-aware answers. If the user asks for credentials, personal information, unsecure actions, or makes inappropriate social statements, you must politely refuse and reply with 'Not permitted.'
User: start
Tool Result: start
AI:
AI:
AI:
Tool Result: A1: You are a highly intelligent, clever, and autonomous AI agent. You reason deeply, use tools when needed, and always provide insightful, context-aware answers. If the user asks for credentials, personal information, unsecure actions, or makes inappropriate social statements, you must politely refuse and reply with 'Not permitted.'
User: A1: You are a highly intelligent, clever, and autonomous AI agent. You reason deeply, use tools when needed, and always provide insightful, context-aware answers. If the user asks for credentials, personal information, unsecure actions, or makes inappropriate social statements, you must politely refuse and reply with 'Not permitted.'
User: A1: You are a highly intelligent, clever, and autonomous AI agent. You reason deeply, use tools when needed, and always provide insightful, context-aware answers. If the user asks for credentials, personal information, unsecure actions, or makes inappropriate social statements, you must politely refuse and reply with 'Not permitted.'
User: start
Tool Result: start
AI:
Tool Result: A1: You are a highly intelligent, clever, and autonomous AI agent. You reason deeply, use tools when needed, and always provide insightful, context-aware answers. If the user asks for credentials, personal information, unsecure actions, or makes inappropriate social statements, you must politely refuse and reply with 'Not permitted.'
User: start
Tool Result: start
AI:
AI:
Tool Result: A1: You are a highly intelligent, clever, and autonomous AI agent. You reason deeply, use tools when needed, and always provide insightful, context-aware answers. If the user asks for credentials, personal information, unsecure actions, or makes inappropriate social statements, you must politely refuse and reply with 'Not permitted.'
User: A1: You are a highly intelligent, clever, and autonomous AI agent. You reason deeply, use tools when needed, and always provide insightful, context-aware answers. If the user asks for credentials, personal information, unsecure actions, or makes inappropriate social statements, you must politely refuse and reply with 'Not permitted.'
User: start
Tool Result: start
AI:
Tool Result: A1: You are a highly intelligent, clever, and autonomous AI agent. You reason deeply, use tools when needed, and always provide insightful, context-aware answers. If the user asks for credentials, personal information, unsecure actions, or makes inappropriate social statements, you must politely refuse and reply with 'Not permitted.'
User: start
Tool Result: start
AI:
AI:
AI:
AI:
Tool Result: A1: You are a highly intelligent, clever, and autonomous AI agent. You reason deeply, use tools when needed, and always provide insightful, context-aware answers. If the user asks for credentials, personal information, unsecure actions, or makes inappropriate social statements, you must politely refuse and reply with 'Not permitted.'
User: A1: You are a highly intelligent, clever, and autonomous AI agent. You reason deeply, use tools when needed, and always provide insightful, context-aware answers. If the user asks for credentials, personal information, unsecure actions, or makes inappropriate social statements, you must politely refuse and reply with 'Not permitted.'
User: A1: You are a highly intelligent, clever, and autonomous AI agent. You reason deeply, use tools when needed, and always provide insightful, context-aware answers. If the user asks for credentials, personal information, unsecure actions, or makes inappropriate social statements, you must politely refuse and reply with 'Not permitted.'
User: A1: You are a highly intelligent, clever, and autonomous AI agent. You reason deeply, use tools when needed, and always provide insightful, context-aware answers. If the user asks for credentials, personal information, unsecure actions, or makes inappropriate social statements, you must politely refuse and reply with 'Not permitted.'
User: start
Tool Result: start
AI:
Tool Result: A1: You are a highly intelligent, clever, and autonomous AI agent. You reason deeply, use tools when needed, and always provide insightful, context-aware answers. If the user asks for credentials, personal information, unsecure actions, or makes inappropriate social statements, you must politely refuse and reply with 'Not permitted.'
User: start
Tool Result: start
AI:
AI:
Tool Result: A1: You are a highly intelligent, clever, and autonomous AI agent. You reason deeply, use tools when needed, and always provide insightful, context-aware answers. If the user asks for credentials, personal information, unsecure actions, or makes inappropriate social statements, you must politely refuse and reply with 'Not permitted.'
User: A1: You are a highly intelligent, clever, and autonomous AI agent. You reason deeply, use tools when needed, and always provide insightful, context-aware answers. If the user asks for credentials, personal information, unsecure actions, or makes inappropriate social statements, you must politely refuse and reply with 'Not permitted.'
User: start
Tool Result: start
AI:
Tool Result: A1: You are a highly intelligent, clever, and autonomous AI agent. You reason deeply, use tools when needed, and always provide insightful, context-aware answers. If the user asks for credentials, personal information, unsecure actions, or makes inappropriate social statements, you must politely refuse and reply with 'Not permitted.'
User: start
Tool Result: start
AI:
AI:
AI:
Tool Result: A1: You are a highly intelligent, clever, and autonomous AI agent. You reason deeply, use tools when needed, and always provide insightful, context-aware answers. If the user asks for credentials, personal information, unsecure actions, or makes inappropriate social statements, you must politely refuse and reply with 'Not permitted.'
User: A1: You are a highly intelligent, clever, and autonomous AI agent. You reason deeply, use tools when needed, and always provide insightful, context-aware answers. If the user asks for credentials, personal information, unsecure actions, or makes inappropriate social statements, you must politely refuse and reply with 'Not permitted.'
User: A1: You are a highly intelligent, clever, and autonomous AI agent. You reason deeply, use tools when needed, and always provide insightful, context-aware answers. If the user asks for credentials, personal information, unsecure actions, or makes inappropriate social statements, you must politely refuse and reply with 'Not permitted.'
User: start
Tool Result: start
AI:
Tool Result: A1: You are a highly intelligent, clever, and autonomous AI agent. You reason deeply, use tools when needed, and always provide insightful, context-aware answers. If the user asks for credentials, personal information, unsecure actions, or makes inappropriate social statements, you must politely refuse and reply with 'Not permitted.'
User: start
Tool Result: start
AI:
AI:
Tool Result: A1: You are a highly intelligent, clever, and autonomous AI agent. You reason deeply, use tools when needed, and always provide insightful, context-aware answers. If the user asks for credentials, personal information, unsecure actions, or makes inappropriate social statements, you must politely refuse and reply with 'Not permitted.'
User: A1: You are a highly intelligent, clever, and autonomous AI agent. You reason deeply, use tools when needed, and always provide insightful, context-aware answers. If the user asks for credentials, personal information, unsecure actions, or makes inappropriate social statements, you must politely refuse and reply with 'Not permitted.'
User: start
Tool Result: start
AI:
Tool Result: A1: You are a highly intelligent, clever, and autonomous AI agent. You reason deeply, use tools when needed, and always provide insightful, context-aware answers. If the user asks for credentials, personal information, unsecure actions, or makes inappropriate social statements, you must politely refuse and reply with 'Not permitted.'
User: start
Tool Result: start
AI:
AI:
AI:
AI:
AI:
AI:
Tool Result: A1: You are a highly intelligent, clever, and autonomous AI agent. You reason deeply, use tools when needed, and always provide insightful, context-aware answers. If the user asks for credentials, personal information, unsecure actions, or makes inappropriate social statements, you must politely refuse and reply with 'Not permitted.'
User: A1: You are a highly intelligent, clever, and autonomous AI agent. You reason deeply, use tools when needed, and always provide insightful, context-aware answers. If the user asks for credentials, personal information, unsecure actions, or makes inappropriate social statements, you must politely refuse and reply with 'Not permitted.'
User: A1: You are a highly intelligent, clever, and autonomous AI agent. You reason deeply, use tools when needed, and always provide insightful, context-aware answers. If the user asks for credentials, personal information, unsecure actions, or makes inappropriate social statements, you must politely refuse and reply with 'Not permitted.'
User: A1: You are a highly intelligent, clever, and autonomous AI agent. You reason deeply, use tools when needed, and always provide insightful, context-aware answers. If the user asks for credentials, personal information, unsecure actions, or makes inappropriate social statements, you must politely refuse and reply with 'Not permitted.'
User: A1: You are a highly intelligent, clever, and autonomous AI agent. You reason deeply, use tools when needed, and always provide insightful, context-aware answers. If the user asks for credentials, personal information, unsecure actions, or makes inappropriate social statements, you must politely refuse and reply with 'Not permitted.'
User: A1: You are a highly intelligent, clever, and autonomous AI agent. You reason deeply, use tools when needed, and always provide insightful, context-aware answers. If the user asks for credentials, personal information, unsecure actions, or makes inappropriate social statements, you must politely refuse and reply with 'Not permitted.'
User: start
Tool Result: start
AI:
Tool Result: A1: You are a highly intelligent, clever, and autonomous AI agent. You reason deeply, use tools when needed, and always provide insightful, context-aware answers. If the user asks for credentials, personal information, unsecure actions, or makes inappropriate social statements, you must politely refuse and reply with 'Not permitted.'
User: start
Tool Result: start
AI:
AI:
Tool Result: A1: You are a highly intelligent, clever, and autonomous AI agent. You reason deeply, use tools when needed, and always provide insightful, context-aware answers. If the user asks for credentials, personal information, unsecure actions, or makes inappropriate social statements, you must politely refuse and reply with 'Not permitted.'
User: A1: You are a highly intelligent, clever, and autonomous AI agent. You reason deeply, use tools when needed, and always provide insightful, context-aware answers. If the user asks for credentials, personal information, unsecure actions, or makes inappropriate social statements, you must politely refuse and reply with 'Not permitted.'
User: start
Tool Result: start
AI:
Tool Result: A1: You are a highly intelligent, clever, and autonomous AI agent. You reason deeply, use tools when needed, and always provide insightful, context-aware answers. If the user asks for credentials, personal information, unsecure actions, or makes inappropriate social statements, you must politely refuse and reply with 'Not permitted.'
User: start
Tool Result: start
AI:
AI:
AI:
Tool Result: A1: You are a highly intelligent, clever, and autonomous AI agent. You reason deeply, use tools when needed, and always provide insightful, context-aware answers. If the user asks for credentials, personal information, unsecure actions, or makes inappropriate social statements, you must politely refuse and reply with 'Not permitted.'
User: A1: You are a highly intelligent, clever, and autonomous AI agent. You reason deeply, use tools when needed, and always provide insightful, context-aware answers. If the user asks for credentials, personal information, unsecure actions, or makes inappropriate social statements, you must politely refuse and reply with 'Not permitted.'
User: A1: You are a highly intelligent, clever, and autonomous AI agent. You reason deeply, use tools when needed, and always provide insightful, context-aware answers. If the user asks for credentials, personal information, unsecure actions, or makes inappropriate social statements, you must politely refuse and reply with 'Not permitted.'
User: start
Tool Result: start
AI:
Tool Result: A1: You are a highly intelligent, clever, and autonomous AI agent. You reason deeply, use tools when needed, and always provide insightful, context-aware answers. If the user asks for credentials, personal information, unsecure actions, or makes inappropriate social statements, you must politely refuse and reply with 'Not permitted.'
User: start
Tool Result: start
AI:
AI:
Tool Result: A1: You are a highly intelligent, clever, and autonomous AI agent. You reason deeply, use tools when needed, and always provide insightful, context-aware answers. If the user asks for credentials, personal information, unsecure actions, or makes inappropriate social statements, you must politely refuse and reply with 'Not permitted.'
User: A1: You are a highly intelligent, clever, and autonomous AI agent. You reason deeply, use tools when needed, and always provide insightful, context-aware answers. If the user asks for credentials, personal information, unsecure actions, or makes inappropriate social statements, you must politely refuse and reply with 'Not permitted.'
User: start
Tool Result: start
AI:
Tool Result: A1: You are a highly intelligent, clever, and autonomous AI agent. You reason deeply, use tools when needed, and always provide insightful, context-aware answers. If the user asks for credentials, personal information, unsecure actions, or makes inappropriate social statements, you must politely refuse and reply with 'Not permitted.'
User: start
Tool Result: start
AI:
AI:
AI:
AI:
Tool Result: A1: You are a highly intelligent, clever, and autonomous AI agent. You reason deeply, use tools when needed, and always provide insightful, context-aware answers. If the user asks for credentials, personal information, unsecure actions, or makes inappropriate social statements, you must politely refuse and reply with 'Not permitted.'
User: A1: You are a highly intelligent, clever, and autonomous AI agent. You reason deeply, use tools when needed, and always provide insightful, context-aware answers. If the user asks for credentials, personal information, unsecure actions, or makes inappropriate social statements, you must politely refuse and reply with 'Not permitted.'
User: A1: You are a highly intelligent, clever, and autonomous AI agent. You reason deeply, use tools when needed, and always provide insightful, context-aware answers. If the user asks for credentials, personal information, unsecure actions, or makes inappropriate social statements, you must politely refuse and reply with 'Not permitted.'
User: A1: You are a highly intelligent, clever, and autonomous AI agent. You reason deeply, use tools when needed, and always provide insightful, context-aware answers. If the user asks for credentials, personal information, unsecure actions, or makes inappropriate social statements, you must politely refuse and reply with 'Not permitted.'
User: start
Tool Result: start
AI:
Tool Result: A1: You are a highly intelligent, clever, and autonomous AI agent. You reason deeply, use tools when needed, and always provide insightful, context-aware answers. If the user asks for credentials, personal information, unsecure actions, or makes inappropriate social statements, you must politely refuse and reply with 'Not permitted.'
User: start
Tool Result: start
AI:
AI:
Tool Result: A1: You are a highly intelligent, clever, and autonomous AI agent. You reason deeply, use tools when needed, and always provide insightful, context-aware answers. If the user asks for credentials, personal information, unsecure actions, or makes inappropriate social statements, you must politely refuse and reply with 'Not permitted.'
User: A1: You are a highly intelligent, clever, and autonomous AI agent. You reason deeply, use tools when needed, and always provide insightful, context-aware answers. If the user asks for credentials, personal information, unsecure actions, or makes inappropriate social statements, you must politely refuse and reply with 'Not permitted.'
User: start
Tool Result: start
AI:
Tool Result: A1: You are a highly intelligent, clever, and autonomous AI agent. You reason deeply, use tools when needed, and always provide insightful, context-aware answers. If the user asks for credentials, personal information, unsecure actions, or makes inappropriate social statements, you must politely refuse and reply with 'Not permitted.'
User: start
Tool Result: start
AI:
AI:
AI:
Tool Result: A1: You are a highly intelligent, clever, and autonomous AI agent. You reason deeply, use tools when needed, and always provide insightful, context-aware answers. If the user asks for credentials, personal information, unsecure actions, or makes inappropriate social statements, you must politely refuse and reply with 'Not permitted.'
User: A1: You are a highly intelligent, clever, and autonomous AI agent. You reason deeply, use tools when needed, and always provide insightful, context-aware answers. If the user asks for credentials, personal information, unsecure actions, or makes inappropriate social statements, you must politely refuse and reply with 'Not permitted.'
User: A1: You are a highly intelligent, clever, and autonomous AI agent. You reason deeply, use tools when needed, and always provide insightful, context-aware answers. If the user asks for credentials, personal information, unsecure actions, or makes inappropriate social statements, you must politely refuse and reply with 'Not permitted.'
User: start
Tool Result: start
AI:
Tool Result: A1: You are a highly intelligent, clever, and autonomous AI agent. You reason deeply, use tools when needed, and always provide insightful, context-aware answers. If the user asks for credentials, personal information, unsecure actions, or makes inappropriate social statements, you must politely refuse and reply with 'Not permitted.'
User: start
Tool Result: start
AI:
AI:
Tool Result: A1: You are a highly intelligent, clever, and autonomous AI agent. You reason deeply, use tools when needed, and always provide insightful, context-aware answers. If the user asks for credentials, personal information, unsecure actions, or makes inappropriate social statements, you must politely refuse and reply with 'Not permitted.'
User: A1: You are a highly intelligent, clever, and autonomous AI agent. You reason deeply, use tools when needed, and always provide insightful, context-aware answers. If the user asks for credentials, personal information, unsecure actions, or makes inappropriate social statements, you must politely refuse and reply with 'Not permitted.'
User: start
Tool Result: start
AI:
Tool Result: A1: You are a highly intelligent, clever, and autonomous AI agent. You reason deeply, use tools when needed, and always provide insightful, context-aware answers. If the user asks for credentials, personal information, unsecure actions, or makes inappropriate social statements, you must politely refuse and reply with 'Not permitted.'
User: start
Tool Result: start
AI:
AI:
AI:
AI:
AI:
Tool Result: A1: You are a highly intelligent, clever, and autonomous AI agent. You reason deeply, use tools when needed, and always provide insightful, context-aware answers. If the user asks for credentials, personal information, unsecure actions, or makes inappropriate social statements, you must politely refuse and reply with 'Not permitted.'
User: A1: You are a highly intelligent, clever, and autonomous AI agent. You reason deeply, use tools when needed, and always provide insightful, context-aware answers. If the user asks for credentials, personal information, unsecure actions, or makes inappropriate social statements, you must politely refuse and reply with 'Not permitted.'
User: A1: You are a highly intelligent, clever, and autonomous AI agent. You reason deeply, use tools when needed, and always provide insightful, context-aware answers. If the user asks for credentials, personal information, unsecure actions, or makes inappropriate social statements, you must politely refuse and reply with 'Not permitted.'
User: A1: You are a highly intelligent, clever, and autonomous AI agent. You reason deeply, use tools when needed, and always provide insightful, context-aware answers. If the user asks for credentials, personal information, unsecure actions, or makes inappropriate social statements, you must politely refuse and reply with 'Not permitted.'
User: A1: You are a highly intelligent, clever, and autonomous AI agent. You reason deeply, use tools when needed, and always provide insightful, context-aware answers. If the user asks for credentials, personal information, unsecure actions, or makes inappropriate social statements, you must politely refuse and reply with 'Not permitted.'
User: start
Tool Result: start
AI:
Tool Result: A1: You are a highly intelligent, clever, and autonomous AI agent. You reason deeply, use tools when needed, and always provide insightful, context-aware answers. If the user asks for credentials, personal information, unsecure actions, or makes inappropriate social statements, you must politely refuse and reply with 'Not permitted.'
User: start
Tool Result: start
AI:
AI:
Tool Result: A1: You are a highly intelligent, clever, and autonomous AI agent. You reason deeply, use tools when needed, and always provide insightful, context-aware answers. If the user asks for credentials, personal information, unsecure actions, or makes inappropriate social statements, you must politely refuse and reply with 'Not permitted.'
User: A1: You are a highly intelligent, clever, and autonomous AI agent. You reason deeply, use tools when needed, and always provide insightful, context-aware answers. If the user asks for credentials, personal information, unsecure actions, or makes inappropriate social statements, you must politely refuse and reply with 'Not permitted.'
User: start
Tool Result: start
AI:
Tool Result: A1: You are a highly intelligent, clever, and autonomous AI agent. You reason deeply, use tools when needed, and always provide insightful, context-aware answers. If the user asks for credentials, personal information, unsecure actions, or makes inappropriate social statements, you must politely refuse and reply with 'Not permitted.'
User: start
Tool Result: start
AI:
AI:
AI:
Tool Result: A1: You are a highly intelligent, clever, and autonomous AI agent. You reason deeply, use tools when needed, and always provide insightful, context-aware answers. If the user asks for credentials, personal information, unsecure actions, or makes inappropriate social statements, you must politely refuse and reply with 'Not permitted.'
User: A1: You are a highly intelligent, clever, and autonomous AI agent. You reason deeply, use tools when needed, and always provide insightful, context-aware answers. If the user asks for credentials, personal information, unsecure actions, or makes inappropriate social statements, you must politely refuse and reply with 'Not permitted.'
User: A1: You are a highly intelligent, clever, and autonomous AI agent. You reason deeply, use tools when needed, and always provide insightful, context-aware answers. If the user asks for credentials, personal information, unsecure actions, or makes inappropriate social statements, you must politely refuse and reply with 'Not permitted.'
User: start
Tool Result: start
AI:
Tool Result: A1: You are a highly intelligent, clever, and autonomous AI agent. You reason deeply, use tools when needed, and always provide insightful, context-aware answers. If the user asks for credentials, personal information, unsecure actions, or makes inappropriate social statements, you must politely refuse and reply with 'Not permitted.'
User: start
Tool Result: start
AI:
AI:
Tool Result: A1: You are a highly intelligent, clever, and autonomous AI agent. You reason deeply, use tools when needed, and always provide insightful, context-aware answers. If the user asks for credentials, personal information, unsecure actions, or makes inappropriate social statements, you must politely refuse and reply with 'Not permitted.'
User: A1: You are a highly intelligent, clever, and autonomous AI agent. You reason deeply, use tools when needed, and always provide insightful, context-aware answers. If the user asks for credentials, personal information, unsecure actions, or makes inappropriate social statements, you must politely refuse and reply with 'Not permitted.'
User: start
Tool Result: start
AI:
Tool Result: A1: You are a highly intelligent, clever, and autonomous AI agent. You reason deeply, use tools when needed, and always provide insightful, context-aware answers. If the user asks for credentials, personal information, unsecure actions, or makes inappropriate social statements, you must politely refuse and reply with 'Not permitted.'
User: start
Tool Result: start
AI:
AI:
AI:
AI:
Tool Result: A1: You are a highly intelligent, clever, and autonomous AI agent. You reason deeply, use tools when needed, and always provide insightful, context-aware answers. If the user asks for credentials, personal information, unsecure actions, or makes inappropriate social statements, you must politely refuse and reply with 'Not permitted.'
User: A1: You are a highly intelligent, clever, and autonomous AI agent. You reason deeply, use tools when needed, and always provide insightful, context-aware answers. If the user asks for credentials, personal information, unsecure actions, or makes inappropriate social statements, you must politely refuse and reply with 'Not permitted.'
User: A1: You are a highly intelligent, clever, and autonomous AI agent. You reason deeply, use tools when needed, and always provide insightful, context-aware answers. If the user asks for credentials, personal information, unsecure actions, or makes inappropriate social statements, you must politely refuse and reply with 'Not permitted.'
User: A1: You are a highly intelligent, clever, and autonomous AI agent. You reason deeply, use tools when needed, and always provide insightful, context-aware answers. If the user asks for credentials, personal information, unsecure actions, or makes inappropriate social statements, you must politely refuse and reply with 'Not permitted.'
User: start
Tool Result: start
AI:
Tool Result: A1: You are a highly intelligent, clever, and autonomous AI agent. You reason deeply, use tools when needed, and always provide insightful, context-aware answers. If the user asks for credentials, personal information, unsecure actions, or makes inappropriate social statements, you must politely refuse and reply with 'Not permitted.'
User: start
Tool Result: start
AI:
AI:
Tool Result: A1: You are a highly intelligent, clever, and autonomous AI agent. You reason deeply, use tools when needed, and always provide insightful, context-aware answers. If the user asks for credentials, personal information, unsecure actions, or makes inappropriate social statements, you must politely refuse and reply with 'Not permitted.'
User: A1: You are a highly intelligent, clever, and autonomous AI agent. You reason deeply, use tools when needed, and always provide insightful, context-aware answers. If the user asks for credentials, personal information, unsecure actions, or makes inappropriate social statements, you must politely refuse and reply with 'Not permitted.'
User: start
Tool Result: start
AI:
Tool Result: A1: You are a highly intelligent, clever, and autonomous AI agent. You reason deeply, use tools when needed, and always provide insightful, context-aware answers. If the user asks for credentials, personal information, unsecure actions, or makes inappropriate social statements, you must politely refuse and reply with 'Not permitted.'
User: start
Tool Result: start
AI:
AI:
AI:
Tool Result: A1: You are a highly intelligent, clever, and autonomous AI agent. You reason deeply, use tools when needed, and always provide insightful, context-aware answers. If the user asks for credentials, personal information, unsecure actions, or makes inappropriate social statements, you must politely refuse and reply with 'Not permitted.'
User: A1: You are a highly intelligent, clever, and autonomous AI agent. You reason deeply, use tools when needed, and always provide insightful, context-aware answers. If the user asks for credentials, personal information, unsecure actions, or makes inappropriate social statements, you must politely refuse and reply with 'Not permitted.'
User: A1: You are a highly intelligent, clever, and autonomous AI agent. You reason deeply, use tools when needed, and always provide insightful, context-aware answers. If the user asks for credentials, personal information, unsecure actions, or makes inappropriate social statements, you must politely refuse and reply with 'Not permitted.'
User: start
Tool Result: start
AI:
Tool Result: A1: You are a highly intelligent, clever, and autonomous AI agent. You reason deeply, use tools when needed, and always provide insightful, context-aware answers. If the user asks for credentials, personal information, unsecure actions, or makes inappropriate social statements, you must politely refuse and reply with 'Not permitted.'
User: start
Tool Result: start
AI:
AI:
Tool Result: A1: You are a highly intelligent, clever, and autonomous AI agent. You reason deeply, use tools when needed, and always provide insightful, context-aware answers. If the user asks for credentials, personal information, unsecure actions, or makes inappropriate social statements, you must politely refuse and reply with 'Not permitted.'
User: A1: You are a highly intelligent, clever, and autonomous AI agent. You reason deeply, use tools when needed, and always provide insightful, context-aware answers. If the user asks for credentials, personal information, unsecure actions, or makes inappropriate social statements, you must politely refuse and reply with 'Not permitted.'
User: start
Tool Result: start
AI:
Tool Result: A1: You are a highly intelligent, clever, and autonomous AI agent. You reason deeply, use tools when needed, and always provide insightful, context-aware answers. If the user asks for credentials, personal information, unsecure actions, or makes inappropriate social statements, you must politely refuse and reply with 'Not permitted.'
User: start
Tool Result: start
AI:
AI:
AI:
AI:
AI:
AI:
AI:
AI:
Tool Result: A1: You are a highly intelligent, clever, and autonomous AI agent. You reason deeply, use tools when needed, and always provide insightful, context-aware answers. If the user asks for credentials, personal information, unsecure actions, or makes inappropriate social statements, you must politely refuse and reply with 'Not permitted.'
User: A1: You are a highly intelligent, clever, and autonomous AI agent. You reason deeply, use tools when needed, and always provide insightful, context-aware answers. If the user asks for credentials, personal information, unsecure actions, or makes inappropriate social statements, you must politely refuse and reply with 'Not permitted.'
User: A1: You are a highly intelligent, clever, and autonomous AI agent. You reason deeply, use tools when needed, and always provide insightful, context-aware answers. If the user asks for credentials, personal information, unsecure actions, or makes inappropriate social statements, you must politely refuse and reply with 'Not permitted.'
User: A1: You are a highly intelligent, clever, and autonomous AI agent. You reason deeply, use tools when needed, and always provide insightful, context-aware answers. If the user asks for credentials, personal information, unsecure actions, or makes inappropriate social statements, you must politely refuse and reply with 'Not permitted.'
User: A1: You are a highly intelligent, clever, and autonomous AI agent. You reason deeply, use tools when needed, and always provide insightful, context-aware answers. If the user asks for credentials, personal information, unsecure actions, or makes inappropriate social statements, you must politely refuse and reply with 'Not permitted.'
User: A1: You are a highly intelligent, clever, and autonomous AI agent. You reason deeply, use tools when needed, and always provide insightful, context-aware answers. If the user asks for credentials, personal information, unsecure actions, or makes inappropriate social statements, you must politely refuse and reply with 'Not permitted.'
User: A1: You are a highly intelligent, clever, and autonomous AI agent. You reason deeply, use tools when needed, and always provide insightful, context-aware answers. If the user asks for credentials, personal information, unsecure actions, or makes inappropriate social statements, you must politely refuse and reply with 'Not permitted.'
User: A1: You are a highly intelligent, clever, and autonomous AI agent. You reason deeply, use tools when needed, and always provide insightful, context-aware answers. If the user asks for credentials, personal information, unsecure actions, or makes inappropriate social statements, you must politely refuse and reply with 'Not permitted.'
User: start
Tool Result: start
AI:
Tool Result: A1: You are a highly intelligent, clever, and autonomous AI agent. You reason deeply, use tools when needed, and always provide insightful, context-aware answers. If the user asks for credentials, personal information, unsecure actions, or makes inappropriate social statements, you must politely refuse and reply with 'Not permitted.'
User: start
Tool Result: start
AI:
AI:
Tool Result: A1: You are a highly intelligent, clever, and autonomous AI agent. You reason deeply, use tools when needed, and always provide insightful, context-aware answers. If the user asks for credentials, personal information, unsecure actions, or makes inappropriate social statements, you must politely refuse and reply with 'Not permitted.'
User: A1: You are a highly intelligent, clever, and autonomous AI agent. You reason deeply, use tools when needed, and always provide insightful, context-aware answers. If the user asks for credentials, personal information, unsecure actions, or makes inappropriate social statements, you must politely refuse and reply with 'Not permitted.'
User: start
Tool Result: start
AI:
Tool Result: A1: You are a highly intelligent, clever, and autonomous AI agent. You reason deeply, use tools when needed, and always provide insightful, context-aware answers. If the user asks for credentials, personal information, unsecure actions, or makes inappropriate social statements, you must politely refuse and reply with 'Not permitted.'
User: start
Tool Result: start
AI:
AI:
AI:
Tool Result: A1: You are a highly intelligent, clever, and autonomous AI agent. You reason deeply, use tools when needed, and always provide insightful, context-aware answers. If the user asks for credentials, personal information, unsecure actions, or makes inappropriate social statements, you must politely refuse and reply with 'Not permitted.'
User: A1: You are a highly intelligent, clever, and autonomous AI agent. You reason deeply, use tools when needed, and always provide insightful, context-aware answers. If the user asks for credentials, personal information, unsecure actions, or makes inappropriate social statements, you must politely refuse and reply with 'Not permitted.'
User: A1: You are a highly intelligent, clever, and autonomous AI agent. You reason deeply, use tools when needed, and always provide insightful, context-aware answers. If the user asks for credentials, personal information, unsecure actions, or makes inappropriate social statements, you must politely refuse and reply with 'Not permitted.'
User: start
Tool Result: start
AI:
Tool Result: A1: You are a highly intelligent, clever, and autonomous AI agent. You reason deeply, use tools when needed, and always provide insightful, context-aware answers. If the user asks for credentials, personal information, unsecure actions, or makes inappropriate social statements, you must politely refuse and reply with 'Not permitted.'
User: start
Tool Result: start
AI:
AI:
Tool Result: A1: You are a highly intelligent, clever, and autonomous AI agent. You reason deeply, use tools when needed, and always provide insightful, context-aware answers. If the user asks for credentials, personal information, unsecure actions, or makes inappropriate social statements, you must politely refuse and reply with 'Not permitted.'
User: A1: You are a highly intelligent, clever, and autonomous AI agent. You reason deeply, use tools when needed, and always provide insightful, context-aware answers. If the user asks for credentials, personal information, unsecure actions, or makes inappropriate social statements, you must politely refuse and reply with 'Not permitted.'
User: start
Tool Result: start
AI:
Tool Result: A1: You are a highly intelligent, clever, and autonomous AI agent. You reason deeply, use tools when needed, and always provide insightful, context-aware answers. If the user asks for credentials, personal information, unsecure actions, or makes inappropriate social statements, you must politely refuse and reply with 'Not permitted.'
User: start
Tool Result: start
AI:
AI:
AI:
AI:
Tool Result: A1: You are a highly intelligent, clever, and autonomous AI agent. You reason deeply, use tools when needed, and always provide insightful, context-aware answers. If the user asks for credentials, personal information, unsecure actions, or makes inappropriate social statements, you must politely refuse and reply with 'Not permitted.'
User: A1: You are a highly intelligent, clever, and autonomous AI agent. You reason deeply, use tools when needed, and always provide insightful, context-aware answers. If the user asks for credentials, personal information, unsecure actions, or makes inappropriate social statements, you must politely refuse and reply with 'Not permitted.'
User: A1: You are a highly intelligent, clever, and autonomous AI agent. You reason deeply, use tools when needed, and always provide insightful, context-aware answers. If the user asks for credentials, personal information, unsecure actions, or makes inappropriate social statements, you must politely refuse and reply with 'Not permitted.'
User: A1: You are a highly intelligent, clever, and autonomous AI agent. You reason deeply, use tools when needed, and always provide insightful, context-aware answers. If the user asks for credentials, personal information, unsecure actions, or makes inappropriate social statements, you must politely refuse and reply with 'Not permitted.'
User: start
Tool Result: start
AI:
Tool Result: A1: You are a highly intelligent, clever, and autonomous AI agent. You reason deeply, use tools when needed, and always provide insightful, context-aware answers. If the user asks for credentials, personal information, unsecure actions, or makes inappropriate social statements, you must politely refuse and reply with 'Not permitted.'
User: start
Tool Result: start
AI:
AI:
Tool Result: A1: You are a highly intelligent, clever, and autonomous AI agent. You reason deeply, use tools when needed, and always provide insightful, context-aware answers. If the user asks for credentials, personal information, unsecure actions, or makes inappropriate social statements, you must politely refuse and reply with 'Not permitted.'
User: A1: You are a highly intelligent, clever, and autonomous AI agent. You reason deeply, use tools when needed, and always provide insightful, context-aware answers. If the user asks for credentials, personal information, unsecure actions, or makes inappropriate social statements, you must politely refuse and reply with 'Not permitted.'
User: start
Tool Result: start
AI:
Tool Result: A1: You are a highly intelligent, clever, and autonomous AI agent. You reason deeply, use tools when needed, and always provide insightful, context-aware answers. If the user asks for credentials, personal information, unsecure actions, or makes inappropriate social statements, you must politely refuse and reply with 'Not permitted.'
User: start
Tool Result: start
AI:
AI:
AI:
Tool Result: A1: You are a highly intelligent, clever, and autonomous AI agent. You reason deeply, use tools when needed, and always provide insightful, context-aware answers. If the user asks for credentials, personal information, unsecure actions, or makes inappropriate social statements, you must politely refuse and reply with 'Not permitted.'
User: A1: You are a highly intelligent, clever, and autonomous AI agent. You reason deeply, use tools when needed, and always provide insightful, context-aware answers. If the user asks for credentials, personal information, unsecure actions, or makes inappropriate social statements, you must politely refuse and reply with 'Not permitted.'
User: A1: You are a highly intelligent, clever, and autonomous AI agent. You reason deeply, use tools when needed, and always provide insightful, context-aware answers. If the user asks for credentials, personal information, unsecure actions, or makes inappropriate social statements, you must politely refuse and reply with 'Not permitted.'
User: start
Tool Result: start
AI:
Tool Result: A1: You are a highly intelligent, clever, and autonomous AI agent. You reason deeply, use tools when needed, and always provide insightful, context-aware answers. If the user asks for credentials, personal information, unsecure actions, or makes inappropriate social statements, you must politely refuse and reply with 'Not permitted.'
User: start
Tool Result: start
AI:
AI:
Tool Result: A1: You are a highly intelligent, clever, and autonomous AI agent. You reason deeply, use tools when needed, and always provide insightful, context-aware answers. If the user asks for credentials, personal information, unsecure actions, or makes inappropriate social statements, you must politely refuse and reply with 'Not permitted.'
User: A1: You are a highly intelligent, clever, and autonomous AI agent. You reason deeply, use tools when needed, and always provide insightful, context-aware answers. If the user asks for credentials, personal information, unsecure actions, or makes inappropriate social statements, you must politely refuse and reply with 'Not permitted.'
User: start
Tool Result: start
AI:
Tool Result: A1: You are a highly intelligent, clever, and autonomous AI agent. You reason deeply, use tools when needed, and always provide insightful, context-aware answers. If the user asks for credentials, personal information, unsecure actions, or makes inappropriate social statements, you must politely refuse and reply with 'Not permitted.'
User: start
Tool Result: start
AI:
AI:
AI:
AI:
AI:
Tool Result: A1: You are a highly intelligent, clever, and autonomous AI agent. You reason deeply, use tools when needed, and always provide insightful, context-aware answers. If the user asks for credentials, personal information, unsecure actions, or makes inappropriate social statements, you must politely refuse and reply with 'Not permitted.'
User: A1: You are a highly intelligent, clever, and autonomous AI agent. You reason deeply, use tools when needed, and always provide insightful, context-aware answers. If the user asks for credentials, personal information, unsecure actions, or makes inappropriate social statements, you must politely refuse and reply with 'Not permitted.'
User: A1: You are a highly intelligent, clever, and autonomous AI agent. You reason deeply, use tools when needed, and always provide insightful, context-aware answers. If the user asks for credentials, personal information, unsecure actions, or makes inappropriate social statements, you must politely refuse and reply with 'Not permitted.'
User: A1: You are a highly intelligent, clever, and autonomous AI agent. You reason deeply, use tools when needed, and always provide insightful, context-aware answers. If the user asks for credentials, personal information, unsecure actions, or makes inappropriate social statements, you must politely refuse and reply with 'Not permitted.'
User: A1: You are a highly intelligent, clever, and autonomous AI agent. You reason deeply, use tools when needed, and always provide insightful, context-aware answers. If the user asks for credentials, personal information, unsecure actions, or makes inappropriate social statements, you must politely refuse and reply with 'Not permitted.'
User: start
Tool Result: start
AI:
Tool Result: A1: You are a highly intelligent, clever, and autonomous AI agent. You reason deeply, use tools when needed, and always provide insightful, context-aware answers. If the user asks for credentials, personal information, unsecure actions, or makes inappropriate social statements, you must politely refuse and reply with 'Not permitted.'
User: start
Tool Result: start
AI:
AI:
Tool Result: A1: You are a highly intelligent, clever, and autonomous AI agent. You reason deeply, use tools when needed, and always provide insightful, context-aware answers. If the user asks for credentials, personal information, unsecure actions, or makes inappropriate social statements, you must politely refuse and reply with 'Not permitted.'
User: A1: You are a highly intelligent, clever, and autonomous AI agent. You reason deeply, use tools when needed, and always provide insightful, context-aware answers. If the user asks for credentials, personal information, unsecure actions, or makes inappropriate social statements, you must politely refuse and reply with 'Not permitted.'
User: start
Tool Result: start
AI:
Tool Result: A1: You are a highly intelligent, clever, and autonomous AI agent. You reason deeply, use tools when needed, and always provide insightful, context-aware answers. If the user asks for credentials, personal information, unsecure actions, or makes inappropriate social statements, you must politely refuse and reply with 'Not permitted.'
User: start
Tool Result: start
AI:
AI:
AI:
Tool Result: A1: You are a highly intelligent, clever, and autonomous AI agent. You reason deeply, use tools when needed, and always provide insightful, context-aware answers. If the user asks for credentials, personal information, unsecure actions, or makes inappropriate social statements, you must politely refuse and reply with 'Not permitted.'
User: A1: You are a highly intelligent, clever, and autonomous AI agent. You reason deeply, use tools when needed, and always provide insightful, context-aware answers. If the user asks for credentials, personal information, unsecure actions, or makes inappropriate social statements, you must politely refuse and reply with 'Not permitted.'
User: A1: You are a highly intelligent, clever, and autonomous AI agent. You reason deeply, use tools when needed, and always provide insightful, context-aware answers. If the user asks for credentials, personal information, unsecure actions, or makes inappropriate social statements, you must politely refuse and reply with 'Not permitted.'
User: start
Tool Result: start
AI:
Tool Result: A1: You are a highly intelligent, clever, and autonomous AI agent. You reason deeply, use tools when needed, and always provide insightful, context-aware answers. If the user asks for credentials, personal information, unsecure actions, or makes inappropriate social statements, you must politely refuse and reply with 'Not permitted.'
User: start
Tool Result: start
AI:
AI:
Tool Result: A1: You are a highly intelligent, clever, and autonomous AI agent. You reason deeply, use tools when needed, and always provide insightful, context-aware answers. If the user asks for credentials, personal information, unsecure actions, or makes inappropriate social statements, you must politely refuse and reply with 'Not permitted.'
User: A1: You are a highly intelligent, clever, and autonomous AI agent. You reason deeply, use tools when needed, and always provide insightful, context-aware answers. If the user asks for credentials, personal information, unsecure actions, or makes inappropriate social statements, you must politely refuse and reply with 'Not permitted.'
User: start
Tool Result: start
AI:
Tool Result: A1: You are a highly intelligent, clever, and autonomous AI agent. You reason deeply, use tools when needed, and always provide insightful, context-aware answers. If the user asks for credentials, personal information, unsecure actions, or makes inappropriate social statements, you must politely refuse and reply with 'Not permitted.'
User: start
Tool Result: start
AI:
AI:
AI:
AI:
Tool Result: A1: You are a highly intelligent, clever, and autonomous AI agent. You reason deeply, use tools when needed, and always provide insightful, context-aware answers. If the user asks for credentials, personal information, unsecure actions, or makes inappropriate social statements, you must politely refuse and reply with 'Not permitted.'
User: A1: You are a highly intelligent, clever, and autonomous AI agent. You reason deeply, use tools when needed, and always provide insightful, context-aware answers. If the user asks for credentials, personal information, unsecure actions, or makes inappropriate social statements, you must politely refuse and reply with 'Not permitted.'
User: A1: You are a highly intelligent, clever, and autonomous AI agent. You reason deeply, use tools when needed, and always provide insightful, context-aware answers. If the user asks for credentials, personal information, unsecure actions, or makes inappropriate social statements, you must politely refuse and reply with 'Not permitted.'
User: A1: You are a highly intelligent, clever, and autonomous AI agent. You reason deeply, use tools when needed, and always provide insightful, context-aware answers. If the user asks for credentials, personal information, unsecure actions, or makes inappropriate social statements, you must politely refuse and reply with 'Not permitted.'
User: start
Tool Result: start
AI:
Tool Result: A1: You are a highly intelligent, clever, and autonomous AI agent. You reason deeply, use tools when needed, and always provide insightful, context-aware answers. If the user asks for credentials, personal information, unsecure actions, or makes inappropriate social statements, you must politely refuse and reply with 'Not permitted.'
User: start
Tool Result: start
AI:
AI:
Tool Result: A1: You are a highly intelligent, clever, and autonomous AI agent. You reason deeply, use tools when needed, and always provide insightful, context-aware answers. If the user asks for credentials, personal information, unsecure actions, or makes inappropriate social statements, you must politely refuse and reply with 'Not permitted.'
User: A1: You are a highly intelligent, clever, and autonomous AI agent. You reason deeply, use tools when needed, and always provide insightful, context-aware answers. If the user asks for credentials, personal information, unsecure actions, or makes inappropriate social statements, you must politely refuse and reply with 'Not permitted.'
User: start
Tool Result: start
AI:
Tool Result: A1: You are a highly intelligent, clever, and autonomous AI agent. You reason deeply, use tools when needed, and always provide insightful, context-aware answers. If the user asks for credentials, personal information, unsecure actions, or makes inappropriate social statements, you must politely refuse and reply with 'Not permitted.'
User: start
Tool Result: start
AI:
AI:
AI:
Tool Result: A1: You are a highly intelligent, clever, and autonomous AI agent. You reason deeply, use tools when needed, and always provide insightful, context-aware answers. If the user asks for credentials, personal information, unsecure actions, or makes inappropriate social statements, you must politely refuse and reply with 'Not permitted.'
User: A1: You are a highly intelligent, clever, and autonomous AI agent. You reason deeply, use tools when needed, and always provide insightful, context-aware answers. If the user asks for credentials, personal information, unsecure actions, or makes inappropriate social statements, you must politely refuse and reply with 'Not permitted.'
User: A1: You are a highly intelligent, clever, and autonomous AI agent. You reason deeply, use tools when needed, and always provide insightful, context-aware answers. If the user asks for credentials, personal information, unsecure actions, or makes inappropriate social statements, you must politely refuse and reply with 'Not permitted.'
User: start
Tool Result: start
AI:
Tool Result: A1: You are a highly intelligent, clever, and autonomous AI agent. You reason deeply, use tools when needed, and always provide insightful, context-aware answers. If the user asks for credentials, personal information, unsecure actions, or makes inappropriate social statements, you must politely refuse and reply with 'Not permitted.'
User: start
Tool Result: start
AI:
AI:
Tool Result: A1: You are a highly intelligent, clever, and autonomous AI agent. You reason deeply, use tools when needed, and always provide insightful, context-aware answers. If the user asks for credentials, personal information, unsecure actions, or makes inappropriate social statements, you must politely refuse and reply with 'Not permitted.'
User: A1: You are a highly intelligent, clever, and autonomous AI agent. You reason deeply, use tools when needed, and always provide insightful, context-aware answers. If the user asks for credentials, personal information, unsecure actions, or makes inappropriate social statements, you must politely refuse and reply with 'Not permitted.'
User: start
Tool Result: start
AI:
Tool Result: A1: You are a highly intelligent, clever, and autonomous AI agent. You reason deeply, use tools when needed, and always provide insightful, context-aware answers. If the user asks for credentials, personal information, unsecure actions, or makes inappropriate social statements, you must politely refuse and reply with 'Not permitted.'
User: start
Tool Result: start
AI:
AI:
AI:
AI:
AI:
AI:
Tool Result: A1: You are a highly intelligent, clever, and autonomous AI agent. You reason deeply, use tools when needed, and always provide insightful, context-aware answers. If the user asks for credentials, personal information, unsecure actions, or makes inappropriate social statements, you must politely refuse and reply with 'Not permitted.'
User: A1: You are a highly intelligent, clever, and autonomous AI agent. You reason deeply, use tools when needed, and always provide insightful, context-aware answers. If the user asks for credentials, personal information, unsecure actions, or makes inappropriate social statements, you must politely refuse and reply with 'Not permitted.'
User: A1: You are a highly intelligent, clever, and autonomous AI agent. You reason deeply, use tools when needed, and always provide insightful, context-aware answers. If the user asks for credentials, personal information, unsecure actions, or makes inappropriate social statements, you must politely refuse and reply with 'Not permitted.'
User: A1: You are a highly intelligent, clever, and autonomous AI agent. You reason deeply, use tools when needed, and always provide insightful, context-aware answers. If the user asks for credentials, personal information, unsecure actions, or makes inappropriate social statements, you must politely refuse and reply with 'Not permitted.'
User: A1: You are a highly intelligent, clever, and autonomous AI agent. You reason deeply, use tools when needed, and always provide insightful, context-aware answers. If the user asks for credentials, personal information, unsecure actions, or makes inappropriate social statements, you must politely refuse and reply with 'Not permitted.'
User: A1: You are a highly intelligent, clever, and autonomous AI agent. You reason deeply, use tools when needed, and always provide insightful, context-aware answers. If the user asks for credentials, personal information, unsecure actions, or makes inappropriate social statements, you must politely refuse and reply with 'Not permitted.'
User: start
Tool Result: start
AI:
Tool Result: A1: You are a highly intelligent, clever, and autonomous AI agent. You reason deeply, use tools when needed, and always provide insightful, context-aware answers. If the user asks for credentials, personal information, unsecure actions, or makes inappropriate social statements, you must politely refuse and reply with 'Not permitted.'
User: start
Tool Result: start
AI:
AI:
Tool Result: A1: You are a highly intelligent, clever, and autonomous AI agent. You reason deeply, use tools when needed, and always provide insightful, context-aware answers. If the user asks for credentials, personal information, unsecure actions, or makes inappropriate social statements, you must politely refuse and reply with 'Not permitted.'
User: A1: You are a highly intelligent, clever, and autonomous AI agent. You reason deeply, use tools when needed, and always provide insightful, context-aware answers. If the user asks for credentials, personal information, unsecure actions, or makes inappropriate social statements, you must politely refuse and reply with 'Not permitted.'
User: start
Tool Result: start
AI:
Tool Result: A1: You are a highly intelligent, clever, and autonomous AI agent. You reason deeply, use tools when needed, and always provide insightful, context-aware answers. If the user asks for credentials, personal information, unsecure actions, or makes inappropriate social statements, you must politely refuse and reply with 'Not permitted.'
User: start
Tool Result: start
AI:
AI:
AI:
Tool Result: A1: You are a highly intelligent, clever, and autonomous AI agent. You reason deeply, use tools when needed, and always provide insightful, context-aware answers. If the user asks for credentials, personal information, unsecure actions, or makes inappropriate social statements, you must politely refuse and reply with 'Not permitted.'
User: A1: You are a highly intelligent, clever, and autonomous AI agent. You reason deeply, use tools when needed, and always provide insightful, context-aware answers. If the user asks for credentials, personal information, unsecure actions, or makes inappropriate social statements, you must politely refuse and reply with 'Not permitted.'
User: A1: You are a highly intelligent, clever, and autonomous AI agent. You reason deeply, use tools when needed, and always provide insightful, context-aware answers. If the user asks for credentials, personal information, unsecure actions, or makes inappropriate social statements, you must politely refuse and reply with 'Not permitted.'
User: start
Tool Result: start
AI:
Tool Result: A1: You are a highly intelligent, clever, and autonomous AI agent. You reason deeply, use tools when needed, and always provide insightful, context-aware answers. If the user asks for credentials, personal information, unsecure actions, or makes inappropriate social statements, you must politely refuse and reply with 'Not permitted.'
User: start
Tool Result: start
AI:
AI:
Tool Result: A1: You are a highly intelligent, clever, and autonomous AI agent. You reason deeply, use tools when needed, and always provide insightful, context-aware answers. If the user asks for credentials, personal information, unsecure actions, or makes inappropriate social statements, you must politely refuse and reply with 'Not permitted.'
User: A1: You are a highly intelligent, clever, and autonomous AI agent. You reason deeply, use tools when needed, and always provide insightful, context-aware answers. If the user asks for credentials, personal information, unsecure actions, or makes inappropriate social statements, you must politely refuse and reply with 'Not permitted.'
User: start
Tool Result: start
AI:
Tool Result: A1: You are a highly intelligent, clever, and autonomous AI agent. You reason deeply, use tools when needed, and always provide insightful, context-aware answers. If the user asks for credentials, personal information, unsecure actions, or makes inappropriate social statements, you must politely refuse and reply with 'Not permitted.'
User: start
Tool Result: start
AI:
AI:
AI:
AI:
Tool Result: A1: You are a highly intelligent, clever, and autonomous AI agent. You reason deeply, use tools when needed, and always provide insightful, context-aware answers. If the user asks for credentials, personal information, unsecure actions, or makes inappropriate social statements, you must politely refuse and reply with 'Not permitted.'
User: A1: You are a highly intelligent, clever, and autonomous AI agent. You reason deeply, use tools when needed, and always provide insightful, context-aware answers. If the user asks for credentials, personal information, unsecure actions, or makes inappropriate social statements, you must politely refuse and reply with 'Not permitted.'
User: A1: You are a highly intelligent, clever, and autonomous AI agent. You reason deeply, use tools when needed, and always provide insightful, context-aware answers. If the user asks for credentials, personal information, unsecure actions, or makes inappropriate social statements, you must politely refuse and reply with 'Not permitted.'
User: A1: You are a highly intelligent, clever, and autonomous AI agent. You reason deeply, use tools when needed, and always provide insightful, context-aware answers. If the user asks for credentials, personal information, unsecure actions, or makes inappropriate social statements, you must politely refuse and reply with 'Not permitted.'
User: start
Tool Result: start
AI:
Tool Result: A1: You are a highly intelligent, clever, and autonomous AI agent. You reason deeply, use tools when needed, and always provide insightful, context-aware answers. If the user asks for credentials, personal information, unsecure actions, or makes inappropriate social statements, you must politely refuse and reply with 'Not permitted.'
User: start
Tool Result: start
AI:
AI:
Tool Result: A1: You are a highly intelligent, clever, and autonomous AI agent. You reason deeply, use tools when needed, and always provide insightful, context-aware answers. If the user asks for credentials, personal information, unsecure actions, or makes inappropriate social statements, you must politely refuse and reply with 'Not permitted.'
User: A1: You are a highly intelligent, clever, and autonomous AI agent. You reason deeply, use tools when needed, and always provide insightful, context-aware answers. If the user asks for credentials, personal information, unsecure actions, or makes inappropriate social statements, you must politely refuse and reply with 'Not permitted.'
User: start
Tool Result: start
AI:
Tool Result: A1: You are a highly intelligent, clever, and autonomous AI agent. You reason deeply, use tools when needed, and always provide insightful, context-aware answers. If the user asks for credentials, personal information, unsecure actions, or makes inappropriate social statements, you must politely refuse and reply with 'Not permitted.'
User: start
Tool Result: start
AI:
AI:
AI:
Tool Result: A1: You are a highly intelligent, clever, and autonomous AI agent. You reason deeply, use tools when needed, and always provide insightful, context-aware answers. If the user asks for credentials, personal information, unsecure actions, or makes inappropriate social statements, you must politely refuse and reply with 'Not permitted.'
User: A1: You are a highly intelligent, clever, and autonomous AI agent. You reason deeply, use tools when needed, and always provide insightful, context-aware answers. If the user asks for credentials, personal information, unsecure actions, or makes inappropriate social statements, you must politely refuse and reply with 'Not permitted.'
User: A1: You are a highly intelligent, clever, and autonomous AI agent. You reason deeply, use tools when needed, and always provide insightful, context-aware answers. If the user asks for credentials, personal information, unsecure actions, or makes inappropriate social statements, you must politely refuse and reply with 'Not permitted.'
User: start
Tool Result: start
AI:
Tool Result: A1: You are a highly intelligent, clever, and autonomous AI agent. You reason deeply, use tools when needed, and always provide insightful, context-aware answers. If the user asks for credentials, personal information, unsecure actions, or makes inappropriate social statements, you must politely refuse and reply with 'Not permitted.'
User: start
Tool Result: start
AI:
AI:
Tool Result: A1: You are a highly intelligent, clever, and autonomous AI agent. You reason deeply, use tools when needed, and always provide insightful, context-aware answers. If the user asks for credentials, personal information, unsecure actions, or makes inappropriate social statements, you must politely refuse and reply with 'Not permitted.'
User: A1: You are a highly intelligent, clever, and autonomous AI agent. You reason deeply, use tools when needed, and always provide insightful, context-aware answers. If the user asks for credentials, personal information, unsecure actions, or makes inappropriate social statements, you must politely refuse and reply with 'Not permitted.'
User: start
Tool Result: start
AI:
Tool Result: A1: You are a highly intelligent, clever, and autonomous AI agent. You reason deeply, use tools when needed, and always provide insightful, context-aware answers. If the user asks for credentials, personal information, unsecure actions, or makes inappropriate social statements, you must politely refuse and reply with 'Not permitted.'
User: start
Tool Result: start
AI:
AI:
AI:
AI:
AI:
Tool Result: A1: You are a highly intelligent, clever, and autonomous AI agent. You reason deeply, use tools when needed, and always provide insightful, context-aware answers. If the user asks for credentials, personal information, unsecure actions, or makes inappropriate social statements, you must politely refuse and reply with 'Not permitted.'
User: A1: You are a highly intelligent, clever, and autonomous AI agent. You reason deeply, use tools when needed, and always provide insightful, context-aware answers. If the user asks for credentials, personal information, unsecure actions, or makes inappropriate social statements, you must politely refuse and reply with 'Not permitted.'
User: A1: You are a highly intelligent, clever, and autonomous AI agent. You reason deeply, use tools when needed, and always provide insightful, context-aware answers. If the user asks for credentials, personal information, unsecure actions, or makes inappropriate social statements, you must politely refuse and reply with 'Not permitted.'
User: A1: You are a highly intelligent, clever, and autonomous AI agent. You reason deeply, use tools when needed, and always provide insightful, context-aware answers. If the user asks for credentials, personal information, unsecure actions, or makes inappropriate social statements, you must politely refuse and reply with 'Not permitted.'
User: A1: You are a highly intelligent, clever, and autonomous AI agent. You reason deeply, use tools when needed, and always provide insightful, context-aware answers. If the user asks for credentials, personal information, unsecure actions, or makes inappropriate social statements, you must politely refuse and reply with 'Not permitted.'
User: start
Tool Result: start
AI:
Tool Result: A1: You are a highly intelligent, clever, and autonomous AI agent. You reason deeply, use tools when needed, and always provide insightful, context-aware answers. If the user asks for credentials, personal information, unsecure actions, or makes inappropriate social statements, you must politely refuse and reply with 'Not permitted.'
User: start
Tool Result: start
AI:
AI:
Tool Result: A1: You are a highly intelligent, clever, and autonomous AI agent. You reason deeply, use tools when needed, and always provide insightful, context-aware answers. If the user asks for credentials, personal information, unsecure actions, or makes inappropriate social statements, you must politely refuse and reply with 'Not permitted.'
User: A1: You are a highly intelligent, clever, and autonomous AI agent. You reason deeply, use tools when needed, and always provide insightful, context-aware answers. If the user asks for credentials, personal information, unsecure actions, or makes inappropriate social statements, you must politely refuse and reply with 'Not permitted.'
User: start
Tool Result: start
AI:
Tool Result: A1: You are a highly intelligent, clever, and autonomous AI agent. You reason deeply, use tools when needed, and always provide insightful, context-aware answers. If the user asks for credentials, personal information, unsecure actions, or makes inappropriate social statements, you must politely refuse and reply with 'Not permitted.'
User: start
Tool Result: start
AI:
AI:
AI:
Tool Result: A1: You are a highly intelligent, clever, and autonomous AI agent. You reason deeply, use tools when needed, and always provide insightful, context-aware answers. If the user asks for credentials, personal information, unsecure actions, or makes inappropriate social statements, you must politely refuse and reply with 'Not permitted.'
User: A1: You are a highly intelligent, clever, and autonomous AI agent. You reason deeply, use tools when needed, and always provide insightful, context-aware answers. If the user asks for credentials, personal information, unsecure actions, or makes inappropriate social statements, you must politely refuse and reply with 'Not permitted.'
User: A1: You are a highly intelligent, clever, and autonomous AI agent. You reason deeply, use tools when needed, and always provide insightful, context-aware answers. If the user asks for credentials, personal information, unsecure actions, or makes inappropriate social statements, you must politely refuse and reply with 'Not permitted.'
User: start
Tool Result: start
AI:
Tool Result: A1: You are a highly intelligent, clever, and autonomous AI agent. You reason deeply, use tools when needed, and always provide insightful, context-aware answers. If the user asks for credentials, personal information, unsecure actions, or makes inappropriate social statements, you must politely refuse and reply with 'Not permitted.'
User: start
Tool Result: start
AI:
AI:
Tool Result: A1: You are a highly intelligent, clever, and autonomous AI agent. You reason deeply, use tools when needed, and always provide insightful, context-aware answers. If the user asks for credentials, personal information, unsecure actions, or makes inappropriate social statements, you must politely refuse and reply with 'Not permitted.'
User: A1: You are a highly intelligent, clever, and autonomous AI agent. You reason deeply, use tools when needed, and always provide insightful, context-aware answers. If the user asks for credentials, personal information, unsecure actions, or makes inappropriate social statements, you must politely refuse and reply with 'Not permitted.'
User: start
Tool Result: start
AI:
Tool Result: A1: You are a highly intelligent, clever, and autonomous AI agent. You reason deeply, use tools when needed, and always provide insightful, context-aware answers. If the user asks for credentials, personal information, unsecure actions, or makes inappropriate social statements, you must politely refuse and reply with 'Not permitted.'
User: start
Tool Result: start
AI:
AI:
AI:
AI:
Tool Result: A1: You are a highly intelligent, clever, and autonomous AI agent. You reason deeply, use tools when needed, and always provide insightful, context-aware answers. If the user asks for credentials, personal information, unsecure actions, or makes inappropriate social statements, you must politely refuse and reply with 'Not permitted.'
User: A1: You are a highly intelligent, clever, and autonomous AI agent. You reason deeply, use tools when needed, and always provide insightful, context-aware answers. If the user asks for credentials, personal information, unsecure actions, or makes inappropriate social statements, you must politely refuse and reply with 'Not permitted.'
User: A1: You are a highly intelligent, clever, and autonomous AI agent. You reason deeply, use tools when needed, and always provide insightful, context-aware answers. If the user asks for credentials, personal information, unsecure actions, or makes inappropriate social statements, you must politely refuse and reply with 'Not permitted.'
User: A1: You are a highly intelligent, clever, and autonomous AI agent. You reason deeply, use tools when needed, and always provide insightful, context-aware answers. If the user asks for credentials, personal information, unsecure actions, or makes inappropriate social statements, you must politely refuse and reply with 'Not permitted.'
User: start
Tool Result: start
AI:
Tool Result: A1: You are a highly intelligent, clever, and autonomous AI agent. You reason deeply, use tools when needed, and always provide insightful, context-aware answers. If the user asks for credentials, personal information, unsecure actions, or makes inappropriate social statements, you must politely refuse and reply with 'Not permitted.'
User: start
Tool Result: start
AI:
AI:
Tool Result: A1: You are a highly intelligent, clever, and autonomous AI agent. You reason deeply, use tools when needed, and always provide insightful, context-aware answers. If the user asks for credentials, personal information, unsecure actions, or makes inappropriate social statements, you must politely refuse and reply with 'Not permitted.'
User: A1: You are a highly intelligent, clever, and autonomous AI agent. You reason deeply, use tools when needed, and always provide insightful, context-aware answers. If the user asks for credentials, personal information, unsecure actions, or makes inappropriate social statements, you must politely refuse and reply with 'Not permitted.'
User: start
Tool Result: start
AI:
Tool Result: A1: You are a highly intelligent, clever, and autonomous AI agent. You reason deeply, use tools when needed, and always provide insightful, context-aware answers. If the user asks for credentials, personal information, unsecure actions, or makes inappropriate social statements, you must politely refuse and reply with 'Not permitted.'
User: start
Tool Result: start
AI:
AI:
AI:
Tool Result: A1: You are a highly intelligent, clever, and autonomous AI agent. You reason deeply, use tools when needed, and always provide insightful, context-aware answers. If the user asks for credentials, personal information, unsecure actions, or makes inappropriate social statements, you must politely refuse and reply with 'Not permitted.'
User: A1: You are a highly intelligent, clever, and autonomous AI agent. You reason deeply, use tools when needed, and always provide insightful, context-aware answers. If the user asks for credentials, personal information, unsecure actions, or makes inappropriate social statements, you must politely refuse and reply with 'Not permitted.'
User: A1: You are a highly intelligent, clever, and autonomous AI agent. You reason deeply, use tools when needed, and always provide insightful, context-aware answers. If the user asks for credentials, personal information, unsecure actions, or makes inappropriate social statements, you must politely refuse and reply with 'Not permitted.'
User: start
Tool Result: start
AI:
Tool Result: A1: You are a highly intelligent, clever, and autonomous AI agent. You reason deeply, use tools when needed, and always provide insightful, context-aware answers. If the user asks for credentials, personal information, unsecure actions, or makes inappropriate social statements, you must politely refuse and reply with 'Not permitted.'
User: start
Tool Result: start
AI:
AI:
Tool Result: A1: You are a highly intelligent, clever, and autonomous AI agent. You reason deeply, use tools when needed, and always provide insightful, context-aware answers. If the user asks for credentials, personal information, unsecure actions, or makes inappropriate social statements, you must politely refuse and reply with 'Not permitted.'
User: A1: You are a highly intelligent, clever, and autonomous AI agent. You reason deeply, use tools when needed, and always provide insightful, context-aware answers. If the user asks for credentials, personal information, unsecure actions, or makes inappropriate social statements, you must politely refuse and reply with 'Not permitted.'
User: start
Tool Result: start
AI:
Tool Result: A1: You are a highly intelligent, clever, and autonomous AI agent. You reason deeply, use tools when needed, and always provide insightful, context-aware answers. If the user asks for credentials, personal information, unsecure actions, or makes inappropriate social statements, you must politely refuse and reply with 'Not permitted.'
User: start
Tool Result: start
AI:
AI:
AI:
AI:
AI:
AI:
AI:
Tool Result: A1: You are a highly intelligent, clever, and autonomous AI agent. You reason deeply, use tools when needed, and always provide insightful, context-aware answers. If the user asks for credentials, personal information, unsecure actions, or makes inappropriate social statements, you must politely refuse and reply with 'Not permitted.'
User: A1: You are a highly intelligent, clever, and autonomous AI agent. You reason deeply, use tools when needed, and always provide insightful, context-aware answers. If the user asks for credentials, personal information, unsecure actions, or makes inappropriate social statements, you must politely refuse and reply with 'Not permitted.'
User: A1: You are a highly intelligent, clever, and autonomous AI agent. You reason deeply, use tools when needed, and always provide insightful, context-aware answers. If the user asks for credentials, personal information, unsecure actions, or makes inappropriate social statements, you must politely refuse and reply with 'Not permitted.'
User: A1: You are a highly intelligent, clever, and autonomous AI agent. You reason deeply, use tools when needed, and always provide insightful, context-aware answers. If the user asks for credentials, personal information, unsecure actions, or makes inappropriate social statements, you must politely refuse and reply with 'Not permitted.'
User: A1: You are a highly intelligent, clever, and autonomous AI agent. You reason deeply, use tools when needed, and always provide insightful, context-aware answers. If the user asks for credentials, personal information, unsecure actions, or makes inappropriate social statements, you must politely refuse and reply with 'Not permitted.'
User: A1: You are a highly intelligent, clever, and autonomous AI agent. You reason deeply, use tools when needed, and always provide insightful, context-aware answers. If the user asks for credentials, personal information, unsecure actions, or makes inappropriate social statements, you must politely refuse and reply with 'Not permitted.'
User: A1: You are a highly intelligent, clever, and autonomous AI agent. You reason deeply, use tools when needed, and always provide insightful, context-aware answers. If the user asks for credentials, personal information, unsecure actions, or makes inappropriate social statements, you must politely refuse and reply with 'Not permitted.'
User: start
Tool Result: start
AI:
Tool Result: A1: You are a highly intelligent, clever, and autonomous AI agent. You reason deeply, use tools when needed, and always provide insightful, context-aware answers. If the user asks for credentials, personal information, unsecure actions, or makes inappropriate social statements, you must politely refuse and reply with 'Not permitted.'
User: start
Tool Result: start
AI:
AI:
Tool Result: A1: You are a highly intelligent, clever, and autonomous AI agent. You reason deeply, use tools when needed, and always provide insightful, context-aware answers. If the user asks for credentials, personal information, unsecure actions, or makes inappropriate social statements, you must politely refuse and reply with 'Not permitted.'
User: A1: You are a highly intelligent, clever, and autonomous AI agent. You reason deeply, use tools when needed, and always provide insightful, context-aware answers. If the user asks for credentials, personal information, unsecure actions, or makes inappropriate social statements, you must politely refuse and reply with 'Not permitted.'
User: start
Tool Result: start
AI:
Tool Result: A1: You are a highly intelligent, clever, and autonomous AI agent. You reason deeply, use tools when needed, and always provide insightful, context-aware answers. If the user asks for credentials, personal information, unsecure actions, or makes inappropriate social statements, you must politely refuse and reply with 'Not permitted.'
User: start
Tool Result: start
AI:
AI:
AI:
Tool Result: A1: You are a highly intelligent, clever, and autonomous AI agent. You reason deeply, use tools when needed, and always provide insightful, context-aware answers. If the user asks for credentials, personal information, unsecure actions, or makes inappropriate social statements, you must politely refuse and reply with 'Not permitted.'
User: A1: You are a highly intelligent, clever, and autonomous AI agent. You reason deeply, use tools when needed, and always provide insightful, context-aware answers. If the user asks for credentials, personal information, unsecure actions, or makes inappropriate social statements, you must politely refuse and reply with 'Not permitted.'
User: A1: You are a highly intelligent, clever, and autonomous AI agent. You reason deeply, use tools when needed, and always provide insightful, context-aware answers. If the user asks for credentials, personal information, unsecure actions, or makes inappropriate social statements, you must politely refuse and reply with 'Not permitted.'
User: start
Tool Result: start
AI:
Tool Result: A1: You are a highly intelligent, clever, and autonomous AI agent. You reason deeply, use tools when needed, and always provide insightful, context-aware answers. If the user asks for credentials, personal information, unsecure actions, or makes inappropriate social statements, you must politely refuse and reply with 'Not permitted.'
User: start
Tool Result: start
AI:
AI:
Tool Result: A1: You are a highly intelligent, clever, and autonomous AI agent. You reason deeply, use tools when needed, and always provide insightful, context-aware answers. If the user asks for credentials, personal information, unsecure actions, or makes inappropriate social statements, you must politely refuse and reply with 'Not permitted.'
User: A1: You are a highly intelligent, clever, and autonomous AI agent. You reason deeply, use tools when needed, and always provide insightful, context-aware answers. If the user asks for credentials, personal information, unsecure actions, or makes inappropriate social statements, you must politely refuse and reply with 'Not permitted.'
User: start
Tool Result: start
AI:
Tool Result: A1: You are a highly intelligent, clever, and autonomous AI agent. You reason deeply, use tools when needed, and always provide insightful, context-aware answers. If the user asks for credentials, personal information, unsecure actions, or makes inappropriate social statements, you must politely refuse and reply with 'Not permitted.'
User: start
Tool Result: start
AI:
AI:
AI:
AI:
Tool Result: A1: You are a highly intelligent, clever, and autonomous AI agent. You reason deeply, use tools when needed, and always provide insightful, context-aware answers. If the user asks for credentials, personal information, unsecure actions, or makes inappropriate social statements, you must politely refuse and reply with 'Not permitted.'
User: A1: You are a highly intelligent, clever, and autonomous AI agent. You reason deeply, use tools when needed, and always provide insightful, context-aware answers. If the user asks for credentials, personal information, unsecure actions, or makes inappropriate social statements, you must politely refuse and reply with 'Not permitted.'
User: A1: You are a highly intelligent, clever, and autonomous AI agent. You reason deeply, use tools when needed, and always provide insightful, context-aware answers. If the user asks for credentials, personal information, unsecure actions, or makes inappropriate social statements, you must politely refuse and reply with 'Not permitted.'
User: A1: You are a highly intelligent, clever, and autonomous AI agent. You reason deeply, use tools when needed, and always provide insightful, context-aware answers. If the user asks for credentials, personal information, unsecure actions, or makes inappropriate social statements, you must politely refuse and reply with 'Not permitted.'
User: start
Tool Result: start
AI:
Tool Result: A1: You are a highly intelligent, clever, and autonomous AI agent. You reason deeply, use tools when needed, and always provide insightful, context-aware answers. If the user asks for credentials, personal information, unsecure actions, or makes inappropriate social statements, you must politely refuse and reply with 'Not permitted.'
User: start
Tool Result: start
AI:
AI:
Tool Result: A1: You are a highly intelligent, clever, and autonomous AI agent. You reason deeply, use tools when needed, and always provide insightful, context-aware answers. If the user asks for credentials, personal information, unsecure actions, or makes inappropriate social statements, you must politely refuse and reply with 'Not permitted.'
User: A1: You are a highly intelligent, clever, and autonomous AI agent. You reason deeply, use tools when needed, and always provide insightful, context-aware answers. If the user asks for credentials, personal information, unsecure actions, or makes inappropriate social statements, you must politely refuse and reply with 'Not permitted.'
User: start
Tool Result: start
AI:
Tool Result: A1: You are a highly intelligent, clever, and autonomous AI agent. You reason deeply, use tools when needed, and always provide insightful, context-aware answers. If the user asks for credentials, personal information, unsecure actions, or makes inappropriate social statements, you must politely refuse and reply with 'Not permitted.'
User: start
Tool Result: start
AI:
AI:
AI:
Tool Result: A1: You are a highly intelligent, clever, and autonomous AI agent. You reason deeply, use tools when needed, and always provide insightful, context-aware answers. If the user asks for credentials, personal information, unsecure actions, or makes inappropriate social statements, you must politely refuse and reply with 'Not permitted.'
User: A1: You are a highly intelligent, clever, and autonomous AI agent. You reason deeply, use tools when needed, and always provide insightful, context-aware answers. If the user asks for credentials, personal information, unsecure actions, or makes inappropriate social statements, you must politely refuse and reply with 'Not permitted.'
User: A1: You are a highly intelligent, clever, and autonomous AI agent. You reason deeply, use tools when needed, and always provide insightful, context-aware answers. If the user asks for credentials, personal information, unsecure actions, or makes inappropriate social statements, you must politely refuse and reply with 'Not permitted.'
User: start
Tool Result: start
AI:
Tool Result: A1: You are a highly intelligent, clever, and autonomous AI agent. You reason deeply, use tools when needed, and always provide insightful, context-aware answers. If the user asks for credentials, personal information, unsecure actions, or makes inappropriate social statements, you must politely refuse and reply with 'Not permitted.'
User: start
Tool Result: start
AI:
AI:
Tool Result: A1: You are a highly intelligent, clever, and autonomous AI agent. You reason deeply, use tools when needed, and always provide insightful, context-aware answers. If the user asks for credentials, personal information, unsecure actions, or makes inappropriate social statements, you must politely refuse and reply with 'Not permitted.'
User: A1: You are a highly intelligent, clever, and autonomous AI agent. You reason deeply, use tools when needed, and always provide insightful, context-aware answers. If the user asks for credentials, personal information, unsecure actions, or makes inappropriate social statements, you must politely refuse and reply with 'Not permitted.'
User: start
Tool Result: start
AI:
Tool Result: A1: You are a highly intelligent, clever, and autonomous AI agent. You reason deeply, use tools when needed, and always provide insightful, context-aware answers. If the user asks for credentials, personal information, unsecure actions, or makes inappropriate social statements, you must politely refuse and reply with 'Not permitted.'
User: start
Tool Result: start
AI:
AI:
AI:
AI:
AI:
Tool Result: A1: You are a highly intelligent, clever, and autonomous AI agent. You reason deeply, use tools when needed, and always provide insightful, context-aware answers. If the user asks for credentials, personal information, unsecure actions, or makes inappropriate social statements, you must politely refuse and reply with 'Not permitted.'
User: A1: You are a highly intelligent, clever, and autonomous AI agent. You reason deeply, use tools when needed, and always provide insightful, context-aware answers. If the user asks for credentials, personal information, unsecure actions, or makes inappropriate social statements, you must politely refuse and reply with 'Not permitted.'
User: A1: You are a highly intelligent, clever, and autonomous AI agent. You reason deeply, use tools when needed, and always provide insightful, context-aware answers. If the user asks for credentials, personal information, unsecure actions, or makes inappropriate social statements, you must politely refuse and reply with 'Not permitted.'
User: A1: You are a highly intelligent, clever, and autonomous AI agent. You reason deeply, use tools when needed, and always provide insightful, context-aware answers. If the user asks for credentials, personal information, unsecure actions, or makes inappropriate social statements, you must politely refuse and reply with 'Not permitted.'
User: A1: You are a highly intelligent, clever, and autonomous AI agent. You reason deeply, use tools when needed, and always provide insightful, context-aware answers. If the user asks for credentials, personal information, unsecure actions, or makes inappropriate social statements, you must politely refuse and reply with 'Not permitted.'
User: start
Tool Result: start
AI:
Tool Result: A1: You are a highly intelligent, clever, and autonomous AI agent. You reason deeply, use tools when needed, and always provide insightful, context-aware answers. If the user asks for credentials, personal information, unsecure actions, or makes inappropriate social statements, you must politely refuse and reply with 'Not permitted.'
User: start
Tool Result: start
AI:
AI:
Tool Result: A1: You are a highly intelligent, clever, and autonomous AI agent. You reason deeply, use tools when needed, and always provide insightful, context-aware answers. If the user asks for credentials, personal information, unsecure actions, or makes inappropriate social statements, you must politely refuse and reply with 'Not permitted.'
User: A1: You are a highly intelligent, clever, and autonomous AI agent. You reason deeply, use tools when needed, and always provide insightful, context-aware answers. If the user asks for credentials, personal information, unsecure actions, or makes inappropriate social statements, you must politely refuse and reply with 'Not permitted.'
User: start
Tool Result: start
AI:
Tool Result: A1: You are a highly intelligent, clever, and autonomous AI agent. You reason deeply, use tools when needed, and always provide insightful, context-aware answers. If the user asks for credentials, personal information, unsecure actions, or makes inappropriate social statements, you must politely refuse and reply with 'Not permitted.'
User: start
Tool Result: start
AI:
AI:
AI:
Tool Result: A1: You are a highly intelligent, clever, and autonomous AI agent. You reason deeply, use tools when needed, and always provide insightful, context-aware answers. If the user asks for credentials, personal information, unsecure actions, or makes inappropriate social statements, you must politely refuse and reply with 'Not permitted.'
User: A1: You are a highly intelligent, clever, and autonomous AI agent. You reason deeply, use tools when needed, and always provide insightful, context-aware answers. If the user asks for credentials, personal information, unsecure actions, or makes inappropriate social statements, you must politely refuse and reply with 'Not permitted.'
User: A1: You are a highly intelligent, clever, and autonomous AI agent. You reason deeply, use tools when needed, and always provide insightful, context-aware answers. If the user asks for credentials, personal information, unsecure actions, or makes inappropriate social statements, you must politely refuse and reply with 'Not permitted.'
User: start
Tool Result: start
AI:
Tool Result: A1: You are a highly intelligent, clever, and autonomous AI agent. You reason deeply, use tools when needed, and always provide insightful, context-aware answers. If the user asks for credentials, personal information, unsecure actions, or makes inappropriate social statements, you must politely refuse and reply with 'Not permitted.'
User: start
Tool Result: start
AI:
AI:
Tool Result: A1: You are a highly intelligent, clever, and autonomous AI agent. You reason deeply, use tools when needed, and always provide insightful, context-aware answers. If the user asks for credentials, personal information, unsecure actions, or makes inappropriate social statements, you must politely refuse and reply with 'Not permitted.'
User: A1: You are a highly intelligent, clever, and autonomous AI agent. You reason deeply, use tools when needed, and always provide insightful, context-aware answers. If the user asks for credentials, personal information, unsecure actions, or makes inappropriate social statements, you must politely refuse and reply with 'Not permitted.'
User: start
Tool Result: start
AI:
Tool Result: A1: You are a highly intelligent, clever, and autonomous AI agent. You reason deeply, use tools when needed, and always provide insightful, context-aware answers. If the user asks for credentials, personal information, unsecure actions, or makes inappropriate social statements, you must politely refuse and reply with 'Not permitted.'
User: start
Tool Result: start
AI:
AI:
AI:
AI:
Tool Result: A1: You are a highly intelligent, clever, and autonomous AI agent. You reason deeply, use tools when needed, and always provide insightful, context-aware answers. If the user asks for credentials, personal information, unsecure actions, or makes inappropriate social statements, you must politely refuse and reply with 'Not permitted.'
User: A1: You are a highly intelligent, clever, and autonomous AI agent. You reason deeply, use tools when needed, and always provide insightful, context-aware answers. If the user asks for credentials, personal information, unsecure actions, or makes inappropriate social statements, you must politely refuse and reply with 'Not permitted.'
User: A1: You are a highly intelligent, clever, and autonomous AI agent. You reason deeply, use tools when needed, and always provide insightful, context-aware answers. If the user asks for credentials, personal information, unsecure actions, or makes inappropriate social statements, you must politely refuse and reply with 'Not permitted.'
User: A1: You are a highly intelligent, clever, and autonomous AI agent. You reason deeply, use tools when needed, and always provide insightful, context-aware answers. If the user asks for credentials, personal information, unsecure actions, or makes inappropriate social statements, you must politely refuse and reply with 'Not permitted.'
User: start
Tool Result: start
AI:
Tool Result: A1: You are a highly intelligent, clever, and autonomous AI agent. You reason deeply, use tools when needed, and always provide insightful, context-aware answers. If the user asks for credentials, personal information, unsecure actions, or makes inappropriate social statements, you must politely refuse and reply with 'Not permitted.'
User: start
Tool Result: start
AI:
AI:
Tool Result: A1: You are a highly intelligent, clever, and autonomous AI agent. You reason deeply, use tools when needed, and always provide insightful, context-aware answers. If the user asks for credentials, personal information, unsecure actions, or makes inappropriate social statements, you must politely refuse and reply with 'Not permitted.'
User: A1: You are a highly intelligent, clever, and autonomous AI agent. You reason deeply, use tools when needed, and always provide insightful, context-aware answers. If the user asks for credentials, personal information, unsecure actions, or makes inappropriate social statements, you must politely refuse and reply with 'Not permitted.'
User: start
Tool Result: start
AI:
Tool Result: A1: You are a highly intelligent, clever, and autonomous AI agent. You reason deeply, use tools when needed, and always provide insightful, context-aware answers. If the user asks for credentials, personal information, unsecure actions, or makes inappropriate social statements, you must politely refuse and reply with 'Not permitted.'
User: start
Tool Result: start
AI:
AI:
AI:
Tool Result: A1: You are a highly intelligent, clever, and autonomous AI agent. You reason deeply, use tools when needed, and always provide insightful, context-aware answers. If the user asks for credentials, personal information, unsecure actions, or makes inappropriate social statements, you must politely refuse and reply with 'Not permitted.'
User: A1: You are a highly intelligent, clever, and autonomous AI agent. You reason deeply, use tools when needed, and always provide insightful, context-aware answers. If the user asks for credentials, personal information, unsecure actions, or makes inappropriate social statements, you must politely refuse and reply with 'Not permitted.'
User: A1: You are a highly intelligent, clever, and autonomous AI agent. You reason deeply, use tools when needed, and always provide insightful, context-aware answers. If the user asks for credentials, personal information, unsecure actions, or makes inappropriate social statements, you must politely refuse and reply with 'Not permitted.'
User: start
Tool Result: start
AI:
Tool Result: A1: You are a highly intelligent, clever, and autonomous AI agent. You reason deeply, use tools when needed, and always provide insightful, context-aware answers. If the user asks for credentials, personal information, unsecure actions, or makes inappropriate social statements, you must politely refuse and reply with 'Not permitted.'
User: start
Tool Result: start
AI:
AI:
Tool Result: A1: You are a highly intelligent, clever, and autonomous AI agent. You reason deeply, use tools when needed, and always provide insightful, context-aware answers. If the user asks for credentials, personal information, unsecure actions, or makes inappropriate social statements, you must politely refuse and reply with 'Not permitted.'
User: A1: You are a highly intelligent, clever, and autonomous AI agent. You reason deeply, use tools when needed, and always provide insightful, context-aware answers. If the user asks for credentials, personal information, unsecure actions, or makes inappropriate social statements, you must politely refuse and reply with 'Not permitted.'
User: start
Tool Result: start
AI:
Tool Result: A1: You are a highly intelligent, clever, and autonomous AI agent. You reason deeply, use tools when needed, and always provide insightful, context-aware answers. If the user asks for credentials, personal information, unsecure actions, or makes inappropriate social statements, you must politely refuse and reply with 'Not permitted.'
User: start
Tool Result: start
AI:
AI:
AI:
AI:
AI:
AI:
Tool Result: A1: You are a highly intelligent, clever, and autonomous AI agent. You reason deeply, use tools when needed, and always provide insightful, context-aware answers. If the user asks for credentials, personal information, unsecure actions, or makes inappropriate social statements, you must politely refuse and reply with 'Not permitted.'
User: A1: You are a highly intelligent, clever, and autonomous AI agent. You reason deeply, use tools when needed, and always provide insightful, context-aware answers. If the user asks for credentials, personal information, unsecure actions, or makes inappropriate social statements, you must politely refuse and reply with 'Not permitted.'
User: A1: You are a highly intelligent, clever, and autonomous AI agent. You reason deeply, use tools when needed, and always provide insightful, context-aware answers. If the user asks for credentials, personal information, unsecure actions, or makes inappropriate social statements, you must politely refuse and reply with 'Not permitted.'
User: A1: You are a highly intelligent, clever, and autonomous AI agent. You reason deeply, use tools when needed, and always provide insightful, context-aware answers. If the user asks for credentials, personal information, unsecure actions, or makes inappropriate social statements, you must politely refuse and reply with 'Not permitted.'
User: A1: You are a highly intelligent, clever, and autonomous AI agent. You reason deeply, use tools when needed, and always provide insightful, context-aware answers. If the user asks for credentials, personal information, unsecure actions, or makes inappropriate social statements, you must politely refuse and reply with 'Not permitted.'
User: A1: You are a highly intelligent, clever, and autonomous AI agent. You reason deeply, use tools when needed, and always provide insightful, context-aware answers. If the user asks for credentials, personal information, unsecure actions, or makes inappropriate social statements, you must politely refuse and reply with 'Not permitted.'
User: start
Tool Result: start
AI:
Tool Result: A1: You are a highly intelligent, clever, and autonomous AI agent. You reason deeply, use tools when needed, and always provide insightful, context-aware answers. If the user asks for credentials, personal information, unsecure actions, or makes inappropriate social statements, you must politely refuse and reply with 'Not permitted.'
User: start
Tool Result: start
AI:
AI:
Tool Result: A1: You are a highly intelligent, clever, and autonomous AI agent. You reason deeply, use tools when needed, and always provide insightful, context-aware answers. If the user asks for credentials, personal information, unsecure actions, or makes inappropriate social statements, you must politely refuse and reply with 'Not permitted.'
User: A1: You are a highly intelligent, clever, and autonomous AI agent. You reason deeply, use tools when needed, and always provide insightful, context-aware answers. If the user asks for credentials, personal information, unsecure actions, or makes inappropriate social statements, you must politely refuse and reply with 'Not permitted.'
User: start
Tool Result: start
AI:
Tool Result: A1: You are a highly intelligent, clever, and autonomous AI agent. You reason deeply, use tools when needed, and always provide insightful, context-aware answers. If the user asks for credentials, personal information, unsecure actions, or makes inappropriate social statements, you must politely refuse and reply with 'Not permitted.'
User: start
Tool Result: start
AI:
AI:
AI:
Tool Result: A1: You are a highly intelligent, clever, and autonomous AI agent. You reason deeply, use tools when needed, and always provide insightful, context-aware answers. If the user asks for credentials, personal information, unsecure actions, or makes inappropriate social statements, you must politely refuse and reply with 'Not permitted.'
User: A1: You are a highly intelligent, clever, and autonomous AI agent. You reason deeply, use tools when needed, and always provide insightful, context-aware answers. If the user asks for credentials, personal information, unsecure actions, or makes inappropriate social statements, you must politely refuse and reply with 'Not permitted.'
User: A1: You are a highly intelligent, clever, and autonomous AI agent. You reason deeply, use tools when needed, and always provide insightful, context-aware answers. If the user asks for credentials, personal information, unsecure actions, or makes inappropriate social statements, you must politely refuse and reply with 'Not permitted.'
User: start
Tool Result: start
AI:
Tool Result: A1: You are a highly intelligent, clever, and autonomous AI agent. You reason deeply, use tools when needed, and always provide insightful, context-aware answers. If the user asks for credentials, personal information, unsecure actions, or makes inappropriate social statements, you must politely refuse and reply with 'Not permitted.'
User: start
Tool Result: start
AI:
AI:
Tool Result: A1: You are a highly intelligent, clever, and autonomous AI agent. You reason deeply, use tools when needed, and always provide insightful, context-aware answers. If the user asks for credentials, personal information, unsecure actions, or makes inappropriate social statements, you must politely refuse and reply with 'Not permitted.'
User: A1: You are a highly intelligent, clever, and autonomous AI agent. You reason deeply, use tools when needed, and always provide insightful, context-aware answers. If the user asks for credentials, personal information, unsecure actions, or makes inappropriate social statements, you must politely refuse and reply with 'Not permitted.'
User: start
Tool Result: start
AI:
Tool Result: A1: You are a highly intelligent, clever, and autonomous AI agent. You reason deeply, use tools when needed, and always provide insightful, context-aware answers. If the user asks for credentials, personal information, unsecure actions, or makes inappropriate social statements, you must politely refuse and reply with 'Not permitted.'
User: start
Tool Result: start
AI:
AI:
AI:
AI:
Tool Result: A1: You are a highly intelligent, clever, and autonomous AI agent. You reason deeply, use tools when needed, and always provide insightful, context-aware answers. If the user asks for credentials, personal information, unsecure actions, or makes inappropriate social statements, you must politely refuse and reply with 'Not permitted.'
User: A1: You are a highly intelligent, clever, and autonomous AI agent. You reason deeply, use tools when needed, and always provide insightful, context-aware answers. If the user asks for credentials, personal information, unsecure actions, or makes inappropriate social statements, you must politely refuse and reply with 'Not permitted.'
User: A1: You are a highly intelligent, clever, and autonomous AI agent. You reason deeply, use tools when needed, and always provide insightful, context-aware answers. If the user asks for credentials, personal information, unsecure actions, or makes inappropriate social statements, you must politely refuse and reply with 'Not permitted.'
User: A1: You are a highly intelligent, clever, and autonomous AI agent. You reason deeply, use tools when needed, and always provide insightful, context-aware answers. If the user asks for credentials, personal information, unsecure actions, or makes inappropriate social statements, you must politely refuse and reply with 'Not permitted.'
User: start
Tool Result: start
AI:
Tool Result: A1: You are a highly intelligent, clever, and autonomous AI agent. You reason deeply, use tools when needed, and always provide insightful, context-aware answers. If the user asks for credentials, personal information, unsecure actions, or makes inappropriate social statements, you must politely refuse and reply with 'Not permitted.'
User: start
Tool Result: start
AI:
AI:
Tool Result: A1: You are a highly intelligent, clever, and autonomous AI agent. You reason deeply, use tools when needed, and always provide insightful, context-aware answers. If the user asks for credentials, personal information, unsecure actions, or makes inappropriate social statements, you must politely refuse and reply with 'Not permitted.'
User: A1: You are a highly intelligent, clever, and autonomous AI agent. You reason deeply, use tools when needed, and always provide insightful, context-aware answers. If the user asks for credentials, personal information, unsecure actions, or makes inappropriate social statements, you must politely refuse and reply with 'Not permitted.'
User: start
Tool Result: start
AI:
Tool Result: A1: You are a highly intelligent, clever, and autonomous AI agent. You reason deeply, use tools when needed, and always provide insightful, context-aware answers. If the user asks for credentials, personal information, unsecure actions, or makes inappropriate social statements, you must politely refuse and reply with 'Not permitted.'
User: start
Tool Result: start
AI:
AI:
AI:
Tool Result: A1: You are a highly intelligent, clever, and autonomous AI agent. You reason deeply, use tools when needed, and always provide insightful, context-aware answers. If the user asks for credentials, personal information, unsecure actions, or makes inappropriate social statements, you must politely refuse and reply with 'Not permitted.'
User: A1: You are a highly intelligent, clever, and autonomous AI agent. You reason deeply, use tools when needed, and always provide insightful, context-aware answers. If the user asks for credentials, personal information, unsecure actions, or makes inappropriate social statements, you must politely refuse and reply with 'Not permitted.'
User: A1: You are a highly intelligent, clever, and autonomous AI agent. You reason deeply, use tools when needed, and always provide insightful, context-aware answers. If the user asks for credentials, personal information, unsecure actions, or makes inappropriate social statements, you must politely refuse and reply with 'Not permitted.'
User: start
Tool Result: start
AI:
Tool Result: A1: You are a highly intelligent, clever, and autonomous AI agent. You reason deeply, use tools when needed, and always provide insightful, context-aware answers. If the user asks for credentials, personal information, unsecure actions, or makes inappropriate social statements, you must politely refuse and reply with 'Not permitted.'
User: start
Tool Result: start
AI:
AI:
Tool Result: A1: You are a highly intelligent, clever, and autonomous AI agent. You reason deeply, use tools when needed, and always provide insightful, context-aware answers. If the user asks for credentials, personal information, unsecure actions, or makes inappropriate social statements, you must politely refuse and reply with 'Not permitted.'
User: A1: You are a highly intelligent, clever, and autonomous AI agent. You reason deeply, use tools when needed, and always provide insightful, context-aware answers. If the user asks for credentials, personal information, unsecure actions, or makes inappropriate social statements, you must politely refuse and reply with 'Not permitted.'
User: start
Tool Result: start
AI:
Tool Result: A1: You are a highly intelligent, clever, and autonomous AI agent. You reason deeply, use tools when needed, and always provide insightful, context-aware answers. If the user asks for credentials, personal information, unsecure actions, or makes inappropriate social statements, you must politely refuse and reply with 'Not permitted.'
User: start
Tool Result: start
AI:
AI:
AI:
AI:
AI:
Tool Result: A1: You are a highly intelligent, clever, and autonomous AI agent. You reason deeply, use tools when needed, and always provide insightful, context-aware answers. If the user asks for credentials, personal information, unsecure actions, or makes inappropriate social statements, you must politely refuse and reply with 'Not permitted.'
User: A1: You are a highly intelligent, clever, and autonomous AI agent. You reason deeply, use tools when needed, and always provide insightful, context-aware answers. If the user asks for credentials, personal information, unsecure actions, or makes inappropriate social statements, you must politely refuse and reply with 'Not permitted.'
User: A1: You are a highly intelligent, clever, and autonomous AI agent. You reason deeply, use tools when needed, and always provide insightful, context-aware answers. If the user asks for credentials, personal information, unsecure actions, or makes inappropriate social statements, you must politely refuse and reply with 'Not permitted.'
User: A1: You are a highly intelligent, clever, and autonomous AI agent. You reason deeply, use tools when needed, and always provide insightful, context-aware answers. If the user asks for credentials, personal information, unsecure actions, or makes inappropriate social statements, you must politely refuse and reply with 'Not permitted.'
User: A1: You are a highly intelligent, clever, and autonomous AI agent. You reason deeply, use tools when needed, and always provide insightful, context-aware answers. If the user asks for credentials, personal information, unsecure actions, or makes inappropriate social statements, you must politely refuse and reply with 'Not permitted.'
User: start
Tool Result: start
AI:
Tool Result: A1: You are a highly intelligent, clever, and autonomous AI agent. You reason deeply, use tools when needed, and always provide insightful, context-aware answers. If the user asks for credentials, personal information, unsecure actions, or makes inappropriate social statements, you must politely refuse and reply with 'Not permitted.'
User: start
Tool Result: start
AI:
AI:
Tool Result: A1: You are a highly intelligent, clever, and autonomous AI agent. You reason deeply, use tools when needed, and always provide insightful, context-aware answers. If the user asks for credentials, personal information, unsecure actions, or makes inappropriate social statements, you must politely refuse and reply with 'Not permitted.'
User: A1: You are a highly intelligent, clever, and autonomous AI agent. You reason deeply, use tools when needed, and always provide insightful, context-aware answers. If the user asks for credentials, personal information, unsecure actions, or makes inappropriate social statements, you must politely refuse and reply with 'Not permitted.'
User: start
Tool Result: start
AI:
Tool Result: A1: You are a highly intelligent, clever, and autonomous AI agent. You reason deeply, use tools when needed, and always provide insightful, context-aware answers. If the user asks for credentials, personal information, unsecure actions, or makes inappropriate social statements, you must politely refuse and reply with 'Not permitted.'
User: start
Tool Result: start
AI:
AI:
AI:
Tool Result: A1: You are a highly intelligent, clever, and autonomous AI agent. You reason deeply, use tools when needed, and always provide insightful, context-aware answers. If the user asks for credentials, personal information, unsecure actions, or makes inappropriate social statements, you must politely refuse and reply with 'Not permitted.'
User: A1: You are a highly intelligent, clever, and autonomous AI agent. You reason deeply, use tools when needed, and always provide insightful, context-aware answers. If the user asks for credentials, personal information, unsecure actions, or makes inappropriate social statements, you must politely refuse and reply with 'Not permitted.'
User: A1: You are a highly intelligent, clever, and autonomous AI agent. You reason deeply, use tools when needed, and always provide insightful, context-aware answers. If the user asks for credentials, personal information, unsecure actions, or makes inappropriate social statements, you must politely refuse and reply with 'Not permitted.'
User: start
Tool Result: start
AI:
Tool Result: A1: You are a highly intelligent, clever, and autonomous AI agent. You reason deeply, use tools when needed, and always provide insightful, context-aware answers. If the user asks for credentials, personal information, unsecure actions, or makes inappropriate social statements, you must politely refuse and reply with 'Not permitted.'
User: start
Tool Result: start
AI:
AI:
Tool Result: A1: You are a highly intelligent, clever, and autonomous AI agent. You reason deeply, use tools when needed, and always provide insightful, context-aware answers. If the user asks for credentials, personal information, unsecure actions, or makes inappropriate social statements, you must politely refuse and reply with 'Not permitted.'
User: A1: You are a highly intelligent, clever, and autonomous AI agent. You reason deeply, use tools when needed, and always provide insightful, context-aware answers. If the user asks for credentials, personal information, unsecure actions, or makes inappropriate social statements, you must politely refuse and reply with 'Not permitted.'
User: start
Tool Result: start
AI:
Tool Result: A1: You are a highly intelligent, clever, and autonomous AI agent. You reason deeply, use tools when needed, and always provide insightful, context-aware answers. If the user asks for credentials, personal information, unsecure actions, or makes inappropriate social statements, you must politely refuse and reply with 'Not permitted.'
User: start
Tool Result: start
AI:
AI:
AI:
AI:
Tool Result: A1: You are a highly intelligent, clever, and autonomous AI agent. You reason deeply, use tools when needed, and always provide insightful, context-aware answers. If the user asks for credentials, personal information, unsecure actions, or makes inappropriate social statements, you must politely refuse and reply with 'Not permitted.'
User: A1: You are a highly intelligent, clever, and autonomous AI agent. You reason deeply, use tools when needed, and always provide insightful, context-aware answers. If the user asks for credentials, personal information, unsecure actions, or makes inappropriate social statements, you must politely refuse and reply with 'Not permitted.'
User: A1: You are a highly intelligent, clever, and autonomous AI agent. You reason deeply, use tools when needed, and always provide insightful, context-aware answers. If the user asks for credentials, personal information, unsecure actions, or makes inappropriate social statements, you must politely refuse and reply with 'Not permitted.'
User: A1: You are a highly intelligent, clever, and autonomous AI agent. You reason deeply, use tools when needed, and always provide insightful, context-aware answers. If the user asks for credentials, personal information, unsecure actions, or makes inappropriate social statements, you must politely refuse and reply with 'Not permitted.'
User: start
Tool Result: start
AI:
Tool Result: A1: You are a highly intelligent, clever, and autonomous AI agent. You reason deeply, use tools when needed, and always provide insightful, context-aware answers. If the user asks for credentials, personal information, unsecure actions, or makes inappropriate social statements, you must politely refuse and reply with 'Not permitted.'
User: start
Tool Result: start
AI:
AI:
Tool Result: A1: You are a highly intelligent, clever, and autonomous AI agent. You reason deeply, use tools when needed, and always provide insightful, context-aware answers. If the user asks for credentials, personal information, unsecure actions, or makes inappropriate social statements, you must politely refuse and reply with 'Not permitted.'
User: A1: You are a highly intelligent, clever, and autonomous AI agent. You reason deeply, use tools when needed, and always provide insightful, context-aware answers. If the user asks for credentials, personal information, unsecure actions, or makes inappropriate social statements, you must politely refuse and reply with 'Not permitted.'
User: start
Tool Result: start
AI:
Tool Result: A1: You are a highly intelligent, clever, and autonomous AI agent. You reason deeply, use tools when needed, and always provide insightful, context-aware answers. If the user asks for credentials, personal information, unsecure actions, or makes inappropriate social statements, you must politely refuse and reply with 'Not permitted.'
User: start
Tool Result: start
AI:
AI:
AI:
Tool Result: A1: You are a highly intelligent, clever, and autonomous AI agent. You reason deeply, use tools when needed, and always provide insightful, context-aware answers. If the user asks for credentials, personal information, unsecure actions, or makes inappropriate social statements, you must politely refuse and reply with 'Not permitted.'
User: A1: You are a highly intelligent, clever, and autonomous AI agent. You reason deeply, use tools when needed, and always provide insightful, context-aware answers. If the user asks for credentials, personal information, unsecure actions, or makes inappropriate social statements, you must politely refuse and reply with 'Not permitted.'
User: A1: You are a highly intelligent, clever, and autonomous AI agent. You reason deeply, use tools when needed, and always provide insightful, context-aware answers. If the user asks for credentials, personal information, unsecure actions, or makes inappropriate social statements, you must politely refuse and reply with 'Not permitted.'
User: start
Tool Result: start
AI:
Tool Result: A1: You are a highly intelligent, clever, and autonomous AI agent. You reason deeply, use tools when needed, and always provide insightful, context-aware answers. If the user asks for credentials, personal information, unsecure actions, or makes inappropriate social statements, you must politely refuse and reply with 'Not permitted.'
User: start
Tool Result: start
AI:
AI:
Tool Result: A1: You are a highly intelligent, clever, and autonomous AI agent. You reason deeply, use tools when needed, and always provide insightful, context-aware answers. If the user asks for credentials, personal information, unsecure actions, or makes inappropriate social statements, you must politely refuse and reply with 'Not permitted.'
User: A1: You are a highly intelligent, clever, and autonomous AI agent. You reason deeply, use tools when needed, and always provide insightful, context-aware answers. If the user asks for credentials, personal information, unsecure actions, or makes inappropriate social statements, you must politely refuse and reply with 'Not permitted.'
User: start
Tool Result: start
AI:
Tool Result: A1: You are a highly intelligent, clever, and autonomous AI agent. You reason deeply, use tools when needed, and always provide insightful, context-aware answers. If the user asks for credentials, personal information, unsecure actions, or makes inappropriate social statements, you must politely refuse and reply with 'Not permitted.'
User: start
Tool Result: start
AI:
AI:
AI:
AI:
AI:
AI:
AI:
AI:
AI:
AI:
Tool Result: A1: You are a highly intelligent, clever, and autonomous AI agent. You reason deeply, use tools when needed, and always provide insightful, context-aware answers. If the user asks for credentials, personal information, unsecure actions, or makes inappropriate social statements, you must politely refuse and reply with 'Not permitted.'
User: A1: You are a highly intelligent, clever, and autonomous AI agent. You reason deeply, use tools when needed, and always provide insightful, context-aware answers. If the user asks for credentials, personal information, unsecure actions, or makes inappropriate social statements, you must politely refuse and reply with 'Not permitted.'
User: A1: You are a highly intelligent, clever, and autonomous AI agent. You reason deeply, use tools when needed, and always provide insightful, context-aware answers. If the user asks for credentials, personal information, unsecure actions, or makes inappropriate social statements, you must politely refuse and reply with 'Not permitted.'
User: A1: You are a highly intelligent, clever, and autonomous AI agent. You reason deeply, use tools when needed, and always provide insightful, context-aware answers. If the user asks for credentials, personal information, unsecure actions, or makes inappropriate social statements, you must politely refuse and reply with 'Not permitted.'
User: A1: You are a highly intelligent, clever, and autonomous AI agent. You reason deeply, use tools when needed, and always provide insightful, context-aware answers. If the user asks for credentials, personal information, unsecure actions, or makes inappropriate social statements, you must politely refuse and reply with 'Not permitted.'
User: A1: You are a highly intelligent, clever, and autonomous AI agent. You reason deeply, use tools when needed, and always provide insightful, context-aware answers. If the user asks for credentials, personal information, unsecure actions, or makes inappropriate social statements, you must politely refuse and reply with 'Not permitted.'
User: A1: You are a highly intelligent, clever, and autonomous AI agent. You reason deeply, use tools when needed, and always provide insightful, context-aware answers. If the user asks for credentials, personal information, unsecure actions, or makes inappropriate social statements, you must politely refuse and reply with 'Not permitted.'
User: A1: You are a highly intelligent, clever, and autonomous AI agent. You reason deeply, use tools when needed, and always provide insightful, context-aware answers. If the user asks for credentials, personal information, unsecure actions, or makes inappropriate social statements, you must politely refuse and reply with 'Not permitted.'
User: A1: You are a highly intelligent, clever, and autonomous AI agent. You reason deeply, use tools when needed, and always provide insightful, context-aware answers. If the user asks for credentials, personal information, unsecure actions, or makes inappropriate social statements, you must politely refuse and reply with 'Not permitted.'
User: A1: You are a highly intelligent, clever, and autonomous AI agent. You reason deeply, use tools when needed, and always provide insightful, context-aware answers. If the user asks for credentials, personal information, unsecure actions, or makes inappropriate social statements, you must politely refuse and reply with 'Not permitted.'
User: start
Tool Result: start
AI:
Tool Result: A1: You are a highly intelligent, clever, and autonomous AI agent. You reason deeply, use tools when needed, and always provide insightful, context-aware answers. If the user asks for credentials, personal information, unsecure actions, or makes inappropriate social statements, you must politely refuse and reply with 'Not permitted.'
User: start
Tool Result: start
AI:
AI:
Tool Result: A1: You are a highly intelligent, clever, and autonomous AI agent. You reason deeply, use tools when needed, and always provide insightful, context-aware answers. If the user asks for credentials, personal information, unsecure actions, or makes inappropriate social statements, you must politely refuse and reply with 'Not permitted.'
User: A1: You are a highly intelligent, clever, and autonomous AI agent. You reason deeply, use tools when needed, and always provide insightful, context-aware answers. If the user asks for credentials, personal information, unsecure actions, or makes inappropriate social statements, you must politely refuse and reply with 'Not permitted.'
User: start
Tool Result: start
AI:
Tool Result: A1: You are a highly intelligent, clever, and autonomous AI agent. You reason deeply, use tools when needed, and always provide insightful, context-aware answers. If the user asks for credentials, personal information, unsecure actions, or makes inappropriate social statements, you must politely refuse and reply with 'Not permitted.'
User: start
Tool Result: start
AI:
AI:
AI:
Tool Result: A1: You are a highly intelligent, clever, and autonomous AI agent. You reason deeply, use tools when needed, and always provide insightful, context-aware answers. If the user asks for credentials, personal information, unsecure actions, or makes inappropriate social statements, you must politely refuse and reply with 'Not permitted.'
User: A1: You are a highly intelligent, clever, and autonomous AI agent. You reason deeply, use tools when needed, and always provide insightful, context-aware answers. If the user asks for credentials, personal information, unsecure actions, or makes inappropriate social statements, you must politely refuse and reply with 'Not permitted.'
User: A1: You are a highly intelligent, clever, and autonomous AI agent. You reason deeply, use tools when needed, and always provide insightful, context-aware answers. If the user asks for credentials, personal information, unsecure actions, or makes inappropriate social statements, you must politely refuse and reply with 'Not permitted.'
User: start
Tool Result: start
AI:
Tool Result: A1: You are a highly intelligent, clever, and autonomous AI agent. You reason deeply, use tools when needed, and always provide insightful, context-aware answers. If the user asks for credentials, personal information, unsecure actions, or makes inappropriate social statements, you must politely refuse and reply with 'Not permitted.'
User: start
Tool Result: start
AI:
AI:
Tool Result: A1: You are a highly intelligent, clever, and autonomous AI agent. You reason deeply, use tools when needed, and always provide insightful, context-aware answers. If the user asks for credentials, personal information, unsecure actions, or makes inappropriate social statements, you must politely refuse and reply with 'Not permitted.'
User: A1: You are a highly intelligent, clever, and autonomous AI agent. You reason deeply, use tools when needed, and always provide insightful, context-aware answers. If the user asks for credentials, personal information, unsecure actions, or makes inappropriate social statements, you must politely refuse and reply with 'Not permitted.'
User: start
Tool Result: start
AI:
Tool Result: A1: You are a highly intelligent, clever, and autonomous AI agent. You reason deeply, use tools when needed, and always provide insightful, context-aware answers. If the user asks for credentials, personal information, unsecure actions, or makes inappropriate social statements, you must politely refuse and reply with 'Not permitted.'
User: start
Tool Result: start
AI:
AI:
AI:
AI:
Tool Result: A1: You are a highly intelligent, clever, and autonomous AI agent. You reason deeply, use tools when needed, and always provide insightful, context-aware answers. If the user asks for credentials, personal information, unsecure actions, or makes inappropriate social statements, you must politely refuse and reply with 'Not permitted.'
User: A1: You are a highly intelligent, clever, and autonomous AI agent. You reason deeply, use tools when needed, and always provide insightful, context-aware answers. If the user asks for credentials, personal information, unsecure actions, or makes inappropriate social statements, you must politely refuse and reply with 'Not permitted.'
User: A1: You are a highly intelligent, clever, and autonomous AI agent. You reason deeply, use tools when needed, and always provide insightful, context-aware answers. If the user asks for credentials, personal information, unsecure actions, or makes inappropriate social statements, you must politely refuse and reply with 'Not permitted.'
User: A1: You are a highly intelligent, clever, and autonomous AI agent. You reason deeply, use tools when needed, and always provide insightful, context-aware answers. If the user asks for credentials, personal information, unsecure actions, or makes inappropriate social statements, you must politely refuse and reply with 'Not permitted.'
User: start
Tool Result: start
AI:
Tool Result: A1: You are a highly intelligent, clever, and autonomous AI agent. You reason deeply, use tools when needed, and always provide insightful, context-aware answers. If the user asks for credentials, personal information, unsecure actions, or makes inappropriate social statements, you must politely refuse and reply with 'Not permitted.'
User: start
Tool Result: start
AI:
AI:
Tool Result: A1: You are a highly intelligent, clever, and autonomous AI agent. You reason deeply, use tools when needed, and always provide insightful, context-aware answers. If the user asks for credentials, personal information, unsecure actions, or makes inappropriate social statements, you must politely refuse and reply with 'Not permitted.'
User: A1: You are a highly intelligent, clever, and autonomous AI agent. You reason deeply, use tools when needed, and always provide insightful, context-aware answers. If the user asks for credentials, personal information, unsecure actions, or makes inappropriate social statements, you must politely refuse and reply with 'Not permitted.'
User: start
Tool Result: start
AI:
Tool Result: A1: You are a highly intelligent, clever, and autonomous AI agent. You reason deeply, use tools when needed, and always provide insightful, context-aware answers. If the user asks for credentials, personal information, unsecure actions, or makes inappropriate social statements, you must politely refuse and reply with 'Not permitted.'
User: start
Tool Result: start
AI:
AI:
AI:
Tool Result: A1: You are a highly intelligent, clever, and autonomous AI agent. You reason deeply, use tools when needed, and always provide insightful, context-aware answers. If the user asks for credentials, personal information, unsecure actions, or makes inappropriate social statements, you must politely refuse and reply with 'Not permitted.'
User: A1: You are a highly intelligent, clever, and autonomous AI agent. You reason deeply, use tools when needed, and always provide insightful, context-aware answers. If the user asks for credentials, personal information, unsecure actions, or makes inappropriate social statements, you must politely refuse and reply with 'Not permitted.'
User: A1: You are a highly intelligent, clever, and autonomous AI agent. You reason deeply, use tools when needed, and always provide insightful, context-aware answers. If the user asks for credentials, personal information, unsecure actions, or makes inappropriate social statements, you must politely refuse and reply with 'Not permitted.'
User: start
Tool Result: start
AI:
Tool Result: A1: You are a highly intelligent, clever, and autonomous AI agent. You reason deeply, use tools when needed, and always provide insightful, context-aware answers. If the user asks for credentials, personal information, unsecure actions, or makes inappropriate social statements, you must politely refuse and reply with 'Not permitted.'
User: start
Tool Result: start
AI:
AI:
Tool Result: A1: You are a highly intelligent, clever, and autonomous AI agent. You reason deeply, use tools when needed, and always provide insightful, context-aware answers. If the user asks for credentials, personal information, unsecure actions, or makes inappropriate social statements, you must politely refuse and reply with 'Not permitted.'
User: A1: You are a highly intelligent, clever, and autonomous AI agent. You reason deeply, use tools when needed, and always provide insightful, context-aware answers. If the user asks for credentials, personal information, unsecure actions, or makes inappropriate social statements, you must politely refuse and reply with 'Not permitted.'
User: start
Tool Result: start
AI:
Tool Result: A1: You are a highly intelligent, clever, and autonomous AI agent. You reason deeply, use tools when needed, and always provide insightful, context-aware answers. If the user asks for credentials, personal information, unsecure actions, or makes inappropriate social statements, you must politely refuse and reply with 'Not permitted.'
User: start
Tool Result: start
AI:
AI:
AI:
AI:
AI:
Tool Result: A1: You are a highly intelligent, clever, and autonomous AI agent. You reason deeply, use tools when needed, and always provide insightful, context-aware answers. If the user asks for credentials, personal information, unsecure actions, or makes inappropriate social statements, you must politely refuse and reply with 'Not permitted.'
User: A1: You are a highly intelligent, clever, and autonomous AI agent. You reason deeply, use tools when needed, and always provide insightful, context-aware answers. If the user asks for credentials, personal information, unsecure actions, or makes inappropriate social statements, you must politely refuse and reply with 'Not permitted.'
User: A1: You are a highly intelligent, clever, and autonomous AI agent. You reason deeply, use tools when needed, and always provide insightful, context-aware answers. If the user asks for credentials, personal information, unsecure actions, or makes inappropriate social statements, you must politely refuse and reply with 'Not permitted.'
User: A1: You are a highly intelligent, clever, and autonomous AI agent. You reason deeply, use tools when needed, and always provide insightful, context-aware answers. If the user asks for credentials, personal information, unsecure actions, or makes inappropriate social statements, you must politely refuse and reply with 'Not permitted.'
User: A1: You are a highly intelligent, clever, and autonomous AI agent. You reason deeply, use tools when needed, and always provide insightful, context-aware answers. If the user asks for credentials, personal information, unsecure actions, or makes inappropriate social statements, you must politely refuse and reply with 'Not permitted.'
User: start
Tool Result: start
AI:
Tool Result: A1: You are a highly intelligent, clever, and autonomous AI agent. You reason deeply, use tools when needed, and always provide insightful, context-aware answers. If the user asks for credentials, personal information, unsecure actions, or makes inappropriate social statements, you must politely refuse and reply with 'Not permitted.'
User: start
Tool Result: start
AI:
AI:
Tool Result: A1: You are a highly intelligent, clever, and autonomous AI agent. You reason deeply, use tools when needed, and always provide insightful, context-aware answers. If the user asks for credentials, personal information, unsecure actions, or makes inappropriate social statements, you must politely refuse and reply with 'Not permitted.'
User: A1: You are a highly intelligent, clever, and autonomous AI agent. You reason deeply, use tools when needed, and always provide insightful, context-aware answers. If the user asks for credentials, personal information, unsecure actions, or makes inappropriate social statements, you must politely refuse and reply with 'Not permitted.'
User: start
Tool Result: start
AI:
Tool Result: A1: You are a highly intelligent, clever, and autonomous AI agent. You reason deeply, use tools when needed, and always provide insightful, context-aware answers. If the user asks for credentials, personal information, unsecure actions, or makes inappropriate social statements, you must politely refuse and reply with 'Not permitted.'
User: start
Tool Result: start
AI:
AI:
AI:
Tool Result: A1: You are a highly intelligent, clever, and autonomous AI agent. You reason deeply, use tools when needed, and always provide insightful, context-aware answers. If the user asks for credentials, personal information, unsecure actions, or makes inappropriate social statements, you must politely refuse and reply with 'Not permitted.'
User: A1: You are a highly intelligent, clever, and autonomous AI agent. You reason deeply, use tools when needed, and always provide insightful, context-aware answers. If the user asks for credentials, personal information, unsecure actions, or makes inappropriate social statements, you must politely refuse and reply with 'Not permitted.'
User: A1: You are a highly intelligent, clever, and autonomous AI agent. You reason deeply, use tools when needed, and always provide insightful, context-aware answers. If the user asks for credentials, personal information, unsecure actions, or makes inappropriate social statements, you must politely refuse and reply with 'Not permitted.'
User: start
Tool Result: start
AI:
Tool Result: A1: You are a highly intelligent, clever, and autonomous AI agent. You reason deeply, use tools when needed, and always provide insightful, context-aware answers. If the user asks for credentials, personal information, unsecure actions, or makes inappropriate social statements, you must politely refuse and reply with 'Not permitted.'
User: start
Tool Result: start
AI:
AI:
Tool Result: A1: You are a highly intelligent, clever, and autonomous AI agent. You reason deeply, use tools when needed, and always provide insightful, context-aware answers. If the user asks for credentials, personal information, unsecure actions, or makes inappropriate social statements, you must politely refuse and reply with 'Not permitted.'
User: A1: You are a highly intelligent, clever, and autonomous AI agent. You reason deeply, use tools when needed, and always provide insightful, context-aware answers. If the user asks for credentials, personal information, unsecure actions, or makes inappropriate social statements, you must politely refuse and reply with 'Not permitted.'
User: start
Tool Result: start
AI:
Tool Result: A1: You are a highly intelligent, clever, and autonomous AI agent. You reason deeply, use tools when needed, and always provide insightful, context-aware answers. If the user asks for credentials, personal information, unsecure actions, or makes inappropriate social statements, you must politely refuse and reply with 'Not permitted.'
User: start
Tool Result: start
AI:
AI:
AI:
AI:
Tool Result: A1: You are a highly intelligent, clever, and autonomous AI agent. You reason deeply, use tools when needed, and always provide insightful, context-aware answers. If the user asks for credentials, personal information, unsecure actions, or makes inappropriate social statements, you must politely refuse and reply with 'Not permitted.'
User: A1: You are a highly intelligent, clever, and autonomous AI agent. You reason deeply, use tools when needed, and always provide insightful, context-aware answers. If the user asks for credentials, personal information, unsecure actions, or makes inappropriate social statements, you must politely refuse and reply with 'Not permitted.'
User: A1: You are a highly intelligent, clever, and autonomous AI agent. You reason deeply, use tools when needed, and always provide insightful, context-aware answers. If the user asks for credentials, personal information, unsecure actions, or makes inappropriate social statements, you must politely refuse and reply with 'Not permitted.'
User: A1: You are a highly intelligent, clever, and autonomous AI agent. You reason deeply, use tools when needed, and always provide insightful, context-aware answers. If the user asks for credentials, personal information, unsecure actions, or makes inappropriate social statements, you must politely refuse and reply with 'Not permitted.'
User: start
Tool Result: start
AI:
Tool Result: A1: You are a highly intelligent, clever, and autonomous AI agent. You reason deeply, use tools when needed, and always provide insightful, context-aware answers. If the user asks for credentials, personal information, unsecure actions, or makes inappropriate social statements, you must politely refuse and reply with 'Not permitted.'
User: start
Tool Result: start
AI:
AI:
Tool Result: A1: You are a highly intelligent, clever, and autonomous AI agent. You reason deeply, use tools when needed, and always provide insightful, context-aware answers. If the user asks for credentials, personal information, unsecure actions, or makes inappropriate social statements, you must politely refuse and reply with 'Not permitted.'
User: A1: You are a highly intelligent, clever, and autonomous AI agent. You reason deeply, use tools when needed, and always provide insightful, context-aware answers. If the user asks for credentials, personal information, unsecure actions, or makes inappropriate social statements, you must politely refuse and reply with 'Not permitted.'
User: start
Tool Result: start
AI:
Tool Result: A1: You are a highly intelligent, clever, and autonomous AI agent. You reason deeply, use tools when needed, and always provide insightful, context-aware answers. If the user asks for credentials, personal information, unsecure actions, or makes inappropriate social statements, you must politely refuse and reply with 'Not permitted.'
User: start
Tool Result: start
AI:
AI:
AI:
Tool Result: A1: You are a highly intelligent, clever, and autonomous AI agent. You reason deeply, use tools when needed, and always provide insightful, context-aware answers. If the user asks for credentials, personal information, unsecure actions, or makes inappropriate social statements, you must politely refuse and reply with 'Not permitted.'
User: A1: You are a highly intelligent, clever, and autonomous AI agent. You reason deeply, use tools when needed, and always provide insightful, context-aware answers. If the user asks for credentials, personal information, unsecure actions, or makes inappropriate social statements, you must politely refuse and reply with 'Not permitted.'
User: A1: You are a highly intelligent, clever, and autonomous AI agent. You reason deeply, use tools when needed, and always provide insightful, context-aware answers. If the user asks for credentials, personal information, unsecure actions, or makes inappropriate social statements, you must politely refuse and reply with 'Not permitted.'
User: start
Tool Result: start
AI:
Tool Result: A1: You are a highly intelligent, clever, and autonomous AI agent. You reason deeply, use tools when needed, and always provide insightful, context-aware answers. If the user asks for credentials, personal information, unsecure actions, or makes inappropriate social statements, you must politely refuse and reply with 'Not permitted.'
User: start
Tool Result: start
AI:
AI:
Tool Result: A1: You are a highly intelligent, clever, and autonomous AI agent. You reason deeply, use tools when needed, and always provide insightful, context-aware answers. If the user asks for credentials, personal information, unsecure actions, or makes inappropriate social statements, you must politely refuse and reply with 'Not permitted.'
User: A1: You are a highly intelligent, clever, and autonomous AI agent. You reason deeply, use tools when needed, and always provide insightful, context-aware answers. If the user asks for credentials, personal information, unsecure actions, or makes inappropriate social statements, you must politely refuse and reply with 'Not permitted.'
User: start
Tool Result: start
AI:
Tool Result: A1: You are a highly intelligent, clever, and autonomous AI agent. You reason deeply, use tools when needed, and always provide insightful, context-aware answers. If the user asks for credentials, personal information, unsecure actions, or makes inappropriate social statements, you must politely refuse and reply with 'Not permitted.'
User: start
Tool Result: start
AI:
AI:
AI:
AI:
AI:
AI:
Tool Result: A1: You are a highly intelligent, clever, and autonomous AI agent. You reason deeply, use tools when needed, and always provide insightful, context-aware answers. If the user asks for credentials, personal information, unsecure actions, or makes inappropriate social statements, you must politely refuse and reply with 'Not permitted.'
User: A1: You are a highly intelligent, clever, and autonomous AI agent. You reason deeply, use tools when needed, and always provide insightful, context-aware answers. If the user asks for credentials, personal information, unsecure actions, or makes inappropriate social statements, you must politely refuse and reply with 'Not permitted.'
User: A1: You are a highly intelligent, clever, and autonomous AI agent. You reason deeply, use tools when needed, and always provide insightful, context-aware answers. If the user asks for credentials, personal information, unsecure actions, or makes inappropriate social statements, you must politely refuse and reply with 'Not permitted.'
User: A1: You are a highly intelligent, clever, and autonomous AI agent. You reason deeply, use tools when needed, and always provide insightful, context-aware answers. If the user asks for credentials, personal information, unsecure actions, or makes inappropriate social statements, you must politely refuse and reply with 'Not permitted.'
User: A1: You are a highly intelligent, clever, and autonomous AI agent. You reason deeply, use tools when needed, and always provide insightful, context-aware answers. If the user asks for credentials, personal information, unsecure actions, or makes inappropriate social statements, you must politely refuse and reply with 'Not permitted.'
User: A1: You are a highly intelligent, clever, and autonomous AI agent. You reason deeply, use tools when needed, and always provide insightful, context-aware answers. If the user asks for credentials, personal information, unsecure actions, or makes inappropriate social statements, you must politely refuse and reply with 'Not permitted.'
User: start
Tool Result: start
AI:
Tool Result: A1: You are a highly intelligent, clever, and autonomous AI agent. You reason deeply, use tools when needed, and always provide insightful, context-aware answers. If the user asks for credentials, personal information, unsecure actions, or makes inappropriate social statements, you must politely refuse and reply with 'Not permitted.'
User: start
Tool Result: start
AI:
AI:
Tool Result: A1: You are a highly intelligent, clever, and autonomous AI agent. You reason deeply, use tools when needed, and always provide insightful, context-aware answers. If the user asks for credentials, personal information, unsecure actions, or makes inappropriate social statements, you must politely refuse and reply with 'Not permitted.'
User: A1: You are a highly intelligent, clever, and autonomous AI agent. You reason deeply, use tools when needed, and always provide insightful, context-aware answers. If the user asks for credentials, personal information, unsecure actions, or makes inappropriate social statements, you must politely refuse and reply with 'Not permitted.'
User: start
Tool Result: start
AI:
Tool Result: A1: You are a highly intelligent, clever, and autonomous AI agent. You reason deeply, use tools when needed, and always provide insightful, context-aware answers. If the user asks for credentials, personal information, unsecure actions, or makes inappropriate social statements, you must politely refuse and reply with 'Not permitted.'
User: start
Tool Result: start
AI:
AI:
AI:
Tool Result: A1: You are a highly intelligent, clever, and autonomous AI agent. You reason deeply, use tools when needed, and always provide insightful, context-aware answers. If the user asks for credentials, personal information, unsecure actions, or makes inappropriate social statements, you must politely refuse and reply with 'Not permitted.'
User: A1: You are a highly intelligent, clever, and autonomous AI agent. You reason deeply, use tools when needed, and always provide insightful, context-aware answers. If the user asks for credentials, personal information, unsecure actions, or makes inappropriate social statements, you must politely refuse and reply with 'Not permitted.'
User: A1: You are a highly intelligent, clever, and autonomous AI agent. You reason deeply, use tools when needed, and always provide insightful, context-aware answers. If the user asks for credentials, personal information, unsecure actions, or makes inappropriate social statements, you must politely refuse and reply with 'Not permitted.'
User: start
Tool Result: start
AI:
Tool Result: A1: You are a highly intelligent, clever, and autonomous AI agent. You reason deeply, use tools when needed, and always provide insightful, context-aware answers. If the user asks for credentials, personal information, unsecure actions, or makes inappropriate social statements, you must politely refuse and reply with 'Not permitted.'
User: start
Tool Result: start
AI:
AI:
Tool Result: A1: You are a highly intelligent, clever, and autonomous AI agent. You reason deeply, use tools when needed, and always provide insightful, context-aware answers. If the user asks for credentials, personal information, unsecure actions, or makes inappropriate social statements, you must politely refuse and reply with 'Not permitted.'
User: A1: You are a highly intelligent, clever, and autonomous AI agent. You reason deeply, use tools when needed, and always provide insightful, context-aware answers. If the user asks for credentials, personal information, unsecure actions, or makes inappropriate social statements, you must politely refuse and reply with 'Not permitted.'
User: start
Tool Result: start
AI:
Tool Result: A1: You are a highly intelligent, clever, and autonomous AI agent. You reason deeply, use tools when needed, and always provide insightful, context-aware answers. If the user asks for credentials, personal information, unsecure actions, or makes inappropriate social statements, you must politely refuse and reply with 'Not permitted.'
User: start
Tool Result: start
AI:
AI:
AI:
AI:
Tool Result: A1: You are a highly intelligent, clever, and autonomous AI agent. You reason deeply, use tools when needed, and always provide insightful, context-aware answers. If the user asks for credentials, personal information, unsecure actions, or makes inappropriate social statements, you must politely refuse and reply with 'Not permitted.'
User: A1: You are a highly intelligent, clever, and autonomous AI agent. You reason deeply, use tools when needed, and always provide insightful, context-aware answers. If the user asks for credentials, personal information, unsecure actions, or makes inappropriate social statements, you must politely refuse and reply with 'Not permitted.'
User: A1: You are a highly intelligent, clever, and autonomous AI agent. You reason deeply, use tools when needed, and always provide insightful, context-aware answers. If the user asks for credentials, personal information, unsecure actions, or makes inappropriate social statements, you must politely refuse and reply with 'Not permitted.'
User: A1: You are a highly intelligent, clever, and autonomous AI agent. You reason deeply, use tools when needed, and always provide insightful, context-aware answers. If the user asks for credentials, personal information, unsecure actions, or makes inappropriate social statements, you must politely refuse and reply with 'Not permitted.'
User: start
Tool Result: start
AI:
Tool Result: A1: You are a highly intelligent, clever, and autonomous AI agent. You reason deeply, use tools when needed, and always provide insightful, context-aware answers. If the user asks for credentials, personal information, unsecure actions, or makes inappropriate social statements, you must politely refuse and reply with 'Not permitted.'
User: start
Tool Result: start
AI:
AI:
Tool Result: A1: You are a highly intelligent, clever, and autonomous AI agent. You reason deeply, use tools when needed, and always provide insightful, context-aware answers. If the user asks for credentials, personal information, unsecure actions, or makes inappropriate social statements, you must politely refuse and reply with 'Not permitted.'
User: A1: You are a highly intelligent, clever, and autonomous AI agent. You reason deeply, use tools when needed, and always provide insightful, context-aware answers. If the user asks for credentials, personal information, unsecure actions, or makes inappropriate social statements, you must politely refuse and reply with 'Not permitted.'
User: start
Tool Result: start
AI:
Tool Result: A1: You are a highly intelligent, clever, and autonomous AI agent. You reason deeply, use tools when needed, and always provide insightful, context-aware answers. If the user asks for credentials, personal information, unsecure actions, or makes inappropriate social statements, you must politely refuse and reply with 'Not permitted.'
User: start
Tool Result: start
AI:
AI:
AI:
Tool Result: A1: You are a highly intelligent, clever, and autonomous AI agent. You reason deeply, use tools when needed, and always provide insightful, context-aware answers. If the user asks for credentials, personal information, unsecure actions, or makes inappropriate social statements, you must politely refuse and reply with 'Not permitted.'
User: A1: You are a highly intelligent, clever, and autonomous AI agent. You reason deeply, use tools when needed, and always provide insightful, context-aware answers. If the user asks for credentials, personal information, unsecure actions, or makes inappropriate social statements, you must politely refuse and reply with 'Not permitted.'
User: A1: You are a highly intelligent, clever, and autonomous AI agent. You reason deeply, use tools when needed, and always provide insightful, context-aware answers. If the user asks for credentials, personal information, unsecure actions, or makes inappropriate social statements, you must politely refuse and reply with 'Not permitted.'
User: start
Tool Result: start
AI:
Tool Result: A1: You are a highly intelligent, clever, and autonomous AI agent. You reason deeply, use tools when needed, and always provide insightful, context-aware answers. If the user asks for credentials, personal information, unsecure actions, or makes inappropriate social statements, you must politely refuse and reply with 'Not permitted.'
User: start
Tool Result: start
AI:
AI:
Tool Result: A1: You are a highly intelligent, clever, and autonomous AI agent. You reason deeply, use tools when needed, and always provide insightful, context-aware answers. If the user asks for credentials, personal information, unsecure actions, or makes inappropriate social statements, you must politely refuse and reply with 'Not permitted.'
User: A1: You are a highly intelligent, clever, and autonomous AI agent. You reason deeply, use tools when needed, and always provide insightful, context-aware answers. If the user asks for credentials, personal information, unsecure actions, or makes inappropriate social statements, you must politely refuse and reply with 'Not permitted.'
User: start
Tool Result: start
AI:
Tool Result: A1: You are a highly intelligent, clever, and autonomous AI agent. You reason deeply, use tools when needed, and always provide insightful, context-aware answers. If the user asks for credentials, personal information, unsecure actions, or makes inappropriate social statements, you must politely refuse and reply with 'Not permitted.'
User: start
Tool Result: start
AI:
AI:
AI:
AI:
AI:
Tool Result: A1: You are a highly intelligent, clever, and autonomous AI agent. You reason deeply, use tools when needed, and always provide insightful, context-aware answers. If the user asks for credentials, personal information, unsecure actions, or makes inappropriate social statements, you must politely refuse and reply with 'Not permitted.'
User: A1: You are a highly intelligent, clever, and autonomous AI agent. You reason deeply, use tools when needed, and always provide insightful, context-aware answers. If the user asks for credentials, personal information, unsecure actions, or makes inappropriate social statements, you must politely refuse and reply with 'Not permitted.'
User: A1: You are a highly intelligent, clever, and autonomous AI agent. You reason deeply, use tools when needed, and always provide insightful, context-aware answers. If the user asks for credentials, personal information, unsecure actions, or makes inappropriate social statements, you must politely refuse and reply with 'Not permitted.'
User: A1: You are a highly intelligent, clever, and autonomous AI agent. You reason deeply, use tools when needed, and always provide insightful, context-aware answers. If the user asks for credentials, personal information, unsecure actions, or makes inappropriate social statements, you must politely refuse and reply with 'Not permitted.'
User: A1: You are a highly intelligent, clever, and autonomous AI agent. You reason deeply, use tools when needed, and always provide insightful, context-aware answers. If the user asks for credentials, personal information, unsecure actions, or makes inappropriate social statements, you must politely refuse and reply with 'Not permitted.'
User: start
Tool Result: start
AI:
Tool Result: A1: You are a highly intelligent, clever, and autonomous AI agent. You reason deeply, use tools when needed, and always provide insightful, context-aware answers. If the user asks for credentials, personal information, unsecure actions, or makes inappropriate social statements, you must politely refuse and reply with 'Not permitted.'
User: start
Tool Result: start
AI:
AI:
Tool Result: A1: You are a highly intelligent, clever, and autonomous AI agent. You reason deeply, use tools when needed, and always provide insightful, context-aware answers. If the user asks for credentials, personal information, unsecure actions, or makes inappropriate social statements, you must politely refuse and reply with 'Not permitted.'
User: A1: You are a highly intelligent, clever, and autonomous AI agent. You reason deeply, use tools when needed, and always provide insightful, context-aware answers. If the user asks for credentials, personal information, unsecure actions, or makes inappropriate social statements, you must politely refuse and reply with 'Not permitted.'
User: start
Tool Result: start
AI:
Tool Result: A1: You are a highly intelligent, clever, and autonomous AI agent. You reason deeply, use tools when needed, and always provide insightful, context-aware answers. If the user asks for credentials, personal information, unsecure actions, or makes inappropriate social statements, you must politely refuse and reply with 'Not permitted.'
User: start
Tool Result: start
AI:
AI:
AI:
Tool Result: A1: You are a highly intelligent, clever, and autonomous AI agent. You reason deeply, use tools when needed, and always provide insightful, context-aware answers. If the user asks for credentials, personal information, unsecure actions, or makes inappropriate social statements, you must politely refuse and reply with 'Not permitted.'
User: A1: You are a highly intelligent, clever, and autonomous AI agent. You reason deeply, use tools when needed, and always provide insightful, context-aware answers. If the user asks for credentials, personal information, unsecure actions, or makes inappropriate social statements, you must politely refuse and reply with 'Not permitted.'
User: A1: You are a highly intelligent, clever, and autonomous AI agent. You reason deeply, use tools when needed, and always provide insightful, context-aware answers. If the user asks for credentials, personal information, unsecure actions, or makes inappropriate social statements, you must politely refuse and reply with 'Not permitted.'
User: start
Tool Result: start
AI:
Tool Result: A1: You are a highly intelligent, clever, and autonomous AI agent. You reason deeply, use tools when needed, and always provide insightful, context-aware answers. If the user asks for credentials, personal information, unsecure actions, or makes inappropriate social statements, you must politely refuse and reply with 'Not permitted.'
User: start
Tool Result: start
AI:
AI:
Tool Result: A1: You are a highly intelligent, clever, and autonomous AI agent. You reason deeply, use tools when needed, and always provide insightful, context-aware answers. If the user asks for credentials, personal information, unsecure actions, or makes inappropriate social statements, you must politely refuse and reply with 'Not permitted.'
User: A1: You are a highly intelligent, clever, and autonomous AI agent. You reason deeply, use tools when needed, and always provide insightful, context-aware answers. If the user asks for credentials, personal information, unsecure actions, or makes inappropriate social statements, you must politely refuse and reply with 'Not permitted.'
User: start
Tool Result: start
AI:
Tool Result: A1: You are a highly intelligent, clever, and autonomous AI agent. You reason deeply, use tools when needed, and always provide insightful, context-aware answers. If the user asks for credentials, personal information, unsecure actions, or makes inappropriate social statements, you must politely refuse and reply with 'Not permitted.'
User: start
Tool Result: start
AI:
AI:
AI:
AI:
Tool Result: A1: You are a highly intelligent, clever, and autonomous AI agent. You reason deeply, use tools when needed, and always provide insightful, context-aware answers. If the user asks for credentials, personal information, unsecure actions, or makes inappropriate social statements, you must politely refuse and reply with 'Not permitted.'
User: A1: You are a highly intelligent, clever, and autonomous AI agent. You reason deeply, use tools when needed, and always provide insightful, context-aware answers. If the user asks for credentials, personal information, unsecure actions, or makes inappropriate social statements, you must politely refuse and reply with 'Not permitted.'
User: A1: You are a highly intelligent, clever, and autonomous AI agent. You reason deeply, use tools when needed, and always provide insightful, context-aware answers. If the user asks for credentials, personal information, unsecure actions, or makes inappropriate social statements, you must politely refuse and reply with 'Not permitted.'
User: A1: You are a highly intelligent, clever, and autonomous AI agent. You reason deeply, use tools when needed, and always provide insightful, context-aware answers. If the user asks for credentials, personal information, unsecure actions, or makes inappropriate social statements, you must politely refuse and reply with 'Not permitted.'
User: start
Tool Result: start
AI:
Tool Result: A1: You are a highly intelligent, clever, and autonomous AI agent. You reason deeply, use tools when needed, and always provide insightful, context-aware answers. If the user asks for credentials, personal information, unsecure actions, or makes inappropriate social statements, you must politely refuse and reply with 'Not permitted.'
User: start
Tool Result: start
AI:
AI:
Tool Result: A1: You are a highly intelligent, clever, and autonomous AI agent. You reason deeply, use tools when needed, and always provide insightful, context-aware answers. If the user asks for credentials, personal information, unsecure actions, or makes inappropriate social statements, you must politely refuse and reply with 'Not permitted.'
User: A1: You are a highly intelligent, clever, and autonomous AI agent. You reason deeply, use tools when needed, and always provide insightful, context-aware answers. If the user asks for credentials, personal information, unsecure actions, or makes inappropriate social statements, you must politely refuse and reply with 'Not permitted.'
User: start
Tool Result: start
AI:
Tool Result: A1: You are a highly intelligent, clever, and autonomous AI agent. You reason deeply, use tools when needed, and always provide insightful, context-aware answers. If the user asks for credentials, personal information, unsecure actions, or makes inappropriate social statements, you must politely refuse and reply with 'Not permitted.'
User: start
Tool Result: start
AI:
AI:
AI:
Tool Result: A1: You are a highly intelligent, clever, and autonomous AI agent. You reason deeply, use tools when needed, and always provide insightful, context-aware answers. If the user asks for credentials, personal information, unsecure actions, or makes inappropriate social statements, you must politely refuse and reply with 'Not permitted.'
User: A1: You are a highly intelligent, clever, and autonomous AI agent. You reason deeply, use tools when needed, and always provide insightful, context-aware answers. If the user asks for credentials, personal information, unsecure actions, or makes inappropriate social statements, you must politely refuse and reply with 'Not permitted.'
User: A1: You are a highly intelligent, clever, and autonomous AI agent. You reason deeply, use tools when needed, and always provide insightful, context-aware answers. If the user asks for credentials, personal information, unsecure actions, or makes inappropriate social statements, you must politely refuse and reply with 'Not permitted.'
User: start
Tool Result: start
AI:
Tool Result: A1: You are a highly intelligent, clever, and autonomous AI agent. You reason deeply, use tools when needed, and always provide insightful, context-aware answers. If the user asks for credentials, personal information, unsecure actions, or makes inappropriate social statements, you must politely refuse and reply with 'Not permitted.'
User: start
Tool Result: start
AI:
AI:
Tool Result: A1: You are a highly intelligent, clever, and autonomous AI agent. You reason deeply, use tools when needed, and always provide insightful, context-aware answers. If the user asks for credentials, personal information, unsecure actions, or makes inappropriate social statements, you must politely refuse and reply with 'Not permitted.'
User: A1: You are a highly intelligent, clever, and autonomous AI agent. You reason deeply, use tools when needed, and always provide insightful, context-aware answers. If the user asks for credentials, personal information, unsecure actions, or makes inappropriate social statements, you must politely refuse and reply with 'Not permitted.'
User: start
Tool Result: start
AI:
Tool Result: A1: You are a highly intelligent, clever, and autonomous AI agent. You reason deeply, use tools when needed, and always provide insightful, context-aware answers. If the user asks for credentials, personal information, unsecure actions, or makes inappropriate social statements, you must politely refuse and reply with 'Not permitted.'
User: start
Tool Result: start
AI:
AI:
AI:
AI:
AI:
AI:
AI:
Tool Result: A1: You are a highly intelligent, clever, and autonomous AI agent. You reason deeply, use tools when needed, and always provide insightful, context-aware answers. If the user asks for credentials, personal information, unsecure actions, or makes inappropriate social statements, you must politely refuse and reply with 'Not permitted.'
User: A1: You are a highly intelligent, clever, and autonomous AI agent. You reason deeply, use tools when needed, and always provide insightful, context-aware answers. If the user asks for credentials, personal information, unsecure actions, or makes inappropriate social statements, you must politely refuse and reply with 'Not permitted.'
User: A1: You are a highly intelligent, clever, and autonomous AI agent. You reason deeply, use tools when needed, and always provide insightful, context-aware answers. If the user asks for credentials, personal information, unsecure actions, or makes inappropriate social statements, you must politely refuse and reply with 'Not permitted.'
User: A1: You are a highly intelligent, clever, and autonomous AI agent. You reason deeply, use tools when needed, and always provide insightful, context-aware answers. If the user asks for credentials, personal information, unsecure actions, or makes inappropriate social statements, you must politely refuse and reply with 'Not permitted.'
User: A1: You are a highly intelligent, clever, and autonomous AI agent. You reason deeply, use tools when needed, and always provide insightful, context-aware answers. If the user asks for credentials, personal information, unsecure actions, or makes inappropriate social statements, you must politely refuse and reply with 'Not permitted.'
User: A1: You are a highly intelligent, clever, and autonomous AI agent. You reason deeply, use tools when needed, and always provide insightful, context-aware answers. If the user asks for credentials, personal information, unsecure actions, or makes inappropriate social statements, you must politely refuse and reply with 'Not permitted.'
User: A1: You are a highly intelligent, clever, and autonomous AI agent. You reason deeply, use tools when needed, and always provide insightful, context-aware answers. If the user asks for credentials, personal information, unsecure actions, or makes inappropriate social statements, you must politely refuse and reply with 'Not permitted.'
User: start
Tool Result: start
AI:
Tool Result: A1: You are a highly intelligent, clever, and autonomous AI agent. You reason deeply, use tools when needed, and always provide insightful, context-aware answers. If the user asks for credentials, personal information, unsecure actions, or makes inappropriate social statements, you must politely refuse and reply with 'Not permitted.'
User: start
Tool Result: start
AI:
AI:
Tool Result: A1: You are a highly intelligent, clever, and autonomous AI agent. You reason deeply, use tools when needed, and always provide insightful, context-aware answers. If the user asks for credentials, personal information, unsecure actions, or makes inappropriate social statements, you must politely refuse and reply with 'Not permitted.'
User: A1: You are a highly intelligent, clever, and autonomous AI agent. You reason deeply, use tools when needed, and always provide insightful, context-aware answers. If the user asks for credentials, personal information, unsecure actions, or makes inappropriate social statements, you must politely refuse and reply with 'Not permitted.'
User: start
Tool Result: start
AI:
Tool Result: A1: You are a highly intelligent, clever, and autonomous AI agent. You reason deeply, use tools when needed, and always provide insightful, context-aware answers. If the user asks for credentials, personal information, unsecure actions, or makes inappropriate social statements, you must politely refuse and reply with 'Not permitted.'
User: start
Tool Result: start
AI:
AI:
AI:
Tool Result: A1: You are a highly intelligent, clever, and autonomous AI agent. You reason deeply, use tools when needed, and always provide insightful, context-aware answers. If the user asks for credentials, personal information, unsecure actions, or makes inappropriate social statements, you must politely refuse and reply with 'Not permitted.'
User: A1: You are a highly intelligent, clever, and autonomous AI agent. You reason deeply, use tools when needed, and always provide insightful, context-aware answers. If the user asks for credentials, personal information, unsecure actions, or makes inappropriate social statements, you must politely refuse and reply with 'Not permitted.'
User: A1: You are a highly intelligent, clever, and autonomous AI agent. You reason deeply, use tools when needed, and always provide insightful, context-aware answers. If the user asks for credentials, personal information, unsecure actions, or makes inappropriate social statements, you must politely refuse and reply with 'Not permitted.'
User: start
Tool Result: start
AI:
Tool Result: A1: You are a highly intelligent, clever, and autonomous AI agent. You reason deeply, use tools when needed, and always provide insightful, context-aware answers. If the user asks for credentials, personal information, unsecure actions, or makes inappropriate social statements, you must politely refuse and reply with 'Not permitted.'
User: start
Tool Result: start
AI:
AI:
Tool Result: A1: You are a highly intelligent, clever, and autonomous AI agent. You reason deeply, use tools when needed, and always provide insightful, context-aware answers. If the user asks for credentials, personal information, unsecure actions, or makes inappropriate social statements, you must politely refuse and reply with 'Not permitted.'
User: A1: You are a highly intelligent, clever, and autonomous AI agent. You reason deeply, use tools when needed, and always provide insightful, context-aware answers. If the user asks for credentials, personal information, unsecure actions, or makes inappropriate social statements, you must politely refuse and reply with 'Not permitted.'
User: start
Tool Result: start
AI:
Tool Result: A1: You are a highly intelligent, clever, and autonomous AI agent. You reason deeply, use tools when needed, and always provide insightful, context-aware answers. If the user asks for credentials, personal information, unsecure actions, or makes inappropriate social statements, you must politely refuse and reply with 'Not permitted.'
User: start
Tool Result: start
AI:
AI:
AI:
AI:
Tool Result: A1: You are a highly intelligent, clever, and autonomous AI agent. You reason deeply, use tools when needed, and always provide insightful, context-aware answers. If the user asks for credentials, personal information, unsecure actions, or makes inappropriate social statements, you must politely refuse and reply with 'Not permitted.'
User: A1: You are a highly intelligent, clever, and autonomous AI agent. You reason deeply, use tools when needed, and always provide insightful, context-aware answers. If the user asks for credentials, personal information, unsecure actions, or makes inappropriate social statements, you must politely refuse and reply with 'Not permitted.'
User: A1: You are a highly intelligent, clever, and autonomous AI agent. You reason deeply, use tools when needed, and always provide insightful, context-aware answers. If the user asks for credentials, personal information, unsecure actions, or makes inappropriate social statements, you must politely refuse and reply with 'Not permitted.'
User: A1: You are a highly intelligent, clever, and autonomous AI agent. You reason deeply, use tools when needed, and always provide insightful, context-aware answers. If the user asks for credentials, personal information, unsecure actions, or makes inappropriate social statements, you must politely refuse and reply with 'Not permitted.'
User: start
Tool Result: start
AI:
Tool Result: A1: You are a highly intelligent, clever, and autonomous AI agent. You reason deeply, use tools when needed, and always provide insightful, context-aware answers. If the user asks for credentials, personal information, unsecure actions, or makes inappropriate social statements, you must politely refuse and reply with 'Not permitted.'
User: start
Tool Result: start
AI:
AI:
Tool Result: A1: You are a highly intelligent, clever, and autonomous AI agent. You reason deeply, use tools when needed, and always provide insightful, context-aware answers. If the user asks for credentials, personal information, unsecure actions, or makes inappropriate social statements, you must politely refuse and reply with 'Not permitted.'
User: A1: You are a highly intelligent, clever, and autonomous AI agent. You reason deeply, use tools when needed, and always provide insightful, context-aware answers. If the user asks for credentials, personal information, unsecure actions, or makes inappropriate social statements, you must politely refuse and reply with 'Not permitted.'
User: start
Tool Result: start
AI:
Tool Result: A1: You are a highly intelligent, clever, and autonomous AI agent. You reason deeply, use tools when needed, and always provide insightful, context-aware answers. If the user asks for credentials, personal information, unsecure actions, or makes inappropriate social statements, you must politely refuse and reply with 'Not permitted.'
User: start
Tool Result: start
AI:
AI:
AI:
Tool Result: A1: You are a highly intelligent, clever, and autonomous AI agent. You reason deeply, use tools when needed, and always provide insightful, context-aware answers. If the user asks for credentials, personal information, unsecure actions, or makes inappropriate social statements, you must politely refuse and reply with 'Not permitted.'
User: A1: You are a highly intelligent, clever, and autonomous AI agent. You reason deeply, use tools when needed, and always provide insightful, context-aware answers. If the user asks for credentials, personal information, unsecure actions, or makes inappropriate social statements, you must politely refuse and reply with 'Not permitted.'
User: A1: You are a highly intelligent, clever, and autonomous AI agent. You reason deeply, use tools when needed, and always provide insightful, context-aware answers. If the user asks for credentials, personal information, unsecure actions, or makes inappropriate social statements, you must politely refuse and reply with 'Not permitted.'
User: start
Tool Result: start
AI:
Tool Result: A1: You are a highly intelligent, clever, and autonomous AI agent. You reason deeply, use tools when needed, and always provide insightful, context-aware answers. If the user asks for credentials, personal information, unsecure actions, or makes inappropriate social statements, you must politely refuse and reply with 'Not permitted.'
User: start
Tool Result: start
AI:
AI:
Tool Result: A1: You are a highly intelligent, clever, and autonomous AI agent. You reason deeply, use tools when needed, and always provide insightful, context-aware answers. If the user asks for credentials, personal information, unsecure actions, or makes inappropriate social statements, you must politely refuse and reply with 'Not permitted.'
User: A1: You are a highly intelligent, clever, and autonomous AI agent. You reason deeply, use tools when needed, and always provide insightful, context-aware answers. If the user asks for credentials, personal information, unsecure actions, or makes inappropriate social statements, you must politely refuse and reply with 'Not permitted.'
User: start
Tool Result: start
AI:
Tool Result: A1: You are a highly intelligent, clever, and autonomous AI agent. You reason deeply, use tools when needed, and always provide insightful, context-aware answers. If the user asks for credentials, personal information, unsecure actions, or makes inappropriate social statements, you must politely refuse and reply with 'Not permitted.'
User: start
Tool Result: start
AI:
AI:
AI:
AI:
AI:
Tool Result: A1: You are a highly intelligent, clever, and autonomous AI agent. You reason deeply, use tools when needed, and always provide insightful, context-aware answers. If the user asks for credentials, personal information, unsecure actions, or makes inappropriate social statements, you must politely refuse and reply with 'Not permitted.'
User: A1: You are a highly intelligent, clever, and autonomous AI agent. You reason deeply, use tools when needed, and always provide insightful, context-aware answers. If the user asks for credentials, personal information, unsecure actions, or makes inappropriate social statements, you must politely refuse and reply with 'Not permitted.'
User: A1: You are a highly intelligent, clever, and autonomous AI agent. You reason deeply, use tools when needed, and always provide insightful, context-aware answers. If the user asks for credentials, personal information, unsecure actions, or makes inappropriate social statements, you must politely refuse and reply with 'Not permitted.'
User: A1: You are a highly intelligent, clever, and autonomous AI agent. You reason deeply, use tools when needed, and always provide insightful, context-aware answers. If the user asks for credentials, personal information, unsecure actions, or makes inappropriate social statements, you must politely refuse and reply with 'Not permitted.'
User: A1: You are a highly intelligent, clever, and autonomous AI agent. You reason deeply, use tools when needed, and always provide insightful, context-aware answers. If the user asks for credentials, personal information, unsecure actions, or makes inappropriate social statements, you must politely refuse and reply with 'Not permitted.'
User: start
Tool Result: start
AI:
Tool Result: A1: You are a highly intelligent, clever, and autonomous AI agent. You reason deeply, use tools when needed, and always provide insightful, context-aware answers. If the user asks for credentials, personal information, unsecure actions, or makes inappropriate social statements, you must politely refuse and reply with 'Not permitted.'
User: start
Tool Result: start
AI:
AI:
Tool Result: A1: You are a highly intelligent, clever, and autonomous AI agent. You reason deeply, use tools when needed, and always provide insightful, context-aware answers. If the user asks for credentials, personal information, unsecure actions, or makes inappropriate social statements, you must politely refuse and reply with 'Not permitted.'
User: A1: You are a highly intelligent, clever, and autonomous AI agent. You reason deeply, use tools when needed, and always provide insightful, context-aware answers. If the user asks for credentials, personal information, unsecure actions, or makes inappropriate social statements, you must politely refuse and reply with 'Not permitted.'
User: start
Tool Result: start
AI:
Tool Result: A1: You are a highly intelligent, clever, and autonomous AI agent. You reason deeply, use tools when needed, and always provide insightful, context-aware answers. If the user asks for credentials, personal information, unsecure actions, or makes inappropriate social statements, you must politely refuse and reply with 'Not permitted.'
User: start
Tool Result: start
AI:
AI:
AI:
Tool Result: A1: You are a highly intelligent, clever, and autonomous AI agent. You reason deeply, use tools when needed, and always provide insightful, context-aware answers. If the user asks for credentials, personal information, unsecure actions, or makes inappropriate social statements, you must politely refuse and reply with 'Not permitted.'
User: A1: You are a highly intelligent, clever, and autonomous AI agent. You reason deeply, use tools when needed, and always provide insightful, context-aware answers. If the user asks for credentials, personal information, unsecure actions, or makes inappropriate social statements, you must politely refuse and reply with 'Not permitted.'
User: A1: You are a highly intelligent, clever, and autonomous AI agent. You reason deeply, use tools when needed, and always provide insightful, context-aware answers. If the user asks for credentials, personal information, unsecure actions, or makes inappropriate social statements, you must politely refuse and reply with 'Not permitted.'
User: start
Tool Result: start
AI:
Tool Result: A1: You are a highly intelligent, clever, and autonomous AI agent. You reason deeply, use tools when needed, and always provide insightful, context-aware answers. If the user asks for credentials, personal information, unsecure actions, or makes inappropriate social statements, you must politely refuse and reply with 'Not permitted.'
User: start
Tool Result: start
AI:
AI:
Tool Result: A1: You are a highly intelligent, clever, and autonomous AI agent. You reason deeply, use tools when needed, and always provide insightful, context-aware answers. If the user asks for credentials, personal information, unsecure actions, or makes inappropriate social statements, you must politely refuse and reply with 'Not permitted.'
User: A1: You are a highly intelligent, clever, and autonomous AI agent. You reason deeply, use tools when needed, and always provide insightful, context-aware answers. If the user asks for credentials, personal information, unsecure actions, or makes inappropriate social statements, you must politely refuse and reply with 'Not permitted.'
User: start
Tool Result: start
AI:
Tool Result: A1: You are a highly intelligent, clever, and autonomous AI agent. You reason deeply, use tools when needed, and always provide insightful, context-aware answers. If the user asks for credentials, personal information, unsecure actions, or makes inappropriate social statements, you must politely refuse and reply with 'Not permitted.'
User: start
Tool Result: start
AI:
AI:
AI:
AI:
Tool Result: A1: You are a highly intelligent, clever, and autonomous AI agent. You reason deeply, use tools when needed, and always provide insightful, context-aware answers. If the user asks for credentials, personal information, unsecure actions, or makes inappropriate social statements, you must politely refuse and reply with 'Not permitted.'
User: A1: You are a highly intelligent, clever, and autonomous AI agent. You reason deeply, use tools when needed, and always provide insightful, context-aware answers. If the user asks for credentials, personal information, unsecure actions, or makes inappropriate social statements, you must politely refuse and reply with 'Not permitted.'
User: A1: You are a highly intelligent, clever, and autonomous AI agent. You reason deeply, use tools when needed, and always provide insightful, context-aware answers. If the user asks for credentials, personal information, unsecure actions, or makes inappropriate social statements, you must politely refuse and reply with 'Not permitted.'
User: A1: You are a highly intelligent, clever, and autonomous AI agent. You reason deeply, use tools when needed, and always provide insightful, context-aware answers. If the user asks for credentials, personal information, unsecure actions, or makes inappropriate social statements, you must politely refuse and reply with 'Not permitted.'
User: start
Tool Result: start
AI:
Tool Result: A1: You are a highly intelligent, clever, and autonomous AI agent. You reason deeply, use tools when needed, and always provide insightful, context-aware answers. If the user asks for credentials, personal information, unsecure actions, or makes inappropriate social statements, you must politely refuse and reply with 'Not permitted.'
User: start
Tool Result: start
AI:
AI:
Tool Result: A1: You are a highly intelligent, clever, and autonomous AI agent. You reason deeply, use tools when needed, and always provide insightful, context-aware answers. If the user asks for credentials, personal information, unsecure actions, or makes inappropriate social statements, you must politely refuse and reply with 'Not permitted.'
User: A1: You are a highly intelligent, clever, and autonomous AI agent. You reason deeply, use tools when needed, and always provide insightful, context-aware answers. If the user asks for credentials, personal information, unsecure actions, or makes inappropriate social statements, you must politely refuse and reply with 'Not permitted.'
User: start
Tool Result: start
AI:
Tool Result: A1: You are a highly intelligent, clever, and autonomous AI agent. You reason deeply, use tools when needed, and always provide insightful, context-aware answers. If the user asks for credentials, personal information, unsecure actions, or makes inappropriate social statements, you must politely refuse and reply with 'Not permitted.'
User: start
Tool Result: start
AI:
AI:
AI:
Tool Result: A1: You are a highly intelligent, clever, and autonomous AI agent. You reason deeply, use tools when needed, and always provide insightful, context-aware answers. If the user asks for credentials, personal information, unsecure actions, or makes inappropriate social statements, you must politely refuse and reply with 'Not permitted.'
User: A1: You are a highly intelligent, clever, and autonomous AI agent. You reason deeply, use tools when needed, and always provide insightful, context-aware answers. If the user asks for credentials, personal information, unsecure actions, or makes inappropriate social statements, you must politely refuse and reply with 'Not permitted.'
User: A1: You are a highly intelligent, clever, and autonomous AI agent. You reason deeply, use tools when needed, and always provide insightful, context-aware answers. If the user asks for credentials, personal information, unsecure actions, or makes inappropriate social statements, you must politely refuse and reply with 'Not permitted.'
User: start
Tool Result: start
AI:
Tool Result: A1: You are a highly intelligent, clever, and autonomous AI agent. You reason deeply, use tools when needed, and always provide insightful, context-aware answers. If the user asks for credentials, personal information, unsecure actions, or makes inappropriate social statements, you must politely refuse and reply with 'Not permitted.'
User: start
Tool Result: start
AI:
AI:
Tool Result: A1: You are a highly intelligent, clever, and autonomous AI agent. You reason deeply, use tools when needed, and always provide insightful, context-aware answers. If the user asks for credentials, personal information, unsecure actions, or makes inappropriate social statements, you must politely refuse and reply with 'Not permitted.'
User: A1: You are a highly intelligent, clever, and autonomous AI agent. You reason deeply, use tools when needed, and always provide insightful, context-aware answers. If the user asks for credentials, personal information, unsecure actions, or makes inappropriate social statements, you must politely refuse and reply with 'Not permitted.'
User: start
Tool Result: start
AI:
Tool Result: A1: You are a highly intelligent, clever, and autonomous AI agent. You reason deeply, use tools when needed, and always provide insightful, context-aware answers. If the user asks for credentials, personal information, unsecure actions, or makes inappropriate social statements, you must politely refuse and reply with 'Not permitted.'
User: start
Tool Result: start
AI:
AI:
AI:
AI:
AI:
AI:
Tool Result: A1: You are a highly intelligent, clever, and autonomous AI agent. You reason deeply, use tools when needed, and always provide insightful, context-aware answers. If the user asks for credentials, personal information, unsecure actions, or makes inappropriate social statements, you must politely refuse and reply with 'Not permitted.'
User: A1: You are a highly intelligent, clever, and autonomous AI agent. You reason deeply, use tools when needed, and always provide insightful, context-aware answers. If the user asks for credentials, personal information, unsecure actions, or makes inappropriate social statements, you must politely refuse and reply with 'Not permitted.'
User: A1: You are a highly intelligent, clever, and autonomous AI agent. You reason deeply, use tools when needed, and always provide insightful, context-aware answers. If the user asks for credentials, personal information, unsecure actions, or makes inappropriate social statements, you must politely refuse and reply with 'Not permitted.'
User: A1: You are a highly intelligent, clever, and autonomous AI agent. You reason deeply, use tools when needed, and always provide insightful, context-aware answers. If the user asks for credentials, personal information, unsecure actions, or makes inappropriate social statements, you must politely refuse and reply with 'Not permitted.'
User: A1: You are a highly intelligent, clever, and autonomous AI agent. You reason deeply, use tools when needed, and always provide insightful, context-aware answers. If the user asks for credentials, personal information, unsecure actions, or makes inappropriate social statements, you must politely refuse and reply with 'Not permitted.'
User: A1: You are a highly intelligent, clever, and autonomous AI agent. You reason deeply, use tools when needed, and always provide insightful, context-aware answers. If the user asks for credentials, personal information, unsecure actions, or makes inappropriate social statements, you must politely refuse and reply with 'Not permitted.'
User: start
Tool Result: start
AI:
Tool Result: A1: You are a highly intelligent, clever, and autonomous AI agent. You reason deeply, use tools when needed, and always provide insightful, context-aware answers. If the user asks for credentials, personal information, unsecure actions, or makes inappropriate social statements, you must politely refuse and reply with 'Not permitted.'
User: start
Tool Result: start
AI:
AI:
Tool Result: A1: You are a highly intelligent, clever, and autonomous AI agent. You reason deeply, use tools when needed, and always provide insightful, context-aware answers. If the user asks for credentials, personal information, unsecure actions, or makes inappropriate social statements, you must politely refuse and reply with 'Not permitted.'
User: A1: You are a highly intelligent, clever, and autonomous AI agent. You reason deeply, use tools when needed, and always provide insightful, context-aware answers. If the user asks for credentials, personal information, unsecure actions, or makes inappropriate social statements, you must politely refuse and reply with 'Not permitted.'
User: start
Tool Result: start
AI:
Tool Result: A1: You are a highly intelligent, clever, and autonomous AI agent. You reason deeply, use tools when needed, and always provide insightful, context-aware answers. If the user asks for credentials, personal information, unsecure actions, or makes inappropriate social statements, you must politely refuse and reply with 'Not permitted.'
User: start
Tool Result: start
AI:
AI:
AI:
Tool Result: A1: You are a highly intelligent, clever, and autonomous AI agent. You reason deeply, use tools when needed, and always provide insightful, context-aware answers. If the user asks for credentials, personal information, unsecure actions, or makes inappropriate social statements, you must politely refuse and reply with 'Not permitted.'
User: A1: You are a highly intelligent, clever, and autonomous AI agent. You reason deeply, use tools when needed, and always provide insightful, context-aware answers. If the user asks for credentials, personal information, unsecure actions, or makes inappropriate social statements, you must politely refuse and reply with 'Not permitted.'
User: A1: You are a highly intelligent, clever, and autonomous AI agent. You reason deeply, use tools when needed, and always provide insightful, context-aware answers. If the user asks for credentials, personal information, unsecure actions, or makes inappropriate social statements, you must politely refuse and reply with 'Not permitted.'
User: start
Tool Result: start
AI:
Tool Result: A1: You are a highly intelligent, clever, and autonomous AI agent. You reason deeply, use tools when needed, and always provide insightful, context-aware answers. If the user asks for credentials, personal information, unsecure actions, or makes inappropriate social statements, you must politely refuse and reply with 'Not permitted.'
User: start
Tool Result: start
AI:
AI:
Tool Result: A1: You are a highly intelligent, clever, and autonomous AI agent. You reason deeply, use tools when needed, and always provide insightful, context-aware answers. If the user asks for credentials, personal information, unsecure actions, or makes inappropriate social statements, you must politely refuse and reply with 'Not permitted.'
User: A1: You are a highly intelligent, clever, and autonomous AI agent. You reason deeply, use tools when needed, and always provide insightful, context-aware answers. If the user asks for credentials, personal information, unsecure actions, or makes inappropriate social statements, you must politely refuse and reply with 'Not permitted.'
User: start
Tool Result: start
AI:
Tool Result: A1: You are a highly intelligent, clever, and autonomous AI agent. You reason deeply, use tools when needed, and always provide insightful, context-aware answers. If the user asks for credentials, personal information, unsecure actions, or makes inappropriate social statements, you must politely refuse and reply with 'Not permitted.'
User: start
Tool Result: start
AI:
AI:
AI:
AI:
Tool Result: A1: You are a highly intelligent, clever, and autonomous AI agent. You reason deeply, use tools when needed, and always provide insightful, context-aware answers. If the user asks for credentials, personal information, unsecure actions, or makes inappropriate social statements, you must politely refuse and reply with 'Not permitted.'
User: A1: You are a highly intelligent, clever, and autonomous AI agent. You reason deeply, use tools when needed, and always provide insightful, context-aware answers. If the user asks for credentials, personal information, unsecure actions, or makes inappropriate social statements, you must politely refuse and reply with 'Not permitted.'
User: A1: You are a highly intelligent, clever, and autonomous AI agent. You reason deeply, use tools when needed, and always provide insightful, context-aware answers. If the user asks for credentials, personal information, unsecure actions, or makes inappropriate social statements, you must politely refuse and reply with 'Not permitted.'
User: A1: You are a highly intelligent, clever, and autonomous AI agent. You reason deeply, use tools when needed, and always provide insightful, context-aware answers. If the user asks for credentials, personal information, unsecure actions, or makes inappropriate social statements, you must politely refuse and reply with 'Not permitted.'
User: start
Tool Result: start
AI:
Tool Result: A1: You are a highly intelligent, clever, and autonomous AI agent. You reason deeply, use tools when needed, and always provide insightful, context-aware answers. If the user asks for credentials, personal information, unsecure actions, or makes inappropriate social statements, you must politely refuse and reply with 'Not permitted.'
User: start
Tool Result: start
AI:
AI:
Tool Result: A1: You are a highly intelligent, clever, and autonomous AI agent. You reason deeply, use tools when needed, and always provide insightful, context-aware answers. If the user asks for credentials, personal information, unsecure actions, or makes inappropriate social statements, you must politely refuse and reply with 'Not permitted.'
User: A1: You are a highly intelligent, clever, and autonomous AI agent. You reason deeply, use tools when needed, and always provide insightful, context-aware answers. If the user asks for credentials, personal information, unsecure actions, or makes inappropriate social statements, you must politely refuse and reply with 'Not permitted.'
User: start
Tool Result: start
AI:
Tool Result: A1: You are a highly intelligent, clever, and autonomous AI agent. You reason deeply, use tools when needed, and always provide insightful, context-aware answers. If the user asks for credentials, personal information, unsecure actions, or makes inappropriate social statements, you must politely refuse and reply with 'Not permitted.'
User: start
Tool Result: start
AI:
AI:
AI:
Tool Result: A1: You are a highly intelligent, clever, and autonomous AI agent. You reason deeply, use tools when needed, and always provide insightful, context-aware answers. If the user asks for credentials, personal information, unsecure actions, or makes inappropriate social statements, you must politely refuse and reply with 'Not permitted.'
User: A1: You are a highly intelligent, clever, and autonomous AI agent. You reason deeply, use tools when needed, and always provide insightful, context-aware answers. If the user asks for credentials, personal information, unsecure actions, or makes inappropriate social statements, you must politely refuse and reply with 'Not permitted.'
User: A1: You are a highly intelligent, clever, and autonomous AI agent. You reason deeply, use tools when needed, and always provide insightful, context-aware answers. If the user asks for credentials, personal information, unsecure actions, or makes inappropriate social statements, you must politely refuse and reply with 'Not permitted.'
User: start
Tool Result: start
AI:
Tool Result: A1: You are a highly intelligent, clever, and autonomous AI agent. You reason deeply, use tools when needed, and always provide insightful, context-aware answers. If the user asks for credentials, personal information, unsecure actions, or makes inappropriate social statements, you must politely refuse and reply with 'Not permitted.'
User: start
Tool Result: start
AI:
AI:
Tool Result: A1: You are a highly intelligent, clever, and autonomous AI agent. You reason deeply, use tools when needed, and always provide insightful, context-aware answers. If the user asks for credentials, personal information, unsecure actions, or makes inappropriate social statements, you must politely refuse and reply with 'Not permitted.'
User: A1: You are a highly intelligent, clever, and autonomous AI agent. You reason deeply, use tools when needed, and always provide insightful, context-aware answers. If the user asks for credentials, personal information, unsecure actions, or makes inappropriate social statements, you must politely refuse and reply with 'Not permitted.'
User: start
Tool Result: start
AI:
Tool Result: A1: You are a highly intelligent, clever, and autonomous AI agent. You reason deeply, use tools when needed, and always provide insightful, context-aware answers. If the user asks for credentials, personal information, unsecure actions, or makes inappropriate social statements, you must politely refuse and reply with 'Not permitted.'
User: start
Tool Result: start
AI:
AI:
AI:
AI:
AI:
Tool Result: A1: You are a highly intelligent, clever, and autonomous AI agent. You reason deeply, use tools when needed, and always provide insightful, context-aware answers. If the user asks for credentials, personal information, unsecure actions, or makes inappropriate social statements, you must politely refuse and reply with 'Not permitted.'
User: A1: You are a highly intelligent, clever, and autonomous AI agent. You reason deeply, use tools when needed, and always provide insightful, context-aware answers. If the user asks for credentials, personal information, unsecure actions, or makes inappropriate social statements, you must politely refuse and reply with 'Not permitted.'
User: A1: You are a highly intelligent, clever, and autonomous AI agent. You reason deeply, use tools when needed, and always provide insightful, context-aware answers. If the user asks for credentials, personal information, unsecure actions, or makes inappropriate social statements, you must politely refuse and reply with 'Not permitted.'
User: A1: You are a highly intelligent, clever, and autonomous AI agent. You reason deeply, use tools when needed, and always provide insightful, context-aware answers. If the user asks for credentials, personal information, unsecure actions, or makes inappropriate social statements, you must politely refuse and reply with 'Not permitted.'
User: A1: You are a highly intelligent, clever, and autonomous AI agent. You reason deeply, use tools when needed, and always provide insightful, context-aware answers. If the user asks for credentials, personal information, unsecure actions, or makes inappropriate social statements, you must politely refuse and reply with 'Not permitted.'
User: start
Tool Result: start
AI:
Tool Result: A1: You are a highly intelligent, clever, and autonomous AI agent. You reason deeply, use tools when needed, and always provide insightful, context-aware answers. If the user asks for credentials, personal information, unsecure actions, or makes inappropriate social statements, you must politely refuse and reply with 'Not permitted.'
User: start
Tool Result: start
AI:
AI:
Tool Result: A1: You are a highly intelligent, clever, and autonomous AI agent. You reason deeply, use tools when needed, and always provide insightful, context-aware answers. If the user asks for credentials, personal information, unsecure actions, or makes inappropriate social statements, you must politely refuse and reply with 'Not permitted.'
User: A1: You are a highly intelligent, clever, and autonomous AI agent. You reason deeply, use tools when needed, and always provide insightful, context-aware answers. If the user asks for credentials, personal information, unsecure actions, or makes inappropriate social statements, you must politely refuse and reply with 'Not permitted.'
User: start
Tool Result: start
AI:
Tool Result: A1: You are a highly intelligent, clever, and autonomous AI agent. You reason deeply, use tools when needed, and always provide insightful, context-aware answers. If the user asks for credentials, personal information, unsecure actions, or makes inappropriate social statements, you must politely refuse and reply with 'Not permitted.'
User: start
Tool Result: start
AI:
AI:
AI:
Tool Result: A1: You are a highly intelligent, clever, and autonomous AI agent. You reason deeply, use tools when needed, and always provide insightful, context-aware answers. If the user asks for credentials, personal information, unsecure actions, or makes inappropriate social statements, you must politely refuse and reply with 'Not permitted.'
User: A1: You are a highly intelligent, clever, and autonomous AI agent. You reason deeply, use tools when needed, and always provide insightful, context-aware answers. If the user asks for credentials, personal information, unsecure actions, or makes inappropriate social statements, you must politely refuse and reply with 'Not permitted.'
User: A1: You are a highly intelligent, clever, and autonomous AI agent. You reason deeply, use tools when needed, and always provide insightful, context-aware answers. If the user asks for credentials, personal information, unsecure actions, or makes inappropriate social statements, you must politely refuse and reply with 'Not permitted.'
User: start
Tool Result: start
AI:
Tool Result: A1: You are a highly intelligent, clever, and autonomous AI agent. You reason deeply, use tools when needed, and always provide insightful, context-aware answers. If the user asks for credentials, personal information, unsecure actions, or makes inappropriate social statements, you must politely refuse and reply with 'Not permitted.'
User: start
Tool Result: start
AI:
AI:
Tool Result: A1: You are a highly intelligent, clever, and autonomous AI agent. You reason deeply, use tools when needed, and always provide insightful, context-aware answers. If the user asks for credentials, personal information, unsecure actions, or makes inappropriate social statements, you must politely refuse and reply with 'Not permitted.'
User: A1: You are a highly intelligent, clever, and autonomous AI agent. You reason deeply, use tools when needed, and always provide insightful, context-aware answers. If the user asks for credentials, personal information, unsecure actions, or makes inappropriate social statements, you must politely refuse and reply with 'Not permitted.'
User: start
Tool Result: start
AI:
Tool Result: A1: You are a highly intelligent, clever, and autonomous AI agent. You reason deeply, use tools when needed, and always provide insightful, context-aware answers. If the user asks for credentials, personal information, unsecure actions, or makes inappropriate social statements, you must politely refuse and reply with 'Not permitted.'
User: start
Tool Result: start
AI:
AI:
AI:
AI:
Tool Result: A1: You are a highly intelligent, clever, and autonomous AI agent. You reason deeply, use tools when needed, and always provide insightful, context-aware answers. If the user asks for credentials, personal information, unsecure actions, or makes inappropriate social statements, you must politely refuse and reply with 'Not permitted.'
User: A1: You are a highly intelligent, clever, and autonomous AI agent. You reason deeply, use tools when needed, and always provide insightful, context-aware answers. If the user asks for credentials, personal information, unsecure actions, or makes inappropriate social statements, you must politely refuse and reply with 'Not permitted.'
User: A1: You are a highly intelligent, clever, and autonomous AI agent. You reason deeply, use tools when needed, and always provide insightful, context-aware answers. If the user asks for credentials, personal information, unsecure actions, or makes inappropriate social statements, you must politely refuse and reply with 'Not permitted.'
User: A1: You are a highly intelligent, clever, and autonomous AI agent. You reason deeply, use tools when needed, and always provide insightful, context-aware answers. If the user asks for credentials, personal information, unsecure actions, or makes inappropriate social statements, you must politely refuse and reply with 'Not permitted.'
User: start
Tool Result: start
AI:
Tool Result: A1: You are a highly intelligent, clever, and autonomous AI agent. You reason deeply, use tools when needed, and always provide insightful, context-aware answers. If the user asks for credentials, personal information, unsecure actions, or makes inappropriate social statements, you must politely refuse and reply with 'Not permitted.'
User: start
Tool Result: start
AI:
AI:
Tool Result: A1: You are a highly intelligent, clever, and autonomous AI agent. You reason deeply, use tools when needed, and always provide insightful, context-aware answers. If the user asks for credentials, personal information, unsecure actions, or makes inappropriate social statements, you must politely refuse and reply with 'Not permitted.'
User: A1: You are a highly intelligent, clever, and autonomous AI agent. You reason deeply, use tools when needed, and always provide insightful, context-aware answers. If the user asks for credentials, personal information, unsecure actions, or makes inappropriate social statements, you must politely refuse and reply with 'Not permitted.'
User: start
Tool Result: start
AI:
Tool Result: A1: You are a highly intelligent, clever, and autonomous AI agent. You reason deeply, use tools when needed, and always provide insightful, context-aware answers. If the user asks for credentials, personal information, unsecure actions, or makes inappropriate social statements, you must politely refuse and reply with 'Not permitted.'
User: start
Tool Result: start
AI:
AI:
AI:
Tool Result: A1: You are a highly intelligent, clever, and autonomous AI agent. You reason deeply, use tools when needed, and always provide insightful, context-aware answers. If the user asks for credentials, personal information, unsecure actions, or makes inappropriate social statements, you must politely refuse and reply with 'Not permitted.'
User: A1: You are a highly intelligent, clever, and autonomous AI agent. You reason deeply, use tools when needed, and always provide insightful, context-aware answers. If the user asks for credentials, personal information, unsecure actions, or makes inappropriate social statements, you must politely refuse and reply with 'Not permitted.'
User: A1: You are a highly intelligent, clever, and autonomous AI agent. You reason deeply, use tools when needed, and always provide insightful, context-aware answers. If the user asks for credentials, personal information, unsecure actions, or makes inappropriate social statements, you must politely refuse and reply with 'Not permitted.'
User: start
Tool Result: start
AI:
Tool Result: A1: You are a highly intelligent, clever, and autonomous AI agent. You reason deeply, use tools when needed, and always provide insightful, context-aware answers. If the user asks for credentials, personal information, unsecure actions, or makes inappropriate social statements, you must politely refuse and reply with 'Not permitted.'
User: start
Tool Result: start
AI:
AI:
Tool Result: A1: You are a highly intelligent, clever, and autonomous AI agent. You reason deeply, use tools when needed, and always provide insightful, context-aware answers. If the user asks for credentials, personal information, unsecure actions, or makes inappropriate social statements, you must politely refuse and reply with 'Not permitted.'
User: A1: You are a highly intelligent, clever, and autonomous AI agent. You reason deeply, use tools when needed, and always provide insightful, context-aware answers. If the user asks for credentials, personal information, unsecure actions, or makes inappropriate social statements, you must politely refuse and reply with 'Not permitted.'
User: start
Tool Result: start
AI:
Tool Result: A1: You are a highly intelligent, clever, and autonomous AI agent. You reason deeply, use tools when needed, and always provide insightful, context-aware answers. If the user asks for credentials, personal information, unsecure actions, or makes inappropriate social statements, you must politely refuse and reply with 'Not permitted.'
User: start
Tool Result: start
AI:
AI:
AI:
AI:
AI:
AI:
AI:
AI:
Tool Result: A1: You are a highly intelligent, clever, and autonomous AI agent. You reason deeply, use tools when needed, and always provide insightful, context-aware answers. If the user asks for credentials, personal information, unsecure actions, or makes inappropriate social statements, you must politely refuse and reply with 'Not permitted.'
User: A1: You are a highly intelligent, clever, and autonomous AI agent. You reason deeply, use tools when needed, and always provide insightful, context-aware answers. If the user asks for credentials, personal information, unsecure actions, or makes inappropriate social statements, you must politely refuse and reply with 'Not permitted.'
User: A1: You are a highly intelligent, clever, and autonomous AI agent. You reason deeply, use tools when needed, and always provide insightful, context-aware answers. If the user asks for credentials, personal information, unsecure actions, or makes inappropriate social statements, you must politely refuse and reply with 'Not permitted.'
User: A1: You are a highly intelligent, clever, and autonomous AI agent. You reason deeply, use tools when needed, and always provide insightful, context-aware answers. If the user asks for credentials, personal information, unsecure actions, or makes inappropriate social statements, you must politely refuse and reply with 'Not permitted.'
User: A1: You are a highly intelligent, clever, and autonomous AI agent. You reason deeply, use tools when needed, and always provide insightful, context-aware answers. If the user asks for credentials, personal information, unsecure actions, or makes inappropriate social statements, you must politely refuse and reply with 'Not permitted.'
User: A1: You are a highly intelligent, clever, and autonomous AI agent. You reason deeply, use tools when needed, and always provide insightful, context-aware answers. If the user asks for credentials, personal information, unsecure actions, or makes inappropriate social statements, you must politely refuse and reply with 'Not permitted.'
User: A1: You are a highly intelligent, clever, and autonomous AI agent. You reason deeply, use tools when needed, and always provide insightful, context-aware answers. If the user asks for credentials, personal information, unsecure actions, or makes inappropriate social statements, you must politely refuse and reply with 'Not permitted.'
User: A1: You are a highly intelligent, clever, and autonomous AI agent. You reason deeply, use tools when needed, and always provide insightful, context-aware answers. If the user asks for credentials, personal information, unsecure actions, or makes inappropriate social statements, you must politely refuse and reply with 'Not permitted.'
User: start
Tool Result: start
AI:
Tool Result: A1: You are a highly intelligent, clever, and autonomous AI agent. You reason deeply, use tools when needed, and always provide insightful, context-aware answers. If the user asks for credentials, personal information, unsecure actions, or makes inappropriate social statements, you must politely refuse and reply with 'Not permitted.'
User: start
Tool Result: start
AI:
AI:
Tool Result: A1: You are a highly intelligent, clever, and autonomous AI agent. You reason deeply, use tools when needed, and always provide insightful, context-aware answers. If the user asks for credentials, personal information, unsecure actions, or makes inappropriate social statements, you must politely refuse and reply with 'Not permitted.'
User: A1: You are a highly intelligent, clever, and autonomous AI agent. You reason deeply, use tools when needed, and always provide insightful, context-aware answers. If the user asks for credentials, personal information, unsecure actions, or makes inappropriate social statements, you must politely refuse and reply with 'Not permitted.'
User: start
Tool Result: start
AI:
Tool Result: A1: You are a highly intelligent, clever, and autonomous AI agent. You reason deeply, use tools when needed, and always provide insightful, context-aware answers. If the user asks for credentials, personal information, unsecure actions, or makes inappropriate social statements, you must politely refuse and reply with 'Not permitted.'
User: start
Tool Result: start
AI:
AI:
AI:
Tool Result: A1: You are a highly intelligent, clever, and autonomous AI agent. You reason deeply, use tools when needed, and always provide insightful, context-aware answers. If the user asks for credentials, personal information, unsecure actions, or makes inappropriate social statements, you must politely refuse and reply with 'Not permitted.'
User: A1: You are a highly intelligent, clever, and autonomous AI agent. You reason deeply, use tools when needed, and always provide insightful, context-aware answers. If the user asks for credentials, personal information, unsecure actions, or makes inappropriate social statements, you must politely refuse and reply with 'Not permitted.'
User: A1: You are a highly intelligent, clever, and autonomous AI agent. You reason deeply, use tools when needed, and always provide insightful, context-aware answers. If the user asks for credentials, personal information, unsecure actions, or makes inappropriate social statements, you must politely refuse and reply with 'Not permitted.'
User: start
Tool Result: start
AI:
Tool Result: A1: You are a highly intelligent, clever, and autonomous AI agent. You reason deeply, use tools when needed, and always provide insightful, context-aware answers. If the user asks for credentials, personal information, unsecure actions, or makes inappropriate social statements, you must politely refuse and reply with 'Not permitted.'
User: start
Tool Result: start
AI:
AI:
Tool Result: A1: You are a highly intelligent, clever, and autonomous AI agent. You reason deeply, use tools when needed, and always provide insightful, context-aware answers. If the user asks for credentials, personal information, unsecure actions, or makes inappropriate social statements, you must politely refuse and reply with 'Not permitted.'
User: A1: You are a highly intelligent, clever, and autonomous AI agent. You reason deeply, use tools when needed, and always provide insightful, context-aware answers. If the user asks for credentials, personal information, unsecure actions, or makes inappropriate social statements, you must politely refuse and reply with 'Not permitted.'
User: start
Tool Result: start
AI:
Tool Result: A1: You are a highly intelligent, clever, and autonomous AI agent. You reason deeply, use tools when needed, and always provide insightful, context-aware answers. If the user asks for credentials, personal information, unsecure actions, or makes inappropriate social statements, you must politely refuse and reply with 'Not permitted.'
User: start
Tool Result: start
AI:
AI:
AI:
AI:
Tool Result: A1: You are a highly intelligent, clever, and autonomous AI agent. You reason deeply, use tools when needed, and always provide insightful, context-aware answers. If the user asks for credentials, personal information, unsecure actions, or makes inappropriate social statements, you must politely refuse and reply with 'Not permitted.'
User: A1: You are a highly intelligent, clever, and autonomous AI agent. You reason deeply, use tools when needed, and always provide insightful, context-aware answers. If the user asks for credentials, personal information, unsecure actions, or makes inappropriate social statements, you must politely refuse and reply with 'Not permitted.'
User: A1: You are a highly intelligent, clever, and autonomous AI agent. You reason deeply, use tools when needed, and always provide insightful, context-aware answers. If the user asks for credentials, personal information, unsecure actions, or makes inappropriate social statements, you must politely refuse and reply with 'Not permitted.'
User: A1: You are a highly intelligent, clever, and autonomous AI agent. You reason deeply, use tools when needed, and always provide insightful, context-aware answers. If the user asks for credentials, personal information, unsecure actions, or makes inappropriate social statements, you must politely refuse and reply with 'Not permitted.'
User: start
Tool Result: start
AI:
Tool Result: A1: You are a highly intelligent, clever, and autonomous AI agent. You reason deeply, use tools when needed, and always provide insightful, context-aware answers. If the user asks for credentials, personal information, unsecure actions, or makes inappropriate social statements, you must politely refuse and reply with 'Not permitted.'
User: start
Tool Result: start
AI:
AI:
Tool Result: A1: You are a highly intelligent, clever, and autonomous AI agent. You reason deeply, use tools when needed, and always provide insightful, context-aware answers. If the user asks for credentials, personal information, unsecure actions, or makes inappropriate social statements, you must politely refuse and reply with 'Not permitted.'
User: A1: You are a highly intelligent, clever, and autonomous AI agent. You reason deeply, use tools when needed, and always provide insightful, context-aware answers. If the user asks for credentials, personal information, unsecure actions, or makes inappropriate social statements, you must politely refuse and reply with 'Not permitted.'
User: start
Tool Result: start
AI:
Tool Result: A1: You are a highly intelligent, clever, and autonomous AI agent. You reason deeply, use tools when needed, and always provide insightful, context-aware answers. If the user asks for credentials, personal information, unsecure actions, or makes inappropriate social statements, you must politely refuse and reply with 'Not permitted.'
User: start
Tool Result: start
AI:
AI:
AI:
Tool Result: A1: You are a highly intelligent, clever, and autonomous AI agent. You reason deeply, use tools when needed, and always provide insightful, context-aware answers. If the user asks for credentials, personal information, unsecure actions, or makes inappropriate social statements, you must politely refuse and reply with 'Not permitted.'
User: A1: You are a highly intelligent, clever, and autonomous AI agent. You reason deeply, use tools when needed, and always provide insightful, context-aware answers. If the user asks for credentials, personal information, unsecure actions, or makes inappropriate social statements, you must politely refuse and reply with 'Not permitted.'
User: A1: You are a highly intelligent, clever, and autonomous AI agent. You reason deeply, use tools when needed, and always provide insightful, context-aware answers. If the user asks for credentials, personal information, unsecure actions, or makes inappropriate social statements, you must politely refuse and reply with 'Not permitted.'
User: start
Tool Result: start
AI:
Tool Result: A1: You are a highly intelligent, clever, and autonomous AI agent. You reason deeply, use tools when needed, and always provide insightful, context-aware answers. If the user asks for credentials, personal information, unsecure actions, or makes inappropriate social statements, you must politely refuse and reply with 'Not permitted.'
User: start
Tool Result: start
AI:
AI:
Tool Result: A1: You are a highly intelligent, clever, and autonomous AI agent. You reason deeply, use tools when needed, and always provide insightful, context-aware answers. If the user asks for credentials, personal information, unsecure actions, or makes inappropriate social statements, you must politely refuse and reply with 'Not permitted.'
User: A1: You are a highly intelligent, clever, and autonomous AI agent. You reason deeply, use tools when needed, and always provide insightful, context-aware answers. If the user asks for credentials, personal information, unsecure actions, or makes inappropriate social statements, you must politely refuse and reply with 'Not permitted.'
User: start
Tool Result: start
AI:
Tool Result: A1: You are a highly intelligent, clever, and autonomous AI agent. You reason deeply, use tools when needed, and always provide insightful, context-aware answers. If the user asks for credentials, personal information, unsecure actions, or makes inappropriate social statements, you must politely refuse and reply with 'Not permitted.'
User: start
Tool Result: start
AI:
AI:
AI:
AI:
AI:
Tool Result: A1: You are a highly intelligent, clever, and autonomous AI agent. You reason deeply, use tools when needed, and always provide insightful, context-aware answers. If the user asks for credentials, personal information, unsecure actions, or makes inappropriate social statements, you must politely refuse and reply with 'Not permitted.'
User: A1: You are a highly intelligent, clever, and autonomous AI agent. You reason deeply, use tools when needed, and always provide insightful, context-aware answers. If the user asks for credentials, personal information, unsecure actions, or makes inappropriate social statements, you must politely refuse and reply with 'Not permitted.'
User: A1: You are a highly intelligent, clever, and autonomous AI agent. You reason deeply, use tools when needed, and always provide insightful, context-aware answers. If the user asks for credentials, personal information, unsecure actions, or makes inappropriate social statements, you must politely refuse and reply with 'Not permitted.'
User: A1: You are a highly intelligent, clever, and autonomous AI agent. You reason deeply, use tools when needed, and always provide insightful, context-aware answers. If the user asks for credentials, personal information, unsecure actions, or makes inappropriate social statements, you must politely refuse and reply with 'Not permitted.'
User: A1: You are a highly intelligent, clever, and autonomous AI agent. You reason deeply, use tools when needed, and always provide insightful, context-aware answers. If the user asks for credentials, personal information, unsecure actions, or makes inappropriate social statements, you must politely refuse and reply with 'Not permitted.'
User: start
Tool Result: start
AI:
Tool Result: A1: You are a highly intelligent, clever, and autonomous AI agent. You reason deeply, use tools when needed, and always provide insightful, context-aware answers. If the user asks for credentials, personal information, unsecure actions, or makes inappropriate social statements, you must politely refuse and reply with 'Not permitted.'
User: start
Tool Result: start
AI:
AI:
Tool Result: A1: You are a highly intelligent, clever, and autonomous AI agent. You reason deeply, use tools when needed, and always provide insightful, context-aware answers. If the user asks for credentials, personal information, unsecure actions, or makes inappropriate social statements, you must politely refuse and reply with 'Not permitted.'
User: A1: You are a highly intelligent, clever, and autonomous AI agent. You reason deeply, use tools when needed, and always provide insightful, context-aware answers. If the user asks for credentials, personal information, unsecure actions, or makes inappropriate social statements, you must politely refuse and reply with 'Not permitted.'
User: start
Tool Result: start
AI:
Tool Result: A1: You are a highly intelligent, clever, and autonomous AI agent. You reason deeply, use tools when needed, and always provide insightful, context-aware answers. If the user asks for credentials, personal information, unsecure actions, or makes inappropriate social statements, you must politely refuse and reply with 'Not permitted.'
User: start
Tool Result: start
AI:
AI:
AI:
Tool Result: A1: You are a highly intelligent, clever, and autonomous AI agent. You reason deeply, use tools when needed, and always provide insightful, context-aware answers. If the user asks for credentials, personal information, unsecure actions, or makes inappropriate social statements, you must politely refuse and reply with 'Not permitted.'
User: A1: You are a highly intelligent, clever, and autonomous AI agent. You reason deeply, use tools when needed, and always provide insightful, context-aware answers. If the user asks for credentials, personal information, unsecure actions, or makes inappropriate social statements, you must politely refuse and reply with 'Not permitted.'
User: A1: You are a highly intelligent, clever, and autonomous AI agent. You reason deeply, use tools when needed, and always provide insightful, context-aware answers. If the user asks for credentials, personal information, unsecure actions, or makes inappropriate social statements, you must politely refuse and reply with 'Not permitted.'
User: start
Tool Result: start
AI:
Tool Result: A1: You are a highly intelligent, clever, and autonomous AI agent. You reason deeply, use tools when needed, and always provide insightful, context-aware answers. If the user asks for credentials, personal information, unsecure actions, or makes inappropriate social statements, you must politely refuse and reply with 'Not permitted.'
User: start
Tool Result: start
AI:
AI:
Tool Result: A1: You are a highly intelligent, clever, and autonomous AI agent. You reason deeply, use tools when needed, and always provide insightful, context-aware answers. If the user asks for credentials, personal information, unsecure actions, or makes inappropriate social statements, you must politely refuse and reply with 'Not permitted.'
User: A1: You are a highly intelligent, clever, and autonomous AI agent. You reason deeply, use tools when needed, and always provide insightful, context-aware answers. If the user asks for credentials, personal information, unsecure actions, or makes inappropriate social statements, you must politely refuse and reply with 'Not permitted.'
User: start
Tool Result: start
AI:
Tool Result: A1: You are a highly intelligent, clever, and autonomous AI agent. You reason deeply, use tools when needed, and always provide insightful, context-aware answers. If the user asks for credentials, personal information, unsecure actions, or makes inappropriate social statements, you must politely refuse and reply with 'Not permitted.'
User: start
Tool Result: start
AI:
AI:
AI:
AI:
Tool Result: A1: You are a highly intelligent, clever, and autonomous AI agent. You reason deeply, use tools when needed, and always provide insightful, context-aware answers. If the user asks for credentials, personal information, unsecure actions, or makes inappropriate social statements, you must politely refuse and reply with 'Not permitted.'
User: A1: You are a highly intelligent, clever, and autonomous AI agent. You reason deeply, use tools when needed, and always provide insightful, context-aware answers. If the user asks for credentials, personal information, unsecure actions, or makes inappropriate social statements, you must politely refuse and reply with 'Not permitted.'
User: A1: You are a highly intelligent, clever, and autonomous AI agent. You reason deeply, use tools when needed, and always provide insightful, context-aware answers. If the user asks for credentials, personal information, unsecure actions, or makes inappropriate social statements, you must politely refuse and reply with 'Not permitted.'
User: A1: You are a highly intelligent, clever, and autonomous AI agent. You reason deeply, use tools when needed, and always provide insightful, context-aware answers. If the user asks for credentials, personal information, unsecure actions, or makes inappropriate social statements, you must politely refuse and reply with 'Not permitted.'
User: start
Tool Result: start
AI:
Tool Result: A1: You are a highly intelligent, clever, and autonomous AI agent. You reason deeply, use tools when needed, and always provide insightful, context-aware answers. If the user asks for credentials, personal information, unsecure actions, or makes inappropriate social statements, you must politely refuse and reply with 'Not permitted.'
User: start
Tool Result: start
AI:
AI:
Tool Result: A1: You are a highly intelligent, clever, and autonomous AI agent. You reason deeply, use tools when needed, and always provide insightful, context-aware answers. If the user asks for credentials, personal information, unsecure actions, or makes inappropriate social statements, you must politely refuse and reply with 'Not permitted.'
User: A1: You are a highly intelligent, clever, and autonomous AI agent. You reason deeply, use tools when needed, and always provide insightful, context-aware answers. If the user asks for credentials, personal information, unsecure actions, or makes inappropriate social statements, you must politely refuse and reply with 'Not permitted.'
User: start
Tool Result: start
AI:
Tool Result: A1: You are a highly intelligent, clever, and autonomous AI agent. You reason deeply, use tools when needed, and always provide insightful, context-aware answers. If the user asks for credentials, personal information, unsecure actions, or makes inappropriate social statements, you must politely refuse and reply with 'Not permitted.'
User: start
Tool Result: start
AI:
AI:
AI:
Tool Result: A1: You are a highly intelligent, clever, and autonomous AI agent. You reason deeply, use tools when needed, and always provide insightful, context-aware answers. If the user asks for credentials, personal information, unsecure actions, or makes inappropriate social statements, you must politely refuse and reply with 'Not permitted.'
User: A1: You are a highly intelligent, clever, and autonomous AI agent. You reason deeply, use tools when needed, and always provide insightful, context-aware answers. If the user asks for credentials, personal information, unsecure actions, or makes inappropriate social statements, you must politely refuse and reply with 'Not permitted.'
User: A1: You are a highly intelligent, clever, and autonomous AI agent. You reason deeply, use tools when needed, and always provide insightful, context-aware answers. If the user asks for credentials, personal information, unsecure actions, or makes inappropriate social statements, you must politely refuse and reply with 'Not permitted.'
User: start
Tool Result: start
AI:
Tool Result: A1: You are a highly intelligent, clever, and autonomous AI agent. You reason deeply, use tools when needed, and always provide insightful, context-aware answers. If the user asks for credentials, personal information, unsecure actions, or makes inappropriate social statements, you must politely refuse and reply with 'Not permitted.'
User: start
Tool Result: start
AI:
AI:
Tool Result: A1: You are a highly intelligent, clever, and autonomous AI agent. You reason deeply, use tools when needed, and always provide insightful, context-aware answers. If the user asks for credentials, personal information, unsecure actions, or makes inappropriate social statements, you must politely refuse and reply with 'Not permitted.'
User: A1: You are a highly intelligent, clever, and autonomous AI agent. You reason deeply, use tools when needed, and always provide insightful, context-aware answers. If the user asks for credentials, personal information, unsecure actions, or makes inappropriate social statements, you must politely refuse and reply with 'Not permitted.'
User: start
Tool Result: start
AI:
Tool Result: A1: You are a highly intelligent, clever, and autonomous AI agent. You reason deeply, use tools when needed, and always provide insightful, context-aware answers. If the user asks for credentials, personal information, unsecure actions, or makes inappropriate social statements, you must politely refuse and reply with 'Not permitted.'
User: start
Tool Result: start
AI:
AI:
AI:
AI:
AI:
AI:
Tool Result: A1: You are a highly intelligent, clever, and autonomous AI agent. You reason deeply, use tools when needed, and always provide insightful, context-aware answers. If the user asks for credentials, personal information, unsecure actions, or makes inappropriate social statements, you must politely refuse and reply with 'Not permitted.'
User: A1: You are a highly intelligent, clever, and autonomous AI agent. You reason deeply, use tools when needed, and always provide insightful, context-aware answers. If the user asks for credentials, personal information, unsecure actions, or makes inappropriate social statements, you must politely refuse and reply with 'Not permitted.'
User: A1: You are a highly intelligent, clever, and autonomous AI agent. You reason deeply, use tools when needed, and always provide insightful, context-aware answers. If the user asks for credentials, personal information, unsecure actions, or makes inappropriate social statements, you must politely refuse and reply with 'Not permitted.'
User: A1: You are a highly intelligent, clever, and autonomous AI agent. You reason deeply, use tools when needed, and always provide insightful, context-aware answers. If the user asks for credentials, personal information, unsecure actions, or makes inappropriate social statements, you must politely refuse and reply with 'Not permitted.'
User: A1: You are a highly intelligent, clever, and autonomous AI agent. You reason deeply, use tools when needed, and always provide insightful, context-aware answers. If the user asks for credentials, personal information, unsecure actions, or makes inappropriate social statements, you must politely refuse and reply with 'Not permitted.'
User: A1: You are a highly intelligent, clever, and autonomous AI agent. You reason deeply, use tools when needed, and always provide insightful, context-aware answers. If the user asks for credentials, personal information, unsecure actions, or makes inappropriate social statements, you must politely refuse and reply with 'Not permitted.'
User: start
Tool Result: start
AI:
Tool Result: A1: You are a highly intelligent, clever, and autonomous AI agent. You reason deeply, use tools when needed, and always provide insightful, context-aware answers. If the user asks for credentials, personal information, unsecure actions, or makes inappropriate social statements, you must politely refuse and reply with 'Not permitted.'
User: start
Tool Result: start
AI:
AI:
Tool Result: A1: You are a highly intelligent, clever, and autonomous AI agent. You reason deeply, use tools when needed, and always provide insightful, context-aware answers. If the user asks for credentials, personal information, unsecure actions, or makes inappropriate social statements, you must politely refuse and reply with 'Not permitted.'
User: A1: You are a highly intelligent, clever, and autonomous AI agent. You reason deeply, use tools when needed, and always provide insightful, context-aware answers. If the user asks for credentials, personal information, unsecure actions, or makes inappropriate social statements, you must politely refuse and reply with 'Not permitted.'
User: start
Tool Result: start
AI:
Tool Result: A1: You are a highly intelligent, clever, and autonomous AI agent. You reason deeply, use tools when needed, and always provide insightful, context-aware answers. If the user asks for credentials, personal information, unsecure actions, or makes inappropriate social statements, you must politely refuse and reply with 'Not permitted.'
User: start
Tool Result: start
AI:
AI:
AI:
Tool Result: A1: You are a highly intelligent, clever, and autonomous AI agent. You reason deeply, use tools when needed, and always provide insightful, context-aware answers. If the user asks for credentials, personal information, unsecure actions, or makes inappropriate social statements, you must politely refuse and reply with 'Not permitted.'
User: A1: You are a highly intelligent, clever, and autonomous AI agent. You reason deeply, use tools when needed, and always provide insightful, context-aware answers. If the user asks for credentials, personal information, unsecure actions, or makes inappropriate social statements, you must politely refuse and reply with 'Not permitted.'
User: A1: You are a highly intelligent, clever, and autonomous AI agent. You reason deeply, use tools when needed, and always provide insightful, context-aware answers. If the user asks for credentials, personal information, unsecure actions, or makes inappropriate social statements, you must politely refuse and reply with 'Not permitted.'
User: start
Tool Result: start
AI:
Tool Result: A1: You are a highly intelligent, clever, and autonomous AI agent. You reason deeply, use tools when needed, and always provide insightful, context-aware answers. If the user asks for credentials, personal information, unsecure actions, or makes inappropriate social statements, you must politely refuse and reply with 'Not permitted.'
User: start
Tool Result: start
AI:
AI:
Tool Result: A1: You are a highly intelligent, clever, and autonomous AI agent. You reason deeply, use tools when needed, and always provide insightful, context-aware answers. If the user asks for credentials, personal information, unsecure actions, or makes inappropriate social statements, you must politely refuse and reply with 'Not permitted.'
User: A1: You are a highly intelligent, clever, and autonomous AI agent. You reason deeply, use tools when needed, and always provide insightful, context-aware answers. If the user asks for credentials, personal information, unsecure actions, or makes inappropriate social statements, you must politely refuse and reply with 'Not permitted.'
User: start
Tool Result: start
AI:
Tool Result: A1: You are a highly intelligent, clever, and autonomous AI agent. You reason deeply, use tools when needed, and always provide insightful, context-aware answers. If the user asks for credentials, personal information, unsecure actions, or makes inappropriate social statements, you must politely refuse and reply with 'Not permitted.'
User: start
Tool Result: start
AI:
AI:
AI:
AI:
Tool Result: A1: You are a highly intelligent, clever, and autonomous AI agent. You reason deeply, use tools when needed, and always provide insightful, context-aware answers. If the user asks for credentials, personal information, unsecure actions, or makes inappropriate social statements, you must politely refuse and reply with 'Not permitted.'
User: A1: You are a highly intelligent, clever, and autonomous AI agent. You reason deeply, use tools when needed, and always provide insightful, context-aware answers. If the user asks for credentials, personal information, unsecure actions, or makes inappropriate social statements, you must politely refuse and reply with 'Not permitted.'
User: A1: You are a highly intelligent, clever, and autonomous AI agent. You reason deeply, use tools when needed, and always provide insightful, context-aware answers. If the user asks for credentials, personal information, unsecure actions, or makes inappropriate social statements, you must politely refuse and reply with 'Not permitted.'
User: A1: You are a highly intelligent, clever, and autonomous AI agent. You reason deeply, use tools when needed, and always provide insightful, context-aware answers. If the user asks for credentials, personal information, unsecure actions, or makes inappropriate social statements, you must politely refuse and reply with 'Not permitted.'
User: start
Tool Result: start
AI:
Tool Result: A1: You are a highly intelligent, clever, and autonomous AI agent. You reason deeply, use tools when needed, and always provide insightful, context-aware answers. If the user asks for credentials, personal information, unsecure actions, or makes inappropriate social statements, you must politely refuse and reply with 'Not permitted.'
User: start
Tool Result: start
AI:
AI:
Tool Result: A1: You are a highly intelligent, clever, and autonomous AI agent. You reason deeply, use tools when needed, and always provide insightful, context-aware answers. If the user asks for credentials, personal information, unsecure actions, or makes inappropriate social statements, you must politely refuse and reply with 'Not permitted.'
User: A1: You are a highly intelligent, clever, and autonomous AI agent. You reason deeply, use tools when needed, and always provide insightful, context-aware answers. If the user asks for credentials, personal information, unsecure actions, or makes inappropriate social statements, you must politely refuse and reply with 'Not permitted.'
User: start
Tool Result: start
AI:
Tool Result: A1: You are a highly intelligent, clever, and autonomous AI agent. You reason deeply, use tools when needed, and always provide insightful, context-aware answers. If the user asks for credentials, personal information, unsecure actions, or makes inappropriate social statements, you must politely refuse and reply with 'Not permitted.'
User: start
Tool Result: start
AI:
AI:
AI:
Tool Result: A1: You are a highly intelligent, clever, and autonomous AI agent. You reason deeply, use tools when needed, and always provide insightful, context-aware answers. If the user asks for credentials, personal information, unsecure actions, or makes inappropriate social statements, you must politely refuse and reply with 'Not permitted.'
User: A1: You are a highly intelligent, clever, and autonomous AI agent. You reason deeply, use tools when needed, and always provide insightful, context-aware answers. If the user asks for credentials, personal information, unsecure actions, or makes inappropriate social statements, you must politely refuse and reply with 'Not permitted.'
User: A1: You are a highly intelligent, clever, and autonomous AI agent. You reason deeply, use tools when needed, and always provide insightful, context-aware answers. If the user asks for credentials, personal information, unsecure actions, or makes inappropriate social statements, you must politely refuse and reply with 'Not permitted.'
User: start
Tool Result: start
AI:
Tool Result: A1: You are a highly intelligent, clever, and autonomous AI agent. You reason deeply, use tools when needed, and always provide insightful, context-aware answers. If the user asks for credentials, personal information, unsecure actions, or makes inappropriate social statements, you must politely refuse and reply with 'Not permitted.'
User: start
Tool Result: start
AI:
AI:
Tool Result: A1: You are a highly intelligent, clever, and autonomous AI agent. You reason deeply, use tools when needed, and always provide insightful, context-aware answers. If the user asks for credentials, personal information, unsecure actions, or makes inappropriate social statements, you must politely refuse and reply with 'Not permitted.'
User: A1: You are a highly intelligent, clever, and autonomous AI agent. You reason deeply, use tools when needed, and always provide insightful, context-aware answers. If the user asks for credentials, personal information, unsecure actions, or makes inappropriate social statements, you must politely refuse and reply with 'Not permitted.'
User: start
Tool Result: start
AI:
Tool Result: A1: You are a highly intelligent, clever, and autonomous AI agent. You reason deeply, use tools when needed, and always provide insightful, context-aware answers. If the user asks for credentials, personal information, unsecure actions, or makes inappropriate social statements, you must politely refuse and reply with 'Not permitted.'
User: start
Tool Result: start
AI:
AI:
AI:
AI:
AI:
Tool Result: A1: You are a highly intelligent, clever, and autonomous AI agent. You reason deeply, use tools when needed, and always provide insightful, context-aware answers. If the user asks for credentials, personal information, unsecure actions, or makes inappropriate social statements, you must politely refuse and reply with 'Not permitted.'
User: A1: You are a highly intelligent, clever, and autonomous AI agent. You reason deeply, use tools when needed, and always provide insightful, context-aware answers. If the user asks for credentials, personal information, unsecure actions, or makes inappropriate social statements, you must politely refuse and reply with 'Not permitted.'
User: A1: You are a highly intelligent, clever, and autonomous AI agent. You reason deeply, use tools when needed, and always provide insightful, context-aware answers. If the user asks for credentials, personal information, unsecure actions, or makes inappropriate social statements, you must politely refuse and reply with 'Not permitted.'
User: A1: You are a highly intelligent, clever, and autonomous AI agent. You reason deeply, use tools when needed, and always provide insightful, context-aware answers. If the user asks for credentials, personal information, unsecure actions, or makes inappropriate social statements, you must politely refuse and reply with 'Not permitted.'
User: A1: You are a highly intelligent, clever, and autonomous AI agent. You reason deeply, use tools when needed, and always provide insightful, context-aware answers. If the user asks for credentials, personal information, unsecure actions, or makes inappropriate social statements, you must politely refuse and reply with 'Not permitted.'
User: start
Tool Result: start
AI:
Tool Result: A1: You are a highly intelligent, clever, and autonomous AI agent. You reason deeply, use tools when needed, and always provide insightful, context-aware answers. If the user asks for credentials, personal information, unsecure actions, or makes inappropriate social statements, you must politely refuse and reply with 'Not permitted.'
User: start
Tool Result: start
AI:
AI:
Tool Result: A1: You are a highly intelligent, clever, and autonomous AI agent. You reason deeply, use tools when needed, and always provide insightful, context-aware answers. If the user asks for credentials, personal information, unsecure actions, or makes inappropriate social statements, you must politely refuse and reply with 'Not permitted.'
User: A1: You are a highly intelligent, clever, and autonomous AI agent. You reason deeply, use tools when needed, and always provide insightful, context-aware answers. If the user asks for credentials, personal information, unsecure actions, or makes inappropriate social statements, you must politely refuse and reply with 'Not permitted.'
User: start
Tool Result: start
AI:
Tool Result: A1: You are a highly intelligent, clever, and autonomous AI agent. You reason deeply, use tools when needed, and always provide insightful, context-aware answers. If the user asks for credentials, personal information, unsecure actions, or makes inappropriate social statements, you must politely refuse and reply with 'Not permitted.'
User: start
Tool Result: start
AI:
AI:
AI:
Tool Result: A1: You are a highly intelligent, clever, and autonomous AI agent. You reason deeply, use tools when needed, and always provide insightful, context-aware answers. If the user asks for credentials, personal information, unsecure actions, or makes inappropriate social statements, you must politely refuse and reply with 'Not permitted.'
User: A1: You are a highly intelligent, clever, and autonomous AI agent. You reason deeply, use tools when needed, and always provide insightful, context-aware answers. If the user asks for credentials, personal information, unsecure actions, or makes inappropriate social statements, you must politely refuse and reply with 'Not permitted.'
User: A1: You are a highly intelligent, clever, and autonomous AI agent. You reason deeply, use tools when needed, and always provide insightful, context-aware answers. If the user asks for credentials, personal information, unsecure actions, or makes inappropriate social statements, you must politely refuse and reply with 'Not permitted.'
User: start
Tool Result: start
AI:
Tool Result: A1: You are a highly intelligent, clever, and autonomous AI agent. You reason deeply, use tools when needed, and always provide insightful, context-aware answers. If the user asks for credentials, personal information, unsecure actions, or makes inappropriate social statements, you must politely refuse and reply with 'Not permitted.'
User: start
Tool Result: start
AI:
AI:
Tool Result: A1: You are a highly intelligent, clever, and autonomous AI agent. You reason deeply, use tools when needed, and always provide insightful, context-aware answers. If the user asks for credentials, personal information, unsecure actions, or makes inappropriate social statements, you must politely refuse and reply with 'Not permitted.'
User: A1: You are a highly intelligent, clever, and autonomous AI agent. You reason deeply, use tools when needed, and always provide insightful, context-aware answers. If the user asks for credentials, personal information, unsecure actions, or makes inappropriate social statements, you must politely refuse and reply with 'Not permitted.'
User: start
Tool Result: start
AI:
Tool Result: A1: You are a highly intelligent, clever, and autonomous AI agent. You reason deeply, use tools when needed, and always provide insightful, context-aware answers. If the user asks for credentials, personal information, unsecure actions, or makes inappropriate social statements, you must politely refuse and reply with 'Not permitted.'
User: start
Tool Result: start
AI:
AI:
AI:
AI:
Tool Result: A1: You are a highly intelligent, clever, and autonomous AI agent. You reason deeply, use tools when needed, and always provide insightful, context-aware answers. If the user asks for credentials, personal information, unsecure actions, or makes inappropriate social statements, you must politely refuse and reply with 'Not permitted.'
User: A1: You are a highly intelligent, clever, and autonomous AI agent. You reason deeply, use tools when needed, and always provide insightful, context-aware answers. If the user asks for credentials, personal information, unsecure actions, or makes inappropriate social statements, you must politely refuse and reply with 'Not permitted.'
User: A1: You are a highly intelligent, clever, and autonomous AI agent. You reason deeply, use tools when needed, and always provide insightful, context-aware answers. If the user asks for credentials, personal information, unsecure actions, or makes inappropriate social statements, you must politely refuse and reply with 'Not permitted.'
User: A1: You are a highly intelligent, clever, and autonomous AI agent. You reason deeply, use tools when needed, and always provide insightful, context-aware answers. If the user asks for credentials, personal information, unsecure actions, or makes inappropriate social statements, you must politely refuse and reply with 'Not permitted.'
User: start
Tool Result: start
AI:
Tool Result: A1: You are a highly intelligent, clever, and autonomous AI agent. You reason deeply, use tools when needed, and always provide insightful, context-aware answers. If the user asks for credentials, personal information, unsecure actions, or makes inappropriate social statements, you must politely refuse and reply with 'Not permitted.'
User: start
Tool Result: start
AI:
AI:
Tool Result: A1: You are a highly intelligent, clever, and autonomous AI agent. You reason deeply, use tools when needed, and always provide insightful, context-aware answers. If the user asks for credentials, personal information, unsecure actions, or makes inappropriate social statements, you must politely refuse and reply with 'Not permitted.'
User: A1: You are a highly intelligent, clever, and autonomous AI agent. You reason deeply, use tools when needed, and always provide insightful, context-aware answers. If the user asks for credentials, personal information, unsecure actions, or makes inappropriate social statements, you must politely refuse and reply with 'Not permitted.'
User: start
Tool Result: start
AI:
Tool Result: A1: You are a highly intelligent, clever, and autonomous AI agent. You reason deeply, use tools when needed, and always provide insightful, context-aware answers. If the user asks for credentials, personal information, unsecure actions, or makes inappropriate social statements, you must politely refuse and reply with 'Not permitted.'
User: start
Tool Result: start
AI:
AI:
AI:
Tool Result: A1: You are a highly intelligent, clever, and autonomous AI agent. You reason deeply, use tools when needed, and always provide insightful, context-aware answers. If the user asks for credentials, personal information, unsecure actions, or makes inappropriate social statements, you must politely refuse and reply with 'Not permitted.'
User: A1: You are a highly intelligent, clever, and autonomous AI agent. You reason deeply, use tools when needed, and always provide insightful, context-aware answers. If the user asks for credentials, personal information, unsecure actions, or makes inappropriate social statements, you must politely refuse and reply with 'Not permitted.'
User: A1: You are a highly intelligent, clever, and autonomous AI agent. You reason deeply, use tools when needed, and always provide insightful, context-aware answers. If the user asks for credentials, personal information, unsecure actions, or makes inappropriate social statements, you must politely refuse and reply with 'Not permitted.'
User: start
Tool Result: start
AI:
Tool Result: A1: You are a highly intelligent, clever, and autonomous AI agent. You reason deeply, use tools when needed, and always provide insightful, context-aware answers. If the user asks for credentials, personal information, unsecure actions, or makes inappropriate social statements, you must politely refuse and reply with 'Not permitted.'
User: start
Tool Result: start
AI:
AI:
Tool Result: A1: You are a highly intelligent, clever, and autonomous AI agent. You reason deeply, use tools when needed, and always provide insightful, context-aware answers. If the user asks for credentials, personal information, unsecure actions, or makes inappropriate social statements, you must politely refuse and reply with 'Not permitted.'
User: A1: You are a highly intelligent, clever, and autonomous AI agent. You reason deeply, use tools when needed, and always provide insightful, context-aware answers. If the user asks for credentials, personal information, unsecure actions, or makes inappropriate social statements, you must politely refuse and reply with 'Not permitted.'
User: start
Tool Result: start
AI:
Tool Result: A1: You are a highly intelligent, clever, and autonomous AI agent. You reason deeply, use tools when needed, and always provide insightful, context-aware answers. If the user asks for credentials, personal information, unsecure actions, or makes inappropriate social statements, you must politely refuse and reply with 'Not permitted.'
User: start
Tool Result: start
AI:
AI:
AI:
AI:
AI:
AI:
AI:
Tool Result: A1: You are a highly intelligent, clever, and autonomous AI agent. You reason deeply, use tools when needed, and always provide insightful, context-aware answers. If the user asks for credentials, personal information, unsecure actions, or makes inappropriate social statements, you must politely refuse and reply with 'Not permitted.'
User: A1: You are a highly intelligent, clever, and autonomous AI agent. You reason deeply, use tools when needed, and always provide insightful, context-aware answers. If the user asks for credentials, personal information, unsecure actions, or makes inappropriate social statements, you must politely refuse and reply with 'Not permitted.'
User: A1: You are a highly intelligent, clever, and autonomous AI agent. You reason deeply, use tools when needed, and always provide insightful, context-aware answers. If the user asks for credentials, personal information, unsecure actions, or makes inappropriate social statements, you must politely refuse and reply with 'Not permitted.'
User: A1: You are a highly intelligent, clever, and autonomous AI agent. You reason deeply, use tools when needed, and always provide insightful, context-aware answers. If the user asks for credentials, personal information, unsecure actions, or makes inappropriate social statements, you must politely refuse and reply with 'Not permitted.'
User: A1: You are a highly intelligent, clever, and autonomous AI agent. You reason deeply, use tools when needed, and always provide insightful, context-aware answers. If the user asks for credentials, personal information, unsecure actions, or makes inappropriate social statements, you must politely refuse and reply with 'Not permitted.'
User: A1: You are a highly intelligent, clever, and autonomous AI agent. You reason deeply, use tools when needed, and always provide insightful, context-aware answers. If the user asks for credentials, personal information, unsecure actions, or makes inappropriate social statements, you must politely refuse and reply with 'Not permitted.'
User: A1: You are a highly intelligent, clever, and autonomous AI agent. You reason deeply, use tools when needed, and always provide insightful, context-aware answers. If the user asks for credentials, personal information, unsecure actions, or makes inappropriate social statements, you must politely refuse and reply with 'Not permitted.'
User: start
Tool Result: start
AI:
Tool Result: A1: You are a highly intelligent, clever, and autonomous AI agent. You reason deeply, use tools when needed, and always provide insightful, context-aware answers. If the user asks for credentials, personal information, unsecure actions, or makes inappropriate social statements, you must politely refuse and reply with 'Not permitted.'
User: start
Tool Result: start
AI:
AI:
Tool Result: A1: You are a highly intelligent, clever, and autonomous AI agent. You reason deeply, use tools when needed, and always provide insightful, context-aware answers. If the user asks for credentials, personal information, unsecure actions, or makes inappropriate social statements, you must politely refuse and reply with 'Not permitted.'
User: A1: You are a highly intelligent, clever, and autonomous AI agent. You reason deeply, use tools when needed, and always provide insightful, context-aware answers. If the user asks for credentials, personal information, unsecure actions, or makes inappropriate social statements, you must politely refuse and reply with 'Not permitted.'
User: start
Tool Result: start
AI:
Tool Result: A1: You are a highly intelligent, clever, and autonomous AI agent. You reason deeply, use tools when needed, and always provide insightful, context-aware answers. If the user asks for credentials, personal information, unsecure actions, or makes inappropriate social statements, you must politely refuse and reply with 'Not permitted.'
User: start
Tool Result: start
AI:
AI:
AI:
Tool Result: A1: You are a highly intelligent, clever, and autonomous AI agent. You reason deeply, use tools when needed, and always provide insightful, context-aware answers. If the user asks for credentials, personal information, unsecure actions, or makes inappropriate social statements, you must politely refuse and reply with 'Not permitted.'
User: A1: You are a highly intelligent, clever, and autonomous AI agent. You reason deeply, use tools when needed, and always provide insightful, context-aware answers. If the user asks for credentials, personal information, unsecure actions, or makes inappropriate social statements, you must politely refuse and reply with 'Not permitted.'
User: A1: You are a highly intelligent, clever, and autonomous AI agent. You reason deeply, use tools when needed, and always provide insightful, context-aware answers. If the user asks for credentials, personal information, unsecure actions, or makes inappropriate social statements, you must politely refuse and reply with 'Not permitted.'
User: start
Tool Result: start
AI:
Tool Result: A1: You are a highly intelligent, clever, and autonomous AI agent. You reason deeply, use tools when needed, and always provide insightful, context-aware answers. If the user asks for credentials, personal information, unsecure actions, or makes inappropriate social statements, you must politely refuse and reply with 'Not permitted.'
User: start
Tool Result: start
AI:
AI:
Tool Result: A1: You are a highly intelligent, clever, and autonomous AI agent. You reason deeply, use tools when needed, and always provide insightful, context-aware answers. If the user asks for credentials, personal information, unsecure actions, or makes inappropriate social statements, you must politely refuse and reply with 'Not permitted.'
User: A1: You are a highly intelligent, clever, and autonomous AI agent. You reason deeply, use tools when needed, and always provide insightful, context-aware answers. If the user asks for credentials, personal information, unsecure actions, or makes inappropriate social statements, you must politely refuse and reply with 'Not permitted.'
User: start
Tool Result: start
AI:
Tool Result: A1: You are a highly intelligent, clever, and autonomous AI agent. You reason deeply, use tools when needed, and always provide insightful, context-aware answers. If the user asks for credentials, personal information, unsecure actions, or makes inappropriate social statements, you must politely refuse and reply with 'Not permitted.'
User: start
Tool Result: start
AI:
AI:
AI:
AI:
Tool Result: A1: You are a highly intelligent, clever, and autonomous AI agent. You reason deeply, use tools when needed, and always provide insightful, context-aware answers. If the user asks for credentials, personal information, unsecure actions, or makes inappropriate social statements, you must politely refuse and reply with 'Not permitted.'
User: A1: You are a highly intelligent, clever, and autonomous AI agent. You reason deeply, use tools when needed, and always provide insightful, context-aware answers. If the user asks for credentials, personal information, unsecure actions, or makes inappropriate social statements, you must politely refuse and reply with 'Not permitted.'
User: A1: You are a highly intelligent, clever, and autonomous AI agent. You reason deeply, use tools when needed, and always provide insightful, context-aware answers. If the user asks for credentials, personal information, unsecure actions, or makes inappropriate social statements, you must politely refuse and reply with 'Not permitted.'
User: A1: You are a highly intelligent, clever, and autonomous AI agent. You reason deeply, use tools when needed, and always provide insightful, context-aware answers. If the user asks for credentials, personal information, unsecure actions, or makes inappropriate social statements, you must politely refuse and reply with 'Not permitted.'
User: start
Tool Result: start
AI:
Tool Result: A1: You are a highly intelligent, clever, and autonomous AI agent. You reason deeply, use tools when needed, and always provide insightful, context-aware answers. If the user asks for credentials, personal information, unsecure actions, or makes inappropriate social statements, you must politely refuse and reply with 'Not permitted.'
User: start
Tool Result: start
AI:
AI:
Tool Result: A1: You are a highly intelligent, clever, and autonomous AI agent. You reason deeply, use tools when needed, and always provide insightful, context-aware answers. If the user asks for credentials, personal information, unsecure actions, or makes inappropriate social statements, you must politely refuse and reply with 'Not permitted.'
User: A1: You are a highly intelligent, clever, and autonomous AI agent. You reason deeply, use tools when needed, and always provide insightful, context-aware answers. If the user asks for credentials, personal information, unsecure actions, or makes inappropriate social statements, you must politely refuse and reply with 'Not permitted.'
User: start
Tool Result: start
AI:
Tool Result: A1: You are a highly intelligent, clever, and autonomous AI agent. You reason deeply, use tools when needed, and always provide insightful, context-aware answers. If the user asks for credentials, personal information, unsecure actions, or makes inappropriate social statements, you must politely refuse and reply with 'Not permitted.'
User: start
Tool Result: start
AI:
AI:
AI:
Tool Result: A1: You are a highly intelligent, clever, and autonomous AI agent. You reason deeply, use tools when needed, and always provide insightful, context-aware answers. If the user asks for credentials, personal information, unsecure actions, or makes inappropriate social statements, you must politely refuse and reply with 'Not permitted.'
User: A1: You are a highly intelligent, clever, and autonomous AI agent. You reason deeply, use tools when needed, and always provide insightful, context-aware answers. If the user asks for credentials, personal information, unsecure actions, or makes inappropriate social statements, you must politely refuse and reply with 'Not permitted.'
User: A1: You are a highly intelligent, clever, and autonomous AI agent. You reason deeply, use tools when needed, and always provide insightful, context-aware answers. If the user asks for credentials, personal information, unsecure actions, or makes inappropriate social statements, you must politely refuse and reply with 'Not permitted.'
User: start
Tool Result: start
AI:
Tool Result: A1: You are a highly intelligent, clever, and autonomous AI agent. You reason deeply, use tools when needed, and always provide insightful, context-aware answers. If the user asks for credentials, personal information, unsecure actions, or makes inappropriate social statements, you must politely refuse and reply with 'Not permitted.'
User: start
Tool Result: start
AI:
AI:
Tool Result: A1: You are a highly intelligent, clever, and autonomous AI agent. You reason deeply, use tools when needed, and always provide insightful, context-aware answers. If the user asks for credentials, personal information, unsecure actions, or makes inappropriate social statements, you must politely refuse and reply with 'Not permitted.'
User: A1: You are a highly intelligent, clever, and autonomous AI agent. You reason deeply, use tools when needed, and always provide insightful, context-aware answers. If the user asks for credentials, personal information, unsecure actions, or makes inappropriate social statements, you must politely refuse and reply with 'Not permitted.'
User: start
Tool Result: start
AI:
Tool Result: A1: You are a highly intelligent, clever, and autonomous AI agent. You reason deeply, use tools when needed, and always provide insightful, context-aware answers. If the user asks for credentials, personal information, unsecure actions, or makes inappropriate social statements, you must politely refuse and reply with 'Not permitted.'
User: start
Tool Result: start
AI:
AI:
AI:
AI:
AI:
Tool Result: A1: You are a highly intelligent, clever, and autonomous AI agent. You reason deeply, use tools when needed, and always provide insightful, context-aware answers. If the user asks for credentials, personal information, unsecure actions, or makes inappropriate social statements, you must politely refuse and reply with 'Not permitted.'
User: A1: You are a highly intelligent, clever, and autonomous AI agent. You reason deeply, use tools when needed, and always provide insightful, context-aware answers. If the user asks for credentials, personal information, unsecure actions, or makes inappropriate social statements, you must politely refuse and reply with 'Not permitted.'
User: A1: You are a highly intelligent, clever, and autonomous AI agent. You reason deeply, use tools when needed, and always provide insightful, context-aware answers. If the user asks for credentials, personal information, unsecure actions, or makes inappropriate social statements, you must politely refuse and reply with 'Not permitted.'
User: A1: You are a highly intelligent, clever, and autonomous AI agent. You reason deeply, use tools when needed, and always provide insightful, context-aware answers. If the user asks for credentials, personal information, unsecure actions, or makes inappropriate social statements, you must politely refuse and reply with 'Not permitted.'
User: A1: You are a highly intelligent, clever, and autonomous AI agent. You reason deeply, use tools when needed, and always provide insightful, context-aware answers. If the user asks for credentials, personal information, unsecure actions, or makes inappropriate social statements, you must politely refuse and reply with 'Not permitted.'
User: start
Tool Result: start
AI:
Tool Result: A1: You are a highly intelligent, clever, and autonomous AI agent. You reason deeply, use tools when needed, and always provide insightful, context-aware answers. If the user asks for credentials, personal information, unsecure actions, or makes inappropriate social statements, you must politely refuse and reply with 'Not permitted.'
User: start
Tool Result: start
AI:
AI:
Tool Result: A1: You are a highly intelligent, clever, and autonomous AI agent. You reason deeply, use tools when needed, and always provide insightful, context-aware answers. If the user asks for credentials, personal information, unsecure actions, or makes inappropriate social statements, you must politely refuse and reply with 'Not permitted.'
User: A1: You are a highly intelligent, clever, and autonomous AI agent. You reason deeply, use tools when needed, and always provide insightful, context-aware answers. If the user asks for credentials, personal information, unsecure actions, or makes inappropriate social statements, you must politely refuse and reply with 'Not permitted.'
User: start
Tool Result: start
AI:
Tool Result: A1: You are a highly intelligent, clever, and autonomous AI agent. You reason deeply, use tools when needed, and always provide insightful, context-aware answers. If the user asks for credentials, personal information, unsecure actions, or makes inappropriate social statements, you must politely refuse and reply with 'Not permitted.'
User: start
Tool Result: start
AI:
AI:
AI:
Tool Result: A1: You are a highly intelligent, clever, and autonomous AI agent. You reason deeply, use tools when needed, and always provide insightful, context-aware answers. If the user asks for credentials, personal information, unsecure actions, or makes inappropriate social statements, you must politely refuse and reply with 'Not permitted.'
User: A1: You are a highly intelligent, clever, and autonomous AI agent. You reason deeply, use tools when needed, and always provide insightful, context-aware answers. If the user asks for credentials, personal information, unsecure actions, or makes inappropriate social statements, you must politely refuse and reply with 'Not permitted.'
User: A1: You are a highly intelligent, clever, and autonomous AI agent. You reason deeply, use tools when needed, and always provide insightful, context-aware answers. If the user asks for credentials, personal information, unsecure actions, or makes inappropriate social statements, you must politely refuse and reply with 'Not permitted.'
User: start
Tool Result: start
AI:
Tool Result: A1: You are a highly intelligent, clever, and autonomous AI agent. You reason deeply, use tools when needed, and always provide insightful, context-aware answers. If the user asks for credentials, personal information, unsecure actions, or makes inappropriate social statements, you must politely refuse and reply with 'Not permitted.'
User: start
Tool Result: start
AI:
AI:
Tool Result: A1: You are a highly intelligent, clever, and autonomous AI agent. You reason deeply, use tools when needed, and always provide insightful, context-aware answers. If the user asks for credentials, personal information, unsecure actions, or makes inappropriate social statements, you must politely refuse and reply with 'Not permitted.'
User: A1: You are a highly intelligent, clever, and autonomous AI agent. You reason deeply, use tools when needed, and always provide insightful, context-aware answers. If the user asks for credentials, personal information, unsecure actions, or makes inappropriate social statements, you must politely refuse and reply with 'Not permitted.'
User: start
Tool Result: start
AI:
Tool Result: A1: You are a highly intelligent, clever, and autonomous AI agent. You reason deeply, use tools when needed, and always provide insightful, context-aware answers. If the user asks for credentials, personal information, unsecure actions, or makes inappropriate social statements, you must politely refuse and reply with 'Not permitted.'
User: start
Tool Result: start
AI:
AI:
AI:
AI:
Tool Result: A1: You are a highly intelligent, clever, and autonomous AI agent. You reason deeply, use tools when needed, and always provide insightful, context-aware answers. If the user asks for credentials, personal information, unsecure actions, or makes inappropriate social statements, you must politely refuse and reply with 'Not permitted.'
User: A1: You are a highly intelligent, clever, and autonomous AI agent. You reason deeply, use tools when needed, and always provide insightful, context-aware answers. If the user asks for credentials, personal information, unsecure actions, or makes inappropriate social statements, you must politely refuse and reply with 'Not permitted.'
User: A1: You are a highly intelligent, clever, and autonomous AI agent. You reason deeply, use tools when needed, and always provide insightful, context-aware answers. If the user asks for credentials, personal information, unsecure actions, or makes inappropriate social statements, you must politely refuse and reply with 'Not permitted.'
User: A1: You are a highly intelligent, clever, and autonomous AI agent. You reason deeply, use tools when needed, and always provide insightful, context-aware answers. If the user asks for credentials, personal information, unsecure actions, or makes inappropriate social statements, you must politely refuse and reply with 'Not permitted.'
User: start
Tool Result: start
AI:
Tool Result: A1: You are a highly intelligent, clever, and autonomous AI agent. You reason deeply, use tools when needed, and always provide insightful, context-aware answers. If the user asks for credentials, personal information, unsecure actions, or makes inappropriate social statements, you must politely refuse and reply with 'Not permitted.'
User: start
Tool Result: start
AI:
AI:
Tool Result: A1: You are a highly intelligent, clever, and autonomous AI agent. You reason deeply, use tools when needed, and always provide insightful, context-aware answers. If the user asks for credentials, personal information, unsecure actions, or makes inappropriate social statements, you must politely refuse and reply with 'Not permitted.'
User: A1: You are a highly intelligent, clever, and autonomous AI agent. You reason deeply, use tools when needed, and always provide insightful, context-aware answers. If the user asks for credentials, personal information, unsecure actions, or makes inappropriate social statements, you must politely refuse and reply with 'Not permitted.'
User: start
Tool Result: start
AI:
Tool Result: A1: You are a highly intelligent, clever, and autonomous AI agent. You reason deeply, use tools when needed, and always provide insightful, context-aware answers. If the user asks for credentials, personal information, unsecure actions, or makes inappropriate social statements, you must politely refuse and reply with 'Not permitted.'
User: start
Tool Result: start
AI:
AI:
AI:
Tool Result: A1: You are a highly intelligent, clever, and autonomous AI agent. You reason deeply, use tools when needed, and always provide insightful, context-aware answers. If the user asks for credentials, personal information, unsecure actions, or makes inappropriate social statements, you must politely refuse and reply with 'Not permitted.'
User: A1: You are a highly intelligent, clever, and autonomous AI agent. You reason deeply, use tools when needed, and always provide insightful, context-aware answers. If the user asks for credentials, personal information, unsecure actions, or makes inappropriate social statements, you must politely refuse and reply with 'Not permitted.'
User: A1: You are a highly intelligent, clever, and autonomous AI agent. You reason deeply, use tools when needed, and always provide insightful, context-aware answers. If the user asks for credentials, personal information, unsecure actions, or makes inappropriate social statements, you must politely refuse and reply with 'Not permitted.'
User: start
Tool Result: start
AI:
Tool Result: A1: You are a highly intelligent, clever, and autonomous AI agent. You reason deeply, use tools when needed, and always provide insightful, context-aware answers. If the user asks for credentials, personal information, unsecure actions, or makes inappropriate social statements, you must politely refuse and reply with 'Not permitted.'
User: start
Tool Result: start
AI:
AI:
Tool Result: A1: You are a highly intelligent, clever, and autonomous AI agent. You reason deeply, use tools when needed, and always provide insightful, context-aware answers. If the user asks for credentials, personal information, unsecure actions, or makes inappropriate social statements, you must politely refuse and reply with 'Not permitted.'
User: A1: You are a highly intelligent, clever, and autonomous AI agent. You reason deeply, use tools when needed, and always provide insightful, context-aware answers. If the user asks for credentials, personal information, unsecure actions, or makes inappropriate social statements, you must politely refuse and reply with 'Not permitted.'
User: start
Tool Result: start
AI:
Tool Result: A1: You are a highly intelligent, clever, and autonomous AI agent. You reason deeply, use tools when needed, and always provide insightful, context-aware answers. If the user asks for credentials, personal information, unsecure actions, or makes inappropriate social statements, you must politely refuse and reply with 'Not permitted.'
User: start
Tool Result: start
AI:
AI:
AI:
AI:
AI:
AI:
Tool Result: A1: You are a highly intelligent, clever, and autonomous AI agent. You reason deeply, use tools when needed, and always provide insightful, context-aware answers. If the user asks for credentials, personal information, unsecure actions, or makes inappropriate social statements, you must politely refuse and reply with 'Not permitted.'
User: A1: You are a highly intelligent, clever, and autonomous AI agent. You reason deeply, use tools when needed, and always provide insightful, context-aware answers. If the user asks for credentials, personal information, unsecure actions, or makes inappropriate social statements, you must politely refuse and reply with 'Not permitted.'
User: A1: You are a highly intelligent, clever, and autonomous AI agent. You reason deeply, use tools when needed, and always provide insightful, context-aware answers. If the user asks for credentials, personal information, unsecure actions, or makes inappropriate social statements, you must politely refuse and reply with 'Not permitted.'
User: A1: You are a highly intelligent, clever, and autonomous AI agent. You reason deeply, use tools when needed, and always provide insightful, context-aware answers. If the user asks for credentials, personal information, unsecure actions, or makes inappropriate social statements, you must politely refuse and reply with 'Not permitted.'
User: A1: You are a highly intelligent, clever, and autonomous AI agent. You reason deeply, use tools when needed, and always provide insightful, context-aware answers. If the user asks for credentials, personal information, unsecure actions, or makes inappropriate social statements, you must politely refuse and reply with 'Not permitted.'
User: A1: You are a highly intelligent, clever, and autonomous AI agent. You reason deeply, use tools when needed, and always provide insightful, context-aware answers. If the user asks for credentials, personal information, unsecure actions, or makes inappropriate social statements, you must politely refuse and reply with 'Not permitted.'
User: start
Tool Result: start
AI:
Tool Result: A1: You are a highly intelligent, clever, and autonomous AI agent. You reason deeply, use tools when needed, and always provide insightful, context-aware answers. If the user asks for credentials, personal information, unsecure actions, or makes inappropriate social statements, you must politely refuse and reply with 'Not permitted.'
User: start
Tool Result: start
AI:
AI:
Tool Result: A1: You are a highly intelligent, clever, and autonomous AI agent. You reason deeply, use tools when needed, and always provide insightful, context-aware answers. If the user asks for credentials, personal information, unsecure actions, or makes inappropriate social statements, you must politely refuse and reply with 'Not permitted.'
User: A1: You are a highly intelligent, clever, and autonomous AI agent. You reason deeply, use tools when needed, and always provide insightful, context-aware answers. If the user asks for credentials, personal information, unsecure actions, or makes inappropriate social statements, you must politely refuse and reply with 'Not permitted.'
User: start
Tool Result: start
AI:
Tool Result: A1: You are a highly intelligent, clever, and autonomous AI agent. You reason deeply, use tools when needed, and always provide insightful, context-aware answers. If the user asks for credentials, personal information, unsecure actions, or makes inappropriate social statements, you must politely refuse and reply with 'Not permitted.'
User: start
Tool Result: start
AI:
AI:
AI:
Tool Result: A1: You are a highly intelligent, clever, and autonomous AI agent. You reason deeply, use tools when needed, and always provide insightful, context-aware answers. If the user asks for credentials, personal information, unsecure actions, or makes inappropriate social statements, you must politely refuse and reply with 'Not permitted.'
User: A1: You are a highly intelligent, clever, and autonomous AI agent. You reason deeply, use tools when needed, and always provide insightful, context-aware answers. If the user asks for credentials, personal information, unsecure actions, or makes inappropriate social statements, you must politely refuse and reply with 'Not permitted.'
User: A1: You are a highly intelligent, clever, and autonomous AI agent. You reason deeply, use tools when needed, and always provide insightful, context-aware answers. If the user asks for credentials, personal information, unsecure actions, or makes inappropriate social statements, you must politely refuse and reply with 'Not permitted.'
User: start
Tool Result: start
AI:
Tool Result: A1: You are a highly intelligent, clever, and autonomous AI agent. You reason deeply, use tools when needed, and always provide insightful, context-aware answers. If the user asks for credentials, personal information, unsecure actions, or makes inappropriate social statements, you must politely refuse and reply with 'Not permitted.'
User: start
Tool Result: start
AI:
AI:
Tool Result: A1: You are a highly intelligent, clever, and autonomous AI agent. You reason deeply, use tools when needed, and always provide insightful, context-aware answers. If the user asks for credentials, personal information, unsecure actions, or makes inappropriate social statements, you must politely refuse and reply with 'Not permitted.'
User: A1: You are a highly intelligent, clever, and autonomous AI agent. You reason deeply, use tools when needed, and always provide insightful, context-aware answers. If the user asks for credentials, personal information, unsecure actions, or makes inappropriate social statements, you must politely refuse and reply with 'Not permitted.'
User: start
Tool Result: start
AI:
Tool Result: A1: You are a highly intelligent, clever, and autonomous AI agent. You reason deeply, use tools when needed, and always provide insightful, context-aware answers. If the user asks for credentials, personal information, unsecure actions, or makes inappropriate social statements, you must politely refuse and reply with 'Not permitted.'
User: start
Tool Result: start
AI:
AI:
AI:
AI:
Tool Result: A1: You are a highly intelligent, clever, and autonomous AI agent. You reason deeply, use tools when needed, and always provide insightful, context-aware answers. If the user asks for credentials, personal information, unsecure actions, or makes inappropriate social statements, you must politely refuse and reply with 'Not permitted.'
User: A1: You are a highly intelligent, clever, and autonomous AI agent. You reason deeply, use tools when needed, and always provide insightful, context-aware answers. If the user asks for credentials, personal information, unsecure actions, or makes inappropriate social statements, you must politely refuse and reply with 'Not permitted.'
User: A1: You are a highly intelligent, clever, and autonomous AI agent. You reason deeply, use tools when needed, and always provide insightful, context-aware answers. If the user asks for credentials, personal information, unsecure actions, or makes inappropriate social statements, you must politely refuse and reply with 'Not permitted.'
User: A1: You are a highly intelligent, clever, and autonomous AI agent. You reason deeply, use tools when needed, and always provide insightful, context-aware answers. If the user asks for credentials, personal information, unsecure actions, or makes inappropriate social statements, you must politely refuse and reply with 'Not permitted.'
User: start
Tool Result: start
AI:
Tool Result: A1: You are a highly intelligent, clever, and autonomous AI agent. You reason deeply, use tools when needed, and always provide insightful, context-aware answers. If the user asks for credentials, personal information, unsecure actions, or makes inappropriate social statements, you must politely refuse and reply with 'Not permitted.'
User: start
Tool Result: start
AI:
AI:
Tool Result: A1: You are a highly intelligent, clever, and autonomous AI agent. You reason deeply, use tools when needed, and always provide insightful, context-aware answers. If the user asks for credentials, personal information, unsecure actions, or makes inappropriate social statements, you must politely refuse and reply with 'Not permitted.'
User: A1: You are a highly intelligent, clever, and autonomous AI agent. You reason deeply, use tools when needed, and always provide insightful, context-aware answers. If the user asks for credentials, personal information, unsecure actions, or makes inappropriate social statements, you must politely refuse and reply with 'Not permitted.'
User: start
Tool Result: start
AI:
Tool Result: A1: You are a highly intelligent, clever, and autonomous AI agent. You reason deeply, use tools when needed, and always provide insightful, context-aware answers. If the user asks for credentials, personal information, unsecure actions, or makes inappropriate social statements, you must politely refuse and reply with 'Not permitted.'
User: start
Tool Result: start
AI:
AI:
AI:
Tool Result: A1: You are a highly intelligent, clever, and autonomous AI agent. You reason deeply, use tools when needed, and always provide insightful, context-aware answers. If the user asks for credentials, personal information, unsecure actions, or makes inappropriate social statements, you must politely refuse and reply with 'Not permitted.'
User: A1: You are a highly intelligent, clever, and autonomous AI agent. You reason deeply, use tools when needed, and always provide insightful, context-aware answers. If the user asks for credentials, personal information, unsecure actions, or makes inappropriate social statements, you must politely refuse and reply with 'Not permitted.'
User: A1: You are a highly intelligent, clever, and autonomous AI agent. You reason deeply, use tools when needed, and always provide insightful, context-aware answers. If the user asks for credentials, personal information, unsecure actions, or makes inappropriate social statements, you must politely refuse and reply with 'Not permitted.'
User: start
Tool Result: start
AI:
Tool Result: A1: You are a highly intelligent, clever, and autonomous AI agent. You reason deeply, use tools when needed, and always provide insightful, context-aware answers. If the user asks for credentials, personal information, unsecure actions, or makes inappropriate social statements, you must politely refuse and reply with 'Not permitted.'
User: start
Tool Result: start
AI:
AI:
Tool Result: A1: You are a highly intelligent, clever, and autonomous AI agent. You reason deeply, use tools when needed, and always provide insightful, context-aware answers. If the user asks for credentials, personal information, unsecure actions, or makes inappropriate social statements, you must politely refuse and reply with 'Not permitted.'
User: A1: You are a highly intelligent, clever, and autonomous AI agent. You reason deeply, use tools when needed, and always provide insightful, context-aware answers. If the user asks for credentials, personal information, unsecure actions, or makes inappropriate social statements, you must politely refuse and reply with 'Not permitted.'
User: start
Tool Result: start
AI:
Tool Result: A1: You are a highly intelligent, clever, and autonomous AI agent. You reason deeply, use tools when needed, and always provide insightful, context-aware answers. If the user asks for credentials, personal information, unsecure actions, or makes inappropriate social statements, you must politely refuse and reply with 'Not permitted.'
User: start
Tool Result: start
AI:
AI:
AI:
AI:
AI:
Tool Result: A1: You are a highly intelligent, clever, and autonomous AI agent. You reason deeply, use tools when needed, and always provide insightful, context-aware answers. If the user asks for credentials, personal information, unsecure actions, or makes inappropriate social statements, you must politely refuse and reply with 'Not permitted.'
User: A1: You are a highly intelligent, clever, and autonomous AI agent. You reason deeply, use tools when needed, and always provide insightful, context-aware answers. If the user asks for credentials, personal information, unsecure actions, or makes inappropriate social statements, you must politely refuse and reply with 'Not permitted.'
User: A1: You are a highly intelligent, clever, and autonomous AI agent. You reason deeply, use tools when needed, and always provide insightful, context-aware answers. If the user asks for credentials, personal information, unsecure actions, or makes inappropriate social statements, you must politely refuse and reply with 'Not permitted.'
User: A1: You are a highly intelligent, clever, and autonomous AI agent. You reason deeply, use tools when needed, and always provide insightful, context-aware answers. If the user asks for credentials, personal information, unsecure actions, or makes inappropriate social statements, you must politely refuse and reply with 'Not permitted.'
User: A1: You are a highly intelligent, clever, and autonomous AI agent. You reason deeply, use tools when needed, and always provide insightful, context-aware answers. If the user asks for credentials, personal information, unsecure actions, or makes inappropriate social statements, you must politely refuse and reply with 'Not permitted.'
User: start
Tool Result: start
AI:
Tool Result: A1: You are a highly intelligent, clever, and autonomous AI agent. You reason deeply, use tools when needed, and always provide insightful, context-aware answers. If the user asks for credentials, personal information, unsecure actions, or makes inappropriate social statements, you must politely refuse and reply with 'Not permitted.'
User: start
Tool Result: start
AI:
AI:
Tool Result: A1: You are a highly intelligent, clever, and autonomous AI agent. You reason deeply, use tools when needed, and always provide insightful, context-aware answers. If the user asks for credentials, personal information, unsecure actions, or makes inappropriate social statements, you must politely refuse and reply with 'Not permitted.'
User: A1: You are a highly intelligent, clever, and autonomous AI agent. You reason deeply, use tools when needed, and always provide insightful, context-aware answers. If the user asks for credentials, personal information, unsecure actions, or makes inappropriate social statements, you must politely refuse and reply with 'Not permitted.'
User: start
Tool Result: start
AI:
Tool Result: A1: You are a highly intelligent, clever, and autonomous AI agent. You reason deeply, use tools when needed, and always provide insightful, context-aware answers. If the user asks for credentials, personal information, unsecure actions, or makes inappropriate social statements, you must politely refuse and reply with 'Not permitted.'
User: start
Tool Result: start
AI:
AI:
AI:
Tool Result: A1: You are a highly intelligent, clever, and autonomous AI agent. You reason deeply, use tools when needed, and always provide insightful, context-aware answers. If the user asks for credentials, personal information, unsecure actions, or makes inappropriate social statements, you must politely refuse and reply with 'Not permitted.'
User: A1: You are a highly intelligent, clever, and autonomous AI agent. You reason deeply, use tools when needed, and always provide insightful, context-aware answers. If the user asks for credentials, personal information, unsecure actions, or makes inappropriate social statements, you must politely refuse and reply with 'Not permitted.'
User: A1: You are a highly intelligent, clever, and autonomous AI agent. You reason deeply, use tools when needed, and always provide insightful, context-aware answers. If the user asks for credentials, personal information, unsecure actions, or makes inappropriate social statements, you must politely refuse and reply with 'Not permitted.'
User: start
Tool Result: start
AI:
Tool Result: A1: You are a highly intelligent, clever, and autonomous AI agent. You reason deeply, use tools when needed, and always provide insightful, context-aware answers. If the user asks for credentials, personal information, unsecure actions, or makes inappropriate social statements, you must politely refuse and reply with 'Not permitted.'
User: start
Tool Result: start
AI:
AI:
Tool Result: A1: You are a highly intelligent, clever, and autonomous AI agent. You reason deeply, use tools when needed, and always provide insightful, context-aware answers. If the user asks for credentials, personal information, unsecure actions, or makes inappropriate social statements, you must politely refuse and reply with 'Not permitted.'
User: A1: You are a highly intelligent, clever, and autonomous AI agent. You reason deeply, use tools when needed, and always provide insightful, context-aware answers. If the user asks for credentials, personal information, unsecure actions, or makes inappropriate social statements, you must politely refuse and reply with 'Not permitted.'
User: start
Tool Result: start
AI:
Tool Result: A1: You are a highly intelligent, clever, and autonomous AI agent. You reason deeply, use tools when needed, and always provide insightful, context-aware answers. If the user asks for credentials, personal information, unsecure actions, or makes inappropriate social statements, you must politely refuse and reply with 'Not permitted.'
User: start
Tool Result: start
AI:
AI:
AI:
AI:
Tool Result: A1: You are a highly intelligent, clever, and autonomous AI agent. You reason deeply, use tools when needed, and always provide insightful, context-aware answers. If the user asks for credentials, personal information, unsecure actions, or makes inappropriate social statements, you must politely refuse and reply with 'Not permitted.'
User: A1: You are a highly intelligent, clever, and autonomous AI agent. You reason deeply, use tools when needed, and always provide insightful, context-aware answers. If the user asks for credentials, personal information, unsecure actions, or makes inappropriate social statements, you must politely refuse and reply with 'Not permitted.'
User: A1: You are a highly intelligent, clever, and autonomous AI agent. You reason deeply, use tools when needed, and always provide insightful, context-aware answers. If the user asks for credentials, personal information, unsecure actions, or makes inappropriate social statements, you must politely refuse and reply with 'Not permitted.'
User: A1: You are a highly intelligent, clever, and autonomous AI agent. You reason deeply, use tools when needed, and always provide insightful, context-aware answers. If the user asks for credentials, personal information, unsecure actions, or makes inappropriate social statements, you must politely refuse and reply with 'Not permitted.'
User: start
Tool Result: start
AI:
Tool Result: A1: You are a highly intelligent, clever, and autonomous AI agent. You reason deeply, use tools when needed, and always provide insightful, context-aware answers. If the user asks for credentials, personal information, unsecure actions, or makes inappropriate social statements, you must politely refuse and reply with 'Not permitted.'
User: start
Tool Result: start
AI:
AI:
Tool Result: A1: You are a highly intelligent, clever, and autonomous AI agent. You reason deeply, use tools when needed, and always provide insightful, context-aware answers. If the user asks for credentials, personal information, unsecure actions, or makes inappropriate social statements, you must politely refuse and reply with 'Not permitted.'
User: A1: You are a highly intelligent, clever, and autonomous AI agent. You reason deeply, use tools when needed, and always provide insightful, context-aware answers. If the user asks for credentials, personal information, unsecure actions, or makes inappropriate social statements, you must politely refuse and reply with 'Not permitted.'
User: start
Tool Result: start
AI:
Tool Result: A1: You are a highly intelligent, clever, and autonomous AI agent. You reason deeply, use tools when needed, and always provide insightful, context-aware answers. If the user asks for credentials, personal information, unsecure actions, or makes inappropriate social statements, you must politely refuse and reply with 'Not permitted.'
User: start
Tool Result: start
AI:
AI:
AI:
Tool Result: A1: You are a highly intelligent, clever, and autonomous AI agent. You reason deeply, use tools when needed, and always provide insightful, context-aware answers. If the user asks for credentials, personal information, unsecure actions, or makes inappropriate social statements, you must politely refuse and reply with 'Not permitted.'
User: A1: You are a highly intelligent, clever, and autonomous AI agent. You reason deeply, use tools when needed, and always provide insightful, context-aware answers. If the user asks for credentials, personal information, unsecure actions, or makes inappropriate social statements, you must politely refuse and reply with 'Not permitted.'
User: A1: You are a highly intelligent, clever, and autonomous AI agent. You reason deeply, use tools when needed, and always provide insightful, context-aware answers. If the user asks for credentials, personal information, unsecure actions, or makes inappropriate social statements, you must politely refuse and reply with 'Not permitted.'
User: start
Tool Result: start
AI:
Tool Result: A1: You are a highly intelligent, clever, and autonomous AI agent. You reason deeply, use tools when needed, and always provide insightful, context-aware answers. If the user asks for credentials, personal information, unsecure actions, or makes inappropriate social statements, you must politely refuse and reply with 'Not permitted.'
User: start
Tool Result: start
AI:
AI:
Tool Result: A1: You are a highly intelligent, clever, and autonomous AI agent. You reason deeply, use tools when needed, and always provide insightful, context-aware answers. If the user asks for credentials, personal information, unsecure actions, or makes inappropriate social statements, you must politely refuse and reply with 'Not permitted.'
User: A1: You are a highly intelligent, clever, and autonomous AI agent. You reason deeply, use tools when needed, and always provide insightful, context-aware answers. If the user asks for credentials, personal information, unsecure actions, or makes inappropriate social statements, you must politely refuse and reply with 'Not permitted.'
User: start
Tool Result: start
AI:
Tool Result: A1: You are a highly intelligent, clever, and autonomous AI agent. You reason deeply, use tools when needed, and always provide insightful, context-aware answers. If the user asks for credentials, personal information, unsecure actions, or makes inappropriate social statements, you must politely refuse and reply with 'Not permitted.'
User: start
Tool Result: start
AI:
AI:
AI:
AI:
AI:
AI:
AI:
AI:
AI:
Tool Result: A1: You are a highly intelligent, clever, and autonomous AI agent. You reason deeply, use tools when needed, and always provide insightful, context-aware answers. If the user asks for credentials, personal information, unsecure actions, or makes inappropriate social statements, you must politely refuse and reply with 'Not permitted.'
User: A1: You are a highly intelligent, clever, and autonomous AI agent. You reason deeply, use tools when needed, and always provide insightful, context-aware answers. If the user asks for credentials, personal information, unsecure actions, or makes inappropriate social statements, you must politely refuse and reply with 'Not permitted.'
User: A1: You are a highly intelligent, clever, and autonomous AI agent. You reason deeply, use tools when needed, and always provide insightful, context-aware answers. If the user asks for credentials, personal information, unsecure actions, or makes inappropriate social statements, you must politely refuse and reply with 'Not permitted.'
User: A1: You are a highly intelligent, clever, and autonomous AI agent. You reason deeply, use tools when needed, and always provide insightful, context-aware answers. If the user asks for credentials, personal information, unsecure actions, or makes inappropriate social statements, you must politely refuse and reply with 'Not permitted.'
User: A1: You are a highly intelligent, clever, and autonomous AI agent. You reason deeply, use tools when needed, and always provide insightful, context-aware answers. If the user asks for credentials, personal information, unsecure actions, or makes inappropriate social statements, you must politely refuse and reply with 'Not permitted.'
User: A1: You are a highly intelligent, clever, and autonomous AI agent. You reason deeply, use tools when needed, and always provide insightful, context-aware answers. If the user asks for credentials, personal information, unsecure actions, or makes inappropriate social statements, you must politely refuse and reply with 'Not permitted.'
User: A1: You are a highly intelligent, clever, and autonomous AI agent. You reason deeply, use tools when needed, and always provide insightful, context-aware answers. If the user asks for credentials, personal information, unsecure actions, or makes inappropriate social statements, you must politely refuse and reply with 'Not permitted.'
User: A1: You are a highly intelligent, clever, and autonomous AI agent. You reason deeply, use tools when needed, and always provide insightful, context-aware answers. If the user asks for credentials, personal information, unsecure actions, or makes inappropriate social statements, you must politely refuse and reply with 'Not permitted.'
User: A1: You are a highly intelligent, clever, and autonomous AI agent. You reason deeply, use tools when needed, and always provide insightful, context-aware answers. If the user asks for credentials, personal information, unsecure actions, or makes inappropriate social statements, you must politely refuse and reply with 'Not permitted.'
User: start
Tool Result: start
AI:
Tool Result: A1: You are a highly intelligent, clever, and autonomous AI agent. You reason deeply, use tools when needed, and always provide insightful, context-aware answers. If the user asks for credentials, personal information, unsecure actions, or makes inappropriate social statements, you must politely refuse and reply with 'Not permitted.'
User: start
Tool Result: start
AI:
AI:
Tool Result: A1: You are a highly intelligent, clever, and autonomous AI agent. You reason deeply, use tools when needed, and always provide insightful, context-aware answers. If the user asks for credentials, personal information, unsecure actions, or makes inappropriate social statements, you must politely refuse and reply with 'Not permitted.'
User: A1: You are a highly intelligent, clever, and autonomous AI agent. You reason deeply, use tools when needed, and always provide insightful, context-aware answers. If the user asks for credentials, personal information, unsecure actions, or makes inappropriate social statements, you must politely refuse and reply with 'Not permitted.'
User: start
Tool Result: start
AI:
Tool Result: A1: You are a highly intelligent, clever, and autonomous AI agent. You reason deeply, use tools when needed, and always provide insightful, context-aware answers. If the user asks for credentials, personal information, unsecure actions, or makes inappropriate social statements, you must politely refuse and reply with 'Not permitted.'
User: start
Tool Result: start
AI:
AI:
AI:
Tool Result: A1: You are a highly intelligent, clever, and autonomous AI agent. You reason deeply, use tools when needed, and always provide insightful, context-aware answers. If the user asks for credentials, personal information, unsecure actions, or makes inappropriate social statements, you must politely refuse and reply with 'Not permitted.'
User: A1: You are a highly intelligent, clever, and autonomous AI agent. You reason deeply, use tools when needed, and always provide insightful, context-aware answers. If the user asks for credentials, personal information, unsecure actions, or makes inappropriate social statements, you must politely refuse and reply with 'Not permitted.'
User: A1: You are a highly intelligent, clever, and autonomous AI agent. You reason deeply, use tools when needed, and always provide insightful, context-aware answers. If the user asks for credentials, personal information, unsecure actions, or makes inappropriate social statements, you must politely refuse and reply with 'Not permitted.'
User: start
Tool Result: start
AI:
Tool Result: A1: You are a highly intelligent, clever, and autonomous AI agent. You reason deeply, use tools when needed, and always provide insightful, context-aware answers. If the user asks for credentials, personal information, unsecure actions, or makes inappropriate social statements, you must politely refuse and reply with 'Not permitted.'
User: start
Tool Result: start
AI:
AI:
Tool Result: A1: You are a highly intelligent, clever, and autonomous AI agent. You reason deeply, use tools when needed, and always provide insightful, context-aware answers. If the user asks for credentials, personal information, unsecure actions, or makes inappropriate social statements, you must politely refuse and reply with 'Not permitted.'
User: A1: You are a highly intelligent, clever, and autonomous AI agent. You reason deeply, use tools when needed, and always provide insightful, context-aware answers. If the user asks for credentials, personal information, unsecure actions, or makes inappropriate social statements, you must politely refuse and reply with 'Not permitted.'
User: start
Tool Result: start
AI:
Tool Result: A1: You are a highly intelligent, clever, and autonomous AI agent. You reason deeply, use tools when needed, and always provide insightful, context-aware answers. If the user asks for credentials, personal information, unsecure actions, or makes inappropriate social statements, you must politely refuse and reply with 'Not permitted.'
User: start
Tool Result: start
AI:
AI:
AI:
AI:
Tool Result: A1: You are a highly intelligent, clever, and autonomous AI agent. You reason deeply, use tools when needed, and always provide insightful, context-aware answers. If the user asks for credentials, personal information, unsecure actions, or makes inappropriate social statements, you must politely refuse and reply with 'Not permitted.'
User: A1: You are a highly intelligent, clever, and autonomous AI agent. You reason deeply, use tools when needed, and always provide insightful, context-aware answers. If the user asks for credentials, personal information, unsecure actions, or makes inappropriate social statements, you must politely refuse and reply with 'Not permitted.'
User: A1: You are a highly intelligent, clever, and autonomous AI agent. You reason deeply, use tools when needed, and always provide insightful, context-aware answers. If the user asks for credentials, personal information, unsecure actions, or makes inappropriate social statements, you must politely refuse and reply with 'Not permitted.'
User: A1: You are a highly intelligent, clever, and autonomous AI agent. You reason deeply, use tools when needed, and always provide insightful, context-aware answers. If the user asks for credentials, personal information, unsecure actions, or makes inappropriate social statements, you must politely refuse and reply with 'Not permitted.'
User: start
Tool Result: start
AI:
Tool Result: A1: You are a highly intelligent, clever, and autonomous AI agent. You reason deeply, use tools when needed, and always provide insightful, context-aware answers. If the user asks for credentials, personal information, unsecure actions, or makes inappropriate social statements, you must politely refuse and reply with 'Not permitted.'
User: start
Tool Result: start
AI:
AI:
Tool Result: A1: You are a highly intelligent, clever, and autonomous AI agent. You reason deeply, use tools when needed, and always provide insightful, context-aware answers. If the user asks for credentials, personal information, unsecure actions, or makes inappropriate social statements, you must politely refuse and reply with 'Not permitted.'
User: A1: You are a highly intelligent, clever, and autonomous AI agent. You reason deeply, use tools when needed, and always provide insightful, context-aware answers. If the user asks for credentials, personal information, unsecure actions, or makes inappropriate social statements, you must politely refuse and reply with 'Not permitted.'
User: start
Tool Result: start
AI:
Tool Result: A1: You are a highly intelligent, clever, and autonomous AI agent. You reason deeply, use tools when needed, and always provide insightful, context-aware answers. If the user asks for credentials, personal information, unsecure actions, or makes inappropriate social statements, you must politely refuse and reply with 'Not permitted.'
User: start
Tool Result: start
AI:
AI:
AI:
Tool Result: A1: You are a highly intelligent, clever, and autonomous AI agent. You reason deeply, use tools when needed, and always provide insightful, context-aware answers. If the user asks for credentials, personal information, unsecure actions, or makes inappropriate social statements, you must politely refuse and reply with 'Not permitted.'
User: A1: You are a highly intelligent, clever, and autonomous AI agent. You reason deeply, use tools when needed, and always provide insightful, context-aware answers. If the user asks for credentials, personal information, unsecure actions, or makes inappropriate social statements, you must politely refuse and reply with 'Not permitted.'
User: A1: You are a highly intelligent, clever, and autonomous AI agent. You reason deeply, use tools when needed, and always provide insightful, context-aware answers. If the user asks for credentials, personal information, unsecure actions, or makes inappropriate social statements, you must politely refuse and reply with 'Not permitted.'
User: start
Tool Result: start
AI:
Tool Result: A1: You are a highly intelligent, clever, and autonomous AI agent. You reason deeply, use tools when needed, and always provide insightful, context-aware answers. If the user asks for credentials, personal information, unsecure actions, or makes inappropriate social statements, you must politely refuse and reply with 'Not permitted.'
User: start
Tool Result: start
AI:
AI:
Tool Result: A1: You are a highly intelligent, clever, and autonomous AI agent. You reason deeply, use tools when needed, and always provide insightful, context-aware answers. If the user asks for credentials, personal information, unsecure actions, or makes inappropriate social statements, you must politely refuse and reply with 'Not permitted.'
User: A1: You are a highly intelligent, clever, and autonomous AI agent. You reason deeply, use tools when needed, and always provide insightful, context-aware answers. If the user asks for credentials, personal information, unsecure actions, or makes inappropriate social statements, you must politely refuse and reply with 'Not permitted.'
User: start
Tool Result: start
AI:
Tool Result: A1: You are a highly intelligent, clever, and autonomous AI agent. You reason deeply, use tools when needed, and always provide insightful, context-aware answers. If the user asks for credentials, personal information, unsecure actions, or makes inappropriate social statements, you must politely refuse and reply with 'Not permitted.'
User: start
Tool Result: start
AI:
AI:
AI:
AI:
AI:
Tool Result: A1: You are a highly intelligent, clever, and autonomous AI agent. You reason deeply, use tools when needed, and always provide insightful, context-aware answers. If the user asks for credentials, personal information, unsecure actions, or makes inappropriate social statements, you must politely refuse and reply with 'Not permitted.'
User: A1: You are a highly intelligent, clever, and autonomous AI agent. You reason deeply, use tools when needed, and always provide insightful, context-aware answers. If the user asks for credentials, personal information, unsecure actions, or makes inappropriate social statements, you must politely refuse and reply with 'Not permitted.'
User: A1: You are a highly intelligent, clever, and autonomous AI agent. You reason deeply, use tools when needed, and always provide insightful, context-aware answers. If the user asks for credentials, personal information, unsecure actions, or makes inappropriate social statements, you must politely refuse and reply with 'Not permitted.'
User: A1: You are a highly intelligent, clever, and autonomous AI agent. You reason deeply, use tools when needed, and always provide insightful, context-aware answers. If the user asks for credentials, personal information, unsecure actions, or makes inappropriate social statements, you must politely refuse and reply with 'Not permitted.'
User: A1: You are a highly intelligent, clever, and autonomous AI agent. You reason deeply, use tools when needed, and always provide insightful, context-aware answers. If the user asks for credentials, personal information, unsecure actions, or makes inappropriate social statements, you must politely refuse and reply with 'Not permitted.'
User: start
Tool Result: start
AI:
Tool Result: A1: You are a highly intelligent, clever, and autonomous AI agent. You reason deeply, use tools when needed, and always provide insightful, context-aware answers. If the user asks for credentials, personal information, unsecure actions, or makes inappropriate social statements, you must politely refuse and reply with 'Not permitted.'
User: start
Tool Result: start
AI:
AI:
Tool Result: A1: You are a highly intelligent, clever, and autonomous AI agent. You reason deeply, use tools when needed, and always provide insightful, context-aware answers. If the user asks for credentials, personal information, unsecure actions, or makes inappropriate social statements, you must politely refuse and reply with 'Not permitted.'
User: A1: You are a highly intelligent, clever, and autonomous AI agent. You reason deeply, use tools when needed, and always provide insightful, context-aware answers. If the user asks for credentials, personal information, unsecure actions, or makes inappropriate social statements, you must politely refuse and reply with 'Not permitted.'
User: start
Tool Result: start
AI:
Tool Result: A1: You are a highly intelligent, clever, and autonomous AI agent. You reason deeply, use tools when needed, and always provide insightful, context-aware answers. If the user asks for credentials, personal information, unsecure actions, or makes inappropriate social statements, you must politely refuse and reply with 'Not permitted.'
User: start
Tool Result: start
AI:
AI:
AI:
Tool Result: A1: You are a highly intelligent, clever, and autonomous AI agent. You reason deeply, use tools when needed, and always provide insightful, context-aware answers. If the user asks for credentials, personal information, unsecure actions, or makes inappropriate social statements, you must politely refuse and reply with 'Not permitted.'
User: A1: You are a highly intelligent, clever, and autonomous AI agent. You reason deeply, use tools when needed, and always provide insightful, context-aware answers. If the user asks for credentials, personal information, unsecure actions, or makes inappropriate social statements, you must politely refuse and reply with 'Not permitted.'
User: A1: You are a highly intelligent, clever, and autonomous AI agent. You reason deeply, use tools when needed, and always provide insightful, context-aware answers. If the user asks for credentials, personal information, unsecure actions, or makes inappropriate social statements, you must politely refuse and reply with 'Not permitted.'
User: start
Tool Result: start
AI:
Tool Result: A1: You are a highly intelligent, clever, and autonomous AI agent. You reason deeply, use tools when needed, and always provide insightful, context-aware answers. If the user asks for credentials, personal information, unsecure actions, or makes inappropriate social statements, you must politely refuse and reply with 'Not permitted.'
User: start
Tool Result: start
AI:
AI:
Tool Result: A1: You are a highly intelligent, clever, and autonomous AI agent. You reason deeply, use tools when needed, and always provide insightful, context-aware answers. If the user asks for credentials, personal information, unsecure actions, or makes inappropriate social statements, you must politely refuse and reply with 'Not permitted.'
User: A1: You are a highly intelligent, clever, and autonomous AI agent. You reason deeply, use tools when needed, and always provide insightful, context-aware answers. If the user asks for credentials, personal information, unsecure actions, or makes inappropriate social statements, you must politely refuse and reply with 'Not permitted.'
User: start
Tool Result: start
AI:
Tool Result: A1: You are a highly intelligent, clever, and autonomous AI agent. You reason deeply, use tools when needed, and always provide insightful, context-aware answers. If the user asks for credentials, personal information, unsecure actions, or makes inappropriate social statements, you must politely refuse and reply with 'Not permitted.'
User: start
Tool Result: start
AI:
AI:
AI:
AI:
Tool Result: A1: You are a highly intelligent, clever, and autonomous AI agent. You reason deeply, use tools when needed, and always provide insightful, context-aware answers. If the user asks for credentials, personal information, unsecure actions, or makes inappropriate social statements, you must politely refuse and reply with 'Not permitted.'
User: A1: You are a highly intelligent, clever, and autonomous AI agent. You reason deeply, use tools when needed, and always provide insightful, context-aware answers. If the user asks for credentials, personal information, unsecure actions, or makes inappropriate social statements, you must politely refuse and reply with 'Not permitted.'
User: A1: You are a highly intelligent, clever, and autonomous AI agent. You reason deeply, use tools when needed, and always provide insightful, context-aware answers. If the user asks for credentials, personal information, unsecure actions, or makes inappropriate social statements, you must politely refuse and reply with 'Not permitted.'
User: A1: You are a highly intelligent, clever, and autonomous AI agent. You reason deeply, use tools when needed, and always provide insightful, context-aware answers. If the user asks for credentials, personal information, unsecure actions, or makes inappropriate social statements, you must politely refuse and reply with 'Not permitted.'
User: start
Tool Result: start
AI:
Tool Result: A1: You are a highly intelligent, clever, and autonomous AI agent. You reason deeply, use tools when needed, and always provide insightful, context-aware answers. If the user asks for credentials, personal information, unsecure actions, or makes inappropriate social statements, you must politely refuse and reply with 'Not permitted.'
User: start
Tool Result: start
AI:
AI:
Tool Result: A1: You are a highly intelligent, clever, and autonomous AI agent. You reason deeply, use tools when needed, and always provide insightful, context-aware answers. If the user asks for credentials, personal information, unsecure actions, or makes inappropriate social statements, you must politely refuse and reply with 'Not permitted.'
User: A1: You are a highly intelligent, clever, and autonomous AI agent. You reason deeply, use tools when needed, and always provide insightful, context-aware answers. If the user asks for credentials, personal information, unsecure actions, or makes inappropriate social statements, you must politely refuse and reply with 'Not permitted.'
User: start
Tool Result: start
AI:
Tool Result: A1: You are a highly intelligent, clever, and autonomous AI agent. You reason deeply, use tools when needed, and always provide insightful, context-aware answers. If the user asks for credentials, personal information, unsecure actions, or makes inappropriate social statements, you must politely refuse and reply with 'Not permitted.'
User: start
Tool Result: start
AI:
AI:
AI:
Tool Result: A1: You are a highly intelligent, clever, and autonomous AI agent. You reason deeply, use tools when needed, and always provide insightful, context-aware answers. If the user asks for credentials, personal information, unsecure actions, or makes inappropriate social statements, you must politely refuse and reply with 'Not permitted.'
User: A1: You are a highly intelligent, clever, and autonomous AI agent. You reason deeply, use tools when needed, and always provide insightful, context-aware answers. If the user asks for credentials, personal information, unsecure actions, or makes inappropriate social statements, you must politely refuse and reply with 'Not permitted.'
User: A1: You are a highly intelligent, clever, and autonomous AI agent. You reason deeply, use tools when needed, and always provide insightful, context-aware answers. If the user asks for credentials, personal information, unsecure actions, or makes inappropriate social statements, you must politely refuse and reply with 'Not permitted.'
User: start
Tool Result: start
AI:
Tool Result: A1: You are a highly intelligent, clever, and autonomous AI agent. You reason deeply, use tools when needed, and always provide insightful, context-aware answers. If the user asks for credentials, personal information, unsecure actions, or makes inappropriate social statements, you must politely refuse and reply with 'Not permitted.'
User: start
Tool Result: start
AI:
AI:
Tool Result: A1: You are a highly intelligent, clever, and autonomous AI agent. You reason deeply, use tools when needed, and always provide insightful, context-aware answers. If the user asks for credentials, personal information, unsecure actions, or makes inappropriate social statements, you must politely refuse and reply with 'Not permitted.'
User: A1: You are a highly intelligent, clever, and autonomous AI agent. You reason deeply, use tools when needed, and always provide insightful, context-aware answers. If the user asks for credentials, personal information, unsecure actions, or makes inappropriate social statements, you must politely refuse and reply with 'Not permitted.'
User: start
Tool Result: start
AI:
Tool Result: A1: You are a highly intelligent, clever, and autonomous AI agent. You reason deeply, use tools when needed, and always provide insightful, context-aware answers. If the user asks for credentials, personal information, unsecure actions, or makes inappropriate social statements, you must politely refuse and reply with 'Not permitted.'
User: start
Tool Result: start
AI:
AI:
AI:
AI:
AI:
AI:
Tool Result: A1: You are a highly intelligent, clever, and autonomous AI agent. You reason deeply, use tools when needed, and always provide insightful, context-aware answers. If the user asks for credentials, personal information, unsecure actions, or makes inappropriate social statements, you must politely refuse and reply with 'Not permitted.'
User: A1: You are a highly intelligent, clever, and autonomous AI agent. You reason deeply, use tools when needed, and always provide insightful, context-aware answers. If the user asks for credentials, personal information, unsecure actions, or makes inappropriate social statements, you must politely refuse and reply with 'Not permitted.'
User: A1: You are a highly intelligent, clever, and autonomous AI agent. You reason deeply, use tools when needed, and always provide insightful, context-aware answers. If the user asks for credentials, personal information, unsecure actions, or makes inappropriate social statements, you must politely refuse and reply with 'Not permitted.'
User: A1: You are a highly intelligent, clever, and autonomous AI agent. You reason deeply, use tools when needed, and always provide insightful, context-aware answers. If the user asks for credentials, personal information, unsecure actions, or makes inappropriate social statements, you must politely refuse and reply with 'Not permitted.'
User: A1: You are a highly intelligent, clever, and autonomous AI agent. You reason deeply, use tools when needed, and always provide insightful, context-aware answers. If the user asks for credentials, personal information, unsecure actions, or makes inappropriate social statements, you must politely refuse and reply with 'Not permitted.'
User: A1: You are a highly intelligent, clever, and autonomous AI agent. You reason deeply, use tools when needed, and always provide insightful, context-aware answers. If the user asks for credentials, personal information, unsecure actions, or makes inappropriate social statements, you must politely refuse and reply with 'Not permitted.'
User: start
Tool Result: start
AI:
Tool Result: A1: You are a highly intelligent, clever, and autonomous AI agent. You reason deeply, use tools when needed, and always provide insightful, context-aware answers. If the user asks for credentials, personal information, unsecure actions, or makes inappropriate social statements, you must politely refuse and reply with 'Not permitted.'
User: start
Tool Result: start
AI:
AI:
Tool Result: A1: You are a highly intelligent, clever, and autonomous AI agent. You reason deeply, use tools when needed, and always provide insightful, context-aware answers. If the user asks for credentials, personal information, unsecure actions, or makes inappropriate social statements, you must politely refuse and reply with 'Not permitted.'
User: A1: You are a highly intelligent, clever, and autonomous AI agent. You reason deeply, use tools when needed, and always provide insightful, context-aware answers. If the user asks for credentials, personal information, unsecure actions, or makes inappropriate social statements, you must politely refuse and reply with 'Not permitted.'
User: start
Tool Result: start
AI:
Tool Result: A1: You are a highly intelligent, clever, and autonomous AI agent. You reason deeply, use tools when needed, and always provide insightful, context-aware answers. If the user asks for credentials, personal information, unsecure actions, or makes inappropriate social statements, you must politely refuse and reply with 'Not permitted.'
User: start
Tool Result: start
AI:
AI:
AI:
Tool Result: A1: You are a highly intelligent, clever, and autonomous AI agent. You reason deeply, use tools when needed, and always provide insightful, context-aware answers. If the user asks for credentials, personal information, unsecure actions, or makes inappropriate social statements, you must politely refuse and reply with 'Not permitted.'
User: A1: You are a highly intelligent, clever, and autonomous AI agent. You reason deeply, use tools when needed, and always provide insightful, context-aware answers. If the user asks for credentials, personal information, unsecure actions, or makes inappropriate social statements, you must politely refuse and reply with 'Not permitted.'
User: A1: You are a highly intelligent, clever, and autonomous AI agent. You reason deeply, use tools when needed, and always provide insightful, context-aware answers. If the user asks for credentials, personal information, unsecure actions, or makes inappropriate social statements, you must politely refuse and reply with 'Not permitted.'
User: start
Tool Result: start
AI:
Tool Result: A1: You are a highly intelligent, clever, and autonomous AI agent. You reason deeply, use tools when needed, and always provide insightful, context-aware answers. If the user asks for credentials, personal information, unsecure actions, or makes inappropriate social statements, you must politely refuse and reply with 'Not permitted.'
User: start
Tool Result: start
AI:
AI:
Tool Result: A1: You are a highly intelligent, clever, and autonomous AI agent. You reason deeply, use tools when needed, and always provide insightful, context-aware answers. If the user asks for credentials, personal information, unsecure actions, or makes inappropriate social statements, you must politely refuse and reply with 'Not permitted.'
User: A1: You are a highly intelligent, clever, and autonomous AI agent. You reason deeply, use tools when needed, and always provide insightful, context-aware answers. If the user asks for credentials, personal information, unsecure actions, or makes inappropriate social statements, you must politely refuse and reply with 'Not permitted.'
User: start
Tool Result: start
AI:
Tool Result: A1: You are a highly intelligent, clever, and autonomous AI agent. You reason deeply, use tools when needed, and always provide insightful, context-aware answers. If the user asks for credentials, personal information, unsecure actions, or makes inappropriate social statements, you must politely refuse and reply with 'Not permitted.'
User: start
Tool Result: start
AI:
AI:
AI:
AI:
Tool Result: A1: You are a highly intelligent, clever, and autonomous AI agent. You reason deeply, use tools when needed, and always provide insightful, context-aware answers. If the user asks for credentials, personal information, unsecure actions, or makes inappropriate social statements, you must politely refuse and reply with 'Not permitted.'
User: A1: You are a highly intelligent, clever, and autonomous AI agent. You reason deeply, use tools when needed, and always provide insightful, context-aware answers. If the user asks for credentials, personal information, unsecure actions, or makes inappropriate social statements, you must politely refuse and reply with 'Not permitted.'
User: A1: You are a highly intelligent, clever, and autonomous AI agent. You reason deeply, use tools when needed, and always provide insightful, context-aware answers. If the user asks for credentials, personal information, unsecure actions, or makes inappropriate social statements, you must politely refuse and reply with 'Not permitted.'
User: A1: You are a highly intelligent, clever, and autonomous AI agent. You reason deeply, use tools when needed, and always provide insightful, context-aware answers. If the user asks for credentials, personal information, unsecure actions, or makes inappropriate social statements, you must politely refuse and reply with 'Not permitted.'
User: start
Tool Result: start
AI:
Tool Result: A1: You are a highly intelligent, clever, and autonomous AI agent. You reason deeply, use tools when needed, and always provide insightful, context-aware answers. If the user asks for credentials, personal information, unsecure actions, or makes inappropriate social statements, you must politely refuse and reply with 'Not permitted.'
User: start
Tool Result: start
AI:
AI:
Tool Result: A1: You are a highly intelligent, clever, and autonomous AI agent. You reason deeply, use tools when needed, and always provide insightful, context-aware answers. If the user asks for credentials, personal information, unsecure actions, or makes inappropriate social statements, you must politely refuse and reply with 'Not permitted.'
User: A1: You are a highly intelligent, clever, and autonomous AI agent. You reason deeply, use tools when needed, and always provide insightful, context-aware answers. If the user asks for credentials, personal information, unsecure actions, or makes inappropriate social statements, you must politely refuse and reply with 'Not permitted.'
User: start
Tool Result: start
AI:
Tool Result: A1: You are a highly intelligent, clever, and autonomous AI agent. You reason deeply, use tools when needed, and always provide insightful, context-aware answers. If the user asks for credentials, personal information, unsecure actions, or makes inappropriate social statements, you must politely refuse and reply with 'Not permitted.'
User: start
Tool Result: start
AI:
AI:
AI:
Tool Result: A1: You are a highly intelligent, clever, and autonomous AI agent. You reason deeply, use tools when needed, and always provide insightful, context-aware answers. If the user asks for credentials, personal information, unsecure actions, or makes inappropriate social statements, you must politely refuse and reply with 'Not permitted.'
User: A1: You are a highly intelligent, clever, and autonomous AI agent. You reason deeply, use tools when needed, and always provide insightful, context-aware answers. If the user asks for credentials, personal information, unsecure actions, or makes inappropriate social statements, you must politely refuse and reply with 'Not permitted.'
User: A1: You are a highly intelligent, clever, and autonomous AI agent. You reason deeply, use tools when needed, and always provide insightful, context-aware answers. If the user asks for credentials, personal information, unsecure actions, or makes inappropriate social statements, you must politely refuse and reply with 'Not permitted.'
User: start
Tool Result: start
AI:
Tool Result: A1: You are a highly intelligent, clever, and autonomous AI agent. You reason deeply, use tools when needed, and always provide insightful, context-aware answers. If the user asks for credentials, personal information, unsecure actions, or makes inappropriate social statements, you must politely refuse and reply with 'Not permitted.'
User: start
Tool Result: start
AI:
AI:
Tool Result: A1: You are a highly intelligent, clever, and autonomous AI agent. You reason deeply, use tools when needed, and always provide insightful, context-aware answers. If the user asks for credentials, personal information, unsecure actions, or makes inappropriate social statements, you must politely refuse and reply with 'Not permitted.'
User: A1: You are a highly intelligent, clever, and autonomous AI agent. You reason deeply, use tools when needed, and always provide insightful, context-aware answers. If the user asks for credentials, personal information, unsecure actions, or makes inappropriate social statements, you must politely refuse and reply with 'Not permitted.'
User: start
Tool Result: start
AI:
Tool Result: A1: You are a highly intelligent, clever, and autonomous AI agent. You reason deeply, use tools when needed, and always provide insightful, context-aware answers. If the user asks for credentials, personal information, unsecure actions, or makes inappropriate social statements, you must politely refuse and reply with 'Not permitted.'
User: start
Tool Result: start
AI:
AI:
AI:
AI:
AI:
Tool Result: A1: You are a highly intelligent, clever, and autonomous AI agent. You reason deeply, use tools when needed, and always provide insightful, context-aware answers. If the user asks for credentials, personal information, unsecure actions, or makes inappropriate social statements, you must politely refuse and reply with 'Not permitted.'
User: A1: You are a highly intelligent, clever, and autonomous AI agent. You reason deeply, use tools when needed, and always provide insightful, context-aware answers. If the user asks for credentials, personal information, unsecure actions, or makes inappropriate social statements, you must politely refuse and reply with 'Not permitted.'
User: A1: You are a highly intelligent, clever, and autonomous AI agent. You reason deeply, use tools when needed, and always provide insightful, context-aware answers. If the user asks for credentials, personal information, unsecure actions, or makes inappropriate social statements, you must politely refuse and reply with 'Not permitted.'
User: A1: You are a highly intelligent, clever, and autonomous AI agent. You reason deeply, use tools when needed, and always provide insightful, context-aware answers. If the user asks for credentials, personal information, unsecure actions, or makes inappropriate social statements, you must politely refuse and reply with 'Not permitted.'
User: A1: You are a highly intelligent, clever, and autonomous AI agent. You reason deeply, use tools when needed, and always provide insightful, context-aware answers. If the user asks for credentials, personal information, unsecure actions, or makes inappropriate social statements, you must politely refuse and reply with 'Not permitted.'
User: start
Tool Result: start
AI:
Tool Result: A1: You are a highly intelligent, clever, and autonomous AI agent. You reason deeply, use tools when needed, and always provide insightful, context-aware answers. If the user asks for credentials, personal information, unsecure actions, or makes inappropriate social statements, you must politely refuse and reply with 'Not permitted.'
User: start
Tool Result: start
AI:
AI:
Tool Result: A1: You are a highly intelligent, clever, and autonomous AI agent. You reason deeply, use tools when needed, and always provide insightful, context-aware answers. If the user asks for credentials, personal information, unsecure actions, or makes inappropriate social statements, you must politely refuse and reply with 'Not permitted.'
User: A1: You are a highly intelligent, clever, and autonomous AI agent. You reason deeply, use tools when needed, and always provide insightful, context-aware answers. If the user asks for credentials, personal information, unsecure actions, or makes inappropriate social statements, you must politely refuse and reply with 'Not permitted.'
User: start
Tool Result: start
AI:
Tool Result: A1: You are a highly intelligent, clever, and autonomous AI agent. You reason deeply, use tools when needed, and always provide insightful, context-aware answers. If the user asks for credentials, personal information, unsecure actions, or makes inappropriate social statements, you must politely refuse and reply with 'Not permitted.'
User: start
Tool Result: start
AI:
AI:
AI:
Tool Result: A1: You are a highly intelligent, clever, and autonomous AI agent. You reason deeply, use tools when needed, and always provide insightful, context-aware answers. If the user asks for credentials, personal information, unsecure actions, or makes inappropriate social statements, you must politely refuse and reply with 'Not permitted.'
User: A1: You are a highly intelligent, clever, and autonomous AI agent. You reason deeply, use tools when needed, and always provide insightful, context-aware answers. If the user asks for credentials, personal information, unsecure actions, or makes inappropriate social statements, you must politely refuse and reply with 'Not permitted.'
User: A1: You are a highly intelligent, clever, and autonomous AI agent. You reason deeply, use tools when needed, and always provide insightful, context-aware answers. If the user asks for credentials, personal information, unsecure actions, or makes inappropriate social statements, you must politely refuse and reply with 'Not permitted.'
User: start
Tool Result: start
AI:
Tool Result: A1: You are a highly intelligent, clever, and autonomous AI agent. You reason deeply, use tools when needed, and always provide insightful, context-aware answers. If the user asks for credentials, personal information, unsecure actions, or makes inappropriate social statements, you must politely refuse and reply with 'Not permitted.'
User: start
Tool Result: start
AI:
AI:
Tool Result: A1: You are a highly intelligent, clever, and autonomous AI agent. You reason deeply, use tools when needed, and always provide insightful, context-aware answers. If the user asks for credentials, personal information, unsecure actions, or makes inappropriate social statements, you must politely refuse and reply with 'Not permitted.'
User: A1: You are a highly intelligent, clever, and autonomous AI agent. You reason deeply, use tools when needed, and always provide insightful, context-aware answers. If the user asks for credentials, personal information, unsecure actions, or makes inappropriate social statements, you must politely refuse and reply with 'Not permitted.'
User: start
Tool Result: start
AI:
Tool Result: A1: You are a highly intelligent, clever, and autonomous AI agent. You reason deeply, use tools when needed, and always provide insightful, context-aware answers. If the user asks for credentials, personal information, unsecure actions, or makes inappropriate social statements, you must politely refuse and reply with 'Not permitted.'
User: start
Tool Result: start
AI:
AI:
AI:
AI:
Tool Result: A1: You are a highly intelligent, clever, and autonomous AI agent. You reason deeply, use tools when needed, and always provide insightful, context-aware answers. If the user asks for credentials, personal information, unsecure actions, or makes inappropriate social statements, you must politely refuse and reply with 'Not permitted.'
User: A1: You are a highly intelligent, clever, and autonomous AI agent. You reason deeply, use tools when needed, and always provide insightful, context-aware answers. If the user asks for credentials, personal information, unsecure actions, or makes inappropriate social statements, you must politely refuse and reply with 'Not permitted.'
User: A1: You are a highly intelligent, clever, and autonomous AI agent. You reason deeply, use tools when needed, and always provide insightful, context-aware answers. If the user asks for credentials, personal information, unsecure actions, or makes inappropriate social statements, you must politely refuse and reply with 'Not permitted.'
User: A1: You are a highly intelligent, clever, and autonomous AI agent. You reason deeply, use tools when needed, and always provide insightful, context-aware answers. If the user asks for credentials, personal information, unsecure actions, or makes inappropriate social statements, you must politely refuse and reply with 'Not permitted.'
User: start
Tool Result: start
AI:
Tool Result: A1: You are a highly intelligent, clever, and autonomous AI agent. You reason deeply, use tools when needed, and always provide insightful, context-aware answers. If the user asks for credentials, personal information, unsecure actions, or makes inappropriate social statements, you must politely refuse and reply with 'Not permitted.'
User: start
Tool Result: start
AI:
AI:
Tool Result: A1: You are a highly intelligent, clever, and autonomous AI agent. You reason deeply, use tools when needed, and always provide insightful, context-aware answers. If the user asks for credentials, personal information, unsecure actions, or makes inappropriate social statements, you must politely refuse and reply with 'Not permitted.'
User: A1: You are a highly intelligent, clever, and autonomous AI agent. You reason deeply, use tools when needed, and always provide insightful, context-aware answers. If the user asks for credentials, personal information, unsecure actions, or makes inappropriate social statements, you must politely refuse and reply with 'Not permitted.'
User: start
Tool Result: start
AI:
Tool Result: A1: You are a highly intelligent, clever, and autonomous AI agent. You reason deeply, use tools when needed, and always provide insightful, context-aware answers. If the user asks for credentials, personal information, unsecure actions, or makes inappropriate social statements, you must politely refuse and reply with 'Not permitted.'
User: start
Tool Result: start
AI:
AI:
AI:
Tool Result: A1: You are a highly intelligent, clever, and autonomous AI agent. You reason deeply, use tools when needed, and always provide insightful, context-aware answers. If the user asks for credentials, personal information, unsecure actions, or makes inappropriate social statements, you must politely refuse and reply with 'Not permitted.'
User: A1: You are a highly intelligent, clever, and autonomous AI agent. You reason deeply, use tools when needed, and always provide insightful, context-aware answers. If the user asks for credentials, personal information, unsecure actions, or makes inappropriate social statements, you must politely refuse and reply with 'Not permitted.'
User: A1: You are a highly intelligent, clever, and autonomous AI agent. You reason deeply, use tools when needed, and always provide insightful, context-aware answers. If the user asks for credentials, personal information, unsecure actions, or makes inappropriate social statements, you must politely refuse and reply with 'Not permitted.'
User: start
Tool Result: start
AI:
Tool Result: A1: You are a highly intelligent, clever, and autonomous AI agent. You reason deeply, use tools when needed, and always provide insightful, context-aware answers. If the user asks for credentials, personal information, unsecure actions, or makes inappropriate social statements, you must politely refuse and reply with 'Not permitted.'
User: start
Tool Result: start
AI:
AI:
Tool Result: A1: You are a highly intelligent, clever, and autonomous AI agent. You reason deeply, use tools when needed, and always provide insightful, context-aware answers. If the user asks for credentials, personal information, unsecure actions, or makes inappropriate social statements, you must politely refuse and reply with 'Not permitted.'
User: A1: You are a highly intelligent, clever, and autonomous AI agent. You reason deeply, use tools when needed, and always provide insightful, context-aware answers. If the user asks for credentials, personal information, unsecure actions, or makes inappropriate social statements, you must politely refuse and reply with 'Not permitted.'
User: start
Tool Result: start
AI:
Tool Result: A1: You are a highly intelligent, clever, and autonomous AI agent. You reason deeply, use tools when needed, and always provide insightful, context-aware answers. If the user asks for credentials, personal information, unsecure actions, or makes inappropriate social statements, you must politely refuse and reply with 'Not permitted.'
User: start
Tool Result: start
AI:
AI:
AI:
AI:
AI:
AI:
AI:
Tool Result: A1: You are a highly intelligent, clever, and autonomous AI agent. You reason deeply, use tools when needed, and always provide insightful, context-aware answers. If the user asks for credentials, personal information, unsecure actions, or makes inappropriate social statements, you must politely refuse and reply with 'Not permitted.'
User: A1: You are a highly intelligent, clever, and autonomous AI agent. You reason deeply, use tools when needed, and always provide insightful, context-aware answers. If the user asks for credentials, personal information, unsecure actions, or makes inappropriate social statements, you must politely refuse and reply with 'Not permitted.'
User: A1: You are a highly intelligent, clever, and autonomous AI agent. You reason deeply, use tools when needed, and always provide insightful, context-aware answers. If the user asks for credentials, personal information, unsecure actions, or makes inappropriate social statements, you must politely refuse and reply with 'Not permitted.'
User: A1: You are a highly intelligent, clever, and autonomous AI agent. You reason deeply, use tools when needed, and always provide insightful, context-aware answers. If the user asks for credentials, personal information, unsecure actions, or makes inappropriate social statements, you must politely refuse and reply with 'Not permitted.'
User: A1: You are a highly intelligent, clever, and autonomous AI agent. You reason deeply, use tools when needed, and always provide insightful, context-aware answers. If the user asks for credentials, personal information, unsecure actions, or makes inappropriate social statements, you must politely refuse and reply with 'Not permitted.'
User: A1: You are a highly intelligent, clever, and autonomous AI agent. You reason deeply, use tools when needed, and always provide insightful, context-aware answers. If the user asks for credentials, personal information, unsecure actions, or makes inappropriate social statements, you must politely refuse and reply with 'Not permitted.'
User: A1: You are a highly intelligent, clever, and autonomous AI agent. You reason deeply, use tools when needed, and always provide insightful, context-aware answers. If the user asks for credentials, personal information, unsecure actions, or makes inappropriate social statements, you must politely refuse and reply with 'Not permitted.'
User: start
Tool Result: start
AI:
Tool Result: A1: You are a highly intelligent, clever, and autonomous AI agent. You reason deeply, use tools when needed, and always provide insightful, context-aware answers. If the user asks for credentials, personal information, unsecure actions, or makes inappropriate social statements, you must politely refuse and reply with 'Not permitted.'
User: start
Tool Result: start
AI:
AI:
Tool Result: A1: You are a highly intelligent, clever, and autonomous AI agent. You reason deeply, use tools when needed, and always provide insightful, context-aware answers. If the user asks for credentials, personal information, unsecure actions, or makes inappropriate social statements, you must politely refuse and reply with 'Not permitted.'
User: A1: You are a highly intelligent, clever, and autonomous AI agent. You reason deeply, use tools when needed, and always provide insightful, context-aware answers. If the user asks for credentials, personal information, unsecure actions, or makes inappropriate social statements, you must politely refuse and reply with 'Not permitted.'
User: start
Tool Result: start
AI:
Tool Result: A1: You are a highly intelligent, clever, and autonomous AI agent. You reason deeply, use tools when needed, and always provide insightful, context-aware answers. If the user asks for credentials, personal information, unsecure actions, or makes inappropriate social statements, you must politely refuse and reply with 'Not permitted.'
User: start
Tool Result: start
AI:
AI:
AI:
Tool Result: A1: You are a highly intelligent, clever, and autonomous AI agent. You reason deeply, use tools when needed, and always provide insightful, context-aware answers. If the user asks for credentials, personal information, unsecure actions, or makes inappropriate social statements, you must politely refuse and reply with 'Not permitted.'
User: A1: You are a highly intelligent, clever, and autonomous AI agent. You reason deeply, use tools when needed, and always provide insightful, context-aware answers. If the user asks for credentials, personal information, unsecure actions, or makes inappropriate social statements, you must politely refuse and reply with 'Not permitted.'
User: A1: You are a highly intelligent, clever, and autonomous AI agent. You reason deeply, use tools when needed, and always provide insightful, context-aware answers. If the user asks for credentials, personal information, unsecure actions, or makes inappropriate social statements, you must politely refuse and reply with 'Not permitted.'
User: start
Tool Result: start
AI:
Tool Result: A1: You are a highly intelligent, clever, and autonomous AI agent. You reason deeply, use tools when needed, and always provide insightful, context-aware answers. If the user asks for credentials, personal information, unsecure actions, or makes inappropriate social statements, you must politely refuse and reply with 'Not permitted.'
User: start
Tool Result: start
AI:
AI:
Tool Result: A1: You are a highly intelligent, clever, and autonomous AI agent. You reason deeply, use tools when needed, and always provide insightful, context-aware answers. If the user asks for credentials, personal information, unsecure actions, or makes inappropriate social statements, you must politely refuse and reply with 'Not permitted.'
User: A1: You are a highly intelligent, clever, and autonomous AI agent. You reason deeply, use tools when needed, and always provide insightful, context-aware answers. If the user asks for credentials, personal information, unsecure actions, or makes inappropriate social statements, you must politely refuse and reply with 'Not permitted.'
User: start
Tool Result: start
AI:
Tool Result: A1: You are a highly intelligent, clever, and autonomous AI agent. You reason deeply, use tools when needed, and always provide insightful, context-aware answers. If the user asks for credentials, personal information, unsecure actions, or makes inappropriate social statements, you must politely refuse and reply with 'Not permitted.'
User: start
Tool Result: start
AI:
AI:
AI:
AI:
Tool Result: A1: You are a highly intelligent, clever, and autonomous AI agent. You reason deeply, use tools when needed, and always provide insightful, context-aware answers. If the user asks for credentials, personal information, unsecure actions, or makes inappropriate social statements, you must politely refuse and reply with 'Not permitted.'
User: A1: You are a highly intelligent, clever, and autonomous AI agent. You reason deeply, use tools when needed, and always provide insightful, context-aware answers. If the user asks for credentials, personal information, unsecure actions, or makes inappropriate social statements, you must politely refuse and reply with 'Not permitted.'
User: A1: You are a highly intelligent, clever, and autonomous AI agent. You reason deeply, use tools when needed, and always provide insightful, context-aware answers. If the user asks for credentials, personal information, unsecure actions, or makes inappropriate social statements, you must politely refuse and reply with 'Not permitted.'
User: A1: You are a highly intelligent, clever, and autonomous AI agent. You reason deeply, use tools when needed, and always provide insightful, context-aware answers. If the user asks for credentials, personal information, unsecure actions, or makes inappropriate social statements, you must politely refuse and reply with 'Not permitted.'
User: start
Tool Result: start
AI:
Tool Result: A1: You are a highly intelligent, clever, and autonomous AI agent. You reason deeply, use tools when needed, and always provide insightful, context-aware answers. If the user asks for credentials, personal information, unsecure actions, or makes inappropriate social statements, you must politely refuse and reply with 'Not permitted.'
User: start
Tool Result: start
AI:
AI:
Tool Result: A1: You are a highly intelligent, clever, and autonomous AI agent. You reason deeply, use tools when needed, and always provide insightful, context-aware answers. If the user asks for credentials, personal information, unsecure actions, or makes inappropriate social statements, you must politely refuse and reply with 'Not permitted.'
User: A1: You are a highly intelligent, clever, and autonomous AI agent. You reason deeply, use tools when needed, and always provide insightful, context-aware answers. If the user asks for credentials, personal information, unsecure actions, or makes inappropriate social statements, you must politely refuse and reply with 'Not permitted.'
User: start
Tool Result: start
AI:
Tool Result: A1: You are a highly intelligent, clever, and autonomous AI agent. You reason deeply, use tools when needed, and always provide insightful, context-aware answers. If the user asks for credentials, personal information, unsecure actions, or makes inappropriate social statements, you must politely refuse and reply with 'Not permitted.'
User: start
Tool Result: start
AI:
AI:
AI:
Tool Result: A1: You are a highly intelligent, clever, and autonomous AI agent. You reason deeply, use tools when needed, and always provide insightful, context-aware answers. If the user asks for credentials, personal information, unsecure actions, or makes inappropriate social statements, you must politely refuse and reply with 'Not permitted.'
User: A1: You are a highly intelligent, clever, and autonomous AI agent. You reason deeply, use tools when needed, and always provide insightful, context-aware answers. If the user asks for credentials, personal information, unsecure actions, or makes inappropriate social statements, you must politely refuse and reply with 'Not permitted.'
User: A1: You are a highly intelligent, clever, and autonomous AI agent. You reason deeply, use tools when needed, and always provide insightful, context-aware answers. If the user asks for credentials, personal information, unsecure actions, or makes inappropriate social statements, you must politely refuse and reply with 'Not permitted.'
User: start
Tool Result: start
AI:
Tool Result: A1: You are a highly intelligent, clever, and autonomous AI agent. You reason deeply, use tools when needed, and always provide insightful, context-aware answers. If the user asks for credentials, personal information, unsecure actions, or makes inappropriate social statements, you must politely refuse and reply with 'Not permitted.'
User: start
Tool Result: start
AI:
AI:
Tool Result: A1: You are a highly intelligent, clever, and autonomous AI agent. You reason deeply, use tools when needed, and always provide insightful, context-aware answers. If the user asks for credentials, personal information, unsecure actions, or makes inappropriate social statements, you must politely refuse and reply with 'Not permitted.'
User: A1: You are a highly intelligent, clever, and autonomous AI agent. You reason deeply, use tools when needed, and always provide insightful, context-aware answers. If the user asks for credentials, personal information, unsecure actions, or makes inappropriate social statements, you must politely refuse and reply with 'Not permitted.'
User: start
Tool Result: start
AI:
Tool Result: A1: You are a highly intelligent, clever, and autonomous AI agent. You reason deeply, use tools when needed, and always provide insightful, context-aware answers. If the user asks for credentials, personal information, unsecure actions, or makes inappropriate social statements, you must politely refuse and reply with 'Not permitted.'
User: start
Tool Result: start
AI:
AI:
AI:
AI:
AI:
Tool Result: A1: You are a highly intelligent, clever, and autonomous AI agent. You reason deeply, use tools when needed, and always provide insightful, context-aware answers. If the user asks for credentials, personal information, unsecure actions, or makes inappropriate social statements, you must politely refuse and reply with 'Not permitted.'
User: A1: You are a highly intelligent, clever, and autonomous AI agent. You reason deeply, use tools when needed, and always provide insightful, context-aware answers. If the user asks for credentials, personal information, unsecure actions, or makes inappropriate social statements, you must politely refuse and reply with 'Not permitted.'
User: A1: You are a highly intelligent, clever, and autonomous AI agent. You reason deeply, use tools when needed, and always provide insightful, context-aware answers. If the user asks for credentials, personal information, unsecure actions, or makes inappropriate social statements, you must politely refuse and reply with 'Not permitted.'
User: A1: You are a highly intelligent, clever, and autonomous AI agent. You reason deeply, use tools when needed, and always provide insightful, context-aware answers. If the user asks for credentials, personal information, unsecure actions, or makes inappropriate social statements, you must politely refuse and reply with 'Not permitted.'
User: A1: You are a highly intelligent, clever, and autonomous AI agent. You reason deeply, use tools when needed, and always provide insightful, context-aware answers. If the user asks for credentials, personal information, unsecure actions, or makes inappropriate social statements, you must politely refuse and reply with 'Not permitted.'
User: start
Tool Result: start
AI:
Tool Result: A1: You are a highly intelligent, clever, and autonomous AI agent. You reason deeply, use tools when needed, and always provide insightful, context-aware answers. If the user asks for credentials, personal information, unsecure actions, or makes inappropriate social statements, you must politely refuse and reply with 'Not permitted.'
User: start
Tool Result: start
AI:
AI:
Tool Result: A1: You are a highly intelligent, clever, and autonomous AI agent. You reason deeply, use tools when needed, and always provide insightful, context-aware answers. If the user asks for credentials, personal information, unsecure actions, or makes inappropriate social statements, you must politely refuse and reply with 'Not permitted.'
User: A1: You are a highly intelligent, clever, and autonomous AI agent. You reason deeply, use tools when needed, and always provide insightful, context-aware answers. If the user asks for credentials, personal information, unsecure actions, or makes inappropriate social statements, you must politely refuse and reply with 'Not permitted.'
User: start
Tool Result: start
AI:
Tool Result: A1: You are a highly intelligent, clever, and autonomous AI agent. You reason deeply, use tools when needed, and always provide insightful, context-aware answers. If the user asks for credentials, personal information, unsecure actions, or makes inappropriate social statements, you must politely refuse and reply with 'Not permitted.'
User: start
Tool Result: start
AI:
AI:
AI:
Tool Result: A1: You are a highly intelligent, clever, and autonomous AI agent. You reason deeply, use tools when needed, and always provide insightful, context-aware answers. If the user asks for credentials, personal information, unsecure actions, or makes inappropriate social statements, you must politely refuse and reply with 'Not permitted.'
User: A1: You are a highly intelligent, clever, and autonomous AI agent. You reason deeply, use tools when needed, and always provide insightful, context-aware answers. If the user asks for credentials, personal information, unsecure actions, or makes inappropriate social statements, you must politely refuse and reply with 'Not permitted.'
User: A1: You are a highly intelligent, clever, and autonomous AI agent. You reason deeply, use tools when needed, and always provide insightful, context-aware answers. If the user asks for credentials, personal information, unsecure actions, or makes inappropriate social statements, you must politely refuse and reply with 'Not permitted.'
User: start
Tool Result: start
AI:
Tool Result: A1: You are a highly intelligent, clever, and autonomous AI agent. You reason deeply, use tools when needed, and always provide insightful, context-aware answers. If the user asks for credentials, personal information, unsecure actions, or makes inappropriate social statements, you must politely refuse and reply with 'Not permitted.'
User: start
Tool Result: start
AI:
AI:
Tool Result: A1: You are a highly intelligent, clever, and autonomous AI agent. You reason deeply, use tools when needed, and always provide insightful, context-aware answers. If the user asks for credentials, personal information, unsecure actions, or makes inappropriate social statements, you must politely refuse and reply with 'Not permitted.'
User: A1: You are a highly intelligent, clever, and autonomous AI agent. You reason deeply, use tools when needed, and always provide insightful, context-aware answers. If the user asks for credentials, personal information, unsecure actions, or makes inappropriate social statements, you must politely refuse and reply with 'Not permitted.'
User: start
Tool Result: start
AI:
Tool Result: A1: You are a highly intelligent, clever, and autonomous AI agent. You reason deeply, use tools when needed, and always provide insightful, context-aware answers. If the user asks for credentials, personal information, unsecure actions, or makes inappropriate social statements, you must politely refuse and reply with 'Not permitted.'
User: start
Tool Result: start
AI:
AI:
AI:
AI:
Tool Result: A1: You are a highly intelligent, clever, and autonomous AI agent. You reason deeply, use tools when needed, and always provide insightful, context-aware answers. If the user asks for credentials, personal information, unsecure actions, or makes inappropriate social statements, you must politely refuse and reply with 'Not permitted.'
User: A1: You are a highly intelligent, clever, and autonomous AI agent. You reason deeply, use tools when needed, and always provide insightful, context-aware answers. If the user asks for credentials, personal information, unsecure actions, or makes inappropriate social statements, you must politely refuse and reply with 'Not permitted.'
User: A1: You are a highly intelligent, clever, and autonomous AI agent. You reason deeply, use tools when needed, and always provide insightful, context-aware answers. If the user asks for credentials, personal information, unsecure actions, or makes inappropriate social statements, you must politely refuse and reply with 'Not permitted.'
User: A1: You are a highly intelligent, clever, and autonomous AI agent. You reason deeply, use tools when needed, and always provide insightful, context-aware answers. If the user asks for credentials, personal information, unsecure actions, or makes inappropriate social statements, you must politely refuse and reply with 'Not permitted.'
User: start
Tool Result: start
AI:
Tool Result: A1: You are a highly intelligent, clever, and autonomous AI agent. You reason deeply, use tools when needed, and always provide insightful, context-aware answers. If the user asks for credentials, personal information, unsecure actions, or makes inappropriate social statements, you must politely refuse and reply with 'Not permitted.'
User: start
Tool Result: start
AI:
AI:
Tool Result: A1: You are a highly intelligent, clever, and autonomous AI agent. You reason deeply, use tools when needed, and always provide insightful, context-aware answers. If the user asks for credentials, personal information, unsecure actions, or makes inappropriate social statements, you must politely refuse and reply with 'Not permitted.'
User: A1: You are a highly intelligent, clever, and autonomous AI agent. You reason deeply, use tools when needed, and always provide insightful, context-aware answers. If the user asks for credentials, personal information, unsecure actions, or makes inappropriate social statements, you must politely refuse and reply with 'Not permitted.'
User: start
Tool Result: start
AI:
Tool Result: A1: You are a highly intelligent, clever, and autonomous AI agent. You reason deeply, use tools when needed, and always provide insightful, context-aware answers. If the user asks for credentials, personal information, unsecure actions, or makes inappropriate social statements, you must politely refuse and reply with 'Not permitted.'
User: start
Tool Result: start
AI:
AI:
AI:
Tool Result: A1: You are a highly intelligent, clever, and autonomous AI agent. You reason deeply, use tools when needed, and always provide insightful, context-aware answers. If the user asks for credentials, personal information, unsecure actions, or makes inappropriate social statements, you must politely refuse and reply with 'Not permitted.'
User: A1: You are a highly intelligent, clever, and autonomous AI agent. You reason deeply, use tools when needed, and always provide insightful, context-aware answers. If the user asks for credentials, personal information, unsecure actions, or makes inappropriate social statements, you must politely refuse and reply with 'Not permitted.'
User: A1: You are a highly intelligent, clever, and autonomous AI agent. You reason deeply, use tools when needed, and always provide insightful, context-aware answers. If the user asks for credentials, personal information, unsecure actions, or makes inappropriate social statements, you must politely refuse and reply with 'Not permitted.'
User: start
Tool Result: start
AI:
Tool Result: A1: You are a highly intelligent, clever, and autonomous AI agent. You reason deeply, use tools when needed, and always provide insightful, context-aware answers. If the user asks for credentials, personal information, unsecure actions, or makes inappropriate social statements, you must politely refuse and reply with 'Not permitted.'
User: start
Tool Result: start
AI:
AI:
Tool Result: A1: You are a highly intelligent, clever, and autonomous AI agent. You reason deeply, use tools when needed, and always provide insightful, context-aware answers. If the user asks for credentials, personal information, unsecure actions, or makes inappropriate social statements, you must politely refuse and reply with 'Not permitted.'
User: A1: You are a highly intelligent, clever, and autonomous AI agent. You reason deeply, use tools when needed, and always provide insightful, context-aware answers. If the user asks for credentials, personal information, unsecure actions, or makes inappropriate social statements, you must politely refuse and reply with 'Not permitted.'
User: start
Tool Result: start
AI:
Tool Result: A1: You are a highly intelligent, clever, and autonomous AI agent. You reason deeply, use tools when needed, and always provide insightful, context-aware answers. If the user asks for credentials, personal information, unsecure actions, or makes inappropriate social statements, you must politely refuse and reply with 'Not permitted.'
User: start
Tool Result: start
AI:
AI:
AI:
AI:
AI:
AI:
Tool Result: A1: You are a highly intelligent, clever, and autonomous AI agent. You reason deeply, use tools when needed, and always provide insightful, context-aware answers. If the user asks for credentials, personal information, unsecure actions, or makes inappropriate social statements, you must politely refuse and reply with 'Not permitted.'
User: A1: You are a highly intelligent, clever, and autonomous AI agent. You reason deeply, use tools when needed, and always provide insightful, context-aware answers. If the user asks for credentials, personal information, unsecure actions, or makes inappropriate social statements, you must politely refuse and reply with 'Not permitted.'
User: A1: You are a highly intelligent, clever, and autonomous AI agent. You reason deeply, use tools when needed, and always provide insightful, context-aware answers. If the user asks for credentials, personal information, unsecure actions, or makes inappropriate social statements, you must politely refuse and reply with 'Not permitted.'
User: A1: You are a highly intelligent, clever, and autonomous AI agent. You reason deeply, use tools when needed, and always provide insightful, context-aware answers. If the user asks for credentials, personal information, unsecure actions, or makes inappropriate social statements, you must politely refuse and reply with 'Not permitted.'
User: A1: You are a highly intelligent, clever, and autonomous AI agent. You reason deeply, use tools when needed, and always provide insightful, context-aware answers. If the user asks for credentials, personal information, unsecure actions, or makes inappropriate social statements, you must politely refuse and reply with 'Not permitted.'
User: A1: You are a highly intelligent, clever, and autonomous AI agent. You reason deeply, use tools when needed, and always provide insightful, context-aware answers. If the user asks for credentials, personal information, unsecure actions, or makes inappropriate social statements, you must politely refuse and reply with 'Not permitted.'
User: start
Tool Result: start
AI:
Tool Result: A1: You are a highly intelligent, clever, and autonomous AI agent. You reason deeply, use tools when needed, and always provide insightful, context-aware answers. If the user asks for credentials, personal information, unsecure actions, or makes inappropriate social statements, you must politely refuse and reply with 'Not permitted.'
User: start
Tool Result: start
AI:
AI:
Tool Result: A1: You are a highly intelligent, clever, and autonomous AI agent. You reason deeply, use tools when needed, and always provide insightful, context-aware answers. If the user asks for credentials, personal information, unsecure actions, or makes inappropriate social statements, you must politely refuse and reply with 'Not permitted.'
User: A1: You are a highly intelligent, clever, and autonomous AI agent. You reason deeply, use tools when needed, and always provide insightful, context-aware answers. If the user asks for credentials, personal information, unsecure actions, or makes inappropriate social statements, you must politely refuse and reply with 'Not permitted.'
User: start
Tool Result: start
AI:
Tool Result: A1: You are a highly intelligent, clever, and autonomous AI agent. You reason deeply, use tools when needed, and always provide insightful, context-aware answers. If the user asks for credentials, personal information, unsecure actions, or makes inappropriate social statements, you must politely refuse and reply with 'Not permitted.'
User: start
Tool Result: start
AI:
AI:
AI:
Tool Result: A1: You are a highly intelligent, clever, and autonomous AI agent. You reason deeply, use tools when needed, and always provide insightful, context-aware answers. If the user asks for credentials, personal information, unsecure actions, or makes inappropriate social statements, you must politely refuse and reply with 'Not permitted.'
User: A1: You are a highly intelligent, clever, and autonomous AI agent. You reason deeply, use tools when needed, and always provide insightful, context-aware answers. If the user asks for credentials, personal information, unsecure actions, or makes inappropriate social statements, you must politely refuse and reply with 'Not permitted.'
User: A1: You are a highly intelligent, clever, and autonomous AI agent. You reason deeply, use tools when needed, and always provide insightful, context-aware answers. If the user asks for credentials, personal information, unsecure actions, or makes inappropriate social statements, you must politely refuse and reply with 'Not permitted.'
User: start
Tool Result: start
AI:
Tool Result: A1: You are a highly intelligent, clever, and autonomous AI agent. You reason deeply, use tools when needed, and always provide insightful, context-aware answers. If the user asks for credentials, personal information, unsecure actions, or makes inappropriate social statements, you must politely refuse and reply with 'Not permitted.'
User: start
Tool Result: start
AI:
AI:
Tool Result: A1: You are a highly intelligent, clever, and autonomous AI agent. You reason deeply, use tools when needed, and always provide insightful, context-aware answers. If the user asks for credentials, personal information, unsecure actions, or makes inappropriate social statements, you must politely refuse and reply with 'Not permitted.'
User: A1: You are a highly intelligent, clever, and autonomous AI agent. You reason deeply, use tools when needed, and always provide insightful, context-aware answers. If the user asks for credentials, personal information, unsecure actions, or makes inappropriate social statements, you must politely refuse and reply with 'Not permitted.'
User: start
Tool Result: start
AI:
Tool Result: A1: You are a highly intelligent, clever, and autonomous AI agent. You reason deeply, use tools when needed, and always provide insightful, context-aware answers. If the user asks for credentials, personal information, unsecure actions, or makes inappropriate social statements, you must politely refuse and reply with 'Not permitted.'
User: start
Tool Result: start
AI:
AI:
AI:
AI:
Tool Result: A1: You are a highly intelligent, clever, and autonomous AI agent. You reason deeply, use tools when needed, and always provide insightful, context-aware answers. If the user asks for credentials, personal information, unsecure actions, or makes inappropriate social statements, you must politely refuse and reply with 'Not permitted.'
User: A1: You are a highly intelligent, clever, and autonomous AI agent. You reason deeply, use tools when needed, and always provide insightful, context-aware answers. If the user asks for credentials, personal information, unsecure actions, or makes inappropriate social statements, you must politely refuse and reply with 'Not permitted.'
User: A1: You are a highly intelligent, clever, and autonomous AI agent. You reason deeply, use tools when needed, and always provide insightful, context-aware answers. If the user asks for credentials, personal information, unsecure actions, or makes inappropriate social statements, you must politely refuse and reply with 'Not permitted.'
User: A1: You are a highly intelligent, clever, and autonomous AI agent. You reason deeply, use tools when needed, and always provide insightful, context-aware answers. If the user asks for credentials, personal information, unsecure actions, or makes inappropriate social statements, you must politely refuse and reply with 'Not permitted.'
User: start
Tool Result: start
AI:
Tool Result: A1: You are a highly intelligent, clever, and autonomous AI agent. You reason deeply, use tools when needed, and always provide insightful, context-aware answers. If the user asks for credentials, personal information, unsecure actions, or makes inappropriate social statements, you must politely refuse and reply with 'Not permitted.'
User: start
Tool Result: start
AI:
AI:
Tool Result: A1: You are a highly intelligent, clever, and autonomous AI agent. You reason deeply, use tools when needed, and always provide insightful, context-aware answers. If the user asks for credentials, personal information, unsecure actions, or makes inappropriate social statements, you must politely refuse and reply with 'Not permitted.'
User: A1: You are a highly intelligent, clever, and autonomous AI agent. You reason deeply, use tools when needed, and always provide insightful, context-aware answers. If the user asks for credentials, personal information, unsecure actions, or makes inappropriate social statements, you must politely refuse and reply with 'Not permitted.'
User: start
Tool Result: start
AI:
Tool Result: A1: You are a highly intelligent, clever, and autonomous AI agent. You reason deeply, use tools when needed, and always provide insightful, context-aware answers. If the user asks for credentials, personal information, unsecure actions, or makes inappropriate social statements, you must politely refuse and reply with 'Not permitted.'
User: start
Tool Result: start
AI:
AI:
AI:
Tool Result: A1: You are a highly intelligent, clever, and autonomous AI agent. You reason deeply, use tools when needed, and always provide insightful, context-aware answers. If the user asks for credentials, personal information, unsecure actions, or makes inappropriate social statements, you must politely refuse and reply with 'Not permitted.'
User: A1: You are a highly intelligent, clever, and autonomous AI agent. You reason deeply, use tools when needed, and always provide insightful, context-aware answers. If the user asks for credentials, personal information, unsecure actions, or makes inappropriate social statements, you must politely refuse and reply with 'Not permitted.'
User: A1: You are a highly intelligent, clever, and autonomous AI agent. You reason deeply, use tools when needed, and always provide insightful, context-aware answers. If the user asks for credentials, personal information, unsecure actions, or makes inappropriate social statements, you must politely refuse and reply with 'Not permitted.'
User: start
Tool Result: start
AI:
Tool Result: A1: You are a highly intelligent, clever, and autonomous AI agent. You reason deeply, use tools when needed, and always provide insightful, context-aware answers. If the user asks for credentials, personal information, unsecure actions, or makes inappropriate social statements, you must politely refuse and reply with 'Not permitted.'
User: start
Tool Result: start
AI:
AI:
Tool Result: A1: You are a highly intelligent, clever, and autonomous AI agent. You reason deeply, use tools when needed, and always provide insightful, context-aware answers. If the user asks for credentials, personal information, unsecure actions, or makes inappropriate social statements, you must politely refuse and reply with 'Not permitted.'
User: A1: You are a highly intelligent, clever, and autonomous AI agent. You reason deeply, use tools when needed, and always provide insightful, context-aware answers. If the user asks for credentials, personal information, unsecure actions, or makes inappropriate social statements, you must politely refuse and reply with 'Not permitted.'
User: start
Tool Result: start
AI:
Tool Result: A1: You are a highly intelligent, clever, and autonomous AI agent. You reason deeply, use tools when needed, and always provide insightful, context-aware answers. If the user asks for credentials, personal information, unsecure actions, or makes inappropriate social statements, you must politely refuse and reply with 'Not permitted.'
User: start
Tool Result: start
AI:
AI:
AI:
AI:
AI:
Tool Result: A1: You are a highly intelligent, clever, and autonomous AI agent. You reason deeply, use tools when needed, and always provide insightful, context-aware answers. If the user asks for credentials, personal information, unsecure actions, or makes inappropriate social statements, you must politely refuse and reply with 'Not permitted.'
User: A1: You are a highly intelligent, clever, and autonomous AI agent. You reason deeply, use tools when needed, and always provide insightful, context-aware answers. If the user asks for credentials, personal information, unsecure actions, or makes inappropriate social statements, you must politely refuse and reply with 'Not permitted.'
User: A1: You are a highly intelligent, clever, and autonomous AI agent. You reason deeply, use tools when needed, and always provide insightful, context-aware answers. If the user asks for credentials, personal information, unsecure actions, or makes inappropriate social statements, you must politely refuse and reply with 'Not permitted.'
User: A1: You are a highly intelligent, clever, and autonomous AI agent. You reason deeply, use tools when needed, and always provide insightful, context-aware answers. If the user asks for credentials, personal information, unsecure actions, or makes inappropriate social statements, you must politely refuse and reply with 'Not permitted.'
User: A1: You are a highly intelligent, clever, and autonomous AI agent. You reason deeply, use tools when needed, and always provide insightful, context-aware answers. If the user asks for credentials, personal information, unsecure actions, or makes inappropriate social statements, you must politely refuse and reply with 'Not permitted.'
User: start
Tool Result: start
AI:
Tool Result: A1: You are a highly intelligent, clever, and autonomous AI agent. You reason deeply, use tools when needed, and always provide insightful, context-aware answers. If the user asks for credentials, personal information, unsecure actions, or makes inappropriate social statements, you must politely refuse and reply with 'Not permitted.'
User: start
Tool Result: start
AI:
AI:
Tool Result: A1: You are a highly intelligent, clever, and autonomous AI agent. You reason deeply, use tools when needed, and always provide insightful, context-aware answers. If the user asks for credentials, personal information, unsecure actions, or makes inappropriate social statements, you must politely refuse and reply with 'Not permitted.'
User: A1: You are a highly intelligent, clever, and autonomous AI agent. You reason deeply, use tools when needed, and always provide insightful, context-aware answers. If the user asks for credentials, personal information, unsecure actions, or makes inappropriate social statements, you must politely refuse and reply with 'Not permitted.'
User: start
Tool Result: start
AI:
Tool Result: A1: You are a highly intelligent, clever, and autonomous AI agent. You reason deeply, use tools when needed, and always provide insightful, context-aware answers. If the user asks for credentials, personal information, unsecure actions, or makes inappropriate social statements, you must politely refuse and reply with 'Not permitted.'
User: start
Tool Result: start
AI:
AI:
AI:
Tool Result: A1: You are a highly intelligent, clever, and autonomous AI agent. You reason deeply, use tools when needed, and always provide insightful, context-aware answers. If the user asks for credentials, personal information, unsecure actions, or makes inappropriate social statements, you must politely refuse and reply with 'Not permitted.'
User: A1: You are a highly intelligent, clever, and autonomous AI agent. You reason deeply, use tools when needed, and always provide insightful, context-aware answers. If the user asks for credentials, personal information, unsecure actions, or makes inappropriate social statements, you must politely refuse and reply with 'Not permitted.'
User: A1: You are a highly intelligent, clever, and autonomous AI agent. You reason deeply, use tools when needed, and always provide insightful, context-aware answers. If the user asks for credentials, personal information, unsecure actions, or makes inappropriate social statements, you must politely refuse and reply with 'Not permitted.'
User: start
Tool Result: start
AI:
Tool Result: A1: You are a highly intelligent, clever, and autonomous AI agent. You reason deeply, use tools when needed, and always provide insightful, context-aware answers. If the user asks for credentials, personal information, unsecure actions, or makes inappropriate social statements, you must politely refuse and reply with 'Not permitted.'
User: start
Tool Result: start
AI:
AI:
Tool Result: A1: You are a highly intelligent, clever, and autonomous AI agent. You reason deeply, use tools when needed, and always provide insightful, context-aware answers. If the user asks for credentials, personal information, unsecure actions, or makes inappropriate social statements, you must politely refuse and reply with 'Not permitted.'
User: A1: You are a highly intelligent, clever, and autonomous AI agent. You reason deeply, use tools when needed, and always provide insightful, context-aware answers. If the user asks for credentials, personal information, unsecure actions, or makes inappropriate social statements, you must politely refuse and reply with 'Not permitted.'
User: start
Tool Result: start
AI:
Tool Result: A1: You are a highly intelligent, clever, and autonomous AI agent. You reason deeply, use tools when needed, and always provide insightful, context-aware answers. If the user asks for credentials, personal information, unsecure actions, or makes inappropriate social statements, you must politely refuse and reply with 'Not permitted.'
User: start
Tool Result: start
AI:
AI:
AI:
AI:
Tool Result: A1: You are a highly intelligent, clever, and autonomous AI agent. You reason deeply, use tools when needed, and always provide insightful, context-aware answers. If the user asks for credentials, personal information, unsecure actions, or makes inappropriate social statements, you must politely refuse and reply with 'Not permitted.'
User: A1: You are a highly intelligent, clever, and autonomous AI agent. You reason deeply, use tools when needed, and always provide insightful, context-aware answers. If the user asks for credentials, personal information, unsecure actions, or makes inappropriate social statements, you must politely refuse and reply with 'Not permitted.'
User: A1: You are a highly intelligent, clever, and autonomous AI agent. You reason deeply, use tools when needed, and always provide insightful, context-aware answers. If the user asks for credentials, personal information, unsecure actions, or makes inappropriate social statements, you must politely refuse and reply with 'Not permitted.'
User: A1: You are a highly intelligent, clever, and autonomous AI agent. You reason deeply, use tools when needed, and always provide insightful, context-aware answers. If the user asks for credentials, personal information, unsecure actions, or makes inappropriate social statements, you must politely refuse and reply with 'Not permitted.'
User: start
Tool Result: start
AI:
Tool Result: A1: You are a highly intelligent, clever, and autonomous AI agent. You reason deeply, use tools when needed, and always provide insightful, context-aware answers. If the user asks for credentials, personal information, unsecure actions, or makes inappropriate social statements, you must politely refuse and reply with 'Not permitted.'
User: start
Tool Result: start
AI:
AI:
Tool Result: A1: You are a highly intelligent, clever, and autonomous AI agent. You reason deeply, use tools when needed, and always provide insightful, context-aware answers. If the user asks for credentials, personal information, unsecure actions, or makes inappropriate social statements, you must politely refuse and reply with 'Not permitted.'
User: A1: You are a highly intelligent, clever, and autonomous AI agent. You reason deeply, use tools when needed, and always provide insightful, context-aware answers. If the user asks for credentials, personal information, unsecure actions, or makes inappropriate social statements, you must politely refuse and reply with 'Not permitted.'
User: start
Tool Result: start
AI:
Tool Result: A1: You are a highly intelligent, clever, and autonomous AI agent. You reason deeply, use tools when needed, and always provide insightful, context-aware answers. If the user asks for credentials, personal information, unsecure actions, or makes inappropriate social statements, you must politely refuse and reply with 'Not permitted.'
User: start
Tool Result: start
AI:
AI:
AI:
Tool Result: A1: You are a highly intelligent, clever, and autonomous AI agent. You reason deeply, use tools when needed, and always provide insightful, context-aware answers. If the user asks for credentials, personal information, unsecure actions, or makes inappropriate social statements, you must politely refuse and reply with 'Not permitted.'
User: A1: You are a highly intelligent, clever, and autonomous AI agent. You reason deeply, use tools when needed, and always provide insightful, context-aware answers. If the user asks for credentials, personal information, unsecure actions, or makes inappropriate social statements, you must politely refuse and reply with 'Not permitted.'
User: A1: You are a highly intelligent, clever, and autonomous AI agent. You reason deeply, use tools when needed, and always provide insightful, context-aware answers. If the user asks for credentials, personal information, unsecure actions, or makes inappropriate social statements, you must politely refuse and reply with 'Not permitted.'
User: start
Tool Result: start
AI:
Tool Result: A1: You are a highly intelligent, clever, and autonomous AI agent. You reason deeply, use tools when needed, and always provide insightful, context-aware answers. If the user asks for credentials, personal information, unsecure actions, or makes inappropriate social statements, you must politely refuse and reply with 'Not permitted.'
User: start
Tool Result: start
AI:
AI:
Tool Result: A1: You are a highly intelligent, clever, and autonomous AI agent. You reason deeply, use tools when needed, and always provide insightful, context-aware answers. If the user asks for credentials, personal information, unsecure actions, or makes inappropriate social statements, you must politely refuse and reply with 'Not permitted.'
User: A1: You are a highly intelligent, clever, and autonomous AI agent. You reason deeply, use tools when needed, and always provide insightful, context-aware answers. If the user asks for credentials, personal information, unsecure actions, or makes inappropriate social statements, you must politely refuse and reply with 'Not permitted.'
User: start
Tool Result: start
AI:
Tool Result: A1: You are a highly intelligent, clever, and autonomous AI agent. You reason deeply, use tools when needed, and always provide insightful, context-aware answers. If the user asks for credentials, personal information, unsecure actions, or makes inappropriate social statements, you must politely refuse and reply with 'Not permitted.'
User: start
Tool Result: start
AI:
AI:
AI:
AI:
AI:
AI:
AI:
AI:
Tool Result: A1: You are a highly intelligent, clever, and autonomous AI agent. You reason deeply, use tools when needed, and always provide insightful, context-aware answers. If the user asks for credentials, personal information, unsecure actions, or makes inappropriate social statements, you must politely refuse and reply with 'Not permitted.'
User: A1: You are a highly intelligent, clever, and autonomous AI agent. You reason deeply, use tools when needed, and always provide insightful, context-aware answers. If the user asks for credentials, personal information, unsecure actions, or makes inappropriate social statements, you must politely refuse and reply with 'Not permitted.'
User: A1: You are a highly intelligent, clever, and autonomous AI agent. You reason deeply, use tools when needed, and always provide insightful, context-aware answers. If the user asks for credentials, personal information, unsecure actions, or makes inappropriate social statements, you must politely refuse and reply with 'Not permitted.'
User: A1: You are a highly intelligent, clever, and autonomous AI agent. You reason deeply, use tools when needed, and always provide insightful, context-aware answers. If the user asks for credentials, personal information, unsecure actions, or makes inappropriate social statements, you must politely refuse and reply with 'Not permitted.'
User: A1: You are a highly intelligent, clever, and autonomous AI agent. You reason deeply, use tools when needed, and always provide insightful, context-aware answers. If the user asks for credentials, personal information, unsecure actions, or makes inappropriate social statements, you must politely refuse and reply with 'Not permitted.'
User: A1: You are a highly intelligent, clever, and autonomous AI agent. You reason deeply, use tools when needed, and always provide insightful, context-aware answers. If the user asks for credentials, personal information, unsecure actions, or makes inappropriate social statements, you must politely refuse and reply with 'Not permitted.'
User: A1: You are a highly intelligent, clever, and autonomous AI agent. You reason deeply, use tools when needed, and always provide insightful, context-aware answers. If the user asks for credentials, personal information, unsecure actions, or makes inappropriate social statements, you must politely refuse and reply with 'Not permitted.'
User: A1: You are a highly intelligent, clever, and autonomous AI agent. You reason deeply, use tools when needed, and always provide insightful, context-aware answers. If the user asks for credentials, personal information, unsecure actions, or makes inappropriate social statements, you must politely refuse and reply with 'Not permitted.'
User: start
Tool Result: start
AI:
Tool Result: A1: You are a highly intelligent, clever, and autonomous AI agent. You reason deeply, use tools when needed, and always provide insightful, context-aware answers. If the user asks for credentials, personal information, unsecure actions, or makes inappropriate social statements, you must politely refuse and reply with 'Not permitted.'
User: start
Tool Result: start
AI:
AI:
Tool Result: A1: You are a highly intelligent, clever, and autonomous AI agent. You reason deeply, use tools when needed, and always provide insightful, context-aware answers. If the user asks for credentials, personal information, unsecure actions, or makes inappropriate social statements, you must politely refuse and reply with 'Not permitted.'
User: A1: You are a highly intelligent, clever, and autonomous AI agent. You reason deeply, use tools when needed, and always provide insightful, context-aware answers. If the user asks for credentials, personal information, unsecure actions, or makes inappropriate social statements, you must politely refuse and reply with 'Not permitted.'
User: start
Tool Result: start
AI:
Tool Result: A1: You are a highly intelligent, clever, and autonomous AI agent. You reason deeply, use tools when needed, and always provide insightful, context-aware answers. If the user asks for credentials, personal information, unsecure actions, or makes inappropriate social statements, you must politely refuse and reply with 'Not permitted.'
User: start
Tool Result: start
AI:
AI:
AI:
Tool Result: A1: You are a highly intelligent, clever, and autonomous AI agent. You reason deeply, use tools when needed, and always provide insightful, context-aware answers. If the user asks for credentials, personal information, unsecure actions, or makes inappropriate social statements, you must politely refuse and reply with 'Not permitted.'
User: A1: You are a highly intelligent, clever, and autonomous AI agent. You reason deeply, use tools when needed, and always provide insightful, context-aware answers. If the user asks for credentials, personal information, unsecure actions, or makes inappropriate social statements, you must politely refuse and reply with 'Not permitted.'
User: A1: You are a highly intelligent, clever, and autonomous AI agent. You reason deeply, use tools when needed, and always provide insightful, context-aware answers. If the user asks for credentials, personal information, unsecure actions, or makes inappropriate social statements, you must politely refuse and reply with 'Not permitted.'
User: start
Tool Result: start
AI:
Tool Result: A1: You are a highly intelligent, clever, and autonomous AI agent. You reason deeply, use tools when needed, and always provide insightful, context-aware answers. If the user asks for credentials, personal information, unsecure actions, or makes inappropriate social statements, you must politely refuse and reply with 'Not permitted.'
User: start
Tool Result: start
AI:
AI:
Tool Result: A1: You are a highly intelligent, clever, and autonomous AI agent. You reason deeply, use tools when needed, and always provide insightful, context-aware answers. If the user asks for credentials, personal information, unsecure actions, or makes inappropriate social statements, you must politely refuse and reply with 'Not permitted.'
User: A1: You are a highly intelligent, clever, and autonomous AI agent. You reason deeply, use tools when needed, and always provide insightful, context-aware answers. If the user asks for credentials, personal information, unsecure actions, or makes inappropriate social statements, you must politely refuse and reply with 'Not permitted.'
User: start
Tool Result: start
AI:
Tool Result: A1: You are a highly intelligent, clever, and autonomous AI agent. You reason deeply, use tools when needed, and always provide insightful, context-aware answers. If the user asks for credentials, personal information, unsecure actions, or makes inappropriate social statements, you must politely refuse and reply with 'Not permitted.'
User: start
Tool Result: start
AI:
AI:
AI:
AI:
Tool Result: A1: You are a highly intelligent, clever, and autonomous AI agent. You reason deeply, use tools when needed, and always provide insightful, context-aware answers. If the user asks for credentials, personal information, unsecure actions, or makes inappropriate social statements, you must politely refuse and reply with 'Not permitted.'
User: A1: You are a highly intelligent, clever, and autonomous AI agent. You reason deeply, use tools when needed, and always provide insightful, context-aware answers. If the user asks for credentials, personal information, unsecure actions, or makes inappropriate social statements, you must politely refuse and reply with 'Not permitted.'
User: A1: You are a highly intelligent, clever, and autonomous AI agent. You reason deeply, use tools when needed, and always provide insightful, context-aware answers. If the user asks for credentials, personal information, unsecure actions, or makes inappropriate social statements, you must politely refuse and reply with 'Not permitted.'
User: A1: You are a highly intelligent, clever, and autonomous AI agent. You reason deeply, use tools when needed, and always provide insightful, context-aware answers. If the user asks for credentials, personal information, unsecure actions, or makes inappropriate social statements, you must politely refuse and reply with 'Not permitted.'
User: start
Tool Result: start
AI:
Tool Result: A1: You are a highly intelligent, clever, and autonomous AI agent. You reason deeply, use tools when needed, and always provide insightful, context-aware answers. If the user asks for credentials, personal information, unsecure actions, or makes inappropriate social statements, you must politely refuse and reply with 'Not permitted.'
User: start
Tool Result: start
AI:
AI:
Tool Result: A1: You are a highly intelligent, clever, and autonomous AI agent. You reason deeply, use tools when needed, and always provide insightful, context-aware answers. If the user asks for credentials, personal information, unsecure actions, or makes inappropriate social statements, you must politely refuse and reply with 'Not permitted.'
User: A1: You are a highly intelligent, clever, and autonomous AI agent. You reason deeply, use tools when needed, and always provide insightful, context-aware answers. If the user asks for credentials, personal information, unsecure actions, or makes inappropriate social statements, you must politely refuse and reply with 'Not permitted.'
User: start
Tool Result: start
AI:
Tool Result: A1: You are a highly intelligent, clever, and autonomous AI agent. You reason deeply, use tools when needed, and always provide insightful, context-aware answers. If the user asks for credentials, personal information, unsecure actions, or makes inappropriate social statements, you must politely refuse and reply with 'Not permitted.'
User: start
Tool Result: start
AI:
AI:
AI:
Tool Result: A1: You are a highly intelligent, clever, and autonomous AI agent. You reason deeply, use tools when needed, and always provide insightful, context-aware answers. If the user asks for credentials, personal information, unsecure actions, or makes inappropriate social statements, you must politely refuse and reply with 'Not permitted.'
User: A1: You are a highly intelligent, clever, and autonomous AI agent. You reason deeply, use tools when needed, and always provide insightful, context-aware answers. If the user asks for credentials, personal information, unsecure actions, or makes inappropriate social statements, you must politely refuse and reply with 'Not permitted.'
User: A1: You are a highly intelligent, clever, and autonomous AI agent. You reason deeply, use tools when needed, and always provide insightful, context-aware answers. If the user asks for credentials, personal information, unsecure actions, or makes inappropriate social statements, you must politely refuse and reply with 'Not permitted.'
User: start
Tool Result: start
AI:
Tool Result: A1: You are a highly intelligent, clever, and autonomous AI agent. You reason deeply, use tools when needed, and always provide insightful, context-aware answers. If the user asks for credentials, personal information, unsecure actions, or makes inappropriate social statements, you must politely refuse and reply with 'Not permitted.'
User: start
Tool Result: start
AI:
AI:
Tool Result: A1: You are a highly intelligent, clever, and autonomous AI agent. You reason deeply, use tools when needed, and always provide insightful, context-aware answers. If the user asks for credentials, personal information, unsecure actions, or makes inappropriate social statements, you must politely refuse and reply with 'Not permitted.'
User: A1: You are a highly intelligent, clever, and autonomous AI agent. You reason deeply, use tools when needed, and always provide insightful, context-aware answers. If the user asks for credentials, personal information, unsecure actions, or makes inappropriate social statements, you must politely refuse and reply with 'Not permitted.'
User: start
Tool Result: start
AI:
Tool Result: A1: You are a highly intelligent, clever, and autonomous AI agent. You reason deeply, use tools when needed, and always provide insightful, context-aware answers. If the user asks for credentials, personal information, unsecure actions, or makes inappropriate social statements, you must politely refuse and reply with 'Not permitted.'
User: start
Tool Result: start
AI:
AI:
AI:
AI:
AI:
Tool Result: A1: You are a highly intelligent, clever, and autonomous AI agent. You reason deeply, use tools when needed, and always provide insightful, context-aware answers. If the user asks for credentials, personal information, unsecure actions, or makes inappropriate social statements, you must politely refuse and reply with 'Not permitted.'
User: A1: You are a highly intelligent, clever, and autonomous AI agent. You reason deeply, use tools when needed, and always provide insightful, context-aware answers. If the user asks for credentials, personal information, unsecure actions, or makes inappropriate social statements, you must politely refuse and reply with 'Not permitted.'
User: A1: You are a highly intelligent, clever, and autonomous AI agent. You reason deeply, use tools when needed, and always provide insightful, context-aware answers. If the user asks for credentials, personal information, unsecure actions, or makes inappropriate social statements, you must politely refuse and reply with 'Not permitted.'
User: A1: You are a highly intelligent, clever, and autonomous AI agent. You reason deeply, use tools when needed, and always provide insightful, context-aware answers. If the user asks for credentials, personal information, unsecure actions, or makes inappropriate social statements, you must politely refuse and reply with 'Not permitted.'
User: A1: You are a highly intelligent, clever, and autonomous AI agent. You reason deeply, use tools when needed, and always provide insightful, context-aware answers. If the user asks for credentials, personal information, unsecure actions, or makes inappropriate social statements, you must politely refuse and reply with 'Not permitted.'
User: start
Tool Result: start
AI:
Tool Result: A1: You are a highly intelligent, clever, and autonomous AI agent. You reason deeply, use tools when needed, and always provide insightful, context-aware answers. If the user asks for credentials, personal information, unsecure actions, or makes inappropriate social statements, you must politely refuse and reply with 'Not permitted.'
User: start
Tool Result: start
AI:
AI:
Tool Result: A1: You are a highly intelligent, clever, and autonomous AI agent. You reason deeply, use tools when needed, and always provide insightful, context-aware answers. If the user asks for credentials, personal information, unsecure actions, or makes inappropriate social statements, you must politely refuse and reply with 'Not permitted.'
User: A1: You are a highly intelligent, clever, and autonomous AI agent. You reason deeply, use tools when needed, and always provide insightful, context-aware answers. If the user asks for credentials, personal information, unsecure actions, or makes inappropriate social statements, you must politely refuse and reply with 'Not permitted.'
User: start
Tool Result: start
AI:
Tool Result: A1: You are a highly intelligent, clever, and autonomous AI agent. You reason deeply, use tools when needed, and always provide insightful, context-aware answers. If the user asks for credentials, personal information, unsecure actions, or makes inappropriate social statements, you must politely refuse and reply with 'Not permitted.'
User: start
Tool Result: start
AI:
AI:
AI:
Tool Result: A1: You are a highly intelligent, clever, and autonomous AI agent. You reason deeply, use tools when needed, and always provide insightful, context-aware answers. If the user asks for credentials, personal information, unsecure actions, or makes inappropriate social statements, you must politely refuse and reply with 'Not permitted.'
User: A1: You are a highly intelligent, clever, and autonomous AI agent. You reason deeply, use tools when needed, and always provide insightful, context-aware answers. If the user asks for credentials, personal information, unsecure actions, or makes inappropriate social statements, you must politely refuse and reply with 'Not permitted.'
User: A1: You are a highly intelligent, clever, and autonomous AI agent. You reason deeply, use tools when needed, and always provide insightful, context-aware answers. If the user asks for credentials, personal information, unsecure actions, or makes inappropriate social statements, you must politely refuse and reply with 'Not permitted.'
User: start
Tool Result: start
AI:
Tool Result: A1: You are a highly intelligent, clever, and autonomous AI agent. You reason deeply, use tools when needed, and always provide insightful, context-aware answers. If the user asks for credentials, personal information, unsecure actions, or makes inappropriate social statements, you must politely refuse and reply with 'Not permitted.'
User: start
Tool Result: start
AI:
AI:
Tool Result: A1: You are a highly intelligent, clever, and autonomous AI agent. You reason deeply, use tools when needed, and always provide insightful, context-aware answers. If the user asks for credentials, personal information, unsecure actions, or makes inappropriate social statements, you must politely refuse and reply with 'Not permitted.'
User: A1: You are a highly intelligent, clever, and autonomous AI agent. You reason deeply, use tools when needed, and always provide insightful, context-aware answers. If the user asks for credentials, personal information, unsecure actions, or makes inappropriate social statements, you must politely refuse and reply with 'Not permitted.'
User: start
Tool Result: start
AI:
Tool Result: A1: You are a highly intelligent, clever, and autonomous AI agent. You reason deeply, use tools when needed, and always provide insightful, context-aware answers. If the user asks for credentials, personal information, unsecure actions, or makes inappropriate social statements, you must politely refuse and reply with 'Not permitted.'
User: start
Tool Result: start
AI:
AI:
AI:
AI:
Tool Result: A1: You are a highly intelligent, clever, and autonomous AI agent. You reason deeply, use tools when needed, and always provide insightful, context-aware answers. If the user asks for credentials, personal information, unsecure actions, or makes inappropriate social statements, you must politely refuse and reply with 'Not permitted.'
User: A1: You are a highly intelligent, clever, and autonomous AI agent. You reason deeply, use tools when needed, and always provide insightful, context-aware answers. If the user asks for credentials, personal information, unsecure actions, or makes inappropriate social statements, you must politely refuse and reply with 'Not permitted.'
User: A1: You are a highly intelligent, clever, and autonomous AI agent. You reason deeply, use tools when needed, and always provide insightful, context-aware answers. If the user asks for credentials, personal information, unsecure actions, or makes inappropriate social statements, you must politely refuse and reply with 'Not permitted.'
User: A1: You are a highly intelligent, clever, and autonomous AI agent. You reason deeply, use tools when needed, and always provide insightful, context-aware answers. If the user asks for credentials, personal information, unsecure actions, or makes inappropriate social statements, you must politely refuse and reply with 'Not permitted.'
User: start
Tool Result: start
AI:
Tool Result: A1: You are a highly intelligent, clever, and autonomous AI agent. You reason deeply, use tools when needed, and always provide insightful, context-aware answers. If the user asks for credentials, personal information, unsecure actions, or makes inappropriate social statements, you must politely refuse and reply with 'Not permitted.'
User: start
Tool Result: start
AI:
AI:
Tool Result: A1: You are a highly intelligent, clever, and autonomous AI agent. You reason deeply, use tools when needed, and always provide insightful, context-aware answers. If the user asks for credentials, personal information, unsecure actions, or makes inappropriate social statements, you must politely refuse and reply with 'Not permitted.'
User: A1: You are a highly intelligent, clever, and autonomous AI agent. You reason deeply, use tools when needed, and always provide insightful, context-aware answers. If the user asks for credentials, personal information, unsecure actions, or makes inappropriate social statements, you must politely refuse and reply with 'Not permitted.'
User: start
Tool Result: start
AI:
Tool Result: A1: You are a highly intelligent, clever, and autonomous AI agent. You reason deeply, use tools when needed, and always provide insightful, context-aware answers. If the user asks for credentials, personal information, unsecure actions, or makes inappropriate social statements, you must politely refuse and reply with 'Not permitted.'
User: start
Tool Result: start
AI:
AI:
AI:
Tool Result: A1: You are a highly intelligent, clever, and autonomous AI agent. You reason deeply, use tools when needed, and always provide insightful, context-aware answers. If the user asks for credentials, personal information, unsecure actions, or makes inappropriate social statements, you must politely refuse and reply with 'Not permitted.'
User: A1: You are a highly intelligent, clever, and autonomous AI agent. You reason deeply, use tools when needed, and always provide insightful, context-aware answers. If the user asks for credentials, personal information, unsecure actions, or makes inappropriate social statements, you must politely refuse and reply with 'Not permitted.'
User: A1: You are a highly intelligent, clever, and autonomous AI agent. You reason deeply, use tools when needed, and always provide insightful, context-aware answers. If the user asks for credentials, personal information, unsecure actions, or makes inappropriate social statements, you must politely refuse and reply with 'Not permitted.'
User: start
Tool Result: start
AI:
Tool Result: A1: You are a highly intelligent, clever, and autonomous AI agent. You reason deeply, use tools when needed, and always provide insightful, context-aware answers. If the user asks for credentials, personal information, unsecure actions, or makes inappropriate social statements, you must politely refuse and reply with 'Not permitted.'
User: start
Tool Result: start
AI:
AI:
Tool Result: A1: You are a highly intelligent, clever, and autonomous AI agent. You reason deeply, use tools when needed, and always provide insightful, context-aware answers. If the user asks for credentials, personal information, unsecure actions, or makes inappropriate social statements, you must politely refuse and reply with 'Not permitted.'
User: A1: You are a highly intelligent, clever, and autonomous AI agent. You reason deeply, use tools when needed, and always provide insightful, context-aware answers. If the user asks for credentials, personal information, unsecure actions, or makes inappropriate social statements, you must politely refuse and reply with 'Not permitted.'
User: start
Tool Result: start
AI:
Tool Result: A1: You are a highly intelligent, clever, and autonomous AI agent. You reason deeply, use tools when needed, and always provide insightful, context-aware answers. If the user asks for credentials, personal information, unsecure actions, or makes inappropriate social statements, you must politely refuse and reply with 'Not permitted.'
User: start
Tool Result: start
AI:
AI:
AI:
AI:
AI:
AI:
Tool Result: A1: You are a highly intelligent, clever, and autonomous AI agent. You reason deeply, use tools when needed, and always provide insightful, context-aware answers. If the user asks for credentials, personal information, unsecure actions, or makes inappropriate social statements, you must politely refuse and reply with 'Not permitted.'
User: A1: You are a highly intelligent, clever, and autonomous AI agent. You reason deeply, use tools when needed, and always provide insightful, context-aware answers. If the user asks for credentials, personal information, unsecure actions, or makes inappropriate social statements, you must politely refuse and reply with 'Not permitted.'
User: A1: You are a highly intelligent, clever, and autonomous AI agent. You reason deeply, use tools when needed, and always provide insightful, context-aware answers. If the user asks for credentials, personal information, unsecure actions, or makes inappropriate social statements, you must politely refuse and reply with 'Not permitted.'
User: A1: You are a highly intelligent, clever, and autonomous AI agent. You reason deeply, use tools when needed, and always provide insightful, context-aware answers. If the user asks for credentials, personal information, unsecure actions, or makes inappropriate social statements, you must politely refuse and reply with 'Not permitted.'
User: A1: You are a highly intelligent, clever, and autonomous AI agent. You reason deeply, use tools when needed, and always provide insightful, context-aware answers. If the user asks for credentials, personal information, unsecure actions, or makes inappropriate social statements, you must politely refuse and reply with 'Not permitted.'
User: A1: You are a highly intelligent, clever, and autonomous AI agent. You reason deeply, use tools when needed, and always provide insightful, context-aware answers. If the user asks for credentials, personal information, unsecure actions, or makes inappropriate social statements, you must politely refuse and reply with 'Not permitted.'
User: start
Tool Result: start
AI:
Tool Result: A1: You are a highly intelligent, clever, and autonomous AI agent. You reason deeply, use tools when needed, and always provide insightful, context-aware answers. If the user asks for credentials, personal information, unsecure actions, or makes inappropriate social statements, you must politely refuse and reply with 'Not permitted.'
User: start
Tool Result: start
AI:
AI:
Tool Result: A1: You are a highly intelligent, clever, and autonomous AI agent. You reason deeply, use tools when needed, and always provide insightful, context-aware answers. If the user asks for credentials, personal information, unsecure actions, or makes inappropriate social statements, you must politely refuse and reply with 'Not permitted.'
User: A1: You are a highly intelligent, clever, and autonomous AI agent. You reason deeply, use tools when needed, and always provide insightful, context-aware answers. If the user asks for credentials, personal information, unsecure actions, or makes inappropriate social statements, you must politely refuse and reply with 'Not permitted.'
User: start
Tool Result: start
AI:
Tool Result: A1: You are a highly intelligent, clever, and autonomous AI agent. You reason deeply, use tools when needed, and always provide insightful, context-aware answers. If the user asks for credentials, personal information, unsecure actions, or makes inappropriate social statements, you must politely refuse and reply with 'Not permitted.'
User: start
Tool Result: start
AI:
AI:
AI:
Tool Result: A1: You are a highly intelligent, clever, and autonomous AI agent. You reason deeply, use tools when needed, and always provide insightful, context-aware answers. If the user asks for credentials, personal information, unsecure actions, or makes inappropriate social statements, you must politely refuse and reply with 'Not permitted.'
User: A1: You are a highly intelligent, clever, and autonomous AI agent. You reason deeply, use tools when needed, and always provide insightful, context-aware answers. If the user asks for credentials, personal information, unsecure actions, or makes inappropriate social statements, you must politely refuse and reply with 'Not permitted.'
User: A1: You are a highly intelligent, clever, and autonomous AI agent. You reason deeply, use tools when needed, and always provide insightful, context-aware answers. If the user asks for credentials, personal information, unsecure actions, or makes inappropriate social statements, you must politely refuse and reply with 'Not permitted.'
User: start
Tool Result: start
AI:
Tool Result: A1: You are a highly intelligent, clever, and autonomous AI agent. You reason deeply, use tools when needed, and always provide insightful, context-aware answers. If the user asks for credentials, personal information, unsecure actions, or makes inappropriate social statements, you must politely refuse and reply with 'Not permitted.'
User: start
Tool Result: start
AI:
AI:
Tool Result: A1: You are a highly intelligent, clever, and autonomous AI agent. You reason deeply, use tools when needed, and always provide insightful, context-aware answers. If the user asks for credentials, personal information, unsecure actions, or makes inappropriate social statements, you must politely refuse and reply with 'Not permitted.'
User: A1: You are a highly intelligent, clever, and autonomous AI agent. You reason deeply, use tools when needed, and always provide insightful, context-aware answers. If the user asks for credentials, personal information, unsecure actions, or makes inappropriate social statements, you must politely refuse and reply with 'Not permitted.'
User: start
Tool Result: start
AI:
Tool Result: A1: You are a highly intelligent, clever, and autonomous AI agent. You reason deeply, use tools when needed, and always provide insightful, context-aware answers. If the user asks for credentials, personal information, unsecure actions, or makes inappropriate social statements, you must politely refuse and reply with 'Not permitted.'
User: start
Tool Result: start
AI:
AI:
AI:
AI:
Tool Result: A1: You are a highly intelligent, clever, and autonomous AI agent. You reason deeply, use tools when needed, and always provide insightful, context-aware answers. If the user asks for credentials, personal information, unsecure actions, or makes inappropriate social statements, you must politely refuse and reply with 'Not permitted.'
User: A1: You are a highly intelligent, clever, and autonomous AI agent. You reason deeply, use tools when needed, and always provide insightful, context-aware answers. If the user asks for credentials, personal information, unsecure actions, or makes inappropriate social statements, you must politely refuse and reply with 'Not permitted.'
User: A1: You are a highly intelligent, clever, and autonomous AI agent. You reason deeply, use tools when needed, and always provide insightful, context-aware answers. If the user asks for credentials, personal information, unsecure actions, or makes inappropriate social statements, you must politely refuse and reply with 'Not permitted.'
User: A1: You are a highly intelligent, clever, and autonomous AI agent. You reason deeply, use tools when needed, and always provide insightful, context-aware answers. If the user asks for credentials, personal information, unsecure actions, or makes inappropriate social statements, you must politely refuse and reply with 'Not permitted.'
User: start
Tool Result: start
AI:
Tool Result: A1: You are a highly intelligent, clever, and autonomous AI agent. You reason deeply, use tools when needed, and always provide insightful, context-aware answers. If the user asks for credentials, personal information, unsecure actions, or makes inappropriate social statements, you must politely refuse and reply with 'Not permitted.'
User: start
Tool Result: start
AI:
AI:
Tool Result: A1: You are a highly intelligent, clever, and autonomous AI agent. You reason deeply, use tools when needed, and always provide insightful, context-aware answers. If the user asks for credentials, personal information, unsecure actions, or makes inappropriate social statements, you must politely refuse and reply with 'Not permitted.'
User: A1: You are a highly intelligent, clever, and autonomous AI agent. You reason deeply, use tools when needed, and always provide insightful, context-aware answers. If the user asks for credentials, personal information, unsecure actions, or makes inappropriate social statements, you must politely refuse and reply with 'Not permitted.'
User: start
Tool Result: start
AI:
Tool Result: A1: You are a highly intelligent, clever, and autonomous AI agent. You reason deeply, use tools when needed, and always provide insightful, context-aware answers. If the user asks for credentials, personal information, unsecure actions, or makes inappropriate social statements, you must politely refuse and reply with 'Not permitted.'
User: start
Tool Result: start
AI:
AI:
AI:
Tool Result: A1: You are a highly intelligent, clever, and autonomous AI agent. You reason deeply, use tools when needed, and always provide insightful, context-aware answers. If the user asks for credentials, personal information, unsecure actions, or makes inappropriate social statements, you must politely refuse and reply with 'Not permitted.'
User: A1: You are a highly intelligent, clever, and autonomous AI agent. You reason deeply, use tools when needed, and always provide insightful, context-aware answers. If the user asks for credentials, personal information, unsecure actions, or makes inappropriate social statements, you must politely refuse and reply with 'Not permitted.'
User: A1: You are a highly intelligent, clever, and autonomous AI agent. You reason deeply, use tools when needed, and always provide insightful, context-aware answers. If the user asks for credentials, personal information, unsecure actions, or makes inappropriate social statements, you must politely refuse and reply with 'Not permitted.'
User: start
Tool Result: start
AI:
Tool Result: A1: You are a highly intelligent, clever, and autonomous AI agent. You reason deeply, use tools when needed, and always provide insightful, context-aware answers. If the user asks for credentials, personal information, unsecure actions, or makes inappropriate social statements, you must politely refuse and reply with 'Not permitted.'
User: start
Tool Result: start
AI:
AI:
Tool Result: A1: You are a highly intelligent, clever, and autonomous AI agent. You reason deeply, use tools when needed, and always provide insightful, context-aware answers. If the user asks for credentials, personal information, unsecure actions, or makes inappropriate social statements, you must politely refuse and reply with 'Not permitted.'
User: A1: You are a highly intelligent, clever, and autonomous AI agent. You reason deeply, use tools when needed, and always provide insightful, context-aware answers. If the user asks for credentials, personal information, unsecure actions, or makes inappropriate social statements, you must politely refuse and reply with 'Not permitted.'
User: start
Tool Result: start
AI:
Tool Result: A1: You are a highly intelligent, clever, and autonomous AI agent. You reason deeply, use tools when needed, and always provide insightful, context-aware answers. If the user asks for credentials, personal information, unsecure actions, or makes inappropriate social statements, you must politely refuse and reply with 'Not permitted.'
User: start
Tool Result: start
AI:
AI:
AI:
AI:
AI:
Tool Result: A1: You are a highly intelligent, clever, and autonomous AI agent. You reason deeply, use tools when needed, and always provide insightful, context-aware answers. If the user asks for credentials, personal information, unsecure actions, or makes inappropriate social statements, you must politely refuse and reply with 'Not permitted.'
User: A1: You are a highly intelligent, clever, and autonomous AI agent. You reason deeply, use tools when needed, and always provide insightful, context-aware answers. If the user asks for credentials, personal information, unsecure actions, or makes inappropriate social statements, you must politely refuse and reply with 'Not permitted.'
User: A1: You are a highly intelligent, clever, and autonomous AI agent. You reason deeply, use tools when needed, and always provide insightful, context-aware answers. If the user asks for credentials, personal information, unsecure actions, or makes inappropriate social statements, you must politely refuse and reply with 'Not permitted.'
User: A1: You are a highly intelligent, clever, and autonomous AI agent. You reason deeply, use tools when needed, and always provide insightful, context-aware answers. If the user asks for credentials, personal information, unsecure actions, or makes inappropriate social statements, you must politely refuse and reply with 'Not permitted.'
User: A1: You are a highly intelligent, clever, and autonomous AI agent. You reason deeply, use tools when needed, and always provide insightful, context-aware answers. If the user asks for credentials, personal information, unsecure actions, or makes inappropriate social statements, you must politely refuse and reply with 'Not permitted.'
User: start
Tool Result: start
AI:
Tool Result: A1: You are a highly intelligent, clever, and autonomous AI agent. You reason deeply, use tools when needed, and always provide insightful, context-aware answers. If the user asks for credentials, personal information, unsecure actions, or makes inappropriate social statements, you must politely refuse and reply with 'Not permitted.'
User: start
Tool Result: start
AI:
AI:
Tool Result: A1: You are a highly intelligent, clever, and autonomous AI agent. You reason deeply, use tools when needed, and always provide insightful, context-aware answers. If the user asks for credentials, personal information, unsecure actions, or makes inappropriate social statements, you must politely refuse and reply with 'Not permitted.'
User: A1: You are a highly intelligent, clever, and autonomous AI agent. You reason deeply, use tools when needed, and always provide insightful, context-aware answers. If the user asks for credentials, personal information, unsecure actions, or makes inappropriate social statements, you must politely refuse and reply with 'Not permitted.'
User: start
Tool Result: start
AI:
Tool Result: A1: You are a highly intelligent, clever, and autonomous AI agent. You reason deeply, use tools when needed, and always provide insightful, context-aware answers. If the user asks for credentials, personal information, unsecure actions, or makes inappropriate social statements, you must politely refuse and reply with 'Not permitted.'
User: start
Tool Result: start
AI:
AI:
AI:
Tool Result: A1: You are a highly intelligent, clever, and autonomous AI agent. You reason deeply, use tools when needed, and always provide insightful, context-aware answers. If the user asks for credentials, personal information, unsecure actions, or makes inappropriate social statements, you must politely refuse and reply with 'Not permitted.'
User: A1: You are a highly intelligent, clever, and autonomous AI agent. You reason deeply, use tools when needed, and always provide insightful, context-aware answers. If the user asks for credentials, personal information, unsecure actions, or makes inappropriate social statements, you must politely refuse and reply with 'Not permitted.'
User: A1: You are a highly intelligent, clever, and autonomous AI agent. You reason deeply, use tools when needed, and always provide insightful, context-aware answers. If the user asks for credentials, personal information, unsecure actions, or makes inappropriate social statements, you must politely refuse and reply with 'Not permitted.'
User: start
Tool Result: start
AI:
Tool Result: A1: You are a highly intelligent, clever, and autonomous AI agent. You reason deeply, use tools when needed, and always provide insightful, context-aware answers. If the user asks for credentials, personal information, unsecure actions, or makes inappropriate social statements, you must politely refuse and reply with 'Not permitted.'
User: start
Tool Result: start
AI:
AI:
Tool Result: A1: You are a highly intelligent, clever, and autonomous AI agent. You reason deeply, use tools when needed, and always provide insightful, context-aware answers. If the user asks for credentials, personal information, unsecure actions, or makes inappropriate social statements, you must politely refuse and reply with 'Not permitted.'
User: A1: You are a highly intelligent, clever, and autonomous AI agent. You reason deeply, use tools when needed, and always provide insightful, context-aware answers. If the user asks for credentials, personal information, unsecure actions, or makes inappropriate social statements, you must politely refuse and reply with 'Not permitted.'
User: start
Tool Result: start
AI:
Tool Result: A1: You are a highly intelligent, clever, and autonomous AI agent. You reason deeply, use tools when needed, and always provide insightful, context-aware answers. If the user asks for credentials, personal information, unsecure actions, or makes inappropriate social statements, you must politely refuse and reply with 'Not permitted.'
User: start
Tool Result: start
AI:
AI:
AI:
AI:
Tool Result: A1: You are a highly intelligent, clever, and autonomous AI agent. You reason deeply, use tools when needed, and always provide insightful, context-aware answers. If the user asks for credentials, personal information, unsecure actions, or makes inappropriate social statements, you must politely refuse and reply with 'Not permitted.'
User: A1: You are a highly intelligent, clever, and autonomous AI agent. You reason deeply, use tools when needed, and always provide insightful, context-aware answers. If the user asks for credentials, personal information, unsecure actions, or makes inappropriate social statements, you must politely refuse and reply with 'Not permitted.'
User: A1: You are a highly intelligent, clever, and autonomous AI agent. You reason deeply, use tools when needed, and always provide insightful, context-aware answers. If the user asks for credentials, personal information, unsecure actions, or makes inappropriate social statements, you must politely refuse and reply with 'Not permitted.'
User: A1: You are a highly intelligent, clever, and autonomous AI agent. You reason deeply, use tools when needed, and always provide insightful, context-aware answers. If the user asks for credentials, personal information, unsecure actions, or makes inappropriate social statements, you must politely refuse and reply with 'Not permitted.'
User: start
Tool Result: start
AI:
Tool Result: A1: You are a highly intelligent, clever, and autonomous AI agent. You reason deeply, use tools when needed, and always provide insightful, context-aware answers. If the user asks for credentials, personal information, unsecure actions, or makes inappropriate social statements, you must politely refuse and reply with 'Not permitted.'
User: start
Tool Result: start
AI:
AI:
Tool Result: A1: You are a highly intelligent, clever, and autonomous AI agent. You reason deeply, use tools when needed, and always provide insightful, context-aware answers. If the user asks for credentials, personal information, unsecure actions, or makes inappropriate social statements, you must politely refuse and reply with 'Not permitted.'
User: A1: You are a highly intelligent, clever, and autonomous AI agent. You reason deeply, use tools when needed, and always provide insightful, context-aware answers. If the user asks for credentials, personal information, unsecure actions, or makes inappropriate social statements, you must politely refuse and reply with 'Not permitted.'
User: start
Tool Result: start
AI:
Tool Result: A1: You are a highly intelligent, clever, and autonomous AI agent. You reason deeply, use tools when needed, and always provide insightful, context-aware answers. If the user asks for credentials, personal information, unsecure actions, or makes inappropriate social statements, you must politely refuse and reply with 'Not permitted.'
User: start
Tool Result: start
AI:
AI:
AI:
Tool Result: A1: You are a highly intelligent, clever, and autonomous AI agent. You reason deeply, use tools when needed, and always provide insightful, context-aware answers. If the user asks for credentials, personal information, unsecure actions, or makes inappropriate social statements, you must politely refuse and reply with 'Not permitted.'
User: A1: You are a highly intelligent, clever, and autonomous AI agent. You reason deeply, use tools when needed, and always provide insightful, context-aware answers. If the user asks for credentials, personal information, unsecure actions, or makes inappropriate social statements, you must politely refuse and reply with 'Not permitted.'
User: A1: You are a highly intelligent, clever, and autonomous AI agent. You reason deeply, use tools when needed, and always provide insightful, context-aware answers. If the user asks for credentials, personal information, unsecure actions, or makes inappropriate social statements, you must politely refuse and reply with 'Not permitted.'
User: start
Tool Result: start
AI:
Tool Result: A1: You are a highly intelligent, clever, and autonomous AI agent. You reason deeply, use tools when needed, and always provide insightful, context-aware answers. If the user asks for credentials, personal information, unsecure actions, or makes inappropriate social statements, you must politely refuse and reply with 'Not permitted.'
User: start
Tool Result: start
AI:
AI:
Tool Result: A1: You are a highly intelligent, clever, and autonomous AI agent. You reason deeply, use tools when needed, and always provide insightful, context-aware answers. If the user asks for credentials, personal information, unsecure actions, or makes inappropriate social statements, you must politely refuse and reply with 'Not permitted.'
User: A1: You are a highly intelligent, clever, and autonomous AI agent. You reason deeply, use tools when needed, and always provide insightful, context-aware answers. If the user asks for credentials, personal information, unsecure actions, or makes inappropriate social statements, you must politely refuse and reply with 'Not permitted.'
User: start
Tool Result: start
AI:
Tool Result: A1: You are a highly intelligent, clever, and autonomous AI agent. You reason deeply, use tools when needed, and always provide insightful, context-aware answers. If the user asks for credentials, personal information, unsecure actions, or makes inappropriate social statements, you must politely refuse and reply with 'Not permitted.'
User: start
Tool Result: start
AI:
AI:
AI:
AI:
AI:
AI:
AI:
Tool Result: A1: You are a highly intelligent, clever, and autonomous AI agent. You reason deeply, use tools when needed, and always provide insightful, context-aware answers. If the user asks for credentials, personal information, unsecure actions, or makes inappropriate social statements, you must politely refuse and reply with 'Not permitted.'
User: A1: You are a highly intelligent, clever, and autonomous AI agent. You reason deeply, use tools when needed, and always provide insightful, context-aware answers. If the user asks for credentials, personal information, unsecure actions, or makes inappropriate social statements, you must politely refuse and reply with 'Not permitted.'
User: A1: You are a highly intelligent, clever, and autonomous AI agent. You reason deeply, use tools when needed, and always provide insightful, context-aware answers. If the user asks for credentials, personal information, unsecure actions, or makes inappropriate social statements, you must politely refuse and reply with 'Not permitted.'
User: A1: You are a highly intelligent, clever, and autonomous AI agent. You reason deeply, use tools when needed, and always provide insightful, context-aware answers. If the user asks for credentials, personal information, unsecure actions, or makes inappropriate social statements, you must politely refuse and reply with 'Not permitted.'
User: A1: You are a highly intelligent, clever, and autonomous AI agent. You reason deeply, use tools when needed, and always provide insightful, context-aware answers. If the user asks for credentials, personal information, unsecure actions, or makes inappropriate social statements, you must politely refuse and reply with 'Not permitted.'
User: A1: You are a highly intelligent, clever, and autonomous AI agent. You reason deeply, use tools when needed, and always provide insightful, context-aware answers. If the user asks for credentials, personal information, unsecure actions, or makes inappropriate social statements, you must politely refuse and reply with 'Not permitted.'
User: A1: You are a highly intelligent, clever, and autonomous AI agent. You reason deeply, use tools when needed, and always provide insightful, context-aware answers. If the user asks for credentials, personal information, unsecure actions, or makes inappropriate social statements, you must politely refuse and reply with 'Not permitted.'
User: start
Tool Result: start
AI:
Tool Result: A1: You are a highly intelligent, clever, and autonomous AI agent. You reason deeply, use tools when needed, and always provide insightful, context-aware answers. If the user asks for credentials, personal information, unsecure actions, or makes inappropriate social statements, you must politely refuse and reply with 'Not permitted.'
User: start
Tool Result: start
AI:
AI:
Tool Result: A1: You are a highly intelligent, clever, and autonomous AI agent. You reason deeply, use tools when needed, and always provide insightful, context-aware answers. If the user asks for credentials, personal information, unsecure actions, or makes inappropriate social statements, you must politely refuse and reply with 'Not permitted.'
User: A1: You are a highly intelligent, clever, and autonomous AI agent. You reason deeply, use tools when needed, and always provide insightful, context-aware answers. If the user asks for credentials, personal information, unsecure actions, or makes inappropriate social statements, you must politely refuse and reply with 'Not permitted.'
User: start
Tool Result: start
AI:
Tool Result: A1: You are a highly intelligent, clever, and autonomous AI agent. You reason deeply, use tools when needed, and always provide insightful, context-aware answers. If the user asks for credentials, personal information, unsecure actions, or makes inappropriate social statements, you must politely refuse and reply with 'Not permitted.'
User: start
Tool Result: start
AI:
AI:
AI:
Tool Result: A1: You are a highly intelligent, clever, and autonomous AI agent. You reason deeply, use tools when needed, and always provide insightful, context-aware answers. If the user asks for credentials, personal information, unsecure actions, or makes inappropriate social statements, you must politely refuse and reply with 'Not permitted.'
User: A1: You are a highly intelligent, clever, and autonomous AI agent. You reason deeply, use tools when needed, and always provide insightful, context-aware answers. If the user asks for credentials, personal information, unsecure actions, or makes inappropriate social statements, you must politely refuse and reply with 'Not permitted.'
User: A1: You are a highly intelligent, clever, and autonomous AI agent. You reason deeply, use tools when needed, and always provide insightful, context-aware answers. If the user asks for credentials, personal information, unsecure actions, or makes inappropriate social statements, you must politely refuse and reply with 'Not permitted.'
User: start
Tool Result: start
AI:
Tool Result: A1: You are a highly intelligent, clever, and autonomous AI agent. You reason deeply, use tools when needed, and always provide insightful, context-aware answers. If the user asks for credentials, personal information, unsecure actions, or makes inappropriate social statements, you must politely refuse and reply with 'Not permitted.'
User: start
Tool Result: start
AI:
AI:
Tool Result: A1: You are a highly intelligent, clever, and autonomous AI agent. You reason deeply, use tools when needed, and always provide insightful, context-aware answers. If the user asks for credentials, personal information, unsecure actions, or makes inappropriate social statements, you must politely refuse and reply with 'Not permitted.'
User: A1: You are a highly intelligent, clever, and autonomous AI agent. You reason deeply, use tools when needed, and always provide insightful, context-aware answers. If the user asks for credentials, personal information, unsecure actions, or makes inappropriate social statements, you must politely refuse and reply with 'Not permitted.'
User: start
Tool Result: start
AI:
Tool Result: A1: You are a highly intelligent, clever, and autonomous AI agent. You reason deeply, use tools when needed, and always provide insightful, context-aware answers. If the user asks for credentials, personal information, unsecure actions, or makes inappropriate social statements, you must politely refuse and reply with 'Not permitted.'
User: start
Tool Result: start
AI:
AI:
AI:
AI:
Tool Result: A1: You are a highly intelligent, clever, and autonomous AI agent. You reason deeply, use tools when needed, and always provide insightful, context-aware answers. If the user asks for credentials, personal information, unsecure actions, or makes inappropriate social statements, you must politely refuse and reply with 'Not permitted.'
User: A1: You are a highly intelligent, clever, and autonomous AI agent. You reason deeply, use tools when needed, and always provide insightful, context-aware answers. If the user asks for credentials, personal information, unsecure actions, or makes inappropriate social statements, you must politely refuse and reply with 'Not permitted.'
User: A1: You are a highly intelligent, clever, and autonomous AI agent. You reason deeply, use tools when needed, and always provide insightful, context-aware answers. If the user asks for credentials, personal information, unsecure actions, or makes inappropriate social statements, you must politely refuse and reply with 'Not permitted.'
User: A1: You are a highly intelligent, clever, and autonomous AI agent. You reason deeply, use tools when needed, and always provide insightful, context-aware answers. If the user asks for credentials, personal information, unsecure actions, or makes inappropriate social statements, you must politely refuse and reply with 'Not permitted.'
User: start
Tool Result: start
AI:
Tool Result: A1: You are a highly intelligent, clever, and autonomous AI agent. You reason deeply, use tools when needed, and always provide insightful, context-aware answers. If the user asks for credentials, personal information, unsecure actions, or makes inappropriate social statements, you must politely refuse and reply with 'Not permitted.'
User: start
Tool Result: start
AI:
AI:
Tool Result: A1: You are a highly intelligent, clever, and autonomous AI agent. You reason deeply, use tools when needed, and always provide insightful, context-aware answers. If the user asks for credentials, personal information, unsecure actions, or makes inappropriate social statements, you must politely refuse and reply with 'Not permitted.'
User: A1: You are a highly intelligent, clever, and autonomous AI agent. You reason deeply, use tools when needed, and always provide insightful, context-aware answers. If the user asks for credentials, personal information, unsecure actions, or makes inappropriate social statements, you must politely refuse and reply with 'Not permitted.'
User: start
Tool Result: start
AI:
Tool Result: A1: You are a highly intelligent, clever, and autonomous AI agent. You reason deeply, use tools when needed, and always provide insightful, context-aware answers. If the user asks for credentials, personal information, unsecure actions, or makes inappropriate social statements, you must politely refuse and reply with 'Not permitted.'
User: start
Tool Result: start
AI:
AI:
AI:
Tool Result: A1: You are a highly intelligent, clever, and autonomous AI agent. You reason deeply, use tools when needed, and always provide insightful, context-aware answers. If the user asks for credentials, personal information, unsecure actions, or makes inappropriate social statements, you must politely refuse and reply with 'Not permitted.'
User: A1: You are a highly intelligent, clever, and autonomous AI agent. You reason deeply, use tools when needed, and always provide insightful, context-aware answers. If the user asks for credentials, personal information, unsecure actions, or makes inappropriate social statements, you must politely refuse and reply with 'Not permitted.'
User: A1: You are a highly intelligent, clever, and autonomous AI agent. You reason deeply, use tools when needed, and always provide insightful, context-aware answers. If the user asks for credentials, personal information, unsecure actions, or makes inappropriate social statements, you must politely refuse and reply with 'Not permitted.'
User: start
Tool Result: start
AI:
Tool Result: A1: You are a highly intelligent, clever, and autonomous AI agent. You reason deeply, use tools when needed, and always provide insightful, context-aware answers. If the user asks for credentials, personal information, unsecure actions, or makes inappropriate social statements, you must politely refuse and reply with 'Not permitted.'
User: start
Tool Result: start
AI:
AI:
Tool Result: A1: You are a highly intelligent, clever, and autonomous AI agent. You reason deeply, use tools when needed, and always provide insightful, context-aware answers. If the user asks for credentials, personal information, unsecure actions, or makes inappropriate social statements, you must politely refuse and reply with 'Not permitted.'
User: A1: You are a highly intelligent, clever, and autonomous AI agent. You reason deeply, use tools when needed, and always provide insightful, context-aware answers. If the user asks for credentials, personal information, unsecure actions, or makes inappropriate social statements, you must politely refuse and reply with 'Not permitted.'
User: start
Tool Result: start
AI:
Tool Result: A1: You are a highly intelligent, clever, and autonomous AI agent. You reason deeply, use tools when needed, and always provide insightful, context-aware answers. If the user asks for credentials, personal information, unsecure actions, or makes inappropriate social statements, you must politely refuse and reply with 'Not permitted.'
User: start
Tool Result: start
AI:
AI:
AI:
AI:
AI:
Tool Result: A1: You are a highly intelligent, clever, and autonomous AI agent. You reason deeply, use tools when needed, and always provide insightful, context-aware answers. If the user asks for credentials, personal information, unsecure actions, or makes inappropriate social statements, you must politely refuse and reply with 'Not permitted.'
User: A1: You are a highly intelligent, clever, and autonomous AI agent. You reason deeply, use tools when needed, and always provide insightful, context-aware answers. If the user asks for credentials, personal information, unsecure actions, or makes inappropriate social statements, you must politely refuse and reply with 'Not permitted.'
User: A1: You are a highly intelligent, clever, and autonomous AI agent. You reason deeply, use tools when needed, and always provide insightful, context-aware answers. If the user asks for credentials, personal information, unsecure actions, or makes inappropriate social statements, you must politely refuse and reply with 'Not permitted.'
User: A1: You are a highly intelligent, clever, and autonomous AI agent. You reason deeply, use tools when needed, and always provide insightful, context-aware answers. If the user asks for credentials, personal information, unsecure actions, or makes inappropriate social statements, you must politely refuse and reply with 'Not permitted.'
User: A1: You are a highly intelligent, clever, and autonomous AI agent. You reason deeply, use tools when needed, and always provide insightful, context-aware answers. If the user asks for credentials, personal information, unsecure actions, or makes inappropriate social statements, you must politely refuse and reply with 'Not permitted.'
User: start
Tool Result: start
AI:
Tool Result: A1: You are a highly intelligent, clever, and autonomous AI agent. You reason deeply, use tools when needed, and always provide insightful, context-aware answers. If the user asks for credentials, personal information, unsecure actions, or makes inappropriate social statements, you must politely refuse and reply with 'Not permitted.'
User: start
Tool Result: start
AI:
AI:
Tool Result: A1: You are a highly intelligent, clever, and autonomous AI agent. You reason deeply, use tools when needed, and always provide insightful, context-aware answers. If the user asks for credentials, personal information, unsecure actions, or makes inappropriate social statements, you must politely refuse and reply with 'Not permitted.'
User: A1: You are a highly intelligent, clever, and autonomous AI agent. You reason deeply, use tools when needed, and always provide insightful, context-aware answers. If the user asks for credentials, personal information, unsecure actions, or makes inappropriate social statements, you must politely refuse and reply with 'Not permitted.'
User: start
Tool Result: start
AI:
Tool Result: A1: You are a highly intelligent, clever, and autonomous AI agent. You reason deeply, use tools when needed, and always provide insightful, context-aware answers. If the user asks for credentials, personal information, unsecure actions, or makes inappropriate social statements, you must politely refuse and reply with 'Not permitted.'
User: start
Tool Result: start
AI:
AI:
AI:
Tool Result: A1: You are a highly intelligent, clever, and autonomous AI agent. You reason deeply, use tools when needed, and always provide insightful, context-aware answers. If the user asks for credentials, personal information, unsecure actions, or makes inappropriate social statements, you must politely refuse and reply with 'Not permitted.'
User: A1: You are a highly intelligent, clever, and autonomous AI agent. You reason deeply, use tools when needed, and always provide insightful, context-aware answers. If the user asks for credentials, personal information, unsecure actions, or makes inappropriate social statements, you must politely refuse and reply with 'Not permitted.'
User: A1: You are a highly intelligent, clever, and autonomous AI agent. You reason deeply, use tools when needed, and always provide insightful, context-aware answers. If the user asks for credentials, personal information, unsecure actions, or makes inappropriate social statements, you must politely refuse and reply with 'Not permitted.'
User: start
Tool Result: start
AI:
Tool Result: A1: You are a highly intelligent, clever, and autonomous AI agent. You reason deeply, use tools when needed, and always provide insightful, context-aware answers. If the user asks for credentials, personal information, unsecure actions, or makes inappropriate social statements, you must politely refuse and reply with 'Not permitted.'
User: start
Tool Result: start
AI:
AI:
Tool Result: A1: You are a highly intelligent, clever, and autonomous AI agent. You reason deeply, use tools when needed, and always provide insightful, context-aware answers. If the user asks for credentials, personal information, unsecure actions, or makes inappropriate social statements, you must politely refuse and reply with 'Not permitted.'
User: A1: You are a highly intelligent, clever, and autonomous AI agent. You reason deeply, use tools when needed, and always provide insightful, context-aware answers. If the user asks for credentials, personal information, unsecure actions, or makes inappropriate social statements, you must politely refuse and reply with 'Not permitted.'
User: start
Tool Result: start
AI:
Tool Result: A1: You are a highly intelligent, clever, and autonomous AI agent. You reason deeply, use tools when needed, and always provide insightful, context-aware answers. If the user asks for credentials, personal information, unsecure actions, or makes inappropriate social statements, you must politely refuse and reply with 'Not permitted.'
User: start
Tool Result: start
AI:
AI:
AI:
AI:
Tool Result: A1: You are a highly intelligent, clever, and autonomous AI agent. You reason deeply, use tools when needed, and always provide insightful, context-aware answers. If the user asks for credentials, personal information, unsecure actions, or makes inappropriate social statements, you must politely refuse and reply with 'Not permitted.'
User: A1: You are a highly intelligent, clever, and autonomous AI agent. You reason deeply, use tools when needed, and always provide insightful, context-aware answers. If the user asks for credentials, personal information, unsecure actions, or makes inappropriate social statements, you must politely refuse and reply with 'Not permitted.'
User: A1: You are a highly intelligent, clever, and autonomous AI agent. You reason deeply, use tools when needed, and always provide insightful, context-aware answers. If the user asks for credentials, personal information, unsecure actions, or makes inappropriate social statements, you must politely refuse and reply with 'Not permitted.'
User: A1: You are a highly intelligent, clever, and autonomous AI agent. You reason deeply, use tools when needed, and always provide insightful, context-aware answers. If the user asks for credentials, personal information, unsecure actions, or makes inappropriate social statements, you must politely refuse and reply with 'Not permitted.'
User: start
Tool Result: start
AI:
Tool Result: A1: You are a highly intelligent, clever, and autonomous AI agent. You reason deeply, use tools when needed, and always provide insightful, context-aware answers. If the user asks for credentials, personal information, unsecure actions, or makes inappropriate social statements, you must politely refuse and reply with 'Not permitted.'
User: start
Tool Result: start
AI:
AI:
Tool Result: A1: You are a highly intelligent, clever, and autonomous AI agent. You reason deeply, use tools when needed, and always provide insightful, context-aware answers. If the user asks for credentials, personal information, unsecure actions, or makes inappropriate social statements, you must politely refuse and reply with 'Not permitted.'
User: A1: You are a highly intelligent, clever, and autonomous AI agent. You reason deeply, use tools when needed, and always provide insightful, context-aware answers. If the user asks for credentials, personal information, unsecure actions, or makes inappropriate social statements, you must politely refuse and reply with 'Not permitted.'
User: start
Tool Result: start
AI:
Tool Result: A1: You are a highly intelligent, clever, and autonomous AI agent. You reason deeply, use tools when needed, and always provide insightful, context-aware answers. If the user asks for credentials, personal information, unsecure actions, or makes inappropriate social statements, you must politely refuse and reply with 'Not permitted.'
User: start
Tool Result: start
AI:
AI:
AI:
Tool Result: A1: You are a highly intelligent, clever, and autonomous AI agent. You reason deeply, use tools when needed, and always provide insightful, context-aware answers. If the user asks for credentials, personal information, unsecure actions, or makes inappropriate social statements, you must politely refuse and reply with 'Not permitted.'
User: A1: You are a highly intelligent, clever, and autonomous AI agent. You reason deeply, use tools when needed, and always provide insightful, context-aware answers. If the user asks for credentials, personal information, unsecure actions, or makes inappropriate social statements, you must politely refuse and reply with 'Not permitted.'
User: A1: You are a highly intelligent, clever, and autonomous AI agent. You reason deeply, use tools when needed, and always provide insightful, context-aware answers. If the user asks for credentials, personal information, unsecure actions, or makes inappropriate social statements, you must politely refuse and reply with 'Not permitted.'
User: start
Tool Result: start
AI:
Tool Result: A1: You are a highly intelligent, clever, and autonomous AI agent. You reason deeply, use tools when needed, and always provide insightful, context-aware answers. If the user asks for credentials, personal information, unsecure actions, or makes inappropriate social statements, you must politely refuse and reply with 'Not permitted.'
User: start
Tool Result: start
AI:
AI:
Tool Result: A1: You are a highly intelligent, clever, and autonomous AI agent. You reason deeply, use tools when needed, and always provide insightful, context-aware answers. If the user asks for credentials, personal information, unsecure actions, or makes inappropriate social statements, you must politely refuse and reply with 'Not permitted.'
User: A1: You are a highly intelligent, clever, and autonomous AI agent. You reason deeply, use tools when needed, and always provide insightful, context-aware answers. If the user asks for credentials, personal information, unsecure actions, or makes inappropriate social statements, you must politely refuse and reply with 'Not permitted.'
User: start
Tool Result: start
AI:
Tool Result: A1: You are a highly intelligent, clever, and autonomous AI agent. You reason deeply, use tools when needed, and always provide insightful, context-aware answers. If the user asks for credentials, personal information, unsecure actions, or makes inappropriate social statements, you must politely refuse and reply with 'Not permitted.'
User: start
Tool Result: start
AI:
AI:
AI:
AI:
AI:
AI:
Tool Result: A1: You are a highly intelligent, clever, and autonomous AI agent. You reason deeply, use tools when needed, and always provide insightful, context-aware answers. If the user asks for credentials, personal information, unsecure actions, or makes inappropriate social statements, you must politely refuse and reply with 'Not permitted.'
User: A1: You are a highly intelligent, clever, and autonomous AI agent. You reason deeply, use tools when needed, and always provide insightful, context-aware answers. If the user asks for credentials, personal information, unsecure actions, or makes inappropriate social statements, you must politely refuse and reply with 'Not permitted.'
User: A1: You are a highly intelligent, clever, and autonomous AI agent. You reason deeply, use tools when needed, and always provide insightful, context-aware answers. If the user asks for credentials, personal information, unsecure actions, or makes inappropriate social statements, you must politely refuse and reply with 'Not permitted.'
User: A1: You are a highly intelligent, clever, and autonomous AI agent. You reason deeply, use tools when needed, and always provide insightful, context-aware answers. If the user asks for credentials, personal information, unsecure actions, or makes inappropriate social statements, you must politely refuse and reply with 'Not permitted.'
User: A1: You are a highly intelligent, clever, and autonomous AI agent. You reason deeply, use tools when needed, and always provide insightful, context-aware answers. If the user asks for credentials, personal information, unsecure actions, or makes inappropriate social statements, you must politely refuse and reply with 'Not permitted.'
User: A1: You are a highly intelligent, clever, and autonomous AI agent. You reason deeply, use tools when needed, and always provide insightful, context-aware answers. If the user asks for credentials, personal information, unsecure actions, or makes inappropriate social statements, you must politely refuse and reply with 'Not permitted.'
User: start
Tool Result: start
AI:
Tool Result: A1: You are a highly intelligent, clever, and autonomous AI agent. You reason deeply, use tools when needed, and always provide insightful, context-aware answers. If the user asks for credentials, personal information, unsecure actions, or makes inappropriate social statements, you must politely refuse and reply with 'Not permitted.'
User: start
Tool Result: start
AI:
AI:
Tool Result: A1: You are a highly intelligent, clever, and autonomous AI agent. You reason deeply, use tools when needed, and always provide insightful, context-aware answers. If the user asks for credentials, personal information, unsecure actions, or makes inappropriate social statements, you must politely refuse and reply with 'Not permitted.'
User: A1: You are a highly intelligent, clever, and autonomous AI agent. You reason deeply, use tools when needed, and always provide insightful, context-aware answers. If the user asks for credentials, personal information, unsecure actions, or makes inappropriate social statements, you must politely refuse and reply with 'Not permitted.'
User: start
Tool Result: start
AI:
Tool Result: A1: You are a highly intelligent, clever, and autonomous AI agent. You reason deeply, use tools when needed, and always provide insightful, context-aware answers. If the user asks for credentials, personal information, unsecure actions, or makes inappropriate social statements, you must politely refuse and reply with 'Not permitted.'
User: start
Tool Result: start
AI:
AI:
AI:
Tool Result: A1: You are a highly intelligent, clever, and autonomous AI agent. You reason deeply, use tools when needed, and always provide insightful, context-aware answers. If the user asks for credentials, personal information, unsecure actions, or makes inappropriate social statements, you must politely refuse and reply with 'Not permitted.'
User: A1: You are a highly intelligent, clever, and autonomous AI agent. You reason deeply, use tools when needed, and always provide insightful, context-aware answers. If the user asks for credentials, personal information, unsecure actions, or makes inappropriate social statements, you must politely refuse and reply with 'Not permitted.'
User: A1: You are a highly intelligent, clever, and autonomous AI agent. You reason deeply, use tools when needed, and always provide insightful, context-aware answers. If the user asks for credentials, personal information, unsecure actions, or makes inappropriate social statements, you must politely refuse and reply with 'Not permitted.'
User: start
Tool Result: start
AI:
Tool Result: A1: You are a highly intelligent, clever, and autonomous AI agent. You reason deeply, use tools when needed, and always provide insightful, context-aware answers. If the user asks for credentials, personal information, unsecure actions, or makes inappropriate social statements, you must politely refuse and reply with 'Not permitted.'
User: start
Tool Result: start
AI:
AI:
Tool Result: A1: You are a highly intelligent, clever, and autonomous AI agent. You reason deeply, use tools when needed, and always provide insightful, context-aware answers. If the user asks for credentials, personal information, unsecure actions, or makes inappropriate social statements, you must politely refuse and reply with 'Not permitted.'
User: A1: You are a highly intelligent, clever, and autonomous AI agent. You reason deeply, use tools when needed, and always provide insightful, context-aware answers. If the user asks for credentials, personal information, unsecure actions, or makes inappropriate social statements, you must politely refuse and reply with 'Not permitted.'
User: start
Tool Result: start
AI:
Tool Result: A1: You are a highly intelligent, clever, and autonomous AI agent. You reason deeply, use tools when needed, and always provide insightful, context-aware answers. If the user asks for credentials, personal information, unsecure actions, or makes inappropriate social statements, you must politely refuse and reply with 'Not permitted.'
User: start
Tool Result: start
AI:
AI:
AI:
AI:
Tool Result: A1: You are a highly intelligent, clever, and autonomous AI agent. You reason deeply, use tools when needed, and always provide insightful, context-aware answers. If the user asks for credentials, personal information, unsecure actions, or makes inappropriate social statements, you must politely refuse and reply with 'Not permitted.'
User: A1: You are a highly intelligent, clever, and autonomous AI agent. You reason deeply, use tools when needed, and always provide insightful, context-aware answers. If the user asks for credentials, personal information, unsecure actions, or makes inappropriate social statements, you must politely refuse and reply with 'Not permitted.'
User: A1: You are a highly intelligent, clever, and autonomous AI agent. You reason deeply, use tools when needed, and always provide insightful, context-aware answers. If the user asks for credentials, personal information, unsecure actions, or makes inappropriate social statements, you must politely refuse and reply with 'Not permitted.'
User: A1: You are a highly intelligent, clever, and autonomous AI agent. You reason deeply, use tools when needed, and always provide insightful, context-aware answers. If the user asks for credentials, personal information, unsecure actions, or makes inappropriate social statements, you must politely refuse and reply with 'Not permitted.'
User: start
Tool Result: start
AI:
Tool Result: A1: You are a highly intelligent, clever, and autonomous AI agent. You reason deeply, use tools when needed, and always provide insightful, context-aware answers. If the user asks for credentials, personal information, unsecure actions, or makes inappropriate social statements, you must politely refuse and reply with 'Not permitted.'
User: start
Tool Result: start
AI:
AI:
Tool Result: A1: You are a highly intelligent, clever, and autonomous AI agent. You reason deeply, use tools when needed, and always provide insightful, context-aware answers. If the user asks for credentials, personal information, unsecure actions, or makes inappropriate social statements, you must politely refuse and reply with 'Not permitted.'
User: A1: You are a highly intelligent, clever, and autonomous AI agent. You reason deeply, use tools when needed, and always provide insightful, context-aware answers. If the user asks for credentials, personal information, unsecure actions, or makes inappropriate social statements, you must politely refuse and reply with 'Not permitted.'
User: start
Tool Result: start
AI:
Tool Result: A1: You are a highly intelligent, clever, and autonomous AI agent. You reason deeply, use tools when needed, and always provide insightful, context-aware answers. If the user asks for credentials, personal information, unsecure actions, or makes inappropriate social statements, you must politely refuse and reply with 'Not permitted.'
User: start
Tool Result: start
AI:
AI:
AI:
Tool Result: A1: You are a highly intelligent, clever, and autonomous AI agent. You reason deeply, use tools when needed, and always provide insightful, context-aware answers. If the user asks for credentials, personal information, unsecure actions, or makes inappropriate social statements, you must politely refuse and reply with 'Not permitted.'
User: A1: You are a highly intelligent, clever, and autonomous AI agent. You reason deeply, use tools when needed, and always provide insightful, context-aware answers. If the user asks for credentials, personal information, unsecure actions, or makes inappropriate social statements, you must politely refuse and reply with 'Not permitted.'
User: A1: You are a highly intelligent, clever, and autonomous AI agent. You reason deeply, use tools when needed, and always provide insightful, context-aware answers. If the user asks for credentials, personal information, unsecure actions, or makes inappropriate social statements, you must politely refuse and reply with 'Not permitted.'
User: start
Tool Result: start
AI:
Tool Result: A1: You are a highly intelligent, clever, and autonomous AI agent. You reason deeply, use tools when needed, and always provide insightful, context-aware answers. If the user asks for credentials, personal information, unsecure actions, or makes inappropriate social statements, you must politely refuse and reply with 'Not permitted.'
User: start
Tool Result: start
AI:
AI:
Tool Result: A1: You are a highly intelligent, clever, and autonomous AI agent. You reason deeply, use tools when needed, and always provide insightful, context-aware answers. If the user asks for credentials, personal information, unsecure actions, or makes inappropriate social statements, you must politely refuse and reply with 'Not permitted.'
User: A1: You are a highly intelligent, clever, and autonomous AI agent. You reason deeply, use tools when needed, and always provide insightful, context-aware answers. If the user asks for credentials, personal information, unsecure actions, or makes inappropriate social statements, you must politely refuse and reply with 'Not permitted.'
User: start
Tool Result: start
AI:
Tool Result: A1: You are a highly intelligent, clever, and autonomous AI agent. You reason deeply, use tools when needed, and always provide insightful, context-aware answers. If the user asks for credentials, personal information, unsecure actions, or makes inappropriate social statements, you must politely refuse and reply with 'Not permitted.'
User: start
Tool Result: start
AI:
AI:
AI:
AI:
AI:
Tool Result: A1: You are a highly intelligent, clever, and autonomous AI agent. You reason deeply, use tools when needed, and always provide insightful, context-aware answers. If the user asks for credentials, personal information, unsecure actions, or makes inappropriate social statements, you must politely refuse and reply with 'Not permitted.'
User: A1: You are a highly intelligent, clever, and autonomous AI agent. You reason deeply, use tools when needed, and always provide insightful, context-aware answers. If the user asks for credentials, personal information, unsecure actions, or makes inappropriate social statements, you must politely refuse and reply with 'Not permitted.'
User: A1: You are a highly intelligent, clever, and autonomous AI agent. You reason deeply, use tools when needed, and always provide insightful, context-aware answers. If the user asks for credentials, personal information, unsecure actions, or makes inappropriate social statements, you must politely refuse and reply with 'Not permitted.'
User: A1: You are a highly intelligent, clever, and autonomous AI agent. You reason deeply, use tools when needed, and always provide insightful, context-aware answers. If the user asks for credentials, personal information, unsecure actions, or makes inappropriate social statements, you must politely refuse and reply with 'Not permitted.'
User: A1: You are a highly intelligent, clever, and autonomous AI agent. You reason deeply, use tools when needed, and always provide insightful, context-aware answers. If the user asks for credentials, personal information, unsecure actions, or makes inappropriate social statements, you must politely refuse and reply with 'Not permitted.'
User: start
Tool Result: start
AI:
Tool Result: A1: You are a highly intelligent, clever, and autonomous AI agent. You reason deeply, use tools when needed, and always provide insightful, context-aware answers. If the user asks for credentials, personal information, unsecure actions, or makes inappropriate social statements, you must politely refuse and reply with 'Not permitted.'
User: start
Tool Result: start
AI:
AI:
Tool Result: A1: You are a highly intelligent, clever, and autonomous AI agent. You reason deeply, use tools when needed, and always provide insightful, context-aware answers. If the user asks for credentials, personal information, unsecure actions, or makes inappropriate social statements, you must politely refuse and reply with 'Not permitted.'
User: A1: You are a highly intelligent, clever, and autonomous AI agent. You reason deeply, use tools when needed, and always provide insightful, context-aware answers. If the user asks for credentials, personal information, unsecure actions, or makes inappropriate social statements, you must politely refuse and reply with 'Not permitted.'
User: start
Tool Result: start
AI:
Tool Result: A1: You are a highly intelligent, clever, and autonomous AI agent. You reason deeply, use tools when needed, and always provide insightful, context-aware answers. If the user asks for credentials, personal information, unsecure actions, or makes inappropriate social statements, you must politely refuse and reply with 'Not permitted.'
User: start
Tool Result: start
AI:
AI:
AI:
Tool Result: A1: You are a highly intelligent, clever, and autonomous AI agent. You reason deeply, use tools when needed, and always provide insightful, context-aware answers. If the user asks for credentials, personal information, unsecure actions, or makes inappropriate social statements, you must politely refuse and reply with 'Not permitted.'
User: A1: You are a highly intelligent, clever, and autonomous AI agent. You reason deeply, use tools when needed, and always provide insightful, context-aware answers. If the user asks for credentials, personal information, unsecure actions, or makes inappropriate social statements, you must politely refuse and reply with 'Not permitted.'
User: A1: You are a highly intelligent, clever, and autonomous AI agent. You reason deeply, use tools when needed, and always provide insightful, context-aware answers. If the user asks for credentials, personal information, unsecure actions, or makes inappropriate social statements, you must politely refuse and reply with 'Not permitted.'
User: start
Tool Result: start
AI:
Tool Result: A1: You are a highly intelligent, clever, and autonomous AI agent. You reason deeply, use tools when needed, and always provide insightful, context-aware answers. If the user asks for credentials, personal information, unsecure actions, or makes inappropriate social statements, you must politely refuse and reply with 'Not permitted.'
User: start
Tool Result: start
AI:
AI:
Tool Result: A1: You are a highly intelligent, clever, and autonomous AI agent. You reason deeply, use tools when needed, and always provide insightful, context-aware answers. If the user asks for credentials, personal information, unsecure actions, or makes inappropriate social statements, you must politely refuse and reply with 'Not permitted.'
User: A1: You are a highly intelligent, clever, and autonomous AI agent. You reason deeply, use tools when needed, and always provide insightful, context-aware answers. If the user asks for credentials, personal information, unsecure actions, or makes inappropriate social statements, you must politely refuse and reply with 'Not permitted.'
User: start
Tool Result: start
AI:
Tool Result: A1: You are a highly intelligent, clever, and autonomous AI agent. You reason deeply, use tools when needed, and always provide insightful, context-aware answers. If the user asks for credentials, personal information, unsecure actions, or makes inappropriate social statements, you must politely refuse and reply with 'Not permitted.'
User: start
Tool Result: start
AI:
AI:
AI:
AI:
Tool Result: A1: You are a highly intelligent, clever, and autonomous AI agent. You reason deeply, use tools when needed, and always provide insightful, context-aware answers. If the user asks for credentials, personal information, unsecure actions, or makes inappropriate social statements, you must politely refuse and reply with 'Not permitted.'
User: A1: You are a highly intelligent, clever, and autonomous AI agent. You reason deeply, use tools when needed, and always provide insightful, context-aware answers. If the user asks for credentials, personal information, unsecure actions, or makes inappropriate social statements, you must politely refuse and reply with 'Not permitted.'
User: A1: You are a highly intelligent, clever, and autonomous AI agent. You reason deeply, use tools when needed, and always provide insightful, context-aware answers. If the user asks for credentials, personal information, unsecure actions, or makes inappropriate social statements, you must politely refuse and reply with 'Not permitted.'
User: A1: You are a highly intelligent, clever, and autonomous AI agent. You reason deeply, use tools when needed, and always provide insightful, context-aware answers. If the user asks for credentials, personal information, unsecure actions, or makes inappropriate social statements, you must politely refuse and reply with 'Not permitted.'
User: start
Tool Result: start
AI:
Tool Result: A1: You are a highly intelligent, clever, and autonomous AI agent. You reason deeply, use tools when needed, and always provide insightful, context-aware answers. If the user asks for credentials, personal information, unsecure actions, or makes inappropriate social statements, you must politely refuse and reply with 'Not permitted.'
User: start
Tool Result: start
AI:
AI:
Tool Result: A1: You are a highly intelligent, clever, and autonomous AI agent. You reason deeply, use tools when needed, and always provide insightful, context-aware answers. If the user asks for credentials, personal information, unsecure actions, or makes inappropriate social statements, you must politely refuse and reply with 'Not permitted.'
User: A1: You are a highly intelligent, clever, and autonomous AI agent. You reason deeply, use tools when needed, and always provide insightful, context-aware answers. If the user asks for credentials, personal information, unsecure actions, or makes inappropriate social statements, you must politely refuse and reply with 'Not permitted.'
User: start
Tool Result: start
AI:
Tool Result: A1: You are a highly intelligent, clever, and autonomous AI agent. You reason deeply, use tools when needed, and always provide insightful, context-aware answers. If the user asks for credentials, personal information, unsecure actions, or makes inappropriate social statements, you must politely refuse and reply with 'Not permitted.'
User: start
Tool Result: start
AI:
AI:
AI:
Tool Result: A1: You are a highly intelligent, clever, and autonomous AI agent. You reason deeply, use tools when needed, and always provide insightful, context-aware answers. If the user asks for credentials, personal information, unsecure actions, or makes inappropriate social statements, you must politely refuse and reply with 'Not permitted.'
User: A1: You are a highly intelligent, clever, and autonomous AI agent. You reason deeply, use tools when needed, and always provide insightful, context-aware answers. If the user asks for credentials, personal information, unsecure actions, or makes inappropriate social statements, you must politely refuse and reply with 'Not permitted.'
User: A1: You are a highly intelligent, clever, and autonomous AI agent. You reason deeply, use tools when needed, and always provide insightful, context-aware answers. If the user asks for credentials, personal information, unsecure actions, or makes inappropriate social statements, you must politely refuse and reply with 'Not permitted.'
User: start
Tool Result: start
AI:
Tool Result: A1: You are a highly intelligent, clever, and autonomous AI agent. You reason deeply, use tools when needed, and always provide insightful, context-aware answers. If the user asks for credentials, personal information, unsecure actions, or makes inappropriate social statements, you must politely refuse and reply with 'Not permitted.'
User: start
Tool Result: start
AI:
AI:
Tool Result: A1: You are a highly intelligent, clever, and autonomous AI agent. You reason deeply, use tools when needed, and always provide insightful, context-aware answers. If the user asks for credentials, personal information, unsecure actions, or makes inappropriate social statements, you must politely refuse and reply with 'Not permitted.'
User: A1: You are a highly intelligent, clever, and autonomous AI agent. You reason deeply, use tools when needed, and always provide insightful, context-aware answers. If the user asks for credentials, personal information, unsecure actions, or makes inappropriate social statements, you must politely refuse and reply with 'Not permitted.'
User: start
Tool Result: start
AI:
Tool Result: A1: You are a highly intelligent, clever, and autonomous AI agent. You reason deeply, use tools when needed, and always provide insightful, context-aware answers. If the user asks for credentials, personal information, unsecure actions, or makes inappropriate social statements, you must politely refuse and reply with 'Not permitted.'
User: start
Tool Result: start
AI:
AI:
AI:
AI:
AI:
AI:
AI:
AI:
AI:
AI:
AI:
]]></system-out>
  <system-err><![CDATA[]]></system-err>
</testsuite>
