<?xml version="1.0" encoding="UTF-8"?>
<testsuite name="ConversationMemoryTest" tests="1" skipped="0" failures="0" errors="0" timestamp="2025-07-28T06:10:20" hostname="MacBookPro" time="0.003">
  <properties/>
  <testcase name="testStoreAndRetrieveHistory()" classname="ConversationMemoryTest" time="0.003"/>
  <system-out><![CDATA[]]></system-out>
  <system-err><![CDATA[]]></system-err>
</testsuite>
